num_labels 是10
====================  Preparing for training  ====================
	* Loading training data...
数据集个数为180000
各个分类标签个数
输入例子
中华女子学院：本科层次仅1专业招男生
input_ids
tensor([   2,  112, 1172,  162,   66,  377,   57,    1,  321,  174, 1128,   96,
         506,   20,  622,  941, 2245,  266,   24,    3,    0,    0,    0,    0,
           0,    0,    0,    0,    0,    0,    0,    0,    0,    0,    0])
token_type_ids
tensor([0, 0, 0, 0, 0, 0, 0, 0, 0, 0, 0, 0, 0, 0, 0, 0, 0, 0, 0, 0, 0, 0, 0, 0,
        0, 0, 0, 0, 0, 0, 0, 0, 0, 0, 0])
attention_mask
tensor([1, 1, 1, 1, 1, 1, 1, 1, 1, 1, 1, 1, 1, 1, 1, 1, 1, 1, 1, 1, 0, 0, 0, 0,
        0, 0, 0, 0, 0, 0, 0, 0, 0, 0, 0])
labels
tensor(3)
实际序列转换后的长度为35, 设置最长为150
	* Loading validation data...
数据集个数为10000
输入例子
体验2D巅峰 倚天屠龙记十大创新概览
input_ids
tensor([   2,   77,  432,  249, 3105, 5172, 1703, 5825,   37, 6129, 1118,  832,
         411,   46,  822,  463,  632, 2907,    3,    0,    0,    0,    0,    0,
           0,    0,    0,    0,    0])
token_type_ids
tensor([0, 0, 0, 0, 0, 0, 0, 0, 0, 0, 0, 0, 0, 0, 0, 0, 0, 0, 0, 0, 0, 0, 0, 0,
        0, 0, 0, 0, 0])
attention_mask
tensor([1, 1, 1, 1, 1, 1, 1, 1, 1, 1, 1, 1, 1, 1, 1, 1, 1, 1, 1, 0, 0, 0, 0, 0,
        0, 0, 0, 0, 0])
labels
tensor(8)
实际序列转换后的长度为29, 设置最长为150
	* Building model...
正在对验证集进行测试
               precision    recall  f1-score   support

      finance       0.10      0.99      0.19      1000
       realty       0.00      0.00      0.00      1000
       stocks       0.00      0.00      0.00      1000
    education       0.68      0.17      0.27      1000
      science       0.00      0.00      0.00      1000
      society       0.00      0.00      0.00      1000
     politics       0.00      0.00      0.00      1000
       sports       0.13      0.01      0.02      1000
         game       0.02      0.00      0.00      1000
entertainment       0.00      0.00      0.00      1000

     accuracy                           0.12     10000
    macro avg       0.09      0.12      0.05     10000
 weighted avg       0.09      0.12      0.05     10000

	* Validation loss before training: 2.3208, accuracy: 11.6200%

 ==================== Training model on device: cuda ====================
* Training epoch 1:
