num_labels 是65
====================  Preparing for training  ====================
	* Loading training data...
数据集个数为9566
输入例子
梅西缺阵苏牙伤退，巴萨西甲遭遇开门黑，巴尔韦德下课呼声四起
input_ids
tensor([ 101, 3449, 6205, 5375, 7347, 5722, 4280,  839, 6842, 8024, 2349, 5855,
        6205, 4508, 6901, 6878, 2458, 7305, 7946, 8024, 2349, 2209, 7504, 2548,
         678, 6440, 1461, 1898, 1724, 6629,  102,    0,    0,    0,    0,    0,
           0,    0,    0,    0,    0,    0,    0,    0,    0,    0,    0,    0,
           0,    0,    0,    0,    0,    0,    0,    0,    0,    0,    0,    0,
           0,    0,    0,    0,    0,    0,    0,    0,    0,    0,    0,    0,
           0,    0,    0,    0,    0,    0,    0,    0,    0,    0,    0,    0,
           0,    0,    0,    0,    0,    0,    0,    0,    0,    0,    0,    0,
           0,    0,    0,    0,    0,    0,    0,    0,    0,    0,    0,    0,
           0,    0,    0,    0,    0,    0,    0,    0,    0,    0,    0,    0,
           0,    0,    0,    0,    0,    0,    0,    0,    0,    0,    0,    0,
           0,    0,    0,    0,    0,    0,    0,    0,    0,    0,    0,    0,
           0,    0,    0,    0,    0,    0])
token_type_ids
tensor([0, 0, 0, 0, 0, 0, 0, 0, 0, 0, 0, 0, 0, 0, 0, 0, 0, 0, 0, 0, 0, 0, 0, 0,
        0, 0, 0, 0, 0, 0, 0, 0, 0, 0, 0, 0, 0, 0, 0, 0, 0, 0, 0, 0, 0, 0, 0, 0,
        0, 0, 0, 0, 0, 0, 0, 0, 0, 0, 0, 0, 0, 0, 0, 0, 0, 0, 0, 0, 0, 0, 0, 0,
        0, 0, 0, 0, 0, 0, 0, 0, 0, 0, 0, 0, 0, 0, 0, 0, 0, 0, 0, 0, 0, 0, 0, 0,
        0, 0, 0, 0, 0, 0, 0, 0, 0, 0, 0, 0, 0, 0, 0, 0, 0, 0, 0, 0, 0, 0, 0, 0,
        0, 0, 0, 0, 0, 0, 0, 0, 0, 0, 0, 0, 0, 0, 0, 0, 0, 0, 0, 0, 0, 0, 0, 0,
        0, 0, 0, 0, 0, 0])
attention_mask
tensor([1, 1, 1, 1, 1, 1, 1, 1, 1, 1, 1, 1, 1, 1, 1, 1, 1, 1, 1, 1, 1, 1, 1, 1,
        1, 1, 1, 1, 1, 1, 1, 0, 0, 0, 0, 0, 0, 0, 0, 0, 0, 0, 0, 0, 0, 0, 0, 0,
        0, 0, 0, 0, 0, 0, 0, 0, 0, 0, 0, 0, 0, 0, 0, 0, 0, 0, 0, 0, 0, 0, 0, 0,
        0, 0, 0, 0, 0, 0, 0, 0, 0, 0, 0, 0, 0, 0, 0, 0, 0, 0, 0, 0, 0, 0, 0, 0,
        0, 0, 0, 0, 0, 0, 0, 0, 0, 0, 0, 0, 0, 0, 0, 0, 0, 0, 0, 0, 0, 0, 0, 0,
        0, 0, 0, 0, 0, 0, 0, 0, 0, 0, 0, 0, 0, 0, 0, 0, 0, 0, 0, 0, 0, 0, 0, 0,
        0, 0, 0, 0, 0, 0])
labels
tensor([0., 0., 0., 0., 0., 0., 0., 0., 0., 0., 0., 0., 0., 0., 0., 0., 0., 0.,
        0., 0., 0., 0., 0., 0., 0., 0., 0., 0., 0., 0., 0., 0., 0., 0., 0., 0.,
        0., 0., 0., 0., 0., 0., 0., 1., 0., 0., 0., 0., 0., 0., 0., 0., 0., 0.,
        0., 0., 0., 0., 0., 0., 0., 0., 0., 0., 0.])
实际序列转换后的长度为150, 设置最长为150
	* Loading validation data...
数据集个数为2392
输入例子
日前，赣州师范高等专科学校披露了关于该校教师陈某利用工作便利，与两名女学生发生不正当关系的违规违纪问题的查处情况。经该校研究，依法给予陈某开除党籍和开除公职的处理，并在全校通报和开展警示教育。
input_ids
tensor([ 101, 3189, 1184, 8024, 6618, 2336, 2360, 5745, 7770, 5023,  683, 4906,
        2110, 3413, 2847, 7463,  749, 1068,  754, 6421, 3413, 3136, 2360, 7357,
        3378, 1164, 4500, 2339,  868,  912, 1164, 8024,  680,  697, 1399, 1957,
        2110, 4495, 1355, 4495,  679, 3633, 2496, 1068, 5143, 4638, 6824, 6226,
        6824, 5279, 7309, 7579, 4638, 3389, 1905, 2658, 1105,  511, 5307, 6421,
        3413, 4777, 4955, 8024,  898, 3791, 5314,  750, 7357, 3378, 2458, 7370,
        1054, 5093, 1469, 2458, 7370, 1062, 5466, 4638, 1905, 4415, 8024, 2400,
        1762, 1059, 3413, 6858, 2845, 1469, 2458, 2245, 6356, 4850, 3136, 5509,
         511,  102,    0,    0,    0,    0,    0,    0,    0,    0,    0,    0,
           0,    0,    0,    0,    0,    0,    0,    0,    0,    0,    0,    0,
           0,    0,    0,    0,    0,    0,    0,    0,    0,    0,    0,    0,
           0,    0,    0,    0,    0,    0,    0,    0,    0,    0,    0,    0,
           0,    0,    0,    0,    0,    0])
token_type_ids
tensor([0, 0, 0, 0, 0, 0, 0, 0, 0, 0, 0, 0, 0, 0, 0, 0, 0, 0, 0, 0, 0, 0, 0, 0,
        0, 0, 0, 0, 0, 0, 0, 0, 0, 0, 0, 0, 0, 0, 0, 0, 0, 0, 0, 0, 0, 0, 0, 0,
        0, 0, 0, 0, 0, 0, 0, 0, 0, 0, 0, 0, 0, 0, 0, 0, 0, 0, 0, 0, 0, 0, 0, 0,
        0, 0, 0, 0, 0, 0, 0, 0, 0, 0, 0, 0, 0, 0, 0, 0, 0, 0, 0, 0, 0, 0, 0, 0,
        0, 0, 0, 0, 0, 0, 0, 0, 0, 0, 0, 0, 0, 0, 0, 0, 0, 0, 0, 0, 0, 0, 0, 0,
        0, 0, 0, 0, 0, 0, 0, 0, 0, 0, 0, 0, 0, 0, 0, 0, 0, 0, 0, 0, 0, 0, 0, 0,
        0, 0, 0, 0, 0, 0])
attention_mask
tensor([1, 1, 1, 1, 1, 1, 1, 1, 1, 1, 1, 1, 1, 1, 1, 1, 1, 1, 1, 1, 1, 1, 1, 1,
        1, 1, 1, 1, 1, 1, 1, 1, 1, 1, 1, 1, 1, 1, 1, 1, 1, 1, 1, 1, 1, 1, 1, 1,
        1, 1, 1, 1, 1, 1, 1, 1, 1, 1, 1, 1, 1, 1, 1, 1, 1, 1, 1, 1, 1, 1, 1, 1,
        1, 1, 1, 1, 1, 1, 1, 1, 1, 1, 1, 1, 1, 1, 1, 1, 1, 1, 1, 1, 1, 1, 1, 1,
        1, 1, 0, 0, 0, 0, 0, 0, 0, 0, 0, 0, 0, 0, 0, 0, 0, 0, 0, 0, 0, 0, 0, 0,
        0, 0, 0, 0, 0, 0, 0, 0, 0, 0, 0, 0, 0, 0, 0, 0, 0, 0, 0, 0, 0, 0, 0, 0,
        0, 0, 0, 0, 0, 0])
labels
tensor([0., 0., 0., 0., 0., 0., 0., 0., 0., 0., 0., 0., 0., 0., 0., 0., 0., 0.,
        0., 0., 0., 0., 0., 0., 0., 0., 0., 0., 0., 0., 0., 0., 0., 0., 0., 0.,
        0., 0., 0., 0., 0., 0., 0., 0., 0., 0., 0., 0., 0., 1., 0., 0., 0., 0.,
        0., 0., 0., 0., 0., 0., 0., 0., 0., 0., 0.])
实际序列转换后的长度为150, 设置最长为150
	* Building model...
正在对验证集进行测试
              precision    recall  f1-score   support

       交往-会见       0.00      0.00      0.00        23
       交往-感谢       0.00      0.00      0.00         8
       交往-探班       0.01      0.92      0.01        13
       交往-点赞       0.00      0.00      0.00        12
       交往-道歉       0.01      1.00      0.02        21
     产品行为-上映       0.00      0.00      0.00        65
     产品行为-下架       0.02      1.00      0.04        43
     产品行为-发布       0.00      0.00      0.00       276
     产品行为-召回       0.02      1.00      0.04        45
     产品行为-获奖       0.01      1.00      0.02        28
     人生-产子/女       0.00      0.00      0.00        20
       人生-出轨       0.00      1.00      0.01         9
       人生-分手       0.00      0.00      0.00        32
       人生-失联       0.01      0.56      0.03        18
       人生-婚礼       0.00      0.55      0.01        11
       人生-庆生       0.00      0.00      0.00        30
       人生-怀孕       0.00      0.00      0.00        16
       人生-死亡       0.08      0.96      0.14       177
       人生-求婚       0.01      0.22      0.01        18
       人生-离婚       0.02      0.48      0.05        63
       人生-结婚       0.03      1.00      0.06        68
       人生-订婚       0.00      0.70      0.01        10
     司法行为-举报       0.00      1.00      0.01        11
     司法行为-入狱       0.02      0.82      0.03        39
     司法行为-开庭       0.00      0.00      0.00        15
     司法行为-拘捕       0.06      0.39      0.10       136
     司法行为-立案       0.00      0.00      0.00        16
     司法行为-约谈       0.02      0.98      0.05        57
     司法行为-罚款       0.02      0.95      0.04        41
     司法行为-起诉       0.02      1.00      0.03        39
    灾害/意外-地震       0.01      0.55      0.02        22
  灾害/意外-坍/垮塌       0.00      0.00      0.00        16
    灾害/意外-坠机       0.00      0.50      0.01        16
    灾害/意外-洪灾       0.00      0.00      0.00        11
    灾害/意外-爆炸       0.00      0.00      0.00        15
    灾害/意外-袭击       0.01      1.00      0.01        17
    灾害/意外-起火       0.01      0.35      0.02        40
    灾害/意外-车祸       0.02      1.00      0.04        47
     竞赛行为-夺冠       0.03      0.78      0.06        81
     竞赛行为-晋级       0.01      0.24      0.02        54
     竞赛行为-禁赛       0.01      0.92      0.02        24
     竞赛行为-胜负       0.00      0.00      0.00       322
     竞赛行为-退役       0.01      1.00      0.02        21
     竞赛行为-退赛       0.01      0.91      0.03        32
     组织关系-停职       0.01      0.80      0.01        15
     组织关系-加盟       0.02      0.04      0.03        69
     组织关系-裁员       0.00      0.00      0.00        23
     组织关系-解散       0.00      0.00      0.00        17
     组织关系-解约       0.01      0.42      0.02        12
     组织关系-解雇       0.00      0.00      0.00        28
   组织关系-辞/离职       0.05      1.00      0.09       109
     组织关系-退出       0.00      0.06      0.01        32
     组织行为-开幕       0.02      0.97      0.03        40
     组织行为-游行       0.00      0.07      0.01        14
     组织行为-罢工       0.00      1.00      0.01         9
     组织行为-闭幕       0.00      1.00      0.01        11
    财经/交易-上市       0.00      0.00      0.00         7
 财经/交易-出售/收购       0.02      1.00      0.04        40
    财经/交易-加息       0.00      1.00      0.00         2
    财经/交易-涨价       0.00      0.67      0.01         9
    财经/交易-涨停       0.00      0.00      0.00        51
    财经/交易-融资       0.00      0.00      0.00        16
    财经/交易-跌停       0.02      0.12      0.03        24
    财经/交易-降价       0.00      0.16      0.01        19
    财经/交易-降息       0.00      0.00      0.00         2

   micro avg       0.02      0.45      0.03      2627
   macro avg       0.01      0.48      0.02      2627
weighted avg       0.02      0.45      0.03      2627
 samples avg       0.02      0.44      0.03      2627

	* Validation loss before training: 0.7939, accuracy: 0.0000%

 ==================== Training model on device: cuda ====================
* Training epoch 1:
-> Training time: 11.8680s, loss = 0.3274, accuracy: 0.1045%
* Validation for epoch 1:
正在对验证集进行测试
              precision    recall  f1-score   support

       交往-会见       0.00      0.00      0.00        23
       交往-感谢       0.00      0.00      0.00         8
       交往-探班       0.00      0.00      0.00        13
       交往-点赞       0.00      0.00      0.00        12
       交往-道歉       0.00      0.00      0.00        21
     产品行为-上映       0.00      0.00      0.00        65
     产品行为-下架       0.00      0.00      0.00        43
     产品行为-发布       0.00      0.00      0.00       276
     产品行为-召回       0.00      0.00      0.00        45
     产品行为-获奖       0.00      0.00      0.00        28
     人生-产子/女       0.00      0.00      0.00        20
       人生-出轨       0.00      0.00      0.00         9
       人生-分手       0.00      0.00      0.00        32
       人生-失联       0.00      0.00      0.00        18
       人生-婚礼       0.00      0.00      0.00        11
       人生-庆生       0.00      0.00      0.00        30
       人生-怀孕       0.00      0.00      0.00        16
       人生-死亡       0.00      0.00      0.00       177
       人生-求婚       0.00      0.00      0.00        18
       人生-离婚       0.00      0.00      0.00        63
       人生-结婚       0.00      0.00      0.00        68
       人生-订婚       0.00      0.00      0.00        10
     司法行为-举报       0.00      0.00      0.00        11
     司法行为-入狱       0.00      0.00      0.00        39
     司法行为-开庭       0.00      0.00      0.00        15
     司法行为-拘捕       0.00      0.00      0.00       136
     司法行为-立案       0.00      0.00      0.00        16
     司法行为-约谈       0.00      0.00      0.00        57
     司法行为-罚款       0.00      0.00      0.00        41
     司法行为-起诉       0.00      0.00      0.00        39
    灾害/意外-地震       0.00      0.00      0.00        22
  灾害/意外-坍/垮塌       0.00      0.00      0.00        16
    灾害/意外-坠机       0.00      0.00      0.00        16
    灾害/意外-洪灾       0.00      0.00      0.00        11
    灾害/意外-爆炸       0.00      0.00      0.00        15
    灾害/意外-袭击       0.00      0.00      0.00        17
    灾害/意外-起火       0.00      0.00      0.00        40
    灾害/意外-车祸       0.00      0.00      0.00        47
     竞赛行为-夺冠       0.00      0.00      0.00        81
     竞赛行为-晋级       0.00      0.00      0.00        54
     竞赛行为-禁赛       0.00      0.00      0.00        24
     竞赛行为-胜负       0.00      0.00      0.00       322
     竞赛行为-退役       0.00      0.00      0.00        21
     竞赛行为-退赛       0.00      0.00      0.00        32
     组织关系-停职       0.00      0.00      0.00        15
     组织关系-加盟       0.00      0.00      0.00        69
     组织关系-裁员       0.00      0.00      0.00        23
     组织关系-解散       0.00      0.00      0.00        17
     组织关系-解约       0.00      0.00      0.00        12
     组织关系-解雇       0.00      0.00      0.00        28
   组织关系-辞/离职       0.00      0.00      0.00       109
     组织关系-退出       0.00      0.00      0.00        32
     组织行为-开幕       0.00      0.00      0.00        40
     组织行为-游行       0.00      0.00      0.00        14
     组织行为-罢工       0.00      0.00      0.00         9
     组织行为-闭幕       0.00      0.00      0.00        11
    财经/交易-上市       0.00      0.00      0.00         7
 财经/交易-出售/收购       0.00      0.00      0.00        40
    财经/交易-加息       0.00      0.00      0.00         2
    财经/交易-涨价       0.00      0.00      0.00         9
    财经/交易-涨停       0.00      0.00      0.00        51
    财经/交易-融资       0.00      0.00      0.00        16
    财经/交易-跌停       0.00      0.00      0.00        24
    财经/交易-降价       0.00      0.00      0.00        19
    财经/交易-降息       0.00      0.00      0.00         2

   micro avg       0.00      0.00      0.00      2627
   macro avg       0.00      0.00      0.00      2627
weighted avg       0.00      0.00      0.00      2627
 samples avg       0.00      0.00      0.00      2627

-> Valid. time: 1.0537s, loss: 0.1684, accuracy: 0.0000% 

save data
* Training epoch 2:
-> Training time: 12.0481s, loss = 0.1416, accuracy: 0.0000%
* Validation for epoch 2:
正在对验证集进行测试
              precision    recall  f1-score   support

       交往-会见       0.00      0.00      0.00        23
       交往-感谢       0.00      0.00      0.00         8
       交往-探班       0.00      0.00      0.00        13
       交往-点赞       0.00      0.00      0.00        12
       交往-道歉       0.00      0.00      0.00        21
     产品行为-上映       0.00      0.00      0.00        65
     产品行为-下架       0.00      0.00      0.00        43
     产品行为-发布       0.00      0.00      0.00       276
     产品行为-召回       0.00      0.00      0.00        45
     产品行为-获奖       0.00      0.00      0.00        28
     人生-产子/女       0.00      0.00      0.00        20
       人生-出轨       0.00      0.00      0.00         9
       人生-分手       0.00      0.00      0.00        32
       人生-失联       0.00      0.00      0.00        18
       人生-婚礼       0.00      0.00      0.00        11
       人生-庆生       0.00      0.00      0.00        30
       人生-怀孕       0.00      0.00      0.00        16
       人生-死亡       0.00      0.00      0.00       177
       人生-求婚       0.00      0.00      0.00        18
       人生-离婚       0.00      0.00      0.00        63
       人生-结婚       0.00      0.00      0.00        68
       人生-订婚       0.00      0.00      0.00        10
     司法行为-举报       0.00      0.00      0.00        11
     司法行为-入狱       0.00      0.00      0.00        39
     司法行为-开庭       0.00      0.00      0.00        15
     司法行为-拘捕       0.00      0.00      0.00       136
     司法行为-立案       0.00      0.00      0.00        16
     司法行为-约谈       0.00      0.00      0.00        57
     司法行为-罚款       0.00      0.00      0.00        41
     司法行为-起诉       0.00      0.00      0.00        39
    灾害/意外-地震       0.00      0.00      0.00        22
  灾害/意外-坍/垮塌       0.00      0.00      0.00        16
    灾害/意外-坠机       0.00      0.00      0.00        16
    灾害/意外-洪灾       0.00      0.00      0.00        11
    灾害/意外-爆炸       0.00      0.00      0.00        15
    灾害/意外-袭击       0.00      0.00      0.00        17
    灾害/意外-起火       0.00      0.00      0.00        40
    灾害/意外-车祸       0.00      0.00      0.00        47
     竞赛行为-夺冠       0.00      0.00      0.00        81
     竞赛行为-晋级       0.00      0.00      0.00        54
     竞赛行为-禁赛       0.00      0.00      0.00        24
     竞赛行为-胜负       0.00      0.00      0.00       322
     竞赛行为-退役       0.00      0.00      0.00        21
     竞赛行为-退赛       0.00      0.00      0.00        32
     组织关系-停职       0.00      0.00      0.00        15
     组织关系-加盟       0.00      0.00      0.00        69
     组织关系-裁员       0.00      0.00      0.00        23
     组织关系-解散       0.00      0.00      0.00        17
     组织关系-解约       0.00      0.00      0.00        12
     组织关系-解雇       0.00      0.00      0.00        28
   组织关系-辞/离职       0.00      0.00      0.00       109
     组织关系-退出       0.00      0.00      0.00        32
     组织行为-开幕       0.00      0.00      0.00        40
     组织行为-游行       0.00      0.00      0.00        14
     组织行为-罢工       0.00      0.00      0.00         9
     组织行为-闭幕       0.00      0.00      0.00        11
    财经/交易-上市       0.00      0.00      0.00         7
 财经/交易-出售/收购       0.00      0.00      0.00        40
    财经/交易-加息       0.00      0.00      0.00         2
    财经/交易-涨价       0.00      0.00      0.00         9
    财经/交易-涨停       0.00      0.00      0.00        51
    财经/交易-融资       0.00      0.00      0.00        16
    财经/交易-跌停       0.00      0.00      0.00        24
    财经/交易-降价       0.00      0.00      0.00        19
    财经/交易-降息       0.00      0.00      0.00         2

   micro avg       0.00      0.00      0.00      2627
   macro avg       0.00      0.00      0.00      2627
weighted avg       0.00      0.00      0.00      2627
 samples avg       0.00      0.00      0.00      2627

-> Valid. time: 1.0725s, loss: 0.1137, accuracy: 0.0000% 

save data
* Training epoch 3:
-> Training time: 12.2404s, loss = 0.1085, accuracy: 0.2613%
* Validation for epoch 3:
正在对验证集进行测试
              precision    recall  f1-score   support

       交往-会见       0.00      0.00      0.00        23
       交往-感谢       0.00      0.00      0.00         8
       交往-探班       0.00      0.00      0.00        13
       交往-点赞       0.00      0.00      0.00        12
       交往-道歉       0.00      0.00      0.00        21
     产品行为-上映       0.00      0.00      0.00        65
     产品行为-下架       0.00      0.00      0.00        43
     产品行为-发布       0.00      0.00      0.00       276
     产品行为-召回       0.00      0.00      0.00        45
     产品行为-获奖       0.00      0.00      0.00        28
     人生-产子/女       0.00      0.00      0.00        20
       人生-出轨       0.00      0.00      0.00         9
       人生-分手       0.00      0.00      0.00        32
       人生-失联       0.00      0.00      0.00        18
       人生-婚礼       0.00      0.00      0.00        11
       人生-庆生       0.00      0.00      0.00        30
       人生-怀孕       0.00      0.00      0.00        16
       人生-死亡       0.00      0.00      0.00       177
       人生-求婚       0.00      0.00      0.00        18
       人生-离婚       0.00      0.00      0.00        63
       人生-结婚       0.00      0.00      0.00        68
       人生-订婚       0.00      0.00      0.00        10
     司法行为-举报       0.00      0.00      0.00        11
     司法行为-入狱       0.00      0.00      0.00        39
     司法行为-开庭       0.00      0.00      0.00        15
     司法行为-拘捕       0.00      0.00      0.00       136
     司法行为-立案       0.00      0.00      0.00        16
     司法行为-约谈       0.00      0.00      0.00        57
     司法行为-罚款       0.00      0.00      0.00        41
     司法行为-起诉       0.00      0.00      0.00        39
    灾害/意外-地震       0.00      0.00      0.00        22
  灾害/意外-坍/垮塌       0.00      0.00      0.00        16
    灾害/意外-坠机       0.00      0.00      0.00        16
    灾害/意外-洪灾       0.00      0.00      0.00        11
    灾害/意外-爆炸       0.00      0.00      0.00        15
    灾害/意外-袭击       0.00      0.00      0.00        17
    灾害/意外-起火       0.00      0.00      0.00        40
    灾害/意外-车祸       0.00      0.00      0.00        47
     竞赛行为-夺冠       0.00      0.00      0.00        81
     竞赛行为-晋级       0.00      0.00      0.00        54
     竞赛行为-禁赛       0.00      0.00      0.00        24
     竞赛行为-胜负       1.00      0.00      0.01       322
     竞赛行为-退役       0.00      0.00      0.00        21
     竞赛行为-退赛       0.00      0.00      0.00        32
     组织关系-停职       0.00      0.00      0.00        15
     组织关系-加盟       0.00      0.00      0.00        69
     组织关系-裁员       0.00      0.00      0.00        23
     组织关系-解散       0.00      0.00      0.00        17
     组织关系-解约       0.00      0.00      0.00        12
     组织关系-解雇       0.00      0.00      0.00        28
   组织关系-辞/离职       0.00      0.00      0.00       109
     组织关系-退出       0.00      0.00      0.00        32
     组织行为-开幕       0.00      0.00      0.00        40
     组织行为-游行       0.00      0.00      0.00        14
     组织行为-罢工       0.00      0.00      0.00         9
     组织行为-闭幕       0.00      0.00      0.00        11
    财经/交易-上市       0.00      0.00      0.00         7
 财经/交易-出售/收购       0.00      0.00      0.00        40
    财经/交易-加息       0.00      0.00      0.00         2
    财经/交易-涨价       0.00      0.00      0.00         9
    财经/交易-涨停       0.00      0.00      0.00        51
    财经/交易-融资       0.00      0.00      0.00        16
    财经/交易-跌停       0.00      0.00      0.00        24
    财经/交易-降价       0.00      0.00      0.00        19
    财经/交易-降息       0.00      0.00      0.00         2

   micro avg       1.00      0.00      0.00      2627
   macro avg       0.02      0.00      0.00      2627
weighted avg       0.12      0.00      0.00      2627
 samples avg       0.00      0.00      0.00      2627

-> Valid. time: 1.0813s, loss: 0.0956, accuracy: 0.0418% 

save data
* Training epoch 4:
-> Training time: 12.3477s, loss = 0.0937, accuracy: 2.8539%
* Validation for epoch 4:
正在对验证集进行测试
              precision    recall  f1-score   support

       交往-会见       0.00      0.00      0.00        23
       交往-感谢       0.00      0.00      0.00         8
       交往-探班       0.00      0.00      0.00        13
       交往-点赞       0.00      0.00      0.00        12
       交往-道歉       0.00      0.00      0.00        21
     产品行为-上映       0.00      0.00      0.00        65
     产品行为-下架       0.00      0.00      0.00        43
     产品行为-发布       0.00      0.00      0.00       276
     产品行为-召回       0.00      0.00      0.00        45
     产品行为-获奖       0.00      0.00      0.00        28
     人生-产子/女       0.00      0.00      0.00        20
       人生-出轨       0.00      0.00      0.00         9
       人生-分手       0.00      0.00      0.00        32
       人生-失联       0.00      0.00      0.00        18
       人生-婚礼       0.00      0.00      0.00        11
       人生-庆生       0.00      0.00      0.00        30
       人生-怀孕       0.00      0.00      0.00        16
       人生-死亡       0.00      0.00      0.00       177
       人生-求婚       0.00      0.00      0.00        18
       人生-离婚       0.00      0.00      0.00        63
       人生-结婚       0.00      0.00      0.00        68
       人生-订婚       0.00      0.00      0.00        10
     司法行为-举报       0.00      0.00      0.00        11
     司法行为-入狱       0.00      0.00      0.00        39
     司法行为-开庭       0.00      0.00      0.00        15
     司法行为-拘捕       0.00      0.00      0.00       136
     司法行为-立案       0.00      0.00      0.00        16
     司法行为-约谈       0.00      0.00      0.00        57
     司法行为-罚款       0.00      0.00      0.00        41
     司法行为-起诉       0.00      0.00      0.00        39
    灾害/意外-地震       0.00      0.00      0.00        22
  灾害/意外-坍/垮塌       0.00      0.00      0.00        16
    灾害/意外-坠机       0.00      0.00      0.00        16
    灾害/意外-洪灾       0.00      0.00      0.00        11
    灾害/意外-爆炸       0.00      0.00      0.00        15
    灾害/意外-袭击       0.00      0.00      0.00        17
    灾害/意外-起火       0.00      0.00      0.00        40
    灾害/意外-车祸       0.00      0.00      0.00        47
     竞赛行为-夺冠       0.00      0.00      0.00        81
     竞赛行为-晋级       0.00      0.00      0.00        54
     竞赛行为-禁赛       0.00      0.00      0.00        24
     竞赛行为-胜负       0.88      0.42      0.57       322
     竞赛行为-退役       0.00      0.00      0.00        21
     竞赛行为-退赛       0.00      0.00      0.00        32
     组织关系-停职       0.00      0.00      0.00        15
     组织关系-加盟       0.00      0.00      0.00        69
     组织关系-裁员       0.00      0.00      0.00        23
     组织关系-解散       0.00      0.00      0.00        17
     组织关系-解约       0.00      0.00      0.00        12
     组织关系-解雇       0.00      0.00      0.00        28
   组织关系-辞/离职       0.00      0.00      0.00       109
     组织关系-退出       0.00      0.00      0.00        32
     组织行为-开幕       0.00      0.00      0.00        40
     组织行为-游行       0.00      0.00      0.00        14
     组织行为-罢工       0.00      0.00      0.00         9
     组织行为-闭幕       0.00      0.00      0.00        11
    财经/交易-上市       0.00      0.00      0.00         7
 财经/交易-出售/收购       0.00      0.00      0.00        40
    财经/交易-加息       0.00      0.00      0.00         2
    财经/交易-涨价       0.00      0.00      0.00         9
    财经/交易-涨停       0.00      0.00      0.00        51
    财经/交易-融资       0.00      0.00      0.00        16
    财经/交易-跌停       0.00      0.00      0.00        24
    财经/交易-降价       0.00      0.00      0.00        19
    财经/交易-降息       0.00      0.00      0.00         2

   micro avg       0.88      0.05      0.10      2627
   macro avg       0.01      0.01      0.01      2627
weighted avg       0.11      0.05      0.07      2627
 samples avg       0.06      0.05      0.05      2627

-> Valid. time: 1.0905s, loss: 0.0851, accuracy: 4.3896% 

save data
* Training epoch 5:
-> Training time: 12.3668s, loss = 0.0847, accuracy: 5.4046%
* Validation for epoch 5:
正在对验证集进行测试
              precision    recall  f1-score   support

       交往-会见       0.00      0.00      0.00        23
       交往-感谢       0.00      0.00      0.00         8
       交往-探班       0.00      0.00      0.00        13
       交往-点赞       0.00      0.00      0.00        12
       交往-道歉       0.00      0.00      0.00        21
     产品行为-上映       0.00      0.00      0.00        65
     产品行为-下架       0.00      0.00      0.00        43
     产品行为-发布       0.00      0.00      0.00       276
     产品行为-召回       0.00      0.00      0.00        45
     产品行为-获奖       0.00      0.00      0.00        28
     人生-产子/女       0.00      0.00      0.00        20
       人生-出轨       0.00      0.00      0.00         9
       人生-分手       0.00      0.00      0.00        32
       人生-失联       0.00      0.00      0.00        18
       人生-婚礼       0.00      0.00      0.00        11
       人生-庆生       0.00      0.00      0.00        30
       人生-怀孕       0.00      0.00      0.00        16
       人生-死亡       0.00      0.00      0.00       177
       人生-求婚       0.00      0.00      0.00        18
       人生-离婚       0.00      0.00      0.00        63
       人生-结婚       0.00      0.00      0.00        68
       人生-订婚       0.00      0.00      0.00        10
     司法行为-举报       0.00      0.00      0.00        11
     司法行为-入狱       0.00      0.00      0.00        39
     司法行为-开庭       0.00      0.00      0.00        15
     司法行为-拘捕       0.00      0.00      0.00       136
     司法行为-立案       0.00      0.00      0.00        16
     司法行为-约谈       0.00      0.00      0.00        57
     司法行为-罚款       0.00      0.00      0.00        41
     司法行为-起诉       0.00      0.00      0.00        39
    灾害/意外-地震       0.00      0.00      0.00        22
  灾害/意外-坍/垮塌       0.00      0.00      0.00        16
    灾害/意外-坠机       0.00      0.00      0.00        16
    灾害/意外-洪灾       0.00      0.00      0.00        11
    灾害/意外-爆炸       0.00      0.00      0.00        15
    灾害/意外-袭击       0.00      0.00      0.00        17
    灾害/意外-起火       0.00      0.00      0.00        40
    灾害/意外-车祸       0.00      0.00      0.00        47
     竞赛行为-夺冠       0.00      0.00      0.00        81
     竞赛行为-晋级       0.00      0.00      0.00        54
     竞赛行为-禁赛       0.00      0.00      0.00        24
     竞赛行为-胜负       0.86      0.60      0.71       322
     竞赛行为-退役       0.00      0.00      0.00        21
     竞赛行为-退赛       0.00      0.00      0.00        32
     组织关系-停职       0.00      0.00      0.00        15
     组织关系-加盟       0.00      0.00      0.00        69
     组织关系-裁员       0.00      0.00      0.00        23
     组织关系-解散       0.00      0.00      0.00        17
     组织关系-解约       0.00      0.00      0.00        12
     组织关系-解雇       0.00      0.00      0.00        28
   组织关系-辞/离职       0.00      0.00      0.00       109
     组织关系-退出       0.00      0.00      0.00        32
     组织行为-开幕       0.00      0.00      0.00        40
     组织行为-游行       0.00      0.00      0.00        14
     组织行为-罢工       0.00      0.00      0.00         9
     组织行为-闭幕       0.00      0.00      0.00        11
    财经/交易-上市       0.00      0.00      0.00         7
 财经/交易-出售/收购       0.00      0.00      0.00        40
    财经/交易-加息       0.00      0.00      0.00         2
    财经/交易-涨价       0.00      0.00      0.00         9
    财经/交易-涨停       0.00      0.00      0.00        51
    财经/交易-融资       0.00      0.00      0.00        16
    财经/交易-跌停       0.00      0.00      0.00        24
    财经/交易-降价       0.00      0.00      0.00        19
    财经/交易-降息       0.00      0.00      0.00         2

   micro avg       0.86      0.07      0.14      2627
   macro avg       0.01      0.01      0.01      2627
weighted avg       0.11      0.07      0.09      2627
 samples avg       0.08      0.07      0.07      2627

-> Valid. time: 1.0905s, loss: 0.0778, accuracy: 6.1455% 

save data
* Training epoch 6:
-> Training time: 12.4094s, loss = 0.0780, accuracy: 7.4953%
* Validation for epoch 6:
正在对验证集进行测试
              precision    recall  f1-score   support

       交往-会见       0.00      0.00      0.00        23
       交往-感谢       0.00      0.00      0.00         8
       交往-探班       0.00      0.00      0.00        13
       交往-点赞       0.00      0.00      0.00        12
       交往-道歉       0.00      0.00      0.00        21
     产品行为-上映       0.00      0.00      0.00        65
     产品行为-下架       0.00      0.00      0.00        43
     产品行为-发布       1.00      0.01      0.03       276
     产品行为-召回       0.00      0.00      0.00        45
     产品行为-获奖       0.00      0.00      0.00        28
     人生-产子/女       0.00      0.00      0.00        20
       人生-出轨       0.00      0.00      0.00         9
       人生-分手       0.00      0.00      0.00        32
       人生-失联       0.00      0.00      0.00        18
       人生-婚礼       0.00      0.00      0.00        11
       人生-庆生       0.00      0.00      0.00        30
       人生-怀孕       0.00      0.00      0.00        16
       人生-死亡       0.00      0.00      0.00       177
       人生-求婚       0.00      0.00      0.00        18
       人生-离婚       0.00      0.00      0.00        63
       人生-结婚       0.00      0.00      0.00        68
       人生-订婚       0.00      0.00      0.00        10
     司法行为-举报       0.00      0.00      0.00        11
     司法行为-入狱       0.00      0.00      0.00        39
     司法行为-开庭       0.00      0.00      0.00        15
     司法行为-拘捕       0.00      0.00      0.00       136
     司法行为-立案       0.00      0.00      0.00        16
     司法行为-约谈       0.00      0.00      0.00        57
     司法行为-罚款       0.00      0.00      0.00        41
     司法行为-起诉       0.00      0.00      0.00        39
    灾害/意外-地震       0.00      0.00      0.00        22
  灾害/意外-坍/垮塌       0.00      0.00      0.00        16
    灾害/意外-坠机       0.00      0.00      0.00        16
    灾害/意外-洪灾       0.00      0.00      0.00        11
    灾害/意外-爆炸       0.00      0.00      0.00        15
    灾害/意外-袭击       0.00      0.00      0.00        17
    灾害/意外-起火       0.00      0.00      0.00        40
    灾害/意外-车祸       0.00      0.00      0.00        47
     竞赛行为-夺冠       0.00      0.00      0.00        81
     竞赛行为-晋级       0.00      0.00      0.00        54
     竞赛行为-禁赛       0.00      0.00      0.00        24
     竞赛行为-胜负       0.89      0.72      0.80       322
     竞赛行为-退役       0.00      0.00      0.00        21
     竞赛行为-退赛       0.00      0.00      0.00        32
     组织关系-停职       0.00      0.00      0.00        15
     组织关系-加盟       0.00      0.00      0.00        69
     组织关系-裁员       0.00      0.00      0.00        23
     组织关系-解散       0.00      0.00      0.00        17
     组织关系-解约       0.00      0.00      0.00        12
     组织关系-解雇       0.00      0.00      0.00        28
   组织关系-辞/离职       0.00      0.00      0.00       109
     组织关系-退出       0.00      0.00      0.00        32
     组织行为-开幕       0.00      0.00      0.00        40
     组织行为-游行       0.00      0.00      0.00        14
     组织行为-罢工       0.00      0.00      0.00         9
     组织行为-闭幕       0.00      0.00      0.00        11
    财经/交易-上市       0.00      0.00      0.00         7
 财经/交易-出售/收购       0.00      0.00      0.00        40
    财经/交易-加息       0.00      0.00      0.00         2
    财经/交易-涨价       0.00      0.00      0.00         9
    财经/交易-涨停       0.00      0.00      0.00        51
    财经/交易-融资       0.00      0.00      0.00        16
    财经/交易-跌停       0.00      0.00      0.00        24
    财经/交易-降价       0.00      0.00      0.00        19
    财经/交易-降息       0.00      0.00      0.00         2

   micro avg       0.89      0.09      0.16      2627
   macro avg       0.03      0.01      0.01      2627
weighted avg       0.21      0.09      0.10      2627
 samples avg       0.10      0.09      0.09      2627

-> Valid. time: 1.0904s, loss: 0.0719, accuracy: 7.6923% 

save data
* Training epoch 7:
-> Training time: 12.4112s, loss = 0.0718, accuracy: 10.2446%
* Validation for epoch 7:
正在对验证集进行测试
              precision    recall  f1-score   support

       交往-会见       0.00      0.00      0.00        23
       交往-感谢       0.00      0.00      0.00         8
       交往-探班       0.00      0.00      0.00        13
       交往-点赞       0.00      0.00      0.00        12
       交往-道歉       0.00      0.00      0.00        21
     产品行为-上映       0.00      0.00      0.00        65
     产品行为-下架       0.00      0.00      0.00        43
     产品行为-发布       1.00      0.33      0.50       276
     产品行为-召回       0.00      0.00      0.00        45
     产品行为-获奖       0.00      0.00      0.00        28
     人生-产子/女       0.00      0.00      0.00        20
       人生-出轨       0.00      0.00      0.00         9
       人生-分手       0.00      0.00      0.00        32
       人生-失联       0.00      0.00      0.00        18
       人生-婚礼       0.00      0.00      0.00        11
       人生-庆生       0.00      0.00      0.00        30
       人生-怀孕       0.00      0.00      0.00        16
       人生-死亡       0.00      0.00      0.00       177
       人生-求婚       0.00      0.00      0.00        18
       人生-离婚       0.00      0.00      0.00        63
       人生-结婚       0.00      0.00      0.00        68
       人生-订婚       0.00      0.00      0.00        10
     司法行为-举报       0.00      0.00      0.00        11
     司法行为-入狱       0.00      0.00      0.00        39
     司法行为-开庭       0.00      0.00      0.00        15
     司法行为-拘捕       0.00      0.00      0.00       136
     司法行为-立案       0.00      0.00      0.00        16
     司法行为-约谈       0.00      0.00      0.00        57
     司法行为-罚款       0.00      0.00      0.00        41
     司法行为-起诉       0.00      0.00      0.00        39
    灾害/意外-地震       0.00      0.00      0.00        22
  灾害/意外-坍/垮塌       0.00      0.00      0.00        16
    灾害/意外-坠机       0.00      0.00      0.00        16
    灾害/意外-洪灾       0.00      0.00      0.00        11
    灾害/意外-爆炸       0.00      0.00      0.00        15
    灾害/意外-袭击       0.00      0.00      0.00        17
    灾害/意外-起火       0.00      0.00      0.00        40
    灾害/意外-车祸       0.00      0.00      0.00        47
     竞赛行为-夺冠       0.00      0.00      0.00        81
     竞赛行为-晋级       0.00      0.00      0.00        54
     竞赛行为-禁赛       0.00      0.00      0.00        24
     竞赛行为-胜负       0.89      0.78      0.83       322
     竞赛行为-退役       0.00      0.00      0.00        21
     竞赛行为-退赛       0.00      0.00      0.00        32
     组织关系-停职       0.00      0.00      0.00        15
     组织关系-加盟       0.00      0.00      0.00        69
     组织关系-裁员       0.00      0.00      0.00        23
     组织关系-解散       0.00      0.00      0.00        17
     组织关系-解约       0.00      0.00      0.00        12
     组织关系-解雇       0.00      0.00      0.00        28
   组织关系-辞/离职       0.00      0.00      0.00       109
     组织关系-退出       0.00      0.00      0.00        32
     组织行为-开幕       0.00      0.00      0.00        40
     组织行为-游行       0.00      0.00      0.00        14
     组织行为-罢工       0.00      0.00      0.00         9
     组织行为-闭幕       0.00      0.00      0.00        11
    财经/交易-上市       0.00      0.00      0.00         7
 财经/交易-出售/收购       0.00      0.00      0.00        40
    财经/交易-加息       0.00      0.00      0.00         2
    财经/交易-涨价       0.00      0.00      0.00         9
    财经/交易-涨停       0.00      0.00      0.00        51
    财经/交易-融资       0.00      0.00      0.00        16
    财经/交易-跌停       0.00      0.00      0.00        24
    财经/交易-降价       0.00      0.00      0.00        19
    财经/交易-降息       0.00      0.00      0.00         2

   micro avg       0.91      0.13      0.23      2627
   macro avg       0.03      0.02      0.02      2627
weighted avg       0.21      0.13      0.15      2627
 samples avg       0.14      0.13      0.14      2627

-> Valid. time: 1.0861s, loss: 0.0662, accuracy: 12.2074% 

save data
* Training epoch 8:
-> Training time: 12.4508s, loss = 0.0661, accuracy: 14.0811%
* Validation for epoch 8:
正在对验证集进行测试
              precision    recall  f1-score   support

       交往-会见       0.00      0.00      0.00        23
       交往-感谢       0.00      0.00      0.00         8
       交往-探班       0.00      0.00      0.00        13
       交往-点赞       0.00      0.00      0.00        12
       交往-道歉       0.00      0.00      0.00        21
     产品行为-上映       0.00      0.00      0.00        65
     产品行为-下架       0.00      0.00      0.00        43
     产品行为-发布       0.99      0.51      0.68       276
     产品行为-召回       0.00      0.00      0.00        45
     产品行为-获奖       0.00      0.00      0.00        28
     人生-产子/女       0.00      0.00      0.00        20
       人生-出轨       0.00      0.00      0.00         9
       人生-分手       0.00      0.00      0.00        32
       人生-失联       0.00      0.00      0.00        18
       人生-婚礼       0.00      0.00      0.00        11
       人生-庆生       0.00      0.00      0.00        30
       人生-怀孕       0.00      0.00      0.00        16
       人生-死亡       0.88      0.04      0.08       177
       人生-求婚       0.00      0.00      0.00        18
       人生-离婚       0.00      0.00      0.00        63
       人生-结婚       0.00      0.00      0.00        68
       人生-订婚       0.00      0.00      0.00        10
     司法行为-举报       0.00      0.00      0.00        11
     司法行为-入狱       0.00      0.00      0.00        39
     司法行为-开庭       0.00      0.00      0.00        15
     司法行为-拘捕       1.00      0.04      0.07       136
     司法行为-立案       0.00      0.00      0.00        16
     司法行为-约谈       0.00      0.00      0.00        57
     司法行为-罚款       0.00      0.00      0.00        41
     司法行为-起诉       0.00      0.00      0.00        39
    灾害/意外-地震       0.00      0.00      0.00        22
  灾害/意外-坍/垮塌       0.00      0.00      0.00        16
    灾害/意外-坠机       0.00      0.00      0.00        16
    灾害/意外-洪灾       0.00      0.00      0.00        11
    灾害/意外-爆炸       0.00      0.00      0.00        15
    灾害/意外-袭击       0.00      0.00      0.00        17
    灾害/意外-起火       0.00      0.00      0.00        40
    灾害/意外-车祸       0.00      0.00      0.00        47
     竞赛行为-夺冠       0.00      0.00      0.00        81
     竞赛行为-晋级       0.00      0.00      0.00        54
     竞赛行为-禁赛       0.00      0.00      0.00        24
     竞赛行为-胜负       0.91      0.84      0.87       322
     竞赛行为-退役       0.00      0.00      0.00        21
     竞赛行为-退赛       0.00      0.00      0.00        32
     组织关系-停职       0.00      0.00      0.00        15
     组织关系-加盟       0.00      0.00      0.00        69
     组织关系-裁员       0.00      0.00      0.00        23
     组织关系-解散       0.00      0.00      0.00        17
     组织关系-解约       0.00      0.00      0.00        12
     组织关系-解雇       0.00      0.00      0.00        28
   组织关系-辞/离职       1.00      0.35      0.52       109
     组织关系-退出       0.00      0.00      0.00        32
     组织行为-开幕       0.00      0.00      0.00        40
     组织行为-游行       0.00      0.00      0.00        14
     组织行为-罢工       0.00      0.00      0.00         9
     组织行为-闭幕       0.00      0.00      0.00        11
    财经/交易-上市       0.00      0.00      0.00         7
 财经/交易-出售/收购       0.00      0.00      0.00        40
    财经/交易-加息       0.00      0.00      0.00         2
    财经/交易-涨价       0.00      0.00      0.00         9
    财经/交易-涨停       0.00      0.00      0.00        51
    财经/交易-融资       0.00      0.00      0.00        16
    财经/交易-跌停       0.00      0.00      0.00        24
    财经/交易-降价       0.00      0.00      0.00        19
    财经/交易-降息       0.00      0.00      0.00         2

   micro avg       0.94      0.18      0.30      2627
   macro avg       0.07      0.03      0.03      2627
weighted avg       0.37      0.18      0.21      2627
 samples avg       0.19      0.18      0.18      2627

-> Valid. time: 1.0931s, loss: 0.0607, accuracy: 16.8896% 

save data
* Training epoch 9:
-> Training time: 12.4448s, loss = 0.0607, accuracy: 20.6147%
* Validation for epoch 9:
正在对验证集进行测试
              precision    recall  f1-score   support

       交往-会见       0.00      0.00      0.00        23
       交往-感谢       0.00      0.00      0.00         8
       交往-探班       0.00      0.00      0.00        13
       交往-点赞       0.00      0.00      0.00        12
       交往-道歉       0.00      0.00      0.00        21
     产品行为-上映       0.00      0.00      0.00        65
     产品行为-下架       0.00      0.00      0.00        43
     产品行为-发布       0.98      0.64      0.78       276
     产品行为-召回       0.00      0.00      0.00        45
     产品行为-获奖       0.00      0.00      0.00        28
     人生-产子/女       0.00      0.00      0.00        20
       人生-出轨       0.00      0.00      0.00         9
       人生-分手       0.00      0.00      0.00        32
       人生-失联       0.00      0.00      0.00        18
       人生-婚礼       0.00      0.00      0.00        11
       人生-庆生       0.00      0.00      0.00        30
       人生-怀孕       0.00      0.00      0.00        16
       人生-死亡       0.85      0.34      0.49       177
       人生-求婚       0.00      0.00      0.00        18
       人生-离婚       0.00      0.00      0.00        63
       人生-结婚       1.00      0.15      0.26        68
       人生-订婚       0.00      0.00      0.00        10
     司法行为-举报       0.00      0.00      0.00        11
     司法行为-入狱       0.00      0.00      0.00        39
     司法行为-开庭       0.00      0.00      0.00        15
     司法行为-拘捕       1.00      0.39      0.56       136
     司法行为-立案       0.00      0.00      0.00        16
     司法行为-约谈       0.00      0.00      0.00        57
     司法行为-罚款       1.00      0.05      0.09        41
     司法行为-起诉       0.00      0.00      0.00        39
    灾害/意外-地震       0.00      0.00      0.00        22
  灾害/意外-坍/垮塌       0.00      0.00      0.00        16
    灾害/意外-坠机       0.00      0.00      0.00        16
    灾害/意外-洪灾       0.00      0.00      0.00        11
    灾害/意外-爆炸       0.00      0.00      0.00        15
    灾害/意外-袭击       0.00      0.00      0.00        17
    灾害/意外-起火       0.00      0.00      0.00        40
    灾害/意外-车祸       0.00      0.00      0.00        47
     竞赛行为-夺冠       1.00      0.01      0.02        81
     竞赛行为-晋级       0.00      0.00      0.00        54
     竞赛行为-禁赛       0.00      0.00      0.00        24
     竞赛行为-胜负       0.93      0.80      0.86       322
     竞赛行为-退役       0.00      0.00      0.00        21
     竞赛行为-退赛       0.00      0.00      0.00        32
     组织关系-停职       0.00      0.00      0.00        15
     组织关系-加盟       0.00      0.00      0.00        69
     组织关系-裁员       0.00      0.00      0.00        23
     组织关系-解散       0.00      0.00      0.00        17
     组织关系-解约       0.00      0.00      0.00        12
     组织关系-解雇       0.00      0.00      0.00        28
   组织关系-辞/离职       0.99      0.78      0.87       109
     组织关系-退出       0.00      0.00      0.00        32
     组织行为-开幕       0.00      0.00      0.00        40
     组织行为-游行       0.00      0.00      0.00        14
     组织行为-罢工       0.00      0.00      0.00         9
     组织行为-闭幕       0.00      0.00      0.00        11
    财经/交易-上市       0.00      0.00      0.00         7
 财经/交易-出售/收购       0.00      0.00      0.00        40
    财经/交易-加息       0.00      0.00      0.00         2
    财经/交易-涨价       0.00      0.00      0.00         9
    财经/交易-涨停       0.00      0.00      0.00        51
    财经/交易-融资       0.00      0.00      0.00        16
    财经/交易-跌停       0.00      0.00      0.00        24
    财经/交易-降价       0.00      0.00      0.00        19
    财经/交易-降息       0.00      0.00      0.00         2

   micro avg       0.95      0.25      0.39      2627
   macro avg       0.12      0.05      0.06      2627
weighted avg       0.44      0.25      0.29      2627
 samples avg       0.27      0.25      0.26      2627

-> Valid. time: 1.0793s, loss: 0.0557, accuracy: 23.7040% 

save data
* Training epoch 10:
-> Training time: 12.4758s, loss = 0.0557, accuracy: 26.4165%
* Validation for epoch 10:
正在对验证集进行测试
              precision    recall  f1-score   support

       交往-会见       0.00      0.00      0.00        23
       交往-感谢       0.00      0.00      0.00         8
       交往-探班       0.00      0.00      0.00        13
       交往-点赞       0.00      0.00      0.00        12
       交往-道歉       0.00      0.00      0.00        21
     产品行为-上映       0.00      0.00      0.00        65
     产品行为-下架       0.00      0.00      0.00        43
     产品行为-发布       0.98      0.72      0.83       276
     产品行为-召回       0.00      0.00      0.00        45
     产品行为-获奖       0.00      0.00      0.00        28
     人生-产子/女       0.00      0.00      0.00        20
       人生-出轨       0.00      0.00      0.00         9
       人生-分手       0.00      0.00      0.00        32
       人生-失联       0.00      0.00      0.00        18
       人生-婚礼       0.00      0.00      0.00        11
       人生-庆生       0.00      0.00      0.00        30
       人生-怀孕       0.00      0.00      0.00        16
       人生-死亡       0.85      0.53      0.65       177
       人生-求婚       0.00      0.00      0.00        18
       人生-离婚       0.00      0.00      0.00        63
       人生-结婚       0.97      0.44      0.61        68
       人生-订婚       0.00      0.00      0.00        10
     司法行为-举报       0.00      0.00      0.00        11
     司法行为-入狱       0.00      0.00      0.00        39
     司法行为-开庭       0.00      0.00      0.00        15
     司法行为-拘捕       0.98      0.66      0.79       136
     司法行为-立案       0.00      0.00      0.00        16
     司法行为-约谈       1.00      0.05      0.10        57
     司法行为-罚款       1.00      0.20      0.33        41
     司法行为-起诉       0.00      0.00      0.00        39
    灾害/意外-地震       0.00      0.00      0.00        22
  灾害/意外-坍/垮塌       0.00      0.00      0.00        16
    灾害/意外-坠机       0.00      0.00      0.00        16
    灾害/意外-洪灾       0.00      0.00      0.00        11
    灾害/意外-爆炸       0.00      0.00      0.00        15
    灾害/意外-袭击       0.00      0.00      0.00        17
    灾害/意外-起火       0.00      0.00      0.00        40
    灾害/意外-车祸       0.00      0.00      0.00        47
     竞赛行为-夺冠       0.82      0.17      0.29        81
     竞赛行为-晋级       0.00      0.00      0.00        54
     竞赛行为-禁赛       0.00      0.00      0.00        24
     竞赛行为-胜负       0.93      0.88      0.90       322
     竞赛行为-退役       0.00      0.00      0.00        21
     竞赛行为-退赛       0.00      0.00      0.00        32
     组织关系-停职       0.00      0.00      0.00        15
     组织关系-加盟       0.00      0.00      0.00        69
     组织关系-裁员       0.00      0.00      0.00        23
     组织关系-解散       0.00      0.00      0.00        17
     组织关系-解约       0.00      0.00      0.00        12
     组织关系-解雇       0.00      0.00      0.00        28
   组织关系-辞/离职       0.99      0.81      0.89       109
     组织关系-退出       0.00      0.00      0.00        32
     组织行为-开幕       0.00      0.00      0.00        40
     组织行为-游行       0.00      0.00      0.00        14
     组织行为-罢工       0.00      0.00      0.00         9
     组织行为-闭幕       0.00      0.00      0.00        11
    财经/交易-上市       0.00      0.00      0.00         7
 财经/交易-出售/收购       0.00      0.00      0.00        40
    财经/交易-加息       0.00      0.00      0.00         2
    财经/交易-涨价       0.00      0.00      0.00         9
    财经/交易-涨停       1.00      0.02      0.04        51
    财经/交易-融资       0.00      0.00      0.00        16
    财经/交易-跌停       0.00      0.00      0.00        24
    财经/交易-降价       0.00      0.00      0.00        19
    财经/交易-降息       0.00      0.00      0.00         2

   micro avg       0.94      0.31      0.46      2627
   macro avg       0.15      0.07      0.08      2627
weighted avg       0.47      0.31      0.35      2627
 samples avg       0.34      0.32      0.32      2627

-> Valid. time: 1.0839s, loss: 0.0511, accuracy: 29.6405% 

save data
* Training epoch 11:
-> Training time: 12.4582s, loss = 0.0511, accuracy: 31.6433%
* Validation for epoch 11:
正在对验证集进行测试
              precision    recall  f1-score   support

       交往-会见       0.00      0.00      0.00        23
       交往-感谢       0.00      0.00      0.00         8
       交往-探班       0.00      0.00      0.00        13
       交往-点赞       0.00      0.00      0.00        12
       交往-道歉       0.00      0.00      0.00        21
     产品行为-上映       1.00      0.02      0.03        65
     产品行为-下架       1.00      0.12      0.21        43
     产品行为-发布       0.98      0.77      0.86       276
     产品行为-召回       1.00      0.02      0.04        45
     产品行为-获奖       0.00      0.00      0.00        28
     人生-产子/女       0.00      0.00      0.00        20
       人生-出轨       0.00      0.00      0.00         9
       人生-分手       0.00      0.00      0.00        32
       人生-失联       0.00      0.00      0.00        18
       人生-婚礼       0.00      0.00      0.00        11
       人生-庆生       0.00      0.00      0.00        30
       人生-怀孕       0.00      0.00      0.00        16
       人生-死亡       0.91      0.58      0.71       177
       人生-求婚       0.00      0.00      0.00        18
       人生-离婚       0.96      0.38      0.55        63
       人生-结婚       1.00      0.53      0.69        68
       人生-订婚       0.00      0.00      0.00        10
     司法行为-举报       0.00      0.00      0.00        11
     司法行为-入狱       0.00      0.00      0.00        39
     司法行为-开庭       0.00      0.00      0.00        15
     司法行为-拘捕       0.99      0.74      0.85       136
     司法行为-立案       0.00      0.00      0.00        16
     司法行为-约谈       1.00      0.40      0.57        57
     司法行为-罚款       1.00      0.56      0.72        41
     司法行为-起诉       0.00      0.00      0.00        39
    灾害/意外-地震       0.00      0.00      0.00        22
  灾害/意外-坍/垮塌       0.00      0.00      0.00        16
    灾害/意外-坠机       0.00      0.00      0.00        16
    灾害/意外-洪灾       0.00      0.00      0.00        11
    灾害/意外-爆炸       0.00      0.00      0.00        15
    灾害/意外-袭击       0.00      0.00      0.00        17
    灾害/意外-起火       0.00      0.00      0.00        40
    灾害/意外-车祸       0.00      0.00      0.00        47
     竞赛行为-夺冠       0.89      0.38      0.53        81
     竞赛行为-晋级       0.00      0.00      0.00        54
     竞赛行为-禁赛       0.00      0.00      0.00        24
     竞赛行为-胜负       0.96      0.84      0.90       322
     竞赛行为-退役       0.00      0.00      0.00        21
     竞赛行为-退赛       0.00      0.00      0.00        32
     组织关系-停职       0.00      0.00      0.00        15
     组织关系-加盟       1.00      0.03      0.06        69
     组织关系-裁员       0.00      0.00      0.00        23
     组织关系-解散       0.00      0.00      0.00        17
     组织关系-解约       0.00      0.00      0.00        12
     组织关系-解雇       0.00      0.00      0.00        28
   组织关系-辞/离职       0.99      0.83      0.90       109
     组织关系-退出       0.00      0.00      0.00        32
     组织行为-开幕       1.00      0.05      0.10        40
     组织行为-游行       0.00      0.00      0.00        14
     组织行为-罢工       0.00      0.00      0.00         9
     组织行为-闭幕       0.00      0.00      0.00        11
    财经/交易-上市       0.00      0.00      0.00         7
 财经/交易-出售/收购       0.00      0.00      0.00        40
    财经/交易-加息       0.00      0.00      0.00         2
    财经/交易-涨价       0.00      0.00      0.00         9
    财经/交易-涨停       1.00      0.10      0.18        51
    财经/交易-融资       0.00      0.00      0.00        16
    财经/交易-跌停       0.00      0.00      0.00        24
    财经/交易-降价       0.00      0.00      0.00        19
    财经/交易-降息       0.00      0.00      0.00         2

   micro avg       0.96      0.35      0.52      2627
   macro avg       0.24      0.10      0.12      2627
weighted avg       0.61      0.35      0.41      2627
 samples avg       0.39      0.37      0.37      2627

-> Valid. time: 1.0866s, loss: 0.0472, accuracy: 34.4482% 

save data
* Training epoch 12:
-> Training time: 12.4530s, loss = 0.0472, accuracy: 37.5810%
* Validation for epoch 12:
正在对验证集进行测试
              precision    recall  f1-score   support

       交往-会见       0.00      0.00      0.00        23
       交往-感谢       0.00      0.00      0.00         8
       交往-探班       0.00      0.00      0.00        13
       交往-点赞       0.00      0.00      0.00        12
       交往-道歉       0.00      0.00      0.00        21
     产品行为-上映       1.00      0.18      0.31        65
     产品行为-下架       1.00      0.67      0.81        43
     产品行为-发布       0.97      0.80      0.87       276
     产品行为-召回       1.00      0.13      0.24        45
     产品行为-获奖       0.00      0.00      0.00        28
     人生-产子/女       0.00      0.00      0.00        20
       人生-出轨       0.00      0.00      0.00         9
       人生-分手       0.00      0.00      0.00        32
       人生-失联       0.00      0.00      0.00        18
       人生-婚礼       0.00      0.00      0.00        11
       人生-庆生       0.00      0.00      0.00        30
       人生-怀孕       0.00      0.00      0.00        16
       人生-死亡       0.92      0.55      0.69       177
       人生-求婚       0.00      0.00      0.00        18
       人生-离婚       0.98      0.71      0.83        63
       人生-结婚       0.95      0.62      0.75        68
       人生-订婚       0.00      0.00      0.00        10
     司法行为-举报       0.00      0.00      0.00        11
     司法行为-入狱       0.00      0.00      0.00        39
     司法行为-开庭       0.00      0.00      0.00        15
     司法行为-拘捕       0.99      0.80      0.89       136
     司法行为-立案       0.00      0.00      0.00        16
     司法行为-约谈       1.00      0.70      0.82        57
     司法行为-罚款       1.00      0.66      0.79        41
     司法行为-起诉       0.00      0.00      0.00        39
    灾害/意外-地震       1.00      0.05      0.09        22
  灾害/意外-坍/垮塌       0.00      0.00      0.00        16
    灾害/意外-坠机       0.00      0.00      0.00        16
    灾害/意外-洪灾       0.00      0.00      0.00        11
    灾害/意外-爆炸       0.00      0.00      0.00        15
    灾害/意外-袭击       0.00      0.00      0.00        17
    灾害/意外-起火       0.00      0.00      0.00        40
    灾害/意外-车祸       1.00      0.15      0.26        47
     竞赛行为-夺冠       0.92      0.43      0.59        81
     竞赛行为-晋级       0.00      0.00      0.00        54
     竞赛行为-禁赛       0.00      0.00      0.00        24
     竞赛行为-胜负       0.94      0.89      0.91       322
     竞赛行为-退役       0.00      0.00      0.00        21
     竞赛行为-退赛       0.00      0.00      0.00        32
     组织关系-停职       0.00      0.00      0.00        15
     组织关系-加盟       1.00      0.28      0.43        69
     组织关系-裁员       0.00      0.00      0.00        23
     组织关系-解散       0.00      0.00      0.00        17
     组织关系-解约       0.00      0.00      0.00        12
     组织关系-解雇       0.00      0.00      0.00        28
   组织关系-辞/离职       0.99      0.84      0.91       109
     组织关系-退出       0.00      0.00      0.00        32
     组织行为-开幕       1.00      0.20      0.33        40
     组织行为-游行       0.00      0.00      0.00        14
     组织行为-罢工       0.00      0.00      0.00         9
     组织行为-闭幕       0.00      0.00      0.00        11
    财经/交易-上市       0.00      0.00      0.00         7
 财经/交易-出售/收购       0.00      0.00      0.00        40
    财经/交易-加息       0.00      0.00      0.00         2
    财经/交易-涨价       0.00      0.00      0.00         9
    财经/交易-涨停       1.00      0.51      0.68        51
    财经/交易-融资       0.00      0.00      0.00        16
    财经/交易-跌停       0.00      0.00      0.00        24
    财经/交易-降价       0.00      0.00      0.00        19
    财经/交易-降息       0.00      0.00      0.00         2

   micro avg       0.96      0.42      0.58      2627
   macro avg       0.27      0.14      0.17      2627
weighted avg       0.63      0.42      0.48      2627
 samples avg       0.46      0.43      0.44      2627

-> Valid. time: 1.0841s, loss: 0.0436, accuracy: 40.8863% 

save data
* Training epoch 13:
-> Training time: 12.4723s, loss = 0.0434, accuracy: 43.0169%
* Validation for epoch 13:
正在对验证集进行测试
              precision    recall  f1-score   support

       交往-会见       0.00      0.00      0.00        23
       交往-感谢       0.00      0.00      0.00         8
       交往-探班       0.00      0.00      0.00        13
       交往-点赞       0.00      0.00      0.00        12
       交往-道歉       0.00      0.00      0.00        21
     产品行为-上映       1.00      0.37      0.54        65
     产品行为-下架       1.00      0.74      0.85        43
     产品行为-发布       0.97      0.81      0.88       276
     产品行为-召回       1.00      0.29      0.45        45
     产品行为-获奖       0.00      0.00      0.00        28
     人生-产子/女       0.00      0.00      0.00        20
       人生-出轨       0.00      0.00      0.00         9
       人生-分手       0.00      0.00      0.00        32
       人生-失联       0.00      0.00      0.00        18
       人生-婚礼       0.00      0.00      0.00        11
       人生-庆生       0.00      0.00      0.00        30
       人生-怀孕       0.00      0.00      0.00        16
       人生-死亡       0.92      0.68      0.79       177
       人生-求婚       0.00      0.00      0.00        18
       人生-离婚       0.98      0.81      0.89        63
       人生-结婚       0.96      0.66      0.78        68
       人生-订婚       0.00      0.00      0.00        10
     司法行为-举报       0.00      0.00      0.00        11
     司法行为-入狱       0.00      0.00      0.00        39
     司法行为-开庭       0.00      0.00      0.00        15
     司法行为-拘捕       0.97      0.83      0.90       136
     司法行为-立案       0.00      0.00      0.00        16
     司法行为-约谈       1.00      0.82      0.90        57
     司法行为-罚款       1.00      0.71      0.83        41
     司法行为-起诉       0.00      0.00      0.00        39
    灾害/意外-地震       1.00      0.14      0.24        22
  灾害/意外-坍/垮塌       0.00      0.00      0.00        16
    灾害/意外-坠机       0.00      0.00      0.00        16
    灾害/意外-洪灾       0.00      0.00      0.00        11
    灾害/意外-爆炸       0.00      0.00      0.00        15
    灾害/意外-袭击       0.00      0.00      0.00        17
    灾害/意外-起火       0.00      0.00      0.00        40
    灾害/意外-车祸       0.93      0.30      0.45        47
     竞赛行为-夺冠       0.93      0.49      0.65        81
     竞赛行为-晋级       0.00      0.00      0.00        54
     竞赛行为-禁赛       0.00      0.00      0.00        24
     竞赛行为-胜负       0.95      0.88      0.91       322
     竞赛行为-退役       0.00      0.00      0.00        21
     竞赛行为-退赛       0.00      0.00      0.00        32
     组织关系-停职       0.00      0.00      0.00        15
     组织关系-加盟       1.00      0.41      0.58        69
     组织关系-裁员       1.00      0.04      0.08        23
     组织关系-解散       0.00      0.00      0.00        17
     组织关系-解约       0.00      0.00      0.00        12
     组织关系-解雇       0.00      0.00      0.00        28
   组织关系-辞/离职       0.99      0.85      0.92       109
     组织关系-退出       0.00      0.00      0.00        32
     组织行为-开幕       1.00      0.42      0.60        40
     组织行为-游行       0.00      0.00      0.00        14
     组织行为-罢工       0.00      0.00      0.00         9
     组织行为-闭幕       0.00      0.00      0.00        11
    财经/交易-上市       0.00      0.00      0.00         7
 财经/交易-出售/收购       0.00      0.00      0.00        40
    财经/交易-加息       0.00      0.00      0.00         2
    财经/交易-涨价       0.00      0.00      0.00         9
    财经/交易-涨停       1.00      0.86      0.93        51
    财经/交易-融资       0.00      0.00      0.00        16
    财经/交易-跌停       0.00      0.00      0.00        24
    财经/交易-降价       0.00      0.00      0.00        19
    财经/交易-降息       0.00      0.00      0.00         2

   micro avg       0.97      0.46      0.63      2627
   macro avg       0.29      0.17      0.20      2627
weighted avg       0.64      0.46      0.52      2627
 samples avg       0.51      0.48      0.49      2627

-> Valid. time: 1.0939s, loss: 0.0403, accuracy: 45.3595% 

save data
* Training epoch 14:
-> Training time: 12.4632s, loss = 0.0399, accuracy: 47.0416%
* Validation for epoch 14:
正在对验证集进行测试
              precision    recall  f1-score   support

       交往-会见       0.00      0.00      0.00        23
       交往-感谢       0.00      0.00      0.00         8
       交往-探班       0.00      0.00      0.00        13
       交往-点赞       0.00      0.00      0.00        12
       交往-道歉       0.00      0.00      0.00        21
     产品行为-上映       1.00      0.48      0.65        65
     产品行为-下架       1.00      0.81      0.90        43
     产品行为-发布       0.97      0.85      0.90       276
     产品行为-召回       1.00      0.49      0.66        45
     产品行为-获奖       1.00      0.11      0.19        28
     人生-产子/女       0.00      0.00      0.00        20
       人生-出轨       0.00      0.00      0.00         9
       人生-分手       0.00      0.00      0.00        32
       人生-失联       0.00      0.00      0.00        18
       人生-婚礼       0.00      0.00      0.00        11
       人生-庆生       0.00      0.00      0.00        30
       人生-怀孕       0.00      0.00      0.00        16
       人生-死亡       0.91      0.72      0.80       177
       人生-求婚       0.00      0.00      0.00        18
       人生-离婚       0.96      0.87      0.92        63
       人生-结婚       0.96      0.71      0.81        68
       人生-订婚       0.00      0.00      0.00        10
     司法行为-举报       0.00      0.00      0.00        11
     司法行为-入狱       1.00      0.03      0.05        39
     司法行为-开庭       0.00      0.00      0.00        15
     司法行为-拘捕       1.00      0.82      0.90       136
     司法行为-立案       0.00      0.00      0.00        16
     司法行为-约谈       1.00      0.91      0.95        57
     司法行为-罚款       1.00      0.76      0.86        41
     司法行为-起诉       0.00      0.00      0.00        39
    灾害/意外-地震       1.00      0.68      0.81        22
  灾害/意外-坍/垮塌       0.00      0.00      0.00        16
    灾害/意外-坠机       0.00      0.00      0.00        16
    灾害/意外-洪灾       0.00      0.00      0.00        11
    灾害/意外-爆炸       0.00      0.00      0.00        15
    灾害/意外-袭击       0.00      0.00      0.00        17
    灾害/意外-起火       0.00      0.00      0.00        40
    灾害/意外-车祸       1.00      0.36      0.53        47
     竞赛行为-夺冠       0.94      0.54      0.69        81
     竞赛行为-晋级       1.00      0.13      0.23        54
     竞赛行为-禁赛       1.00      0.04      0.08        24
     竞赛行为-胜负       0.93      0.93      0.93       322
     竞赛行为-退役       0.00      0.00      0.00        21
     竞赛行为-退赛       0.00      0.00      0.00        32
     组织关系-停职       0.00      0.00      0.00        15
     组织关系-加盟       1.00      0.45      0.62        69
     组织关系-裁员       1.00      0.30      0.47        23
     组织关系-解散       0.00      0.00      0.00        17
     组织关系-解约       0.00      0.00      0.00        12
     组织关系-解雇       0.00      0.00      0.00        28
   组织关系-辞/离职       0.99      0.87      0.93       109
     组织关系-退出       1.00      0.06      0.12        32
     组织行为-开幕       1.00      0.53      0.69        40
     组织行为-游行       0.00      0.00      0.00        14
     组织行为-罢工       0.00      0.00      0.00         9
     组织行为-闭幕       0.00      0.00      0.00        11
    财经/交易-上市       0.00      0.00      0.00         7
 财经/交易-出售/收购       0.00      0.00      0.00        40
    财经/交易-加息       0.00      0.00      0.00         2
    财经/交易-涨价       0.00      0.00      0.00         9
    财经/交易-涨停       1.00      0.94      0.97        51
    财经/交易-融资       0.00      0.00      0.00        16
    财经/交易-跌停       0.00      0.00      0.00        24
    财经/交易-降价       0.00      0.00      0.00        19
    财经/交易-降息       0.00      0.00      0.00         2

   micro avg       0.96      0.51      0.67      2627
   macro avg       0.36      0.21      0.24      2627
weighted avg       0.71      0.51      0.56      2627
 samples avg       0.55      0.53      0.54      2627

-> Valid. time: 1.0932s, loss: 0.0373, accuracy: 49.9164% 

save data
* Training epoch 15:
-> Training time: 12.4746s, loss = 0.0365, accuracy: 51.5785%
* Validation for epoch 15:
正在对验证集进行测试
              precision    recall  f1-score   support

       交往-会见       0.00      0.00      0.00        23
       交往-感谢       0.00      0.00      0.00         8
       交往-探班       0.00      0.00      0.00        13
       交往-点赞       0.00      0.00      0.00        12
       交往-道歉       1.00      0.14      0.25        21
     产品行为-上映       1.00      0.49      0.66        65
     产品行为-下架       1.00      0.84      0.91        43
     产品行为-发布       0.97      0.86      0.91       276
     产品行为-召回       1.00      0.58      0.73        45
     产品行为-获奖       1.00      0.11      0.19        28
     人生-产子/女       0.00      0.00      0.00        20
       人生-出轨       0.00      0.00      0.00         9
       人生-分手       0.00      0.00      0.00        32
       人生-失联       0.00      0.00      0.00        18
       人生-婚礼       0.00      0.00      0.00        11
       人生-庆生       0.00      0.00      0.00        30
       人生-怀孕       0.00      0.00      0.00        16
       人生-死亡       0.93      0.71      0.80       177
       人生-求婚       0.00      0.00      0.00        18
       人生-离婚       0.97      0.89      0.93        63
       人生-结婚       0.96      0.71      0.81        68
       人生-订婚       0.00      0.00      0.00        10
     司法行为-举报       0.00      0.00      0.00        11
     司法行为-入狱       1.00      0.03      0.05        39
     司法行为-开庭       0.00      0.00      0.00        15
     司法行为-拘捕       0.99      0.85      0.92       136
     司法行为-立案       0.00      0.00      0.00        16
     司法行为-约谈       1.00      0.98      0.99        57
     司法行为-罚款       1.00      0.61      0.76        41
     司法行为-起诉       0.00      0.00      0.00        39
    灾害/意外-地震       1.00      0.86      0.93        22
  灾害/意外-坍/垮塌       0.00      0.00      0.00        16
    灾害/意外-坠机       1.00      0.12      0.22        16
    灾害/意外-洪灾       0.00      0.00      0.00        11
    灾害/意外-爆炸       0.00      0.00      0.00        15
    灾害/意外-袭击       0.00      0.00      0.00        17
    灾害/意外-起火       1.00      0.03      0.05        40
    灾害/意外-车祸       0.96      0.51      0.67        47
     竞赛行为-夺冠       0.90      0.64      0.75        81
     竞赛行为-晋级       0.93      0.26      0.41        54
     竞赛行为-禁赛       1.00      0.38      0.55        24
     竞赛行为-胜负       0.96      0.89      0.92       322
     竞赛行为-退役       0.00      0.00      0.00        21
     竞赛行为-退赛       0.00      0.00      0.00        32
     组织关系-停职       0.00      0.00      0.00        15
     组织关系-加盟       1.00      0.51      0.67        69
     组织关系-裁员       1.00      0.39      0.56        23
     组织关系-解散       0.00      0.00      0.00        17
     组织关系-解约       0.00      0.00      0.00        12
     组织关系-解雇       0.00      0.00      0.00        28
   组织关系-辞/离职       0.99      0.88      0.93       109
     组织关系-退出       1.00      0.03      0.06        32
     组织行为-开幕       0.97      0.70      0.81        40
     组织行为-游行       0.00      0.00      0.00        14
     组织行为-罢工       0.00      0.00      0.00         9
     组织行为-闭幕       0.00      0.00      0.00        11
    财经/交易-上市       0.00      0.00      0.00         7
 财经/交易-出售/收购       1.00      0.12      0.22        40
    财经/交易-加息       0.00      0.00      0.00         2
    财经/交易-涨价       0.00      0.00      0.00         9
    财经/交易-涨停       1.00      0.82      0.90        51
    财经/交易-融资       0.00      0.00      0.00        16
    财经/交易-跌停       1.00      0.04      0.08        24
    财经/交易-降价       0.00      0.00      0.00        19
    财经/交易-降息       0.00      0.00      0.00         2

   micro avg       0.97      0.53      0.68      2627
   macro avg       0.44      0.23      0.27      2627
weighted avg       0.76      0.53      0.59      2627
 samples avg       0.57      0.55      0.56      2627

-> Valid. time: 1.0969s, loss: 0.0346, accuracy: 52.2157% 

save data
* Training epoch 16:
-> Training time: 12.4623s, loss = 0.0336, accuracy: 55.7391%
* Validation for epoch 16:
正在对验证集进行测试
              precision    recall  f1-score   support

       交往-会见       0.00      0.00      0.00        23
       交往-感谢       0.00      0.00      0.00         8
       交往-探班       0.00      0.00      0.00        13
       交往-点赞       0.00      0.00      0.00        12
       交往-道歉       1.00      0.52      0.69        21
     产品行为-上映       1.00      0.63      0.77        65
     产品行为-下架       1.00      0.86      0.92        43
     产品行为-发布       0.96      0.88      0.92       276
     产品行为-召回       1.00      0.69      0.82        45
     产品行为-获奖       1.00      0.43      0.60        28
     人生-产子/女       0.00      0.00      0.00        20
       人生-出轨       0.00      0.00      0.00         9
       人生-分手       0.00      0.00      0.00        32
       人生-失联       0.00      0.00      0.00        18
       人生-婚礼       0.00      0.00      0.00        11
       人生-庆生       0.00      0.00      0.00        30
       人生-怀孕       0.00      0.00      0.00        16
       人生-死亡       0.94      0.75      0.83       177
       人生-求婚       0.00      0.00      0.00        18
       人生-离婚       0.97      0.90      0.93        63
       人生-结婚       0.96      0.72      0.82        68
       人生-订婚       0.00      0.00      0.00        10
     司法行为-举报       0.00      0.00      0.00        11
     司法行为-入狱       1.00      0.08      0.14        39
     司法行为-开庭       0.00      0.00      0.00        15
     司法行为-拘捕       1.00      0.81      0.89       136
     司法行为-立案       1.00      0.06      0.12        16
     司法行为-约谈       1.00      0.98      0.99        57
     司法行为-罚款       1.00      0.80      0.89        41
     司法行为-起诉       0.00      0.00      0.00        39
    灾害/意外-地震       1.00      0.82      0.90        22
  灾害/意外-坍/垮塌       0.00      0.00      0.00        16
    灾害/意外-坠机       1.00      0.31      0.48        16
    灾害/意外-洪灾       0.00      0.00      0.00        11
    灾害/意外-爆炸       0.00      0.00      0.00        15
    灾害/意外-袭击       0.00      0.00      0.00        17
    灾害/意外-起火       1.00      0.07      0.14        40
    灾害/意外-车祸       0.96      0.57      0.72        47
     竞赛行为-夺冠       0.91      0.65      0.76        81
     竞赛行为-晋级       0.94      0.31      0.47        54
     竞赛行为-禁赛       1.00      0.46      0.63        24
     竞赛行为-胜负       0.95      0.92      0.93       322
     竞赛行为-退役       0.00      0.00      0.00        21
     竞赛行为-退赛       0.00      0.00      0.00        32
     组织关系-停职       0.00      0.00      0.00        15
     组织关系-加盟       1.00      0.51      0.67        69
     组织关系-裁员       1.00      0.52      0.69        23
     组织关系-解散       0.00      0.00      0.00        17
     组织关系-解约       0.00      0.00      0.00        12
     组织关系-解雇       0.00      0.00      0.00        28
   组织关系-辞/离职       0.99      0.88      0.93       109
     组织关系-退出       1.00      0.19      0.32        32
     组织行为-开幕       0.97      0.75      0.85        40
     组织行为-游行       0.00      0.00      0.00        14
     组织行为-罢工       0.00      0.00      0.00         9
     组织行为-闭幕       0.00      0.00      0.00        11
    财经/交易-上市       0.00      0.00      0.00         7
 财经/交易-出售/收购       1.00      0.33      0.49        40
    财经/交易-加息       0.00      0.00      0.00         2
    财经/交易-涨价       0.00      0.00      0.00         9
    财经/交易-涨停       1.00      0.88      0.94        51
    财经/交易-融资       0.00      0.00      0.00        16
    财经/交易-跌停       1.00      0.29      0.45        24
    财经/交易-降价       0.00      0.00      0.00        19
    财经/交易-降息       0.00      0.00      0.00         2

   micro avg       0.97      0.57      0.72      2627
   macro avg       0.45      0.27      0.32      2627
weighted avg       0.77      0.57      0.63      2627
 samples avg       0.61      0.59      0.60      2627

-> Valid. time: 1.0876s, loss: 0.0321, accuracy: 56.0201% 

save data
* Training epoch 17:
-> Training time: 12.4580s, loss = 0.0308, accuracy: 59.4710%
* Validation for epoch 17:
正在对验证集进行测试
              precision    recall  f1-score   support

       交往-会见       0.00      0.00      0.00        23
       交往-感谢       0.00      0.00      0.00         8
       交往-探班       0.00      0.00      0.00        13
       交往-点赞       0.00      0.00      0.00        12
       交往-道歉       1.00      0.71      0.83        21
     产品行为-上映       1.00      0.65      0.79        65
     产品行为-下架       1.00      0.88      0.94        43
     产品行为-发布       0.96      0.90      0.93       276
     产品行为-召回       0.97      0.78      0.86        45
     产品行为-获奖       1.00      0.61      0.76        28
     人生-产子/女       0.00      0.00      0.00        20
       人生-出轨       0.00      0.00      0.00         9
       人生-分手       0.00      0.00      0.00        32
       人生-失联       0.00      0.00      0.00        18
       人生-婚礼       0.00      0.00      0.00        11
       人生-庆生       0.00      0.00      0.00        30
       人生-怀孕       0.00      0.00      0.00        16
       人生-死亡       0.92      0.74      0.82       177
       人生-求婚       0.00      0.00      0.00        18
       人生-离婚       0.97      0.90      0.93        63
       人生-结婚       0.96      0.69      0.80        68
       人生-订婚       0.00      0.00      0.00        10
     司法行为-举报       0.00      0.00      0.00        11
     司法行为-入狱       1.00      0.28      0.44        39
     司法行为-开庭       1.00      0.27      0.42        15
     司法行为-拘捕       0.99      0.82      0.90       136
     司法行为-立案       1.00      0.12      0.22        16
     司法行为-约谈       1.00      0.98      0.99        57
     司法行为-罚款       1.00      0.54      0.70        41
     司法行为-起诉       0.00      0.00      0.00        39
    灾害/意外-地震       1.00      0.86      0.93        22
  灾害/意外-坍/垮塌       0.00      0.00      0.00        16
    灾害/意外-坠机       1.00      0.62      0.77        16
    灾害/意外-洪灾       0.00      0.00      0.00        11
    灾害/意外-爆炸       0.00      0.00      0.00        15
    灾害/意外-袭击       0.00      0.00      0.00        17
    灾害/意外-起火       1.00      0.23      0.37        40
    灾害/意外-车祸       0.96      0.53      0.68        47
     竞赛行为-夺冠       0.90      0.67      0.77        81
     竞赛行为-晋级       0.93      0.48      0.63        54
     竞赛行为-禁赛       1.00      0.58      0.74        24
     竞赛行为-胜负       0.95      0.92      0.94       322
     竞赛行为-退役       0.00      0.00      0.00        21
     竞赛行为-退赛       0.00      0.00      0.00        32
     组织关系-停职       1.00      0.40      0.57        15
     组织关系-加盟       1.00      0.57      0.72        69
     组织关系-裁员       1.00      0.61      0.76        23
     组织关系-解散       0.00      0.00      0.00        17
     组织关系-解约       0.00      0.00      0.00        12
     组织关系-解雇       0.00      0.00      0.00        28
   组织关系-辞/离职       0.99      0.91      0.95       109
     组织关系-退出       1.00      0.12      0.22        32
     组织行为-开幕       0.97      0.80      0.88        40
     组织行为-游行       0.00      0.00      0.00        14
     组织行为-罢工       0.00      0.00      0.00         9
     组织行为-闭幕       0.00      0.00      0.00        11
    财经/交易-上市       0.00      0.00      0.00         7
 财经/交易-出售/收购       1.00      0.57      0.73        40
    财经/交易-加息       0.00      0.00      0.00         2
    财经/交易-涨价       0.00      0.00      0.00         9
    财经/交易-涨停       1.00      0.98      0.99        51
    财经/交易-融资       1.00      0.50      0.67        16
    财经/交易-跌停       1.00      0.75      0.86        24
    财经/交易-降价       0.00      0.00      0.00        19
    财经/交易-降息       0.00      0.00      0.00         2

   micro avg       0.97      0.60      0.74      2627
   macro avg       0.50      0.32      0.38      2627
weighted avg       0.78      0.60      0.66      2627
 samples avg       0.65      0.63      0.63      2627

-> Valid. time: 1.0815s, loss: 0.0300, accuracy: 59.8662% 

save data
* Training epoch 18:
-> Training time: 12.4538s, loss = 0.0286, accuracy: 62.8580%
* Validation for epoch 18:
正在对验证集进行测试
              precision    recall  f1-score   support

       交往-会见       0.00      0.00      0.00        23
       交往-感谢       0.00      0.00      0.00         8
       交往-探班       0.00      0.00      0.00        13
       交往-点赞       1.00      0.17      0.29        12
       交往-道歉       0.94      0.71      0.81        21
     产品行为-上映       1.00      0.66      0.80        65
     产品行为-下架       1.00      0.91      0.95        43
     产品行为-发布       0.96      0.89      0.92       276
     产品行为-召回       0.97      0.71      0.82        45
     产品行为-获奖       1.00      0.79      0.88        28
     人生-产子/女       0.00      0.00      0.00        20
       人生-出轨       0.00      0.00      0.00         9
       人生-分手       0.00      0.00      0.00        32
       人生-失联       0.00      0.00      0.00        18
       人生-婚礼       0.00      0.00      0.00        11
       人生-庆生       0.00      0.00      0.00        30
       人生-怀孕       0.00      0.00      0.00        16
       人生-死亡       0.90      0.75      0.82       177
       人生-求婚       0.00      0.00      0.00        18
       人生-离婚       0.97      0.90      0.93        63
       人生-结婚       0.94      0.74      0.83        68
       人生-订婚       0.00      0.00      0.00        10
     司法行为-举报       0.00      0.00      0.00        11
     司法行为-入狱       1.00      0.38      0.56        39
     司法行为-开庭       1.00      0.33      0.50        15
     司法行为-拘捕       0.97      0.84      0.90       136
     司法行为-立案       1.00      0.31      0.48        16
     司法行为-约谈       1.00      0.98      0.99        57
     司法行为-罚款       0.97      0.71      0.82        41
     司法行为-起诉       1.00      0.15      0.27        39
    灾害/意外-地震       1.00      0.82      0.90        22
  灾害/意外-坍/垮塌       0.00      0.00      0.00        16
    灾害/意外-坠机       1.00      0.69      0.81        16
    灾害/意外-洪灾       0.00      0.00      0.00        11
    灾害/意外-爆炸       0.00      0.00      0.00        15
    灾害/意外-袭击       0.00      0.00      0.00        17
    灾害/意外-起火       1.00      0.40      0.57        40
    灾害/意外-车祸       0.96      0.57      0.72        47
     竞赛行为-夺冠       0.93      0.64      0.76        81
     竞赛行为-晋级       0.95      0.39      0.55        54
     竞赛行为-禁赛       1.00      0.54      0.70        24
     竞赛行为-胜负       0.94      0.94      0.94       322
     竞赛行为-退役       0.00      0.00      0.00        21
     竞赛行为-退赛       1.00      0.03      0.06        32
     组织关系-停职       1.00      0.67      0.80        15
     组织关系-加盟       0.98      0.61      0.75        69
     组织关系-裁员       1.00      0.61      0.76        23
     组织关系-解散       0.00      0.00      0.00        17
     组织关系-解约       0.00      0.00      0.00        12
     组织关系-解雇       0.00      0.00      0.00        28
   组织关系-辞/离职       0.99      0.92      0.95       109
     组织关系-退出       0.86      0.38      0.52        32
     组织行为-开幕       0.97      0.82      0.89        40
     组织行为-游行       0.00      0.00      0.00        14
     组织行为-罢工       1.00      0.44      0.62         9
     组织行为-闭幕       0.00      0.00      0.00        11
    财经/交易-上市       0.00      0.00      0.00         7
 财经/交易-出售/收购       1.00      0.57      0.73        40
    财经/交易-加息       0.00      0.00      0.00         2
    财经/交易-涨价       0.00      0.00      0.00         9
    财经/交易-涨停       1.00      1.00      1.00        51
    财经/交易-融资       1.00      0.56      0.72        16
    财经/交易-跌停       1.00      0.83      0.91        24
    财经/交易-降价       0.00      0.00      0.00        19
    财经/交易-降息       0.00      0.00      0.00         2

   micro avg       0.96      0.63      0.76      2627
   macro avg       0.56      0.36      0.42      2627
weighted avg       0.81      0.63      0.69      2627
 samples avg       0.68      0.65      0.66      2627

-> Valid. time: 1.0888s, loss: 0.0281, accuracy: 61.8311% 

save data
* Training epoch 19:
-> Training time: 12.4346s, loss = 0.0265, accuracy: 65.1265%
* Validation for epoch 19:
正在对验证集进行测试
              precision    recall  f1-score   support

       交往-会见       1.00      0.04      0.08        23
       交往-感谢       0.00      0.00      0.00         8
       交往-探班       0.00      0.00      0.00        13
       交往-点赞       1.00      0.67      0.80        12
       交往-道歉       0.95      0.86      0.90        21
     产品行为-上映       1.00      0.69      0.82        65
     产品行为-下架       1.00      0.91      0.95        43
     产品行为-发布       0.95      0.90      0.93       276
     产品行为-召回       0.97      0.80      0.88        45
     产品行为-获奖       1.00      0.86      0.92        28
     人生-产子/女       0.00      0.00      0.00        20
       人生-出轨       0.00      0.00      0.00         9
       人生-分手       0.00      0.00      0.00        32
       人生-失联       0.00      0.00      0.00        18
       人生-婚礼       0.00      0.00      0.00        11
       人生-庆生       0.00      0.00      0.00        30
       人生-怀孕       0.00      0.00      0.00        16
       人生-死亡       0.92      0.75      0.82       177
       人生-求婚       0.00      0.00      0.00        18
       人生-离婚       0.97      0.92      0.94        63
       人生-结婚       0.96      0.74      0.83        68
       人生-订婚       0.00      0.00      0.00        10
     司法行为-举报       0.75      0.27      0.40        11
     司法行为-入狱       1.00      0.51      0.68        39
     司法行为-开庭       1.00      0.40      0.57        15
     司法行为-拘捕       0.98      0.84      0.90       136
     司法行为-立案       1.00      0.38      0.55        16
     司法行为-约谈       1.00      0.98      0.99        57
     司法行为-罚款       0.97      0.90      0.94        41
     司法行为-起诉       1.00      0.36      0.53        39
    灾害/意外-地震       1.00      0.91      0.95        22
  灾害/意外-坍/垮塌       0.00      0.00      0.00        16
    灾害/意外-坠机       1.00      0.69      0.81        16
    灾害/意外-洪灾       0.00      0.00      0.00        11
    灾害/意外-爆炸       0.00      0.00      0.00        15
    灾害/意外-袭击       0.00      0.00      0.00        17
    灾害/意外-起火       1.00      0.60      0.75        40
    灾害/意外-车祸       1.00      0.57      0.73        47
     竞赛行为-夺冠       0.91      0.73      0.81        81
     竞赛行为-晋级       0.93      0.50      0.65        54
     竞赛行为-禁赛       1.00      0.71      0.83        24
     竞赛行为-胜负       0.96      0.91      0.94       322
     竞赛行为-退役       1.00      0.05      0.09        21
     竞赛行为-退赛       1.00      0.09      0.17        32
     组织关系-停职       1.00      0.67      0.80        15
     组织关系-加盟       1.00      0.62      0.77        69
     组织关系-裁员       0.93      0.61      0.74        23
     组织关系-解散       1.00      0.12      0.21        17
     组织关系-解约       0.00      0.00      0.00        12
     组织关系-解雇       0.00      0.00      0.00        28
   组织关系-辞/离职       0.99      0.92      0.95       109
     组织关系-退出       0.80      0.38      0.51        32
     组织行为-开幕       0.97      0.88      0.92        40
     组织行为-游行       0.00      0.00      0.00        14
     组织行为-罢工       1.00      0.22      0.36         9
     组织行为-闭幕       0.00      0.00      0.00        11
    财经/交易-上市       0.00      0.00      0.00         7
 财经/交易-出售/收购       1.00      0.60      0.75        40
    财经/交易-加息       0.00      0.00      0.00         2
    财经/交易-涨价       0.00      0.00      0.00         9
    财经/交易-涨停       1.00      1.00      1.00        51
    财经/交易-融资       1.00      0.62      0.77        16
    财经/交易-跌停       1.00      0.88      0.93        24
    财经/交易-降价       0.00      0.00      0.00        19
    财经/交易-降息       0.00      0.00      0.00         2

   micro avg       0.97      0.66      0.78      2627
   macro avg       0.61      0.40      0.46      2627
weighted avg       0.84      0.66      0.72      2627
 samples avg       0.70      0.68      0.69      2627

-> Valid. time: 1.0907s, loss: 0.0264, accuracy: 64.9666% 

save data
* Training epoch 20:
-> Training time: 12.4330s, loss = 0.0247, accuracy: 67.8549%
* Validation for epoch 20:
正在对验证集进行测试
              precision    recall  f1-score   support

       交往-会见       1.00      0.26      0.41        23
       交往-感谢       0.00      0.00      0.00         8
       交往-探班       0.00      0.00      0.00        13
       交往-点赞       1.00      0.75      0.86        12
       交往-道歉       0.95      0.86      0.90        21
     产品行为-上映       1.00      0.78      0.88        65
     产品行为-下架       1.00      0.93      0.96        43
     产品行为-发布       0.97      0.89      0.93       276
     产品行为-召回       0.97      0.80      0.88        45
     产品行为-获奖       1.00      0.86      0.92        28
     人生-产子/女       0.00      0.00      0.00        20
       人生-出轨       0.00      0.00      0.00         9
       人生-分手       0.00      0.00      0.00        32
       人生-失联       0.00      0.00      0.00        18
       人生-婚礼       0.00      0.00      0.00        11
       人生-庆生       0.00      0.00      0.00        30
       人生-怀孕       0.00      0.00      0.00        16
       人生-死亡       0.91      0.77      0.83       177
       人生-求婚       0.00      0.00      0.00        18
       人生-离婚       0.97      0.94      0.95        63
       人生-结婚       0.94      0.74      0.83        68
       人生-订婚       0.00      0.00      0.00        10
     司法行为-举报       0.75      0.27      0.40        11
     司法行为-入狱       1.00      0.56      0.72        39
     司法行为-开庭       1.00      0.60      0.75        15
     司法行为-拘捕       0.98      0.88      0.93       136
     司法行为-立案       1.00      0.38      0.55        16
     司法行为-约谈       1.00      0.98      0.99        57
     司法行为-罚款       0.96      0.66      0.78        41
     司法行为-起诉       1.00      0.38      0.56        39
    灾害/意外-地震       1.00      0.91      0.95        22
  灾害/意外-坍/垮塌       0.00      0.00      0.00        16
    灾害/意外-坠机       1.00      0.69      0.81        16
    灾害/意外-洪灾       1.00      0.09      0.17        11
    灾害/意外-爆炸       0.00      0.00      0.00        15
    灾害/意外-袭击       1.00      0.06      0.11        17
    灾害/意外-起火       1.00      0.72      0.84        40
    灾害/意外-车祸       1.00      0.60      0.75        47
     竞赛行为-夺冠       0.91      0.73      0.81        81
     竞赛行为-晋级       0.91      0.56      0.69        54
     竞赛行为-禁赛       1.00      0.75      0.86        24
     竞赛行为-胜负       0.96      0.92      0.94       322
     竞赛行为-退役       1.00      0.14      0.25        21
     竞赛行为-退赛       1.00      0.19      0.32        32
     组织关系-停职       1.00      0.67      0.80        15
     组织关系-加盟       0.98      0.62      0.76        69
     组织关系-裁员       0.94      0.65      0.77        23
     组织关系-解散       1.00      0.29      0.45        17
     组织关系-解约       0.00      0.00      0.00        12
     组织关系-解雇       0.00      0.00      0.00        28
   组织关系-辞/离职       0.99      0.91      0.95       109
     组织关系-退出       0.78      0.56      0.65        32
     组织行为-开幕       0.97      0.88      0.92        40
     组织行为-游行       0.00      0.00      0.00        14
     组织行为-罢工       1.00      0.67      0.80         9
     组织行为-闭幕       0.00      0.00      0.00        11
    财经/交易-上市       0.00      0.00      0.00         7
 财经/交易-出售/收购       1.00      0.62      0.77        40
    财经/交易-加息       0.00      0.00      0.00         2
    财经/交易-涨价       0.00      0.00      0.00         9
    财经/交易-涨停       1.00      1.00      1.00        51
    财经/交易-融资       1.00      0.81      0.90        16
    财经/交易-跌停       1.00      0.92      0.96        24
    财经/交易-降价       0.00      0.00      0.00        19
    财经/交易-降息       0.00      0.00      0.00         2

   micro avg       0.97      0.68      0.80      2627
   macro avg       0.64      0.43      0.50      2627
weighted avg       0.85      0.68      0.74      2627
 samples avg       0.72      0.70      0.71      2627

-> Valid. time: 1.0893s, loss: 0.0250, accuracy: 66.9314% 

save data
