num_labels 是65
====================  Preparing for training  ====================
	* Loading training data...
数据集个数为9566
输入例子
梅西缺阵苏牙伤退，巴萨西甲遭遇开门黑，巴尔韦德下课呼声四起
input_ids
tensor([ 101, 3449, 6205, 5375, 7347, 5722, 4280,  839, 6842, 8024, 2349, 5855,
        6205, 4508, 6901, 6878, 2458, 7305, 7946, 8024, 2349, 2209, 7504, 2548,
         678, 6440, 1461, 1898, 1724, 6629,  102,    0,    0,    0,    0,    0,
           0,    0,    0,    0,    0,    0,    0,    0,    0,    0,    0,    0,
           0,    0,    0,    0,    0,    0,    0,    0,    0,    0,    0,    0,
           0,    0,    0,    0,    0,    0,    0,    0,    0,    0,    0,    0,
           0,    0,    0,    0,    0,    0,    0,    0,    0,    0,    0,    0,
           0,    0,    0,    0,    0,    0,    0,    0,    0,    0,    0,    0,
           0,    0,    0,    0,    0,    0,    0,    0,    0,    0,    0,    0,
           0,    0,    0,    0,    0,    0,    0,    0,    0,    0,    0,    0,
           0,    0,    0,    0,    0,    0,    0,    0,    0,    0,    0,    0,
           0,    0,    0,    0,    0,    0,    0,    0,    0,    0,    0,    0,
           0,    0,    0,    0,    0,    0])
token_type_ids
tensor([0, 0, 0, 0, 0, 0, 0, 0, 0, 0, 0, 0, 0, 0, 0, 0, 0, 0, 0, 0, 0, 0, 0, 0,
        0, 0, 0, 0, 0, 0, 0, 0, 0, 0, 0, 0, 0, 0, 0, 0, 0, 0, 0, 0, 0, 0, 0, 0,
        0, 0, 0, 0, 0, 0, 0, 0, 0, 0, 0, 0, 0, 0, 0, 0, 0, 0, 0, 0, 0, 0, 0, 0,
        0, 0, 0, 0, 0, 0, 0, 0, 0, 0, 0, 0, 0, 0, 0, 0, 0, 0, 0, 0, 0, 0, 0, 0,
        0, 0, 0, 0, 0, 0, 0, 0, 0, 0, 0, 0, 0, 0, 0, 0, 0, 0, 0, 0, 0, 0, 0, 0,
        0, 0, 0, 0, 0, 0, 0, 0, 0, 0, 0, 0, 0, 0, 0, 0, 0, 0, 0, 0, 0, 0, 0, 0,
        0, 0, 0, 0, 0, 0])
attention_mask
tensor([1, 1, 1, 1, 1, 1, 1, 1, 1, 1, 1, 1, 1, 1, 1, 1, 1, 1, 1, 1, 1, 1, 1, 1,
        1, 1, 1, 1, 1, 1, 1, 0, 0, 0, 0, 0, 0, 0, 0, 0, 0, 0, 0, 0, 0, 0, 0, 0,
        0, 0, 0, 0, 0, 0, 0, 0, 0, 0, 0, 0, 0, 0, 0, 0, 0, 0, 0, 0, 0, 0, 0, 0,
        0, 0, 0, 0, 0, 0, 0, 0, 0, 0, 0, 0, 0, 0, 0, 0, 0, 0, 0, 0, 0, 0, 0, 0,
        0, 0, 0, 0, 0, 0, 0, 0, 0, 0, 0, 0, 0, 0, 0, 0, 0, 0, 0, 0, 0, 0, 0, 0,
        0, 0, 0, 0, 0, 0, 0, 0, 0, 0, 0, 0, 0, 0, 0, 0, 0, 0, 0, 0, 0, 0, 0, 0,
        0, 0, 0, 0, 0, 0])
labels
tensor([0., 0., 0., 0., 0., 0., 0., 0., 0., 0., 0., 0., 0., 0., 0., 0., 0., 0.,
        0., 0., 0., 0., 0., 0., 0., 0., 0., 0., 0., 0., 0., 0., 0., 0., 0., 0.,
        0., 0., 0., 0., 0., 0., 0., 1., 0., 0., 0., 0., 0., 0., 0., 0., 0., 0.,
        0., 0., 0., 0., 0., 0., 0., 0., 0., 0., 0.])
实际序列转换后的长度为150, 设置最长为150
	* Loading validation data...
数据集个数为2392
输入例子
日前，赣州师范高等专科学校披露了关于该校教师陈某利用工作便利，与两名女学生发生不正当关系的违规违纪问题的查处情况。经该校研究，依法给予陈某开除党籍和开除公职的处理，并在全校通报和开展警示教育。
input_ids
tensor([ 101, 3189, 1184, 8024, 6618, 2336, 2360, 5745, 7770, 5023,  683, 4906,
        2110, 3413, 2847, 7463,  749, 1068,  754, 6421, 3413, 3136, 2360, 7357,
        3378, 1164, 4500, 2339,  868,  912, 1164, 8024,  680,  697, 1399, 1957,
        2110, 4495, 1355, 4495,  679, 3633, 2496, 1068, 5143, 4638, 6824, 6226,
        6824, 5279, 7309, 7579, 4638, 3389, 1905, 2658, 1105,  511, 5307, 6421,
        3413, 4777, 4955, 8024,  898, 3791, 5314,  750, 7357, 3378, 2458, 7370,
        1054, 5093, 1469, 2458, 7370, 1062, 5466, 4638, 1905, 4415, 8024, 2400,
        1762, 1059, 3413, 6858, 2845, 1469, 2458, 2245, 6356, 4850, 3136, 5509,
         511,  102,    0,    0,    0,    0,    0,    0,    0,    0,    0,    0,
           0,    0,    0,    0,    0,    0,    0,    0,    0,    0,    0,    0,
           0,    0,    0,    0,    0,    0,    0,    0,    0,    0,    0,    0,
           0,    0,    0,    0,    0,    0,    0,    0,    0,    0,    0,    0,
           0,    0,    0,    0,    0,    0])
token_type_ids
tensor([0, 0, 0, 0, 0, 0, 0, 0, 0, 0, 0, 0, 0, 0, 0, 0, 0, 0, 0, 0, 0, 0, 0, 0,
        0, 0, 0, 0, 0, 0, 0, 0, 0, 0, 0, 0, 0, 0, 0, 0, 0, 0, 0, 0, 0, 0, 0, 0,
        0, 0, 0, 0, 0, 0, 0, 0, 0, 0, 0, 0, 0, 0, 0, 0, 0, 0, 0, 0, 0, 0, 0, 0,
        0, 0, 0, 0, 0, 0, 0, 0, 0, 0, 0, 0, 0, 0, 0, 0, 0, 0, 0, 0, 0, 0, 0, 0,
        0, 0, 0, 0, 0, 0, 0, 0, 0, 0, 0, 0, 0, 0, 0, 0, 0, 0, 0, 0, 0, 0, 0, 0,
        0, 0, 0, 0, 0, 0, 0, 0, 0, 0, 0, 0, 0, 0, 0, 0, 0, 0, 0, 0, 0, 0, 0, 0,
        0, 0, 0, 0, 0, 0])
attention_mask
tensor([1, 1, 1, 1, 1, 1, 1, 1, 1, 1, 1, 1, 1, 1, 1, 1, 1, 1, 1, 1, 1, 1, 1, 1,
        1, 1, 1, 1, 1, 1, 1, 1, 1, 1, 1, 1, 1, 1, 1, 1, 1, 1, 1, 1, 1, 1, 1, 1,
        1, 1, 1, 1, 1, 1, 1, 1, 1, 1, 1, 1, 1, 1, 1, 1, 1, 1, 1, 1, 1, 1, 1, 1,
        1, 1, 1, 1, 1, 1, 1, 1, 1, 1, 1, 1, 1, 1, 1, 1, 1, 1, 1, 1, 1, 1, 1, 1,
        1, 1, 0, 0, 0, 0, 0, 0, 0, 0, 0, 0, 0, 0, 0, 0, 0, 0, 0, 0, 0, 0, 0, 0,
        0, 0, 0, 0, 0, 0, 0, 0, 0, 0, 0, 0, 0, 0, 0, 0, 0, 0, 0, 0, 0, 0, 0, 0,
        0, 0, 0, 0, 0, 0])
labels
tensor([0., 0., 0., 0., 0., 0., 0., 0., 0., 0., 0., 0., 0., 0., 0., 0., 0., 0.,
        0., 0., 0., 0., 0., 0., 0., 0., 0., 0., 0., 0., 0., 0., 0., 0., 0., 0.,
        0., 0., 0., 0., 0., 0., 0., 0., 0., 0., 0., 0., 0., 1., 0., 0., 0., 0.,
        0., 0., 0., 0., 0., 0., 0., 0., 0., 0., 0.])
实际序列转换后的长度为150, 设置最长为150
	* Building model...
正在对验证集进行测试
              precision    recall  f1-score   support

       交往-会见       0.01      1.00      0.02        23
       交往-感谢       0.00      0.88      0.01         8
       交往-探班       0.00      0.15      0.01        13
       交往-点赞       0.01      1.00      0.01        12
       交往-道歉       0.01      1.00      0.02        21
     产品行为-上映       0.03      0.06      0.04        65
     产品行为-下架       0.02      0.74      0.03        43
     产品行为-发布       0.13      0.97      0.24       276
     产品行为-召回       0.02      1.00      0.04        45
     产品行为-获奖       0.00      0.00      0.00        28
     人生-产子/女       0.01      0.80      0.02        20
       人生-出轨       0.00      0.00      0.00         9
       人生-分手       0.00      0.00      0.00        32
       人生-失联       0.01      1.00      0.02        18
       人生-婚礼       0.00      1.00      0.01        11
       人生-庆生       0.00      0.00      0.00        30
       人生-怀孕       0.01      0.81      0.02        16
       人生-死亡       0.04      0.01      0.01       177
       人生-求婚       0.00      0.44      0.01        18
       人生-离婚       0.01      0.16      0.02        63
       人生-结婚       0.02      0.13      0.03        68
       人生-订婚       0.00      0.00      0.00        10
     司法行为-举报       0.00      0.82      0.01        11
     司法行为-入狱       0.02      0.10      0.03        39
     司法行为-开庭       0.00      0.00      0.00        15
     司法行为-拘捕       0.02      0.01      0.02       136
     司法行为-立案       0.01      1.00      0.01        16
     司法行为-约谈       0.02      1.00      0.05        57
     司法行为-罚款       0.02      0.78      0.03        41
     司法行为-起诉       0.02      0.95      0.03        39
    灾害/意外-地震       0.00      0.00      0.00        22
  灾害/意外-坍/垮塌       0.01      0.88      0.01        16
    灾害/意外-坠机       0.01      0.62      0.01        16
    灾害/意外-洪灾       0.01      0.45      0.01        11
    灾害/意外-爆炸       0.01      0.93      0.01        15
    灾害/意外-袭击       0.02      0.24      0.03        17
    灾害/意外-起火       0.00      0.00      0.00        40
    灾害/意外-车祸       0.00      0.02      0.01        47
     竞赛行为-夺冠       0.00      0.00      0.00        81
     竞赛行为-晋级       0.00      0.00      0.00        54
     竞赛行为-禁赛       0.01      1.00      0.02        24
     竞赛行为-胜负       0.33      0.86      0.47       322
     竞赛行为-退役       0.01      0.29      0.01        21
     竞赛行为-退赛       0.01      0.94      0.03        32
     组织关系-停职       0.00      0.27      0.01        15
     组织关系-加盟       0.00      0.00      0.00        69
     组织关系-裁员       0.01      1.00      0.02        23
     组织关系-解散       0.00      0.00      0.00        17
     组织关系-解约       0.00      0.00      0.00        12
     组织关系-解雇       0.02      0.14      0.04        28
   组织关系-辞/离职       0.06      0.23      0.09       109
     组织关系-退出       0.00      0.00      0.00        32
     组织行为-开幕       0.02      1.00      0.03        40
     组织行为-游行       0.01      0.64      0.02        14
     组织行为-罢工       0.00      1.00      0.01         9
     组织行为-闭幕       0.00      1.00      0.01        11
    财经/交易-上市       0.00      0.71      0.00         7
 财经/交易-出售/收购       0.01      0.33      0.02        40
    财经/交易-加息       0.00      1.00      0.00         2
    财经/交易-涨价       0.00      0.67      0.01         9
    财经/交易-涨停       0.02      0.71      0.04        51
    财经/交易-融资       0.00      0.00      0.00        16
    财经/交易-跌停       0.01      1.00      0.02        24
    财经/交易-降价       0.01      0.53      0.01        19
    财经/交易-降息       0.00      1.00      0.00         2

   micro avg       0.02      0.48      0.03      2627
   macro avg       0.02      0.51      0.03      2627
weighted avg       0.07      0.48      0.10      2627
 samples avg       0.02      0.50      0.03      2627

	* Validation loss before training: 0.8400, accuracy: 0.0000%

 ==================== Training model on device: cuda ====================
* Training epoch 1:
-> Training time: 108.4549s, loss = 0.1779, accuracy: 0.3241%
* Validation for epoch 1:
正在对验证集进行测试
              precision    recall  f1-score   support

       交往-会见       0.00      0.00      0.00        23
       交往-感谢       0.00      0.00      0.00         8
       交往-探班       0.00      0.00      0.00        13
       交往-点赞       0.00      0.00      0.00        12
       交往-道歉       0.00      0.00      0.00        21
     产品行为-上映       0.00      0.00      0.00        65
     产品行为-下架       0.00      0.00      0.00        43
     产品行为-发布       0.00      0.00      0.00       276
     产品行为-召回       0.00      0.00      0.00        45
     产品行为-获奖       0.00      0.00      0.00        28
     人生-产子/女       0.00      0.00      0.00        20
       人生-出轨       0.00      0.00      0.00         9
       人生-分手       0.00      0.00      0.00        32
       人生-失联       0.00      0.00      0.00        18
       人生-婚礼       0.00      0.00      0.00        11
       人生-庆生       0.00      0.00      0.00        30
       人生-怀孕       0.00      0.00      0.00        16
       人生-死亡       0.00      0.00      0.00       177
       人生-求婚       0.00      0.00      0.00        18
       人生-离婚       0.00      0.00      0.00        63
       人生-结婚       0.00      0.00      0.00        68
       人生-订婚       0.00      0.00      0.00        10
     司法行为-举报       0.00      0.00      0.00        11
     司法行为-入狱       0.00      0.00      0.00        39
     司法行为-开庭       0.00      0.00      0.00        15
     司法行为-拘捕       0.00      0.00      0.00       136
     司法行为-立案       0.00      0.00      0.00        16
     司法行为-约谈       0.00      0.00      0.00        57
     司法行为-罚款       0.00      0.00      0.00        41
     司法行为-起诉       0.00      0.00      0.00        39
    灾害/意外-地震       0.00      0.00      0.00        22
  灾害/意外-坍/垮塌       0.00      0.00      0.00        16
    灾害/意外-坠机       0.00      0.00      0.00        16
    灾害/意外-洪灾       0.00      0.00      0.00        11
    灾害/意外-爆炸       0.00      0.00      0.00        15
    灾害/意外-袭击       0.00      0.00      0.00        17
    灾害/意外-起火       0.00      0.00      0.00        40
    灾害/意外-车祸       0.00      0.00      0.00        47
     竞赛行为-夺冠       0.00      0.00      0.00        81
     竞赛行为-晋级       0.00      0.00      0.00        54
     竞赛行为-禁赛       0.00      0.00      0.00        24
     竞赛行为-胜负       0.97      0.38      0.54       322
     竞赛行为-退役       0.00      0.00      0.00        21
     竞赛行为-退赛       0.00      0.00      0.00        32
     组织关系-停职       0.00      0.00      0.00        15
     组织关系-加盟       0.00      0.00      0.00        69
     组织关系-裁员       0.00      0.00      0.00        23
     组织关系-解散       0.00      0.00      0.00        17
     组织关系-解约       0.00      0.00      0.00        12
     组织关系-解雇       0.00      0.00      0.00        28
   组织关系-辞/离职       0.00      0.00      0.00       109
     组织关系-退出       0.00      0.00      0.00        32
     组织行为-开幕       0.00      0.00      0.00        40
     组织行为-游行       0.00      0.00      0.00        14
     组织行为-罢工       0.00      0.00      0.00         9
     组织行为-闭幕       0.00      0.00      0.00        11
    财经/交易-上市       0.00      0.00      0.00         7
 财经/交易-出售/收购       0.00      0.00      0.00        40
    财经/交易-加息       0.00      0.00      0.00         2
    财经/交易-涨价       0.00      0.00      0.00         9
    财经/交易-涨停       0.00      0.00      0.00        51
    财经/交易-融资       0.00      0.00      0.00        16
    财经/交易-跌停       0.00      0.00      0.00        24
    财经/交易-降价       0.00      0.00      0.00        19
    财经/交易-降息       0.00      0.00      0.00         2

   micro avg       0.97      0.05      0.09      2627
   macro avg       0.01      0.01      0.01      2627
weighted avg       0.12      0.05      0.07      2627
 samples avg       0.05      0.05      0.05      2627

-> Valid. time: 9.2746s, loss: 0.0827, accuracy: 4.0552% 

save data
* Training epoch 2:
-> Training time: 113.2951s, loss = 0.0758, accuracy: 12.4608%
* Validation for epoch 2:
正在对验证集进行测试
              precision    recall  f1-score   support

       交往-会见       0.00      0.00      0.00        23
       交往-感谢       0.00      0.00      0.00         8
       交往-探班       0.00      0.00      0.00        13
       交往-点赞       0.00      0.00      0.00        12
       交往-道歉       0.00      0.00      0.00        21
     产品行为-上映       0.00      0.00      0.00        65
     产品行为-下架       0.00      0.00      0.00        43
     产品行为-发布       0.99      0.84      0.91       276
     产品行为-召回       0.00      0.00      0.00        45
     产品行为-获奖       0.00      0.00      0.00        28
     人生-产子/女       0.00      0.00      0.00        20
       人生-出轨       0.00      0.00      0.00         9
       人生-分手       0.00      0.00      0.00        32
       人生-失联       0.00      0.00      0.00        18
       人生-婚礼       0.00      0.00      0.00        11
       人生-庆生       0.00      0.00      0.00        30
       人生-怀孕       0.00      0.00      0.00        16
       人生-死亡       0.85      0.59      0.70       177
       人生-求婚       0.00      0.00      0.00        18
       人生-离婚       0.00      0.00      0.00        63
       人生-结婚       0.00      0.00      0.00        68
       人生-订婚       0.00      0.00      0.00        10
     司法行为-举报       0.00      0.00      0.00        11
     司法行为-入狱       0.00      0.00      0.00        39
     司法行为-开庭       0.00      0.00      0.00        15
     司法行为-拘捕       0.98      0.38      0.55       136
     司法行为-立案       0.00      0.00      0.00        16
     司法行为-约谈       0.00      0.00      0.00        57
     司法行为-罚款       0.00      0.00      0.00        41
     司法行为-起诉       0.00      0.00      0.00        39
    灾害/意外-地震       0.00      0.00      0.00        22
  灾害/意外-坍/垮塌       0.00      0.00      0.00        16
    灾害/意外-坠机       0.00      0.00      0.00        16
    灾害/意外-洪灾       0.00      0.00      0.00        11
    灾害/意外-爆炸       0.00      0.00      0.00        15
    灾害/意外-袭击       0.00      0.00      0.00        17
    灾害/意外-起火       0.00      0.00      0.00        40
    灾害/意外-车祸       0.00      0.00      0.00        47
     竞赛行为-夺冠       0.00      0.00      0.00        81
     竞赛行为-晋级       0.00      0.00      0.00        54
     竞赛行为-禁赛       0.00      0.00      0.00        24
     竞赛行为-胜负       0.90      0.96      0.93       322
     竞赛行为-退役       0.00      0.00      0.00        21
     竞赛行为-退赛       0.00      0.00      0.00        32
     组织关系-停职       0.00      0.00      0.00        15
     组织关系-加盟       0.00      0.00      0.00        69
     组织关系-裁员       0.00      0.00      0.00        23
     组织关系-解散       0.00      0.00      0.00        17
     组织关系-解约       0.00      0.00      0.00        12
     组织关系-解雇       0.00      0.00      0.00        28
   组织关系-辞/离职       1.00      0.06      0.10       109
     组织关系-退出       0.00      0.00      0.00        32
     组织行为-开幕       0.00      0.00      0.00        40
     组织行为-游行       0.00      0.00      0.00        14
     组织行为-罢工       0.00      0.00      0.00         9
     组织行为-闭幕       0.00      0.00      0.00        11
    财经/交易-上市       0.00      0.00      0.00         7
 财经/交易-出售/收购       0.00      0.00      0.00        40
    财经/交易-加息       0.00      0.00      0.00         2
    财经/交易-涨价       0.00      0.00      0.00         9
    财经/交易-涨停       0.00      0.00      0.00        51
    财经/交易-融资       0.00      0.00      0.00        16
    财经/交易-跌停       0.00      0.00      0.00        24
    财经/交易-降价       0.00      0.00      0.00        19
    财经/交易-降息       0.00      0.00      0.00         2

   micro avg       0.93      0.27      0.42      2627
   macro avg       0.07      0.04      0.05      2627
weighted avg       0.36      0.27      0.29      2627
 samples avg       0.29      0.27      0.28      2627

-> Valid. time: 9.5768s, loss: 0.0600, accuracy: 25.4599% 

save data
* Training epoch 3:
-> Training time: 114.9790s, loss = 0.0541, accuracy: 33.1382%
* Validation for epoch 3:
正在对验证集进行测试
              precision    recall  f1-score   support

       交往-会见       1.00      0.26      0.41        23
       交往-感谢       0.00      0.00      0.00         8
       交往-探班       0.00      0.00      0.00        13
       交往-点赞       0.00      0.00      0.00        12
       交往-道歉       1.00      0.29      0.44        21
     产品行为-上映       1.00      0.86      0.93        65
     产品行为-下架       1.00      0.07      0.13        43
     产品行为-发布       0.97      0.95      0.96       276
     产品行为-召回       1.00      0.96      0.98        45
     产品行为-获奖       0.00      0.00      0.00        28
     人生-产子/女       0.00      0.00      0.00        20
       人生-出轨       0.00      0.00      0.00         9
       人生-分手       0.00      0.00      0.00        32
       人生-失联       0.00      0.00      0.00        18
       人生-婚礼       0.00      0.00      0.00        11
       人生-庆生       1.00      0.03      0.06        30
       人生-怀孕       0.00      0.00      0.00        16
       人生-死亡       0.89      0.88      0.88       177
       人生-求婚       0.00      0.00      0.00        18
       人生-离婚       0.97      0.52      0.68        63
       人生-结婚       1.00      0.15      0.26        68
       人生-订婚       0.00      0.00      0.00        10
     司法行为-举报       0.00      0.00      0.00        11
     司法行为-入狱       1.00      0.18      0.30        39
     司法行为-开庭       0.00      0.00      0.00        15
     司法行为-拘捕       0.99      0.92      0.95       136
     司法行为-立案       0.00      0.00      0.00        16
     司法行为-约谈       1.00      0.96      0.98        57
     司法行为-罚款       1.00      0.15      0.26        41
     司法行为-起诉       0.00      0.00      0.00        39
    灾害/意外-地震       1.00      0.59      0.74        22
  灾害/意外-坍/垮塌       0.00      0.00      0.00        16
    灾害/意外-坠机       0.00      0.00      0.00        16
    灾害/意外-洪灾       0.00      0.00      0.00        11
    灾害/意外-爆炸       0.00      0.00      0.00        15
    灾害/意外-袭击       0.00      0.00      0.00        17
    灾害/意外-起火       0.00      0.00      0.00        40
    灾害/意外-车祸       1.00      0.17      0.29        47
     竞赛行为-夺冠       0.96      0.64      0.77        81
     竞赛行为-晋级       0.92      0.44      0.60        54
     竞赛行为-禁赛       0.00      0.00      0.00        24
     竞赛行为-胜负       0.97      0.94      0.95       322
     竞赛行为-退役       0.00      0.00      0.00        21
     竞赛行为-退赛       0.00      0.00      0.00        32
     组织关系-停职       0.00      0.00      0.00        15
     组织关系-加盟       1.00      0.71      0.83        69
     组织关系-裁员       1.00      0.26      0.41        23
     组织关系-解散       0.00      0.00      0.00        17
     组织关系-解约       0.00      0.00      0.00        12
     组织关系-解雇       0.00      0.00      0.00        28
   组织关系-辞/离职       0.99      0.95      0.97       109
     组织关系-退出       0.00      0.00      0.00        32
     组织行为-开幕       0.89      0.82      0.86        40
     组织行为-游行       0.00      0.00      0.00        14
     组织行为-罢工       0.00      0.00      0.00         9
     组织行为-闭幕       0.00      0.00      0.00        11
    财经/交易-上市       0.00      0.00      0.00         7
 财经/交易-出售/收购       0.00      0.00      0.00        40
    财经/交易-加息       0.00      0.00      0.00         2
    财经/交易-涨价       0.00      0.00      0.00         9
    财经/交易-涨停       1.00      1.00      1.00        51
    财经/交易-融资       1.00      0.69      0.81        16
    财经/交易-跌停       0.00      0.00      0.00        24
    财经/交易-降价       0.00      0.00      0.00        19
    财经/交易-降息       0.00      0.00      0.00         2

   micro avg       0.97      0.54      0.69      2627
   macro avg       0.38      0.22      0.25      2627
weighted avg       0.71      0.54      0.58      2627
 samples avg       0.59      0.56      0.57      2627

-> Valid. time: 9.6606s, loss: 0.0390, accuracy: 53.7625% 

save data
* Training epoch 4:
-> Training time: 114.8131s, loss = 0.0368, accuracy: 56.7426%
* Validation for epoch 4:
正在对验证集进行测试
              precision    recall  f1-score   support

       交往-会见       1.00      0.87      0.93        23
       交往-感谢       0.00      0.00      0.00         8
       交往-探班       0.00      0.00      0.00        13
       交往-点赞       1.00      0.25      0.40        12
       交往-道歉       0.90      0.86      0.88        21
     产品行为-上映       1.00      0.92      0.96        65
     产品行为-下架       1.00      0.95      0.98        43
     产品行为-发布       0.97      0.97      0.97       276
     产品行为-召回       1.00      0.98      0.99        45
     产品行为-获奖       1.00      0.79      0.88        28
     人生-产子/女       0.00      0.00      0.00        20
       人生-出轨       0.00      0.00      0.00         9
       人生-分手       1.00      0.56      0.72        32
       人生-失联       1.00      0.39      0.56        18
       人生-婚礼       0.00      0.00      0.00        11
       人生-庆生       1.00      0.93      0.97        30
       人生-怀孕       0.00      0.00      0.00        16
       人生-死亡       0.92      0.89      0.90       177
       人生-求婚       1.00      0.61      0.76        18
       人生-离婚       0.98      0.89      0.93        63
       人生-结婚       0.92      0.72      0.81        68
       人生-订婚       0.00      0.00      0.00        10
     司法行为-举报       0.00      0.00      0.00        11
     司法行为-入狱       0.97      0.72      0.82        39
     司法行为-开庭       1.00      0.67      0.80        15
     司法行为-拘捕       0.99      0.93      0.96       136
     司法行为-立案       1.00      0.06      0.12        16
     司法行为-约谈       1.00      0.98      0.99        57
     司法行为-罚款       1.00      0.98      0.99        41
     司法行为-起诉       1.00      0.64      0.78        39
    灾害/意外-地震       1.00      0.95      0.98        22
  灾害/意外-坍/垮塌       0.00      0.00      0.00        16
    灾害/意外-坠机       1.00      0.56      0.72        16
    灾害/意外-洪灾       0.00      0.00      0.00        11
    灾害/意外-爆炸       0.00      0.00      0.00        15
    灾害/意外-袭击       0.00      0.00      0.00        17
    灾害/意外-起火       1.00      0.90      0.95        40
    灾害/意外-车祸       0.97      0.62      0.75        47
     竞赛行为-夺冠       0.96      0.83      0.89        81
     竞赛行为-晋级       0.88      0.83      0.86        54
     竞赛行为-禁赛       1.00      0.75      0.86        24
     竞赛行为-胜负       0.97      0.93      0.95       322
     竞赛行为-退役       1.00      0.05      0.09        21
     竞赛行为-退赛       1.00      0.16      0.27        32
     组织关系-停职       1.00      0.67      0.80        15
     组织关系-加盟       1.00      0.72      0.84        69
     组织关系-裁员       0.94      0.74      0.83        23
     组织关系-解散       1.00      0.71      0.83        17
     组织关系-解约       0.00      0.00      0.00        12
     组织关系-解雇       0.00      0.00      0.00        28
   组织关系-辞/离职       0.98      0.97      0.98       109
     组织关系-退出       0.60      0.47      0.53        32
     组织行为-开幕       0.97      0.85      0.91        40
     组织行为-游行       1.00      0.07      0.13        14
     组织行为-罢工       1.00      1.00      1.00         9
     组织行为-闭幕       0.00      0.00      0.00        11
    财经/交易-上市       0.00      0.00      0.00         7
 财经/交易-出售/收购       1.00      0.82      0.90        40
    财经/交易-加息       0.00      0.00      0.00         2
    财经/交易-涨价       0.00      0.00      0.00         9
    财经/交易-涨停       1.00      1.00      1.00        51
    财经/交易-融资       1.00      0.94      0.97        16
    财经/交易-跌停       1.00      0.29      0.45        24
    财经/交易-降价       0.00      0.00      0.00        19
    财经/交易-降息       0.00      0.00      0.00         2

   micro avg       0.97      0.75      0.85      2627
   macro avg       0.68      0.50      0.55      2627
weighted avg       0.88      0.75      0.79      2627
 samples avg       0.81      0.78      0.79      2627

-> Valid. time: 9.5793s, loss: 0.0265, accuracy: 74.7074% 

save data
* Training epoch 5:
-> Training time: 114.1596s, loss = 0.0262, accuracy: 72.8204%
* Validation for epoch 5:
正在对验证集进行测试
              precision    recall  f1-score   support

       交往-会见       1.00      0.91      0.95        23
       交往-感谢       1.00      0.38      0.55         8
       交往-探班       1.00      0.85      0.92        13
       交往-点赞       1.00      0.67      0.80        12
       交往-道歉       0.95      0.86      0.90        21
     产品行为-上映       1.00      0.94      0.97        65
     产品行为-下架       1.00      0.95      0.98        43
     产品行为-发布       0.99      0.95      0.97       276
     产品行为-召回       1.00      0.96      0.98        45
     产品行为-获奖       1.00      0.79      0.88        28
     人生-产子/女       0.93      0.65      0.76        20
       人生-出轨       0.00      0.00      0.00         9
       人生-分手       1.00      0.72      0.84        32
       人生-失联       1.00      0.67      0.80        18
       人生-婚礼       1.00      0.27      0.43        11
       人生-庆生       1.00      0.97      0.98        30
       人生-怀孕       0.00      0.00      0.00        16
       人生-死亡       0.90      0.92      0.91       177
       人生-求婚       1.00      0.83      0.91        18
       人生-离婚       0.98      0.94      0.96        63
       人生-结婚       0.98      0.78      0.87        68
       人生-订婚       1.00      0.70      0.82        10
     司法行为-举报       1.00      0.55      0.71        11
     司法行为-入狱       0.95      0.90      0.92        39
     司法行为-开庭       1.00      0.80      0.89        15
     司法行为-拘捕       0.99      0.93      0.96       136
     司法行为-立案       1.00      0.56      0.72        16
     司法行为-约谈       1.00      0.98      0.99        57
     司法行为-罚款       1.00      0.95      0.97        41
     司法行为-起诉       1.00      0.72      0.84        39
    灾害/意外-地震       1.00      0.91      0.95        22
  灾害/意外-坍/垮塌       1.00      0.69      0.81        16
    灾害/意外-坠机       1.00      1.00      1.00        16
    灾害/意外-洪灾       0.00      0.00      0.00        11
    灾害/意外-爆炸       0.00      0.00      0.00        15
    灾害/意外-袭击       1.00      0.65      0.79        17
    灾害/意外-起火       1.00      0.93      0.96        40
    灾害/意外-车祸       0.98      0.85      0.91        47
     竞赛行为-夺冠       0.88      0.95      0.91        81
     竞赛行为-晋级       0.88      0.91      0.89        54
     竞赛行为-禁赛       1.00      0.75      0.86        24
     竞赛行为-胜负       0.97      0.93      0.95       322
     竞赛行为-退役       0.95      0.90      0.93        21
     竞赛行为-退赛       1.00      0.28      0.44        32
     组织关系-停职       1.00      0.67      0.80        15
     组织关系-加盟       1.00      0.74      0.85        69
     组织关系-裁员       0.83      0.83      0.83        23
     组织关系-解散       1.00      0.82      0.90        17
     组织关系-解约       0.00      0.00      0.00        12
     组织关系-解雇       0.00      0.00      0.00        28
   组织关系-辞/离职       0.97      0.97      0.97       109
     组织关系-退出       0.66      0.78      0.71        32
     组织行为-开幕       0.97      0.90      0.94        40
     组织行为-游行       1.00      0.86      0.92        14
     组织行为-罢工       1.00      1.00      1.00         9
     组织行为-闭幕       0.00      0.00      0.00        11
    财经/交易-上市       0.00      0.00      0.00         7
 财经/交易-出售/收购       1.00      0.90      0.95        40
    财经/交易-加息       0.00      0.00      0.00         2
    财经/交易-涨价       0.00      0.00      0.00         9
    财经/交易-涨停       1.00      1.00      1.00        51
    财经/交易-融资       1.00      0.94      0.97        16
    财经/交易-跌停       1.00      0.96      0.98        24
    财经/交易-降价       0.00      0.00      0.00        19
    财经/交易-降息       0.00      0.00      0.00         2

   micro avg       0.97      0.83      0.90      2627
   macro avg       0.80      0.66      0.71      2627
weighted avg       0.92      0.83      0.87      2627
 samples avg       0.88      0.86      0.87      2627

-> Valid. time: 9.5872s, loss: 0.0200, accuracy: 82.3997% 

save data
* Training epoch 6:
-> Training time: 114.1542s, loss = 0.0199, accuracy: 82.1137%
* Validation for epoch 6:
正在对验证集进行测试
              precision    recall  f1-score   support

       交往-会见       1.00      1.00      1.00        23
       交往-感谢       0.86      0.75      0.80         8
       交往-探班       1.00      1.00      1.00        13
       交往-点赞       1.00      0.67      0.80        12
       交往-道歉       0.91      0.95      0.93        21
     产品行为-上映       1.00      0.94      0.97        65
     产品行为-下架       1.00      0.95      0.98        43
     产品行为-发布       1.00      0.96      0.98       276
     产品行为-召回       1.00      0.98      0.99        45
     产品行为-获奖       1.00      0.89      0.94        28
     人生-产子/女       0.93      0.70      0.80        20
       人生-出轨       0.00      0.00      0.00         9
       人生-分手       0.97      0.91      0.94        32
       人生-失联       1.00      0.50      0.67        18
       人生-婚礼       0.82      0.82      0.82        11
       人生-庆生       0.97      0.97      0.97        30
       人生-怀孕       1.00      0.25      0.40        16
       人生-死亡       0.90      0.94      0.92       177
       人生-求婚       1.00      0.89      0.94        18
       人生-离婚       1.00      0.92      0.96        63
       人生-结婚       0.98      0.75      0.85        68
       人生-订婚       1.00      1.00      1.00        10
     司法行为-举报       0.89      0.73      0.80        11
     司法行为-入狱       0.95      0.90      0.92        39
     司法行为-开庭       1.00      0.80      0.89        15
     司法行为-拘捕       0.99      0.96      0.97       136
     司法行为-立案       1.00      0.88      0.93        16
     司法行为-约谈       1.00      1.00      1.00        57
     司法行为-罚款       1.00      0.98      0.99        41
     司法行为-起诉       1.00      0.72      0.84        39
    灾害/意外-地震       1.00      0.95      0.98        22
  灾害/意外-坍/垮塌       1.00      0.50      0.67        16
    灾害/意外-坠机       1.00      1.00      1.00        16
    灾害/意外-洪灾       1.00      0.18      0.31        11
    灾害/意外-爆炸       1.00      0.47      0.64        15
    灾害/意外-袭击       1.00      0.82      0.90        17
    灾害/意外-起火       1.00      0.93      0.96        40
    灾害/意外-车祸       0.97      0.83      0.90        47
     竞赛行为-夺冠       0.94      0.93      0.93        81
     竞赛行为-晋级       0.97      0.69      0.80        54
     竞赛行为-禁赛       1.00      0.88      0.93        24
     竞赛行为-胜负       0.97      0.95      0.96       322
     竞赛行为-退役       0.95      0.95      0.95        21
     竞赛行为-退赛       1.00      0.56      0.72        32
     组织关系-停职       1.00      0.87      0.93        15
     组织关系-加盟       1.00      0.70      0.82        69
     组织关系-裁员       0.83      0.87      0.85        23
     组织关系-解散       1.00      0.94      0.97        17
     组织关系-解约       0.00      0.00      0.00        12
     组织关系-解雇       1.00      0.54      0.70        28
   组织关系-辞/离职       0.96      0.98      0.97       109
     组织关系-退出       0.76      0.78      0.77        32
     组织行为-开幕       0.97      0.93      0.95        40
     组织行为-游行       1.00      0.86      0.92        14
     组织行为-罢工       1.00      1.00      1.00         9
     组织行为-闭幕       1.00      0.73      0.84        11
    财经/交易-上市       1.00      0.57      0.73         7
 财经/交易-出售/收购       0.97      0.93      0.95        40
    财经/交易-加息       1.00      1.00      1.00         2
    财经/交易-涨价       1.00      0.56      0.71         9
    财经/交易-涨停       1.00      1.00      1.00        51
    财经/交易-融资       0.94      1.00      0.97        16
    财经/交易-跌停       1.00      1.00      1.00        24
    财经/交易-降价       1.00      0.53      0.69        19
    财经/交易-降息       1.00      1.00      1.00         2

   micro avg       0.97      0.88      0.92      2627
   macro avg       0.94      0.80      0.85      2627
weighted avg       0.97      0.88      0.91      2627
 samples avg       0.93      0.91      0.91      2627

-> Valid. time: 9.5879s, loss: 0.0160, accuracy: 87.3746% 

save data
* Training epoch 7:
-> Training time: 114.1505s, loss = 0.0157, accuracy: 87.3719%
* Validation for epoch 7:
正在对验证集进行测试
              precision    recall  f1-score   support

       交往-会见       1.00      1.00      1.00        23
       交往-感谢       1.00      0.75      0.86         8
       交往-探班       1.00      1.00      1.00        13
       交往-点赞       1.00      0.83      0.91        12
       交往-道歉       0.90      0.90      0.90        21
     产品行为-上映       1.00      0.97      0.98        65
     产品行为-下架       1.00      0.98      0.99        43
     产品行为-发布       0.99      0.96      0.98       276
     产品行为-召回       1.00      0.98      0.99        45
     产品行为-获奖       1.00      0.93      0.96        28
     人生-产子/女       0.94      0.80      0.86        20
       人生-出轨       1.00      0.44      0.62         9
       人生-分手       1.00      0.81      0.90        32
       人生-失联       1.00      0.94      0.97        18
       人生-婚礼       0.71      0.91      0.80        11
       人生-庆生       0.97      0.97      0.97        30
       人生-怀孕       1.00      0.69      0.81        16
       人生-死亡       0.94      0.88      0.91       177
       人生-求婚       1.00      0.94      0.97        18
       人生-离婚       0.98      0.92      0.95        63
       人生-结婚       1.00      0.75      0.86        68
       人生-订婚       1.00      0.90      0.95        10
     司法行为-举报       0.89      0.73      0.80        11
     司法行为-入狱       0.97      0.87      0.92        39
     司法行为-开庭       1.00      0.80      0.89        15
     司法行为-拘捕       0.98      0.95      0.97       136
     司法行为-立案       1.00      0.94      0.97        16
     司法行为-约谈       1.00      1.00      1.00        57
     司法行为-罚款       1.00      0.98      0.99        41
     司法行为-起诉       1.00      0.87      0.93        39
    灾害/意外-地震       1.00      0.95      0.98        22
  灾害/意外-坍/垮塌       1.00      0.88      0.93        16
    灾害/意外-坠机       1.00      1.00      1.00        16
    灾害/意外-洪灾       1.00      0.82      0.90        11
    灾害/意外-爆炸       0.92      0.73      0.81        15
    灾害/意外-袭击       1.00      0.82      0.90        17
    灾害/意外-起火       0.97      0.97      0.97        40
    灾害/意外-车祸       0.94      0.94      0.94        47
     竞赛行为-夺冠       0.93      0.93      0.93        81
     竞赛行为-晋级       0.94      0.93      0.93        54
     竞赛行为-禁赛       1.00      0.83      0.91        24
     竞赛行为-胜负       0.96      0.97      0.96       322
     竞赛行为-退役       0.95      1.00      0.98        21
     竞赛行为-退赛       1.00      0.66      0.79        32
     组织关系-停职       1.00      0.87      0.93        15
     组织关系-加盟       1.00      0.72      0.84        69
     组织关系-裁员       0.83      0.83      0.83        23
     组织关系-解散       1.00      0.94      0.97        17
     组织关系-解约       1.00      0.25      0.40        12
     组织关系-解雇       0.88      0.79      0.83        28
   组织关系-辞/离职       0.97      0.98      0.98       109
     组织关系-退出       0.82      0.84      0.83        32
     组织行为-开幕       0.97      0.90      0.94        40
     组织行为-游行       1.00      0.93      0.96        14
     组织行为-罢工       1.00      1.00      1.00         9
     组织行为-闭幕       1.00      0.82      0.90        11
    财经/交易-上市       1.00      0.71      0.83         7
 财经/交易-出售/收购       0.97      0.93      0.95        40
    财经/交易-加息       1.00      1.00      1.00         2
    财经/交易-涨价       0.86      0.67      0.75         9
    财经/交易-涨停       1.00      1.00      1.00        51
    财经/交易-融资       1.00      1.00      1.00        16
    财经/交易-跌停       1.00      1.00      1.00        24
    财经/交易-降价       1.00      0.68      0.81        19
    财经/交易-降息       1.00      1.00      1.00         2

   micro avg       0.97      0.91      0.94      2627
   macro avg       0.97      0.87      0.91      2627
weighted avg       0.97      0.91      0.94      2627
 samples avg       0.95      0.93      0.94      2627

-> Valid. time: 9.5962s, loss: 0.0134, accuracy: 90.0920% 

save data
* Training epoch 8:
-> Training time: 114.1056s, loss = 0.0127, accuracy: 90.5812%
* Validation for epoch 8:
正在对验证集进行测试
              precision    recall  f1-score   support

       交往-会见       1.00      1.00      1.00        23
       交往-感谢       1.00      0.75      0.86         8
       交往-探班       1.00      1.00      1.00        13
       交往-点赞       1.00      0.67      0.80        12
       交往-道歉       0.94      0.81      0.87        21
     产品行为-上映       1.00      0.92      0.96        65
     产品行为-下架       1.00      0.98      0.99        43
     产品行为-发布       0.98      0.96      0.97       276
     产品行为-召回       1.00      0.98      0.99        45
     产品行为-获奖       1.00      0.89      0.94        28
     人生-产子/女       0.90      0.90      0.90        20
       人生-出轨       1.00      0.44      0.62         9
       人生-分手       0.97      0.91      0.94        32
       人生-失联       1.00      1.00      1.00        18
       人生-婚礼       0.71      0.91      0.80        11
       人生-庆生       0.97      0.97      0.97        30
       人生-怀孕       1.00      0.69      0.81        16
       人生-死亡       0.93      0.91      0.92       177
       人生-求婚       1.00      0.89      0.94        18
       人生-离婚       1.00      0.92      0.96        63
       人生-结婚       1.00      0.79      0.89        68
       人生-订婚       1.00      0.90      0.95        10
     司法行为-举报       0.82      0.82      0.82        11
     司法行为-入狱       0.95      0.90      0.92        39
     司法行为-开庭       1.00      0.80      0.89        15
     司法行为-拘捕       0.98      0.95      0.97       136
     司法行为-立案       1.00      1.00      1.00        16
     司法行为-约谈       1.00      0.98      0.99        57
     司法行为-罚款       1.00      0.85      0.92        41
     司法行为-起诉       1.00      0.92      0.96        39
    灾害/意外-地震       1.00      0.95      0.98        22
  灾害/意外-坍/垮塌       1.00      0.88      0.93        16
    灾害/意外-坠机       1.00      1.00      1.00        16
    灾害/意外-洪灾       1.00      0.82      0.90        11
    灾害/意外-爆炸       0.93      0.87      0.90        15
    灾害/意外-袭击       1.00      0.88      0.94        17
    灾害/意外-起火       1.00      0.88      0.93        40
    灾害/意外-车祸       0.95      0.85      0.90        47
     竞赛行为-夺冠       0.92      0.89      0.91        81
     竞赛行为-晋级       0.89      0.93      0.91        54
     竞赛行为-禁赛       1.00      1.00      1.00        24
     竞赛行为-胜负       0.97      0.96      0.97       322
     竞赛行为-退役       0.95      1.00      0.98        21
     竞赛行为-退赛       0.78      0.78      0.78        32
     组织关系-停职       1.00      0.73      0.85        15
     组织关系-加盟       1.00      0.77      0.87        69
     组织关系-裁员       0.82      0.78      0.80        23
     组织关系-解散       1.00      0.88      0.94        17
     组织关系-解约       1.00      0.25      0.40        12
     组织关系-解雇       1.00      0.75      0.86        28
   组织关系-辞/离职       0.97      0.98      0.98       109
     组织关系-退出       0.87      0.81      0.84        32
     组织行为-开幕       0.97      0.90      0.94        40
     组织行为-游行       1.00      0.86      0.92        14
     组织行为-罢工       1.00      1.00      1.00         9
     组织行为-闭幕       1.00      0.82      0.90        11
    财经/交易-上市       0.86      0.86      0.86         7
 财经/交易-出售/收购       1.00      0.93      0.96        40
    财经/交易-加息       1.00      1.00      1.00         2
    财经/交易-涨价       0.80      0.89      0.84         9
    财经/交易-涨停       1.00      1.00      1.00        51
    财经/交易-融资       1.00      1.00      1.00        16
    财经/交易-跌停       1.00      1.00      1.00        24
    财经/交易-降价       0.93      0.74      0.82        19
    财经/交易-降息       1.00      1.00      1.00         2

   micro avg       0.97      0.91      0.94      2627
   macro avg       0.97      0.88      0.91      2627
weighted avg       0.97      0.91      0.94      2627
 samples avg       0.95      0.93      0.94      2627

-> Valid. time: 9.5850s, loss: 0.0118, accuracy: 90.0502% 

* Training epoch 9:
-> Training time: 114.3748s, loss = 0.0106, accuracy: 92.2956%
* Validation for epoch 9:
正在对验证集进行测试
              precision    recall  f1-score   support

       交往-会见       1.00      1.00      1.00        23
       交往-感谢       1.00      0.75      0.86         8
       交往-探班       1.00      1.00      1.00        13
       交往-点赞       1.00      0.83      0.91        12
       交往-道歉       0.95      0.95      0.95        21
     产品行为-上映       1.00      0.95      0.98        65
     产品行为-下架       1.00      1.00      1.00        43
     产品行为-发布       0.98      0.96      0.97       276
     产品行为-召回       1.00      0.98      0.99        45
     产品行为-获奖       1.00      0.93      0.96        28
     人生-产子/女       0.95      0.90      0.92        20
       人生-出轨       1.00      0.44      0.62         9
       人生-分手       1.00      0.91      0.95        32
       人生-失联       0.95      1.00      0.97        18
       人生-婚礼       0.79      1.00      0.88        11
       人生-庆生       0.97      0.97      0.97        30
       人生-怀孕       1.00      0.56      0.72        16
       人生-死亡       0.95      0.88      0.91       177
       人生-求婚       1.00      0.89      0.94        18
       人生-离婚       0.97      0.97      0.97        63
       人生-结婚       1.00      0.87      0.93        68
       人生-订婚       1.00      1.00      1.00        10
     司法行为-举报       0.83      0.91      0.87        11
     司法行为-入狱       0.95      0.90      0.92        39
     司法行为-开庭       1.00      0.80      0.89        15
     司法行为-拘捕       0.97      0.93      0.95       136
     司法行为-立案       1.00      0.94      0.97        16
     司法行为-约谈       1.00      0.98      0.99        57
     司法行为-罚款       1.00      0.95      0.97        41
     司法行为-起诉       1.00      0.79      0.89        39
    灾害/意外-地震       1.00      0.95      0.98        22
  灾害/意外-坍/垮塌       1.00      0.75      0.86        16
    灾害/意外-坠机       1.00      1.00      1.00        16
    灾害/意外-洪灾       1.00      0.91      0.95        11
    灾害/意外-爆炸       1.00      0.73      0.85        15
    灾害/意外-袭击       0.88      0.82      0.85        17
    灾害/意外-起火       1.00      0.97      0.99        40
    灾害/意外-车祸       0.86      0.94      0.90        47
     竞赛行为-夺冠       0.92      0.90      0.91        81
     竞赛行为-晋级       0.91      0.94      0.93        54
     竞赛行为-禁赛       1.00      0.96      0.98        24
     竞赛行为-胜负       0.97      0.97      0.97       322
     竞赛行为-退役       0.95      1.00      0.98        21
     竞赛行为-退赛       0.88      0.72      0.79        32
     组织关系-停职       1.00      0.87      0.93        15
     组织关系-加盟       1.00      0.81      0.90        69
     组织关系-裁员       0.82      0.78      0.80        23
     组织关系-解散       1.00      0.94      0.97        17
     组织关系-解约       1.00      0.42      0.59        12
     组织关系-解雇       0.84      0.75      0.79        28
   组织关系-辞/离职       0.97      0.98      0.98       109
     组织关系-退出       0.90      0.84      0.87        32
     组织行为-开幕       0.97      0.90      0.94        40
     组织行为-游行       1.00      0.86      0.92        14
     组织行为-罢工       1.00      1.00      1.00         9
     组织行为-闭幕       1.00      0.91      0.95        11
    财经/交易-上市       1.00      0.71      0.83         7
 财经/交易-出售/收购       0.97      0.93      0.95        40
    财经/交易-加息       1.00      1.00      1.00         2
    财经/交易-涨价       0.88      0.78      0.82         9
    财经/交易-涨停       1.00      1.00      1.00        51
    财经/交易-融资       1.00      1.00      1.00        16
    财经/交易-跌停       1.00      1.00      1.00        24
    财经/交易-降价       0.88      0.79      0.83        19
    财经/交易-降息       1.00      1.00      1.00         2

   micro avg       0.97      0.92      0.94      2627
   macro avg       0.97      0.89      0.92      2627
weighted avg       0.97      0.92      0.94      2627
 samples avg       0.96      0.94      0.94      2627

-> Valid. time: 9.5872s, loss: 0.0106, accuracy: 90.3846% 

save data
* Training epoch 10:
-> Training time: 114.1417s, loss = 0.0091, accuracy: 93.4037%
* Validation for epoch 10:
正在对验证集进行测试
              precision    recall  f1-score   support

       交往-会见       1.00      1.00      1.00        23
       交往-感谢       1.00      0.75      0.86         8
       交往-探班       1.00      1.00      1.00        13
       交往-点赞       1.00      0.83      0.91        12
       交往-道歉       0.95      0.95      0.95        21
     产品行为-上映       1.00      0.94      0.97        65
     产品行为-下架       1.00      0.95      0.98        43
     产品行为-发布       0.97      0.98      0.97       276
     产品行为-召回       1.00      0.98      0.99        45
     产品行为-获奖       1.00      0.93      0.96        28
     人生-产子/女       0.90      0.90      0.90        20
       人生-出轨       1.00      0.44      0.62         9
       人生-分手       1.00      0.88      0.93        32
       人生-失联       0.90      1.00      0.95        18
       人生-婚礼       0.73      1.00      0.85        11
       人生-庆生       0.97      0.97      0.97        30
       人生-怀孕       1.00      0.75      0.86        16
       人生-死亡       0.93      0.92      0.93       177
       人生-求婚       1.00      0.89      0.94        18
       人生-离婚       0.98      0.97      0.98        63
       人生-结婚       1.00      0.85      0.92        68
       人生-订婚       1.00      1.00      1.00        10
     司法行为-举报       0.82      0.82      0.82        11
     司法行为-入狱       0.97      0.87      0.92        39
     司法行为-开庭       0.93      0.87      0.90        15
     司法行为-拘捕       0.98      0.95      0.96       136
     司法行为-立案       1.00      0.94      0.97        16
     司法行为-约谈       1.00      0.98      0.99        57
     司法行为-罚款       1.00      0.95      0.97        41
     司法行为-起诉       1.00      0.87      0.93        39
    灾害/意外-地震       1.00      0.95      0.98        22
  灾害/意外-坍/垮塌       1.00      0.81      0.90        16
    灾害/意外-坠机       1.00      1.00      1.00        16
    灾害/意外-洪灾       1.00      1.00      1.00        11
    灾害/意外-爆炸       1.00      0.80      0.89        15
    灾害/意外-袭击       0.94      0.88      0.91        17
    灾害/意外-起火       0.97      0.97      0.97        40
    灾害/意外-车祸       0.90      0.91      0.91        47
     竞赛行为-夺冠       0.90      0.93      0.91        81
     竞赛行为-晋级       0.85      0.94      0.89        54
     竞赛行为-禁赛       1.00      1.00      1.00        24
     竞赛行为-胜负       0.97      0.95      0.96       322
     竞赛行为-退役       1.00      0.90      0.95        21
     竞赛行为-退赛       0.77      0.72      0.74        32
     组织关系-停职       1.00      0.87      0.93        15
     组织关系-加盟       1.00      0.81      0.90        69
     组织关系-裁员       0.80      0.87      0.83        23
     组织关系-解散       1.00      0.94      0.97        17
     组织关系-解约       1.00      0.50      0.67        12
     组织关系-解雇       0.79      0.79      0.79        28
   组织关系-辞/离职       0.97      0.98      0.98       109
     组织关系-退出       0.90      0.84      0.87        32
     组织行为-开幕       0.97      0.90      0.94        40
     组织行为-游行       1.00      0.86      0.92        14
     组织行为-罢工       1.00      1.00      1.00         9
     组织行为-闭幕       1.00      1.00      1.00        11
    财经/交易-上市       1.00      0.71      0.83         7
 财经/交易-出售/收购       1.00      0.93      0.96        40
    财经/交易-加息       1.00      1.00      1.00         2
    财经/交易-涨价       0.80      0.89      0.84         9
    财经/交易-涨停       1.00      1.00      1.00        51
    财经/交易-融资       1.00      1.00      1.00        16
    财经/交易-跌停       1.00      1.00      1.00        24
    财经/交易-降价       0.88      0.79      0.83        19
    财经/交易-降息       1.00      1.00      1.00         2

   micro avg       0.96      0.93      0.94      2627
   macro avg       0.96      0.90      0.93      2627
weighted avg       0.96      0.93      0.94      2627
 samples avg       0.96      0.95      0.95      2627

-> Valid. time: 9.5852s, loss: 0.0099, accuracy: 90.3010% 

* Training epoch 11:
-> Training time: 114.2910s, loss = 0.0078, accuracy: 94.9195%
* Validation for epoch 11:
正在对验证集进行测试
              precision    recall  f1-score   support

       交往-会见       1.00      1.00      1.00        23
       交往-感谢       1.00      0.75      0.86         8
       交往-探班       1.00      1.00      1.00        13
       交往-点赞       1.00      0.83      0.91        12
       交往-道歉       0.95      0.95      0.95        21
     产品行为-上映       1.00      1.00      1.00        65
     产品行为-下架       1.00      0.98      0.99        43
     产品行为-发布       0.98      0.97      0.98       276
     产品行为-召回       1.00      0.98      0.99        45
     产品行为-获奖       1.00      0.89      0.94        28
     人生-产子/女       0.94      0.85      0.89        20
       人生-出轨       0.80      0.44      0.57         9
       人生-分手       0.97      0.94      0.95        32
       人生-失联       1.00      0.94      0.97        18
       人生-婚礼       0.71      0.91      0.80        11
       人生-庆生       0.97      0.97      0.97        30
       人生-怀孕       1.00      0.56      0.72        16
       人生-死亡       0.93      0.90      0.92       177
       人生-求婚       1.00      1.00      1.00        18
       人生-离婚       0.98      0.97      0.98        63
       人生-结婚       0.98      0.87      0.92        68
       人生-订婚       1.00      1.00      1.00        10
     司法行为-举报       0.83      0.91      0.87        11
     司法行为-入狱       0.95      0.90      0.92        39
     司法行为-开庭       1.00      0.80      0.89        15
     司法行为-拘捕       0.98      0.95      0.96       136
     司法行为-立案       1.00      0.94      0.97        16
     司法行为-约谈       1.00      0.98      0.99        57
     司法行为-罚款       1.00      0.95      0.97        41
     司法行为-起诉       1.00      0.97      0.99        39
    灾害/意外-地震       1.00      0.95      0.98        22
  灾害/意外-坍/垮塌       0.93      0.88      0.90        16
    灾害/意外-坠机       1.00      1.00      1.00        16
    灾害/意外-洪灾       1.00      0.91      0.95        11
    灾害/意外-爆炸       0.93      0.87      0.90        15
    灾害/意外-袭击       1.00      0.88      0.94        17
    灾害/意外-起火       0.97      0.97      0.97        40
    灾害/意外-车祸       0.95      0.89      0.92        47
     竞赛行为-夺冠       0.90      0.93      0.91        81
     竞赛行为-晋级       0.89      0.94      0.92        54
     竞赛行为-禁赛       1.00      1.00      1.00        24
     竞赛行为-胜负       0.97      0.95      0.96       322
     竞赛行为-退役       0.95      1.00      0.98        21
     竞赛行为-退赛       0.77      0.72      0.74        32
     组织关系-停职       1.00      0.87      0.93        15
     组织关系-加盟       1.00      0.81      0.90        69
     组织关系-裁员       0.81      0.74      0.77        23
     组织关系-解散       1.00      0.94      0.97        17
     组织关系-解约       1.00      0.50      0.67        12
     组织关系-解雇       0.77      0.82      0.79        28
   组织关系-辞/离职       0.97      0.98      0.98       109
     组织关系-退出       0.84      0.84      0.84        32
     组织行为-开幕       0.97      0.90      0.94        40
     组织行为-游行       1.00      0.86      0.92        14
     组织行为-罢工       1.00      1.00      1.00         9
     组织行为-闭幕       1.00      1.00      1.00        11
    财经/交易-上市       1.00      0.71      0.83         7
 财经/交易-出售/收购       0.97      0.93      0.95        40
    财经/交易-加息       1.00      1.00      1.00         2
    财经/交易-涨价       0.80      0.89      0.84         9
    财经/交易-涨停       1.00      1.00      1.00        51
    财经/交易-融资       1.00      1.00      1.00        16
    财经/交易-跌停       1.00      1.00      1.00        24
    财经/交易-降价       0.88      0.79      0.83        19
    财经/交易-降息       1.00      1.00      1.00         2

   micro avg       0.96      0.93      0.94      2627
   macro avg       0.96      0.90      0.92      2627
weighted avg       0.96      0.93      0.94      2627
 samples avg       0.96      0.95      0.95      2627

-> Valid. time: 9.5919s, loss: 0.0091, accuracy: 90.5518% 

save data
* Training epoch 12:
-> Training time: 114.1345s, loss = 0.0069, accuracy: 95.4736%
* Validation for epoch 12:
正在对验证集进行测试
              precision    recall  f1-score   support

       交往-会见       1.00      1.00      1.00        23
       交往-感谢       1.00      0.75      0.86         8
       交往-探班       1.00      1.00      1.00        13
       交往-点赞       1.00      0.83      0.91        12
       交往-道歉       0.91      1.00      0.95        21
     产品行为-上映       1.00      0.95      0.98        65
     产品行为-下架       1.00      1.00      1.00        43
     产品行为-发布       0.97      0.96      0.97       276
     产品行为-召回       1.00      0.98      0.99        45
     产品行为-获奖       1.00      0.93      0.96        28
     人生-产子/女       0.95      0.90      0.92        20
       人生-出轨       0.86      0.67      0.75         9
       人生-分手       0.97      0.94      0.95        32
       人生-失联       1.00      0.94      0.97        18
       人生-婚礼       0.73      1.00      0.85        11
       人生-庆生       0.97      1.00      0.98        30
       人生-怀孕       1.00      0.75      0.86        16
       人生-死亡       0.91      0.93      0.92       177
       人生-求婚       1.00      1.00      1.00        18
       人生-离婚       0.95      0.97      0.96        63
       人生-结婚       0.94      0.93      0.93        68
       人生-订婚       1.00      1.00      1.00        10
     司法行为-举报       0.83      0.91      0.87        11
     司法行为-入狱       0.97      0.87      0.92        39
     司法行为-开庭       1.00      0.80      0.89        15
     司法行为-拘捕       0.98      0.94      0.96       136
     司法行为-立案       1.00      0.94      0.97        16
     司法行为-约谈       1.00      0.98      0.99        57
     司法行为-罚款       1.00      0.98      0.99        41
     司法行为-起诉       1.00      0.90      0.95        39
    灾害/意外-地震       1.00      0.91      0.95        22
  灾害/意外-坍/垮塌       0.93      0.88      0.90        16
    灾害/意外-坠机       1.00      1.00      1.00        16
    灾害/意外-洪灾       1.00      1.00      1.00        11
    灾害/意外-爆炸       0.93      0.87      0.90        15
    灾害/意外-袭击       1.00      0.88      0.94        17
    灾害/意外-起火       0.97      0.97      0.97        40
    灾害/意外-车祸       0.91      0.91      0.91        47
     竞赛行为-夺冠       0.92      0.90      0.91        81
     竞赛行为-晋级       0.93      0.94      0.94        54
     竞赛行为-禁赛       1.00      1.00      1.00        24
     竞赛行为-胜负       0.96      0.96      0.96       322
     竞赛行为-退役       0.95      1.00      0.98        21
     竞赛行为-退赛       0.75      0.66      0.70        32
     组织关系-停职       1.00      0.87      0.93        15
     组织关系-加盟       1.00      0.80      0.89        69
     组织关系-裁员       0.81      0.96      0.88        23
     组织关系-解散       1.00      0.94      0.97        17
     组织关系-解约       1.00      0.50      0.67        12
     组织关系-解雇       0.78      0.75      0.76        28
   组织关系-辞/离职       0.97      0.98      0.98       109
     组织关系-退出       0.79      0.84      0.82        32
     组织行为-开幕       0.97      0.90      0.94        40
     组织行为-游行       1.00      0.86      0.92        14
     组织行为-罢工       1.00      1.00      1.00         9
     组织行为-闭幕       1.00      1.00      1.00        11
    财经/交易-上市       1.00      0.71      0.83         7
 财经/交易-出售/收购       0.95      0.93      0.94        40
    财经/交易-加息       1.00      1.00      1.00         2
    财经/交易-涨价       0.80      0.89      0.84         9
    财经/交易-涨停       0.98      1.00      0.99        51
    财经/交易-融资       1.00      1.00      1.00        16
    财经/交易-跌停       1.00      1.00      1.00        24
    财经/交易-降价       0.88      0.79      0.83        19
    财经/交易-降息       1.00      1.00      1.00         2

   micro avg       0.96      0.93      0.94      2627
   macro avg       0.96      0.91      0.93      2627
weighted avg       0.96      0.93      0.94      2627
 samples avg       0.96      0.95      0.95      2627

-> Valid. time: 9.5816s, loss: 0.0090, accuracy: 90.5936% 

save data
* Training epoch 13:
-> Training time: 114.2315s, loss = 0.0061, accuracy: 96.0694%
* Validation for epoch 13:
正在对验证集进行测试
              precision    recall  f1-score   support

       交往-会见       1.00      1.00      1.00        23
       交往-感谢       0.78      0.88      0.82         8
       交往-探班       1.00      1.00      1.00        13
       交往-点赞       1.00      0.83      0.91        12
       交往-道歉       0.95      0.95      0.95        21
     产品行为-上映       1.00      0.95      0.98        65
     产品行为-下架       1.00      1.00      1.00        43
     产品行为-发布       0.97      0.98      0.97       276
     产品行为-召回       1.00      0.98      0.99        45
     产品行为-获奖       1.00      0.79      0.88        28
     人生-产子/女       0.94      0.80      0.86        20
       人生-出轨       1.00      0.44      0.62         9
       人生-分手       0.97      0.94      0.95        32
       人生-失联       0.86      1.00      0.92        18
       人生-婚礼       0.71      0.91      0.80        11
       人生-庆生       0.97      1.00      0.98        30
       人生-怀孕       1.00      0.69      0.81        16
       人生-死亡       0.92      0.92      0.92       177
       人生-求婚       1.00      1.00      1.00        18
       人生-离婚       0.97      0.95      0.96        63
       人生-结婚       1.00      0.84      0.91        68
       人生-订婚       1.00      1.00      1.00        10
     司法行为-举报       0.82      0.82      0.82        11
     司法行为-入狱       0.97      0.90      0.93        39
     司法行为-开庭       0.93      0.87      0.90        15
     司法行为-拘捕       0.98      0.97      0.97       136
     司法行为-立案       1.00      1.00      1.00        16
     司法行为-约谈       1.00      0.98      0.99        57
     司法行为-罚款       1.00      0.90      0.95        41
     司法行为-起诉       1.00      0.85      0.92        39
    灾害/意外-地震       1.00      0.95      0.98        22
  灾害/意外-坍/垮塌       1.00      0.88      0.93        16
    灾害/意外-坠机       1.00      1.00      1.00        16
    灾害/意外-洪灾       1.00      0.91      0.95        11
    灾害/意外-爆炸       0.93      0.87      0.90        15
    灾害/意外-袭击       0.94      0.88      0.91        17
    灾害/意外-起火       0.95      1.00      0.98        40
    灾害/意外-车祸       0.90      0.94      0.92        47
     竞赛行为-夺冠       0.90      0.91      0.91        81
     竞赛行为-晋级       0.96      0.87      0.91        54
     竞赛行为-禁赛       1.00      1.00      1.00        24
     竞赛行为-胜负       0.97      0.97      0.97       322
     竞赛行为-退役       0.95      1.00      0.98        21
     竞赛行为-退赛       0.83      0.75      0.79        32
     组织关系-停职       1.00      0.87      0.93        15
     组织关系-加盟       1.00      0.83      0.90        69
     组织关系-裁员       0.78      0.78      0.78        23
     组织关系-解散       1.00      0.94      0.97        17
     组织关系-解约       1.00      0.50      0.67        12
     组织关系-解雇       0.81      0.79      0.80        28
   组织关系-辞/离职       0.98      0.98      0.98       109
     组织关系-退出       0.87      0.84      0.86        32
     组织行为-开幕       0.97      0.93      0.95        40
     组织行为-游行       1.00      1.00      1.00        14
     组织行为-罢工       1.00      1.00      1.00         9
     组织行为-闭幕       1.00      1.00      1.00        11
    财经/交易-上市       1.00      0.71      0.83         7
 财经/交易-出售/收购       0.97      0.93      0.95        40
    财经/交易-加息       1.00      1.00      1.00         2
    财经/交易-涨价       0.88      0.78      0.82         9
    财经/交易-涨停       1.00      1.00      1.00        51
    财经/交易-融资       1.00      1.00      1.00        16
    财经/交易-跌停       1.00      1.00      1.00        24
    财经/交易-降价       0.83      0.79      0.81        19
    财经/交易-降息       1.00      1.00      1.00         2

   micro avg       0.96      0.93      0.94      2627
   macro avg       0.96      0.90      0.92      2627
weighted avg       0.96      0.93      0.94      2627
 samples avg       0.96      0.95      0.95      2627

-> Valid. time: 9.5799s, loss: 0.0087, accuracy: 90.5936% 

save data
* Training epoch 14:
-> Training time: 114.4015s, loss = 0.0054, accuracy: 96.6130%
* Validation for epoch 14:
正在对验证集进行测试
              precision    recall  f1-score   support

       交往-会见       1.00      1.00      1.00        23
       交往-感谢       1.00      0.88      0.93         8
       交往-探班       1.00      1.00      1.00        13
       交往-点赞       0.91      0.83      0.87        12
       交往-道歉       0.95      0.95      0.95        21
     产品行为-上映       1.00      0.95      0.98        65
     产品行为-下架       1.00      1.00      1.00        43
     产品行为-发布       0.97      0.97      0.97       276
     产品行为-召回       1.00      0.98      0.99        45
     产品行为-获奖       1.00      0.86      0.92        28
     人生-产子/女       0.94      0.85      0.89        20
       人生-出轨       0.86      0.67      0.75         9
       人生-分手       0.97      0.94      0.95        32
       人生-失联       0.86      1.00      0.92        18
       人生-婚礼       0.73      1.00      0.85        11
       人生-庆生       0.97      1.00      0.98        30
       人生-怀孕       1.00      0.75      0.86        16
       人生-死亡       0.88      0.93      0.91       177
       人生-求婚       1.00      1.00      1.00        18
       人生-离婚       0.98      0.95      0.97        63
       人生-结婚       1.00      0.90      0.95        68
       人生-订婚       1.00      1.00      1.00        10
     司法行为-举报       0.82      0.82      0.82        11
     司法行为-入狱       0.97      0.90      0.93        39
     司法行为-开庭       1.00      0.87      0.93        15
     司法行为-拘捕       0.98      0.97      0.97       136
     司法行为-立案       1.00      0.94      0.97        16
     司法行为-约谈       1.00      0.98      0.99        57
     司法行为-罚款       1.00      0.98      0.99        41
     司法行为-起诉       1.00      0.95      0.97        39
    灾害/意外-地震       1.00      0.95      0.98        22
  灾害/意外-坍/垮塌       1.00      0.88      0.93        16
    灾害/意外-坠机       1.00      1.00      1.00        16
    灾害/意外-洪灾       1.00      0.82      0.90        11
    灾害/意外-爆炸       1.00      0.80      0.89        15
    灾害/意外-袭击       1.00      0.88      0.94        17
    灾害/意外-起火       1.00      1.00      1.00        40
    灾害/意外-车祸       0.93      0.89      0.91        47
     竞赛行为-夺冠       0.92      0.94      0.93        81
     竞赛行为-晋级       0.94      0.94      0.94        54
     竞赛行为-禁赛       1.00      1.00      1.00        24
     竞赛行为-胜负       0.96      0.97      0.96       322
     竞赛行为-退役       0.95      1.00      0.98        21
     竞赛行为-退赛       0.76      0.59      0.67        32
     组织关系-停职       1.00      0.87      0.93        15
     组织关系-加盟       1.00      0.81      0.90        69
     组织关系-裁员       0.80      0.87      0.83        23
     组织关系-解散       1.00      0.94      0.97        17
     组织关系-解约       1.00      0.50      0.67        12
     组织关系-解雇       0.81      0.75      0.78        28
   组织关系-辞/离职       0.96      0.98      0.97       109
     组织关系-退出       0.79      0.84      0.82        32
     组织行为-开幕       0.97      0.93      0.95        40
     组织行为-游行       1.00      0.93      0.96        14
     组织行为-罢工       1.00      1.00      1.00         9
     组织行为-闭幕       1.00      1.00      1.00        11
    财经/交易-上市       1.00      0.71      0.83         7
 财经/交易-出售/收购       0.95      0.93      0.94        40
    财经/交易-加息       1.00      1.00      1.00         2
    财经/交易-涨价       0.80      0.89      0.84         9
    财经/交易-涨停       1.00      1.00      1.00        51
    财经/交易-融资       1.00      1.00      1.00        16
    财经/交易-跌停       1.00      1.00      1.00        24
    财经/交易-降价       0.83      0.79      0.81        19
    财经/交易-降息       1.00      1.00      1.00         2

   micro avg       0.96      0.94      0.95      2627
   macro avg       0.96      0.91      0.93      2627
weighted avg       0.96      0.94      0.95      2627
 samples avg       0.96      0.95      0.95      2627

-> Valid. time: 9.5820s, loss: 0.0081, accuracy: 90.8027% 

save data
* Training epoch 15:
-> Training time: 114.4542s, loss = 0.0048, accuracy: 97.2716%
* Validation for epoch 15:
正在对验证集进行测试
              precision    recall  f1-score   support

       交往-会见       1.00      1.00      1.00        23
       交往-感谢       1.00      0.88      0.93         8
       交往-探班       1.00      1.00      1.00        13
       交往-点赞       0.91      0.83      0.87        12
       交往-道歉       0.95      0.95      0.95        21
     产品行为-上映       1.00      0.95      0.98        65
     产品行为-下架       1.00      1.00      1.00        43
     产品行为-发布       0.97      0.98      0.97       276
     产品行为-召回       1.00      0.98      0.99        45
     产品行为-获奖       1.00      0.93      0.96        28
     人生-产子/女       0.95      0.90      0.92        20
       人生-出轨       0.86      0.67      0.75         9
       人生-分手       1.00      0.88      0.93        32
       人生-失联       0.95      1.00      0.97        18
       人生-婚礼       0.83      0.91      0.87        11
       人生-庆生       0.97      1.00      0.98        30
       人生-怀孕       1.00      0.69      0.81        16
       人生-死亡       0.90      0.93      0.91       177
       人生-求婚       1.00      1.00      1.00        18
       人生-离婚       0.97      0.98      0.98        63
       人生-结婚       1.00      0.88      0.94        68
       人生-订婚       1.00      1.00      1.00        10
     司法行为-举报       0.82      0.82      0.82        11
     司法行为-入狱       0.97      0.92      0.95        39
     司法行为-开庭       1.00      0.80      0.89        15
     司法行为-拘捕       0.98      0.97      0.97       136
     司法行为-立案       1.00      1.00      1.00        16
     司法行为-约谈       1.00      0.98      0.99        57
     司法行为-罚款       1.00      0.98      0.99        41
     司法行为-起诉       1.00      0.92      0.96        39
    灾害/意外-地震       1.00      0.91      0.95        22
  灾害/意外-坍/垮塌       1.00      0.88      0.93        16
    灾害/意外-坠机       1.00      1.00      1.00        16
    灾害/意外-洪灾       1.00      0.91      0.95        11
    灾害/意外-爆炸       1.00      0.80      0.89        15
    灾害/意外-袭击       1.00      0.88      0.94        17
    灾害/意外-起火       1.00      1.00      1.00        40
    灾害/意外-车祸       0.93      0.91      0.92        47
     竞赛行为-夺冠       0.89      0.93      0.91        81
     竞赛行为-晋级       0.93      0.94      0.94        54
     竞赛行为-禁赛       1.00      1.00      1.00        24
     竞赛行为-胜负       0.97      0.96      0.96       322
     竞赛行为-退役       0.91      1.00      0.95        21
     竞赛行为-退赛       0.75      0.66      0.70        32
     组织关系-停职       1.00      0.87      0.93        15
     组织关系-加盟       1.00      0.81      0.90        69
     组织关系-裁员       0.82      0.78      0.80        23
     组织关系-解散       1.00      0.94      0.97        17
     组织关系-解约       1.00      0.58      0.74        12
     组织关系-解雇       0.76      0.79      0.77        28
   组织关系-辞/离职       0.97      0.98      0.98       109
     组织关系-退出       0.79      0.84      0.82        32
     组织行为-开幕       0.97      0.90      0.94        40
     组织行为-游行       1.00      0.93      0.96        14
     组织行为-罢工       1.00      1.00      1.00         9
     组织行为-闭幕       1.00      1.00      1.00        11
    财经/交易-上市       1.00      0.71      0.83         7
 财经/交易-出售/收购       0.97      0.93      0.95        40
    财经/交易-加息       1.00      1.00      1.00         2
    财经/交易-涨价       0.80      0.89      0.84         9
    财经/交易-涨停       1.00      1.00      1.00        51
    财经/交易-融资       1.00      1.00      1.00        16
    财经/交易-跌停       1.00      1.00      1.00        24
    财经/交易-降价       0.84      0.84      0.84        19
    财经/交易-降息       1.00      1.00      1.00         2

   micro avg       0.96      0.94      0.95      2627
   macro avg       0.96      0.91      0.93      2627
weighted avg       0.96      0.94      0.95      2627
 samples avg       0.96      0.95      0.95      2627

-> Valid. time: 9.5752s, loss: 0.0079, accuracy: 91.0535% 

save data
* Training epoch 16:
-> Training time: 114.3439s, loss = 0.0044, accuracy: 97.3866%
* Validation for epoch 16:
正在对验证集进行测试
              precision    recall  f1-score   support

       交往-会见       1.00      1.00      1.00        23
       交往-感谢       1.00      0.88      0.93         8
       交往-探班       1.00      1.00      1.00        13
       交往-点赞       0.91      0.83      0.87        12
       交往-道歉       0.95      0.90      0.93        21
     产品行为-上映       1.00      0.95      0.98        65
     产品行为-下架       1.00      1.00      1.00        43
     产品行为-发布       0.97      0.98      0.97       276
     产品行为-召回       1.00      0.98      0.99        45
     产品行为-获奖       1.00      0.86      0.92        28
     人生-产子/女       0.94      0.85      0.89        20
       人生-出轨       0.75      0.67      0.71         9
       人生-分手       1.00      0.91      0.95        32
       人生-失联       0.95      1.00      0.97        18
       人生-婚礼       0.73      1.00      0.85        11
       人生-庆生       0.97      0.97      0.97        30
       人生-怀孕       1.00      0.75      0.86        16
       人生-死亡       0.94      0.90      0.92       177
       人生-求婚       1.00      1.00      1.00        18
       人生-离婚       0.98      0.98      0.98        63
       人生-结婚       1.00      0.87      0.93        68
       人生-订婚       1.00      1.00      1.00        10
     司法行为-举报       0.82      0.82      0.82        11
     司法行为-入狱       0.97      0.87      0.92        39
     司法行为-开庭       1.00      0.80      0.89        15
     司法行为-拘捕       0.98      0.98      0.98       136
     司法行为-立案       1.00      0.94      0.97        16
     司法行为-约谈       1.00      0.98      0.99        57
     司法行为-罚款       1.00      0.98      0.99        41
     司法行为-起诉       1.00      0.92      0.96        39
    灾害/意外-地震       1.00      0.91      0.95        22
  灾害/意外-坍/垮塌       1.00      0.88      0.93        16
    灾害/意外-坠机       1.00      1.00      1.00        16
    灾害/意外-洪灾       1.00      1.00      1.00        11
    灾害/意外-爆炸       0.93      0.87      0.90        15
    灾害/意外-袭击       0.88      0.88      0.88        17
    灾害/意外-起火       0.98      1.00      0.99        40
    灾害/意外-车祸       0.89      0.89      0.89        47
     竞赛行为-夺冠       0.92      0.90      0.91        81
     竞赛行为-晋级       0.94      0.94      0.94        54
     竞赛行为-禁赛       1.00      1.00      1.00        24
     竞赛行为-胜负       0.97      0.97      0.97       322
     竞赛行为-退役       0.91      1.00      0.95        21
     竞赛行为-退赛       0.81      0.66      0.72        32
     组织关系-停职       1.00      0.87      0.93        15
     组织关系-加盟       0.98      0.80      0.88        69
     组织关系-裁员       0.85      0.74      0.79        23
     组织关系-解散       1.00      0.94      0.97        17
     组织关系-解约       1.00      0.50      0.67        12
     组织关系-解雇       0.79      0.79      0.79        28
   组织关系-辞/离职       0.98      0.98      0.98       109
     组织关系-退出       0.84      0.81      0.83        32
     组织行为-开幕       0.97      0.95      0.96        40
     组织行为-游行       1.00      0.93      0.96        14
     组织行为-罢工       1.00      1.00      1.00         9
     组织行为-闭幕       1.00      1.00      1.00        11
    财经/交易-上市       1.00      0.71      0.83         7
 财经/交易-出售/收购       0.97      0.93      0.95        40
    财经/交易-加息       1.00      1.00      1.00         2
    财经/交易-涨价       0.78      0.78      0.78         9
    财经/交易-涨停       1.00      1.00      1.00        51
    财经/交易-融资       1.00      1.00      1.00        16
    财经/交易-跌停       1.00      1.00      1.00        24
    财经/交易-降价       0.83      0.79      0.81        19
    财经/交易-降息       1.00      1.00      1.00         2

   micro avg       0.96      0.93      0.95      2627
   macro avg       0.96      0.91      0.93      2627
weighted avg       0.96      0.93      0.94      2627
 samples avg       0.96      0.95      0.95      2627

-> Valid. time: 9.5866s, loss: 0.0077, accuracy: 91.0117% 

* Training epoch 17:
-> Training time: 114.3597s, loss = 0.0040, accuracy: 97.8674%
* Validation for epoch 17:
正在对验证集进行测试
              precision    recall  f1-score   support

       交往-会见       1.00      1.00      1.00        23
       交往-感谢       1.00      0.88      0.93         8
       交往-探班       1.00      1.00      1.00        13
       交往-点赞       1.00      0.83      0.91        12
       交往-道歉       0.95      0.90      0.93        21
     产品行为-上映       1.00      0.95      0.98        65
     产品行为-下架       1.00      1.00      1.00        43
     产品行为-发布       0.97      0.98      0.97       276
     产品行为-召回       1.00      0.98      0.99        45
     产品行为-获奖       1.00      0.89      0.94        28
     人生-产子/女       0.95      0.90      0.92        20
       人生-出轨       0.86      0.67      0.75         9
       人生-分手       1.00      0.91      0.95        32
       人生-失联       0.95      1.00      0.97        18
       人生-婚礼       0.83      0.91      0.87        11
       人生-庆生       1.00      0.97      0.98        30
       人生-怀孕       1.00      0.75      0.86        16
       人生-死亡       0.92      0.92      0.92       177
       人生-求婚       1.00      1.00      1.00        18
       人生-离婚       0.98      0.97      0.98        63
       人生-结婚       0.95      0.91      0.93        68
       人生-订婚       1.00      1.00      1.00        10
     司法行为-举报       0.83      0.91      0.87        11
     司法行为-入狱       0.97      0.87      0.92        39
     司法行为-开庭       1.00      0.87      0.93        15
     司法行为-拘捕       0.98      0.97      0.97       136
     司法行为-立案       1.00      0.94      0.97        16
     司法行为-约谈       1.00      0.98      0.99        57
     司法行为-罚款       1.00      0.98      0.99        41
     司法行为-起诉       1.00      0.97      0.99        39
    灾害/意外-地震       1.00      0.91      0.95        22
  灾害/意外-坍/垮塌       1.00      0.88      0.93        16
    灾害/意外-坠机       1.00      1.00      1.00        16
    灾害/意外-洪灾       1.00      1.00      1.00        11
    灾害/意外-爆炸       0.93      0.87      0.90        15
    灾害/意外-袭击       0.94      0.88      0.91        17
    灾害/意外-起火       0.98      1.00      0.99        40
    灾害/意外-车祸       0.90      0.94      0.92        47
     竞赛行为-夺冠       0.90      0.91      0.91        81
     竞赛行为-晋级       0.94      0.93      0.93        54
     竞赛行为-禁赛       1.00      1.00      1.00        24
     竞赛行为-胜负       0.95      0.97      0.96       322
     竞赛行为-退役       0.95      1.00      0.98        21
     竞赛行为-退赛       0.82      0.72      0.77        32
     组织关系-停职       1.00      0.87      0.93        15
     组织关系-加盟       1.00      0.81      0.90        69
     组织关系-裁员       0.78      0.78      0.78        23
     组织关系-解散       1.00      0.94      0.97        17
     组织关系-解约       1.00      0.58      0.74        12
     组织关系-解雇       0.79      0.79      0.79        28
   组织关系-辞/离职       0.97      0.98      0.98       109
     组织关系-退出       0.85      0.88      0.86        32
     组织行为-开幕       0.97      0.93      0.95        40
     组织行为-游行       1.00      0.86      0.92        14
     组织行为-罢工       1.00      1.00      1.00         9
     组织行为-闭幕       1.00      1.00      1.00        11
    财经/交易-上市       1.00      0.71      0.83         7
 财经/交易-出售/收购       1.00      0.93      0.96        40
    财经/交易-加息       1.00      1.00      1.00         2
    财经/交易-涨价       0.80      0.89      0.84         9
    财经/交易-涨停       1.00      1.00      1.00        51
    财经/交易-融资       1.00      1.00      1.00        16
    财经/交易-跌停       1.00      1.00      1.00        24
    财经/交易-降价       0.82      0.74      0.78        19
    财经/交易-降息       1.00      1.00      1.00         2

   micro avg       0.96      0.94      0.95      2627
   macro avg       0.96      0.92      0.94      2627
weighted avg       0.96      0.94      0.95      2627
 samples avg       0.96      0.95      0.95      2627

-> Valid. time: 9.5867s, loss: 0.0075, accuracy: 91.0535% 

save data
* Training epoch 18:
-> Training time: 114.3561s, loss = 0.0036, accuracy: 98.1392%
* Validation for epoch 18:
正在对验证集进行测试
              precision    recall  f1-score   support

       交往-会见       1.00      1.00      1.00        23
       交往-感谢       0.78      0.88      0.82         8
       交往-探班       1.00      1.00      1.00        13
       交往-点赞       0.77      0.83      0.80        12
       交往-道歉       0.88      1.00      0.93        21
     产品行为-上映       1.00      0.98      0.99        65
     产品行为-下架       1.00      1.00      1.00        43
     产品行为-发布       0.98      0.96      0.97       276
     产品行为-召回       1.00      0.98      0.99        45
     产品行为-获奖       1.00      0.68      0.81        28
     人生-产子/女       0.94      0.85      0.89        20
       人生-出轨       0.86      0.67      0.75         9
       人生-分手       1.00      0.91      0.95        32
       人生-失联       0.90      1.00      0.95        18
       人生-婚礼       0.73      1.00      0.85        11
       人生-庆生       1.00      1.00      1.00        30
       人生-怀孕       1.00      0.62      0.77        16
       人生-死亡       0.93      0.92      0.92       177
       人生-求婚       1.00      1.00      1.00        18
       人生-离婚       0.97      0.97      0.97        63
       人生-结婚       1.00      0.85      0.92        68
       人生-订婚       1.00      1.00      1.00        10
     司法行为-举报       0.83      0.91      0.87        11
     司法行为-入狱       0.97      0.87      0.92        39
     司法行为-开庭       1.00      0.80      0.89        15
     司法行为-拘捕       0.97      0.99      0.98       136
     司法行为-立案       1.00      0.94      0.97        16
     司法行为-约谈       1.00      0.98      0.99        57
     司法行为-罚款       1.00      0.98      0.99        41
     司法行为-起诉       1.00      0.97      0.99        39
    灾害/意外-地震       1.00      0.91      0.95        22
  灾害/意外-坍/垮塌       1.00      0.88      0.93        16
    灾害/意外-坠机       1.00      1.00      1.00        16
    灾害/意外-洪灾       1.00      1.00      1.00        11
    灾害/意外-爆炸       0.93      0.87      0.90        15
    灾害/意外-袭击       0.94      0.88      0.91        17
    灾害/意外-起火       0.98      1.00      0.99        40
    灾害/意外-车祸       0.90      0.91      0.91        47
     竞赛行为-夺冠       0.85      0.95      0.90        81
     竞赛行为-晋级       0.94      0.94      0.94        54
     竞赛行为-禁赛       1.00      1.00      1.00        24
     竞赛行为-胜负       0.96      0.97      0.96       322
     竞赛行为-退役       0.95      1.00      0.98        21
     竞赛行为-退赛       0.79      0.72      0.75        32
     组织关系-停职       1.00      0.87      0.93        15
     组织关系-加盟       1.00      0.84      0.91        69
     组织关系-裁员       0.85      0.74      0.79        23
     组织关系-解散       1.00      0.94      0.97        17
     组织关系-解约       1.00      0.67      0.80        12
     组织关系-解雇       0.76      0.79      0.77        28
   组织关系-辞/离职       0.97      0.98      0.98       109
     组织关系-退出       0.87      0.84      0.86        32
     组织行为-开幕       0.97      0.93      0.95        40
     组织行为-游行       1.00      1.00      1.00        14
     组织行为-罢工       1.00      1.00      1.00         9
     组织行为-闭幕       1.00      1.00      1.00        11
    财经/交易-上市       1.00      0.86      0.92         7
 财经/交易-出售/收购       0.95      0.93      0.94        40
    财经/交易-加息       1.00      1.00      1.00         2
    财经/交易-涨价       0.80      0.89      0.84         9
    财经/交易-涨停       1.00      1.00      1.00        51
    财经/交易-融资       1.00      1.00      1.00        16
    财经/交易-跌停       1.00      1.00      1.00        24
    财经/交易-降价       0.83      0.79      0.81        19
    财经/交易-降息       1.00      1.00      1.00         2

   micro avg       0.96      0.94      0.95      2627
   macro avg       0.95      0.92      0.93      2627
weighted avg       0.96      0.94      0.95      2627
 samples avg       0.96      0.95      0.95      2627

-> Valid. time: 9.5889s, loss: 0.0076, accuracy: 90.7609% 

* Training epoch 19:
-> Training time: 114.3538s, loss = 0.0033, accuracy: 98.4110%
* Validation for epoch 19:
正在对验证集进行测试
              precision    recall  f1-score   support

       交往-会见       1.00      1.00      1.00        23
       交往-感谢       1.00      0.88      0.93         8
       交往-探班       1.00      1.00      1.00        13
       交往-点赞       0.91      0.83      0.87        12
       交往-道歉       0.95      1.00      0.98        21
     产品行为-上映       1.00      0.95      0.98        65
     产品行为-下架       1.00      1.00      1.00        43
     产品行为-发布       0.97      0.98      0.97       276
     产品行为-召回       1.00      0.98      0.99        45
     产品行为-获奖       1.00      0.89      0.94        28
     人生-产子/女       0.94      0.85      0.89        20
       人生-出轨       0.86      0.67      0.75         9
       人生-分手       1.00      0.91      0.95        32
       人生-失联       0.95      1.00      0.97        18
       人生-婚礼       0.73      1.00      0.85        11
       人生-庆生       0.97      1.00      0.98        30
       人生-怀孕       1.00      0.75      0.86        16
       人生-死亡       0.92      0.92      0.92       177
       人生-求婚       1.00      1.00      1.00        18
       人生-离婚       0.95      0.98      0.97        63
       人生-结婚       1.00      0.90      0.95        68
       人生-订婚       1.00      1.00      1.00        10
     司法行为-举报       0.77      0.91      0.83        11
     司法行为-入狱       0.97      0.90      0.93        39
     司法行为-开庭       1.00      0.80      0.89        15
     司法行为-拘捕       0.98      0.96      0.97       136
     司法行为-立案       1.00      1.00      1.00        16
     司法行为-约谈       1.00      0.98      0.99        57
     司法行为-罚款       1.00      0.98      0.99        41
     司法行为-起诉       1.00      0.95      0.97        39
    灾害/意外-地震       1.00      0.91      0.95        22
  灾害/意外-坍/垮塌       1.00      0.88      0.93        16
    灾害/意外-坠机       1.00      1.00      1.00        16
    灾害/意外-洪灾       1.00      1.00      1.00        11
    灾害/意外-爆炸       0.93      0.87      0.90        15
    灾害/意外-袭击       0.88      0.88      0.88        17
    灾害/意外-起火       0.98      1.00      0.99        40
    灾害/意外-车祸       0.91      0.91      0.91        47
     竞赛行为-夺冠       0.86      0.95      0.90        81
     竞赛行为-晋级       0.90      0.96      0.93        54
     竞赛行为-禁赛       1.00      1.00      1.00        24
     竞赛行为-胜负       0.97      0.95      0.96       322
     竞赛行为-退役       0.95      1.00      0.98        21
     竞赛行为-退赛       0.77      0.75      0.76        32
     组织关系-停职       1.00      0.93      0.97        15
     组织关系-加盟       1.00      0.84      0.91        69
     组织关系-裁员       0.82      0.78      0.80        23
     组织关系-解散       1.00      0.94      0.97        17
     组织关系-解约       1.00      0.58      0.74        12
     组织关系-解雇       0.79      0.79      0.79        28
   组织关系-辞/离职       0.97      0.98      0.98       109
     组织关系-退出       0.87      0.84      0.86        32
     组织行为-开幕       0.97      0.93      0.95        40
     组织行为-游行       1.00      1.00      1.00        14
     组织行为-罢工       1.00      1.00      1.00         9
     组织行为-闭幕       1.00      1.00      1.00        11
    财经/交易-上市       1.00      0.71      0.83         7
 财经/交易-出售/收购       0.95      0.93      0.94        40
    财经/交易-加息       1.00      1.00      1.00         2
    财经/交易-涨价       0.80      0.89      0.84         9
    财经/交易-涨停       1.00      1.00      1.00        51
    财经/交易-融资       1.00      1.00      1.00        16
    财经/交易-跌停       1.00      1.00      1.00        24
    财经/交易-降价       0.84      0.84      0.84        19
    财经/交易-降息       1.00      1.00      1.00         2

   micro avg       0.96      0.94      0.95      2627
   macro avg       0.95      0.92      0.94      2627
weighted avg       0.96      0.94      0.95      2627
 samples avg       0.96      0.96      0.95      2627

-> Valid. time: 9.5801s, loss: 0.0075, accuracy: 90.9281% 

* Training epoch 20:
-> Training time: 114.3510s, loss = 0.0031, accuracy: 98.6619%
* Validation for epoch 20:
正在对验证集进行测试
              precision    recall  f1-score   support

       交往-会见       1.00      1.00      1.00        23
       交往-感谢       1.00      0.88      0.93         8
       交往-探班       1.00      1.00      1.00        13
       交往-点赞       1.00      0.83      0.91        12
       交往-道歉       0.95      0.90      0.93        21
     产品行为-上映       1.00      0.95      0.98        65
     产品行为-下架       1.00      1.00      1.00        43
     产品行为-发布       0.98      0.97      0.97       276
     产品行为-召回       1.00      0.98      0.99        45
     产品行为-获奖       1.00      0.86      0.92        28
     人生-产子/女       0.95      0.90      0.92        20
       人生-出轨       0.78      0.78      0.78         9
       人生-分手       1.00      0.91      0.95        32
       人生-失联       1.00      1.00      1.00        18
       人生-婚礼       0.71      0.91      0.80        11
       人生-庆生       0.97      1.00      0.98        30
       人生-怀孕       1.00      0.69      0.81        16
       人生-死亡       0.93      0.93      0.93       177
       人生-求婚       1.00      1.00      1.00        18
       人生-离婚       0.95      0.95      0.95        63
       人生-结婚       0.97      0.93      0.95        68
       人生-订婚       1.00      1.00      1.00        10
     司法行为-举报       0.77      0.91      0.83        11
     司法行为-入狱       0.97      0.90      0.93        39
     司法行为-开庭       1.00      0.80      0.89        15
     司法行为-拘捕       0.98      0.96      0.97       136
     司法行为-立案       1.00      1.00      1.00        16
     司法行为-约谈       1.00      0.98      0.99        57
     司法行为-罚款       1.00      0.98      0.99        41
     司法行为-起诉       1.00      0.97      0.99        39
    灾害/意外-地震       1.00      0.91      0.95        22
  灾害/意外-坍/垮塌       1.00      0.88      0.93        16
    灾害/意外-坠机       1.00      1.00      1.00        16
    灾害/意外-洪灾       1.00      1.00      1.00        11
    灾害/意外-爆炸       0.92      0.80      0.86        15
    灾害/意外-袭击       0.94      0.88      0.91        17
    灾害/意外-起火       0.98      1.00      0.99        40
    灾害/意外-车祸       0.90      0.91      0.91        47
     竞赛行为-夺冠       0.86      0.94      0.90        81
     竞赛行为-晋级       0.94      0.94      0.94        54
     竞赛行为-禁赛       1.00      1.00      1.00        24
     竞赛行为-胜负       0.97      0.96      0.96       322
     竞赛行为-退役       0.95      1.00      0.98        21
     竞赛行为-退赛       0.79      0.69      0.73        32
     组织关系-停职       1.00      0.93      0.97        15
     组织关系-加盟       0.98      0.86      0.91        69
     组织关系-裁员       0.82      0.78      0.80        23
     组织关系-解散       1.00      0.94      0.97        17
     组织关系-解约       1.00      0.58      0.74        12
     组织关系-解雇       0.76      0.79      0.77        28
   组织关系-辞/离职       0.97      0.98      0.98       109
     组织关系-退出       0.84      0.84      0.84        32
     组织行为-开幕       0.97      0.93      0.95        40
     组织行为-游行       1.00      1.00      1.00        14
     组织行为-罢工       1.00      1.00      1.00         9
     组织行为-闭幕       1.00      1.00      1.00        11
    财经/交易-上市       0.86      0.86      0.86         7
 财经/交易-出售/收购       0.95      0.93      0.94        40
    财经/交易-加息       1.00      1.00      1.00         2
    财经/交易-涨价       0.80      0.89      0.84         9
    财经/交易-涨停       1.00      1.00      1.00        51
    财经/交易-融资       1.00      1.00      1.00        16
    财经/交易-跌停       1.00      1.00      1.00        24
    财经/交易-降价       0.83      0.79      0.81        19
    财经/交易-降息       1.00      1.00      1.00         2

   micro avg       0.96      0.94      0.95      2627
   macro avg       0.95      0.92      0.93      2627
weighted avg       0.96      0.94      0.95      2627
 samples avg       0.96      0.95      0.95      2627

-> Valid. time: 9.5873s, loss: 0.0074, accuracy: 91.0117% 

