num_labels 是65
====================  Preparing for training  ====================
	* Loading training data...
数据集个数为9566
输入例子
梅西缺阵苏牙伤退，巴萨西甲遭遇开门黑，巴尔韦德下课呼声四起
input_ids
tensor([   2, 1130,  293,  562, 1054, 1410,  335,  302,  558,    1,  579, 3022,
         293,  361, 2267, 1516,  187,  444,  617,    1,  579,  666, 1331, 1315,
          47, 1891,  614,  584,  413,  108,    3,    0,    0,    0,    0,    0,
           0,    0,    0,    0,    0,    0,    0,    0,    0,    0,    0,    0,
           0,    0,    0,    0,    0,    0,    0,    0,    0,    0,    0,    0,
           0,    0,    0,    0,    0,    0,    0,    0,    0,    0,    0,    0,
           0,    0,    0,    0,    0,    0,    0,    0,    0,    0,    0,    0,
           0,    0,    0,    0,    0,    0,    0,    0,    0,    0,    0,    0,
           0,    0,    0,    0,    0,    0,    0,    0,    0,    0,    0,    0,
           0,    0,    0,    0,    0,    0,    0,    0,    0,    0,    0,    0,
           0,    0,    0,    0,    0,    0,    0,    0,    0,    0,    0,    0,
           0,    0,    0,    0,    0,    0,    0,    0,    0,    0,    0,    0,
           0,    0,    0,    0,    0,    0])
token_type_ids
tensor([0, 0, 0, 0, 0, 0, 0, 0, 0, 0, 0, 0, 0, 0, 0, 0, 0, 0, 0, 0, 0, 0, 0, 0,
        0, 0, 0, 0, 0, 0, 0, 0, 0, 0, 0, 0, 0, 0, 0, 0, 0, 0, 0, 0, 0, 0, 0, 0,
        0, 0, 0, 0, 0, 0, 0, 0, 0, 0, 0, 0, 0, 0, 0, 0, 0, 0, 0, 0, 0, 0, 0, 0,
        0, 0, 0, 0, 0, 0, 0, 0, 0, 0, 0, 0, 0, 0, 0, 0, 0, 0, 0, 0, 0, 0, 0, 0,
        0, 0, 0, 0, 0, 0, 0, 0, 0, 0, 0, 0, 0, 0, 0, 0, 0, 0, 0, 0, 0, 0, 0, 0,
        0, 0, 0, 0, 0, 0, 0, 0, 0, 0, 0, 0, 0, 0, 0, 0, 0, 0, 0, 0, 0, 0, 0, 0,
        0, 0, 0, 0, 0, 0])
attention_mask
tensor([1, 1, 1, 1, 1, 1, 1, 1, 1, 1, 1, 1, 1, 1, 1, 1, 1, 1, 1, 1, 1, 1, 1, 1,
        1, 1, 1, 1, 1, 1, 1, 0, 0, 0, 0, 0, 0, 0, 0, 0, 0, 0, 0, 0, 0, 0, 0, 0,
        0, 0, 0, 0, 0, 0, 0, 0, 0, 0, 0, 0, 0, 0, 0, 0, 0, 0, 0, 0, 0, 0, 0, 0,
        0, 0, 0, 0, 0, 0, 0, 0, 0, 0, 0, 0, 0, 0, 0, 0, 0, 0, 0, 0, 0, 0, 0, 0,
        0, 0, 0, 0, 0, 0, 0, 0, 0, 0, 0, 0, 0, 0, 0, 0, 0, 0, 0, 0, 0, 0, 0, 0,
        0, 0, 0, 0, 0, 0, 0, 0, 0, 0, 0, 0, 0, 0, 0, 0, 0, 0, 0, 0, 0, 0, 0, 0,
        0, 0, 0, 0, 0, 0])
labels
tensor([0., 0., 0., 0., 0., 0., 0., 0., 0., 0., 0., 0., 0., 0., 0., 0., 0., 0.,
        0., 0., 0., 0., 0., 0., 0., 0., 0., 0., 0., 0., 0., 0., 0., 0., 0., 0.,
        0., 0., 0., 0., 0., 0., 0., 1., 0., 0., 0., 0., 0., 0., 0., 0., 0., 0.,
        0., 0., 0., 0., 0., 0., 0., 0., 0., 0., 0.])
实际序列转换后的长度为150, 设置最长为150
	* Loading validation data...
数据集个数为2392
输入例子
日前，赣州师范高等专科学校披露了关于该校教师陈某利用工作便利，与两名女学生发生不正当关系的违规违纪问题的查处情况。经该校研究，依法给予陈某开除党籍和开除公职的处理，并在全校通报和开展警示教育。
input_ids
tensor([   2,  362,   79,    1, 3087,  827,  268,  960,  141,  130,  622,  174,
         377, 1644, 4191, 1068,   13,  169,  135,  176, 1644, 1019,  268, 1101,
        1349,  551,   29,  596,  227,  202,  551,    1,  435,  157, 1039,  162,
         377,   24,   61,   24,   11,  121,  281,  169,  287,    6, 3063,  285,
        3063, 1684,   43,   83,    6,   52,  345,   58,   90,   10,   69,  176,
        1644, 1269, 1235,    1, 1070,  178,  214, 1045, 1101, 1349,  187,  258,
        2385, 3167,   75,  187,  258,  739, 1689,    6,  345,  170,    1,  392,
          33,  316, 1644,  311,  706,   75,  187,  924, 1691,  445, 1019,  443,
          10,    3,    0,    0,    0,    0,    0,    0,    0,    0,    0,    0,
           0,    0,    0,    0,    0,    0,    0,    0,    0,    0,    0,    0,
           0,    0,    0,    0,    0,    0,    0,    0,    0,    0,    0,    0,
           0,    0,    0,    0,    0,    0,    0,    0,    0,    0,    0,    0,
           0,    0,    0,    0,    0,    0])
token_type_ids
tensor([0, 0, 0, 0, 0, 0, 0, 0, 0, 0, 0, 0, 0, 0, 0, 0, 0, 0, 0, 0, 0, 0, 0, 0,
        0, 0, 0, 0, 0, 0, 0, 0, 0, 0, 0, 0, 0, 0, 0, 0, 0, 0, 0, 0, 0, 0, 0, 0,
        0, 0, 0, 0, 0, 0, 0, 0, 0, 0, 0, 0, 0, 0, 0, 0, 0, 0, 0, 0, 0, 0, 0, 0,
        0, 0, 0, 0, 0, 0, 0, 0, 0, 0, 0, 0, 0, 0, 0, 0, 0, 0, 0, 0, 0, 0, 0, 0,
        0, 0, 0, 0, 0, 0, 0, 0, 0, 0, 0, 0, 0, 0, 0, 0, 0, 0, 0, 0, 0, 0, 0, 0,
        0, 0, 0, 0, 0, 0, 0, 0, 0, 0, 0, 0, 0, 0, 0, 0, 0, 0, 0, 0, 0, 0, 0, 0,
        0, 0, 0, 0, 0, 0])
attention_mask
tensor([1, 1, 1, 1, 1, 1, 1, 1, 1, 1, 1, 1, 1, 1, 1, 1, 1, 1, 1, 1, 1, 1, 1, 1,
        1, 1, 1, 1, 1, 1, 1, 1, 1, 1, 1, 1, 1, 1, 1, 1, 1, 1, 1, 1, 1, 1, 1, 1,
        1, 1, 1, 1, 1, 1, 1, 1, 1, 1, 1, 1, 1, 1, 1, 1, 1, 1, 1, 1, 1, 1, 1, 1,
        1, 1, 1, 1, 1, 1, 1, 1, 1, 1, 1, 1, 1, 1, 1, 1, 1, 1, 1, 1, 1, 1, 1, 1,
        1, 1, 0, 0, 0, 0, 0, 0, 0, 0, 0, 0, 0, 0, 0, 0, 0, 0, 0, 0, 0, 0, 0, 0,
        0, 0, 0, 0, 0, 0, 0, 0, 0, 0, 0, 0, 0, 0, 0, 0, 0, 0, 0, 0, 0, 0, 0, 0,
        0, 0, 0, 0, 0, 0])
labels
tensor([0., 0., 0., 0., 0., 0., 0., 0., 0., 0., 0., 0., 0., 0., 0., 0., 0., 0.,
        0., 0., 0., 0., 0., 0., 0., 0., 0., 0., 0., 0., 0., 0., 0., 0., 0., 0.,
        0., 0., 0., 0., 0., 0., 0., 0., 0., 0., 0., 0., 0., 1., 0., 0., 0., 0.,
        0., 0., 0., 0., 0., 0., 0., 0., 0., 0., 0.])
实际序列转换后的长度为150, 设置最长为150
	* Building model...
正在对验证集进行测试
              precision    recall  f1-score   support

       交往-会见       0.01      0.74      0.03        23
       交往-感谢       0.00      0.00      0.00         8
       交往-探班       0.01      1.00      0.01        13
       交往-点赞       0.00      0.00      0.00        12
       交往-道歉       0.01      1.00      0.02        21
     产品行为-上映       0.03      1.00      0.05        65
     产品行为-下架       0.00      0.00      0.00        43
     产品行为-发布       0.12      0.98      0.21       276
     产品行为-召回       0.02      1.00      0.04        45
     产品行为-获奖       0.03      0.43      0.06        28
     人生-产子/女       0.00      0.00      0.00        20
       人生-出轨       0.00      1.00      0.01         9
       人生-分手       0.01      1.00      0.03        32
       人生-失联       0.01      0.61      0.02        18
       人生-婚礼       0.00      1.00      0.01        11
       人生-庆生       0.00      0.00      0.00        30
       人生-怀孕       0.01      1.00      0.01        16
       人生-死亡       0.08      0.17      0.11       177
       人生-求婚       0.01      0.83      0.02        18
       人生-离婚       0.00      0.00      0.00        63
       人生-结婚       0.03      1.00      0.06        68
       人生-订婚       0.00      0.00      0.00        10
     司法行为-举报       0.00      0.00      0.00        11
     司法行为-入狱       0.01      0.03      0.02        39
     司法行为-开庭       0.01      0.87      0.01        15
     司法行为-拘捕       0.04      0.26      0.07       136
     司法行为-立案       0.00      0.00      0.00        16
     司法行为-约谈       0.02      1.00      0.05        57
     司法行为-罚款       0.01      0.41      0.02        41
     司法行为-起诉       0.02      0.95      0.04        39
    灾害/意外-地震       0.00      0.00      0.00        22
  灾害/意外-坍/垮塌       0.00      0.00      0.00        16
    灾害/意外-坠机       0.01      1.00      0.01        16
    灾害/意外-洪灾       0.01      0.09      0.02        11
    灾害/意外-爆炸       0.01      0.80      0.01        15
    灾害/意外-袭击       0.01      0.82      0.02        17
    灾害/意外-起火       0.02      1.00      0.03        40
    灾害/意外-车祸       0.02      1.00      0.04        47
     竞赛行为-夺冠       0.03      0.30      0.05        81
     竞赛行为-晋级       0.02      1.00      0.04        54
     竞赛行为-禁赛       0.00      0.00      0.00        24
     竞赛行为-胜负       0.17      0.02      0.03       322
     竞赛行为-退役       0.01      1.00      0.02        21
     竞赛行为-退赛       0.01      0.81      0.02        32
     组织关系-停职       0.01      0.93      0.01        15
     组织关系-加盟       0.00      0.00      0.00        69
     组织关系-裁员       0.01      1.00      0.02        23
     组织关系-解散       0.00      0.00      0.00        17
     组织关系-解约       0.00      0.00      0.00        12
     组织关系-解雇       0.01      1.00      0.02        28
   组织关系-辞/离职       0.05      1.00      0.09       109
     组织关系-退出       0.02      0.88      0.03        32
     组织行为-开幕       0.02      1.00      0.03        40
     组织行为-游行       0.01      1.00      0.01        14
     组织行为-罢工       0.00      0.78      0.01         9
     组织行为-闭幕       0.00      0.09      0.01        11
    财经/交易-上市       0.00      0.00      0.00         7
 财经/交易-出售/收购       0.01      0.10      0.01        40
    财经/交易-加息       0.03      0.50      0.05         2
    财经/交易-涨价       0.00      0.33      0.01         9
    财经/交易-涨停       0.02      0.94      0.04        51
    财经/交易-融资       0.01      0.88      0.01        16
    财经/交易-跌停       0.01      1.00      0.02        24
    财经/交易-降价       0.00      0.00      0.00        19
    财经/交易-降息       0.00      0.00      0.00         2

   micro avg       0.02      0.54      0.03      2627
   macro avg       0.02      0.55      0.02      2627
weighted avg       0.05      0.54      0.06      2627
 samples avg       0.02      0.55      0.03      2627

	* Validation loss before training: 0.7175, accuracy: 0.0000%

 ==================== Training model on device: cuda ====================
* Training epoch 1:
-> Training time: 116.3306s, loss = 0.1816, accuracy: 0.0314%
* Validation for epoch 1:
正在对验证集进行测试
              precision    recall  f1-score   support

       交往-会见       0.00      0.00      0.00        23
       交往-感谢       0.00      0.00      0.00         8
       交往-探班       0.00      0.00      0.00        13
       交往-点赞       0.00      0.00      0.00        12
       交往-道歉       0.00      0.00      0.00        21
     产品行为-上映       0.00      0.00      0.00        65
     产品行为-下架       0.00      0.00      0.00        43
     产品行为-发布       0.00      0.00      0.00       276
     产品行为-召回       0.00      0.00      0.00        45
     产品行为-获奖       0.00      0.00      0.00        28
     人生-产子/女       0.00      0.00      0.00        20
       人生-出轨       0.00      0.00      0.00         9
       人生-分手       0.00      0.00      0.00        32
       人生-失联       0.00      0.00      0.00        18
       人生-婚礼       0.00      0.00      0.00        11
       人生-庆生       0.00      0.00      0.00        30
       人生-怀孕       0.00      0.00      0.00        16
       人生-死亡       0.00      0.00      0.00       177
       人生-求婚       0.00      0.00      0.00        18
       人生-离婚       0.00      0.00      0.00        63
       人生-结婚       0.00      0.00      0.00        68
       人生-订婚       0.00      0.00      0.00        10
     司法行为-举报       0.00      0.00      0.00        11
     司法行为-入狱       0.00      0.00      0.00        39
     司法行为-开庭       0.00      0.00      0.00        15
     司法行为-拘捕       0.00      0.00      0.00       136
     司法行为-立案       0.00      0.00      0.00        16
     司法行为-约谈       0.00      0.00      0.00        57
     司法行为-罚款       0.00      0.00      0.00        41
     司法行为-起诉       0.00      0.00      0.00        39
    灾害/意外-地震       0.00      0.00      0.00        22
  灾害/意外-坍/垮塌       0.00      0.00      0.00        16
    灾害/意外-坠机       0.00      0.00      0.00        16
    灾害/意外-洪灾       0.00      0.00      0.00        11
    灾害/意外-爆炸       0.00      0.00      0.00        15
    灾害/意外-袭击       0.00      0.00      0.00        17
    灾害/意外-起火       0.00      0.00      0.00        40
    灾害/意外-车祸       0.00      0.00      0.00        47
     竞赛行为-夺冠       0.00      0.00      0.00        81
     竞赛行为-晋级       0.00      0.00      0.00        54
     竞赛行为-禁赛       0.00      0.00      0.00        24
     竞赛行为-胜负       0.00      0.00      0.00       322
     竞赛行为-退役       0.00      0.00      0.00        21
     竞赛行为-退赛       0.00      0.00      0.00        32
     组织关系-停职       0.00      0.00      0.00        15
     组织关系-加盟       0.00      0.00      0.00        69
     组织关系-裁员       0.00      0.00      0.00        23
     组织关系-解散       0.00      0.00      0.00        17
     组织关系-解约       0.00      0.00      0.00        12
     组织关系-解雇       0.00      0.00      0.00        28
   组织关系-辞/离职       0.00      0.00      0.00       109
     组织关系-退出       0.00      0.00      0.00        32
     组织行为-开幕       0.00      0.00      0.00        40
     组织行为-游行       0.00      0.00      0.00        14
     组织行为-罢工       0.00      0.00      0.00         9
     组织行为-闭幕       0.00      0.00      0.00        11
    财经/交易-上市       0.00      0.00      0.00         7
 财经/交易-出售/收购       0.00      0.00      0.00        40
    财经/交易-加息       0.00      0.00      0.00         2
    财经/交易-涨价       0.00      0.00      0.00         9
    财经/交易-涨停       0.00      0.00      0.00        51
    财经/交易-融资       0.00      0.00      0.00        16
    财经/交易-跌停       0.00      0.00      0.00        24
    财经/交易-降价       0.00      0.00      0.00        19
    财经/交易-降息       0.00      0.00      0.00         2

   micro avg       0.00      0.00      0.00      2627
   macro avg       0.00      0.00      0.00      2627
weighted avg       0.00      0.00      0.00      2627
 samples avg       0.00      0.00      0.00      2627

-> Valid. time: 9.8863s, loss: 0.0842, accuracy: 0.0000% 

save data
* Training epoch 2:
-> Training time: 115.2730s, loss = 0.0792, accuracy: 4.2651%
* Validation for epoch 2:
正在对验证集进行测试
              precision    recall  f1-score   support

       交往-会见       0.00      0.00      0.00        23
       交往-感谢       0.00      0.00      0.00         8
       交往-探班       0.00      0.00      0.00        13
       交往-点赞       0.00      0.00      0.00        12
       交往-道歉       0.00      0.00      0.00        21
     产品行为-上映       0.00      0.00      0.00        65
     产品行为-下架       0.00      0.00      0.00        43
     产品行为-发布       0.97      0.13      0.22       276
     产品行为-召回       0.00      0.00      0.00        45
     产品行为-获奖       0.00      0.00      0.00        28
     人生-产子/女       0.00      0.00      0.00        20
       人生-出轨       0.00      0.00      0.00         9
       人生-分手       0.00      0.00      0.00        32
       人生-失联       0.00      0.00      0.00        18
       人生-婚礼       0.00      0.00      0.00        11
       人生-庆生       0.00      0.00      0.00        30
       人生-怀孕       0.00      0.00      0.00        16
       人生-死亡       0.00      0.00      0.00       177
       人生-求婚       0.00      0.00      0.00        18
       人生-离婚       0.00      0.00      0.00        63
       人生-结婚       0.00      0.00      0.00        68
       人生-订婚       0.00      0.00      0.00        10
     司法行为-举报       0.00      0.00      0.00        11
     司法行为-入狱       0.00      0.00      0.00        39
     司法行为-开庭       0.00      0.00      0.00        15
     司法行为-拘捕       0.00      0.00      0.00       136
     司法行为-立案       0.00      0.00      0.00        16
     司法行为-约谈       0.00      0.00      0.00        57
     司法行为-罚款       0.00      0.00      0.00        41
     司法行为-起诉       0.00      0.00      0.00        39
    灾害/意外-地震       0.00      0.00      0.00        22
  灾害/意外-坍/垮塌       0.00      0.00      0.00        16
    灾害/意外-坠机       0.00      0.00      0.00        16
    灾害/意外-洪灾       0.00      0.00      0.00        11
    灾害/意外-爆炸       0.00      0.00      0.00        15
    灾害/意外-袭击       0.00      0.00      0.00        17
    灾害/意外-起火       0.00      0.00      0.00        40
    灾害/意外-车祸       0.00      0.00      0.00        47
     竞赛行为-夺冠       0.00      0.00      0.00        81
     竞赛行为-晋级       0.00      0.00      0.00        54
     竞赛行为-禁赛       0.00      0.00      0.00        24
     竞赛行为-胜负       0.84      0.86      0.85       322
     竞赛行为-退役       0.00      0.00      0.00        21
     竞赛行为-退赛       0.00      0.00      0.00        32
     组织关系-停职       0.00      0.00      0.00        15
     组织关系-加盟       0.00      0.00      0.00        69
     组织关系-裁员       0.00      0.00      0.00        23
     组织关系-解散       0.00      0.00      0.00        17
     组织关系-解约       0.00      0.00      0.00        12
     组织关系-解雇       0.00      0.00      0.00        28
   组织关系-辞/离职       0.00      0.00      0.00       109
     组织关系-退出       0.00      0.00      0.00        32
     组织行为-开幕       0.00      0.00      0.00        40
     组织行为-游行       0.00      0.00      0.00        14
     组织行为-罢工       0.00      0.00      0.00         9
     组织行为-闭幕       0.00      0.00      0.00        11
    财经/交易-上市       0.00      0.00      0.00         7
 财经/交易-出售/收购       0.00      0.00      0.00        40
    财经/交易-加息       0.00      0.00      0.00         2
    财经/交易-涨价       0.00      0.00      0.00         9
    财经/交易-涨停       0.00      0.00      0.00        51
    财经/交易-融资       0.00      0.00      0.00        16
    财经/交易-跌停       0.00      0.00      0.00        24
    财经/交易-降价       0.00      0.00      0.00        19
    财经/交易-降息       0.00      0.00      0.00         2

   micro avg       0.85      0.12      0.21      2627
   macro avg       0.03      0.02      0.02      2627
weighted avg       0.21      0.12      0.13      2627
 samples avg       0.13      0.12      0.12      2627

-> Valid. time: 9.5812s, loss: 0.0680, accuracy: 10.7023% 

save data
* Training epoch 3:
-> Training time: 114.2725s, loss = 0.0645, accuracy: 17.8026%
* Validation for epoch 3:
正在对验证集进行测试
              precision    recall  f1-score   support

       交往-会见       0.00      0.00      0.00        23
       交往-感谢       0.00      0.00      0.00         8
       交往-探班       0.00      0.00      0.00        13
       交往-点赞       0.00      0.00      0.00        12
       交往-道歉       0.00      0.00      0.00        21
     产品行为-上映       0.00      0.00      0.00        65
     产品行为-下架       0.00      0.00      0.00        43
     产品行为-发布       0.88      0.92      0.90       276
     产品行为-召回       0.00      0.00      0.00        45
     产品行为-获奖       0.00      0.00      0.00        28
     人生-产子/女       0.00      0.00      0.00        20
       人生-出轨       0.00      0.00      0.00         9
       人生-分手       0.00      0.00      0.00        32
       人生-失联       0.00      0.00      0.00        18
       人生-婚礼       0.00      0.00      0.00        11
       人生-庆生       0.00      0.00      0.00        30
       人生-怀孕       0.00      0.00      0.00        16
       人生-死亡       0.78      0.79      0.78       177
       人生-求婚       0.00      0.00      0.00        18
       人生-离婚       0.00      0.00      0.00        63
       人生-结婚       0.00      0.00      0.00        68
       人生-订婚       0.00      0.00      0.00        10
     司法行为-举报       0.00      0.00      0.00        11
     司法行为-入狱       0.00      0.00      0.00        39
     司法行为-开庭       0.00      0.00      0.00        15
     司法行为-拘捕       0.82      0.75      0.78       136
     司法行为-立案       0.00      0.00      0.00        16
     司法行为-约谈       0.00      0.00      0.00        57
     司法行为-罚款       0.00      0.00      0.00        41
     司法行为-起诉       0.00      0.00      0.00        39
    灾害/意外-地震       0.00      0.00      0.00        22
  灾害/意外-坍/垮塌       0.00      0.00      0.00        16
    灾害/意外-坠机       0.00      0.00      0.00        16
    灾害/意外-洪灾       0.00      0.00      0.00        11
    灾害/意外-爆炸       0.00      0.00      0.00        15
    灾害/意外-袭击       0.00      0.00      0.00        17
    灾害/意外-起火       0.00      0.00      0.00        40
    灾害/意外-车祸       0.00      0.00      0.00        47
     竞赛行为-夺冠       0.00      0.00      0.00        81
     竞赛行为-晋级       0.00      0.00      0.00        54
     竞赛行为-禁赛       0.00      0.00      0.00        24
     竞赛行为-胜负       0.90      0.91      0.91       322
     竞赛行为-退役       0.00      0.00      0.00        21
     竞赛行为-退赛       0.00      0.00      0.00        32
     组织关系-停职       0.00      0.00      0.00        15
     组织关系-加盟       0.00      0.00      0.00        69
     组织关系-裁员       0.00      0.00      0.00        23
     组织关系-解散       0.00      0.00      0.00        17
     组织关系-解约       0.00      0.00      0.00        12
     组织关系-解雇       0.00      0.00      0.00        28
   组织关系-辞/离职       0.96      0.90      0.93       109
     组织关系-退出       0.00      0.00      0.00        32
     组织行为-开幕       0.00      0.00      0.00        40
     组织行为-游行       0.00      0.00      0.00        14
     组织行为-罢工       0.00      0.00      0.00         9
     组织行为-闭幕       0.00      0.00      0.00        11
    财经/交易-上市       0.00      0.00      0.00         7
 财经/交易-出售/收购       0.00      0.00      0.00        40
    财经/交易-加息       0.00      0.00      0.00         2
    财经/交易-涨价       0.00      0.00      0.00         9
    财经/交易-涨停       0.00      0.00      0.00        51
    财经/交易-融资       0.00      0.00      0.00        16
    财经/交易-跌停       0.00      0.00      0.00        24
    财经/交易-降价       0.00      0.00      0.00        19
    财经/交易-降息       0.00      0.00      0.00         2

   micro avg       0.87      0.34      0.49      2627
   macro avg       0.07      0.07      0.07      2627
weighted avg       0.34      0.34      0.34      2627
 samples avg       0.37      0.35      0.35      2627

-> Valid. time: 9.5968s, loss: 0.0540, accuracy: 32.5251% 

save data
* Training epoch 4:
-> Training time: 114.2941s, loss = 0.0515, accuracy: 31.8210%
* Validation for epoch 4:
正在对验证集进行测试
              precision    recall  f1-score   support

       交往-会见       0.00      0.00      0.00        23
       交往-感谢       0.00      0.00      0.00         8
       交往-探班       0.00      0.00      0.00        13
       交往-点赞       0.00      0.00      0.00        12
       交往-道歉       0.00      0.00      0.00        21
     产品行为-上映       1.00      0.03      0.06        65
     产品行为-下架       0.00      0.00      0.00        43
     产品行为-发布       0.96      0.90      0.93       276
     产品行为-召回       1.00      0.96      0.98        45
     产品行为-获奖       0.00      0.00      0.00        28
     人生-产子/女       0.00      0.00      0.00        20
       人生-出轨       0.00      0.00      0.00         9
       人生-分手       0.00      0.00      0.00        32
       人生-失联       0.00      0.00      0.00        18
       人生-婚礼       0.00      0.00      0.00        11
       人生-庆生       0.00      0.00      0.00        30
       人生-怀孕       0.00      0.00      0.00        16
       人生-死亡       0.85      0.82      0.84       177
       人生-求婚       0.00      0.00      0.00        18
       人生-离婚       0.97      0.92      0.94        63
       人生-结婚       0.80      0.49      0.61        68
       人生-订婚       0.00      0.00      0.00        10
     司法行为-举报       0.00      0.00      0.00        11
     司法行为-入狱       1.00      0.33      0.50        39
     司法行为-开庭       0.00      0.00      0.00        15
     司法行为-拘捕       0.93      0.92      0.93       136
     司法行为-立案       0.00      0.00      0.00        16
     司法行为-约谈       1.00      0.11      0.19        57
     司法行为-罚款       0.73      0.98      0.83        41
     司法行为-起诉       0.00      0.00      0.00        39
    灾害/意外-地震       0.00      0.00      0.00        22
  灾害/意外-坍/垮塌       0.00      0.00      0.00        16
    灾害/意外-坠机       0.00      0.00      0.00        16
    灾害/意外-洪灾       0.00      0.00      0.00        11
    灾害/意外-爆炸       0.00      0.00      0.00        15
    灾害/意外-袭击       0.00      0.00      0.00        17
    灾害/意外-起火       0.00      0.00      0.00        40
    灾害/意外-车祸       1.00      0.17      0.29        47
     竞赛行为-夺冠       0.88      0.19      0.31        81
     竞赛行为-晋级       0.00      0.00      0.00        54
     竞赛行为-禁赛       0.00      0.00      0.00        24
     竞赛行为-胜负       0.95      0.92      0.93       322
     竞赛行为-退役       0.00      0.00      0.00        21
     竞赛行为-退赛       0.00      0.00      0.00        32
     组织关系-停职       0.00      0.00      0.00        15
     组织关系-加盟       0.00      0.00      0.00        69
     组织关系-裁员       0.00      0.00      0.00        23
     组织关系-解散       0.00      0.00      0.00        17
     组织关系-解约       0.00      0.00      0.00        12
     组织关系-解雇       0.00      0.00      0.00        28
   组织关系-辞/离职       0.93      0.96      0.95       109
     组织关系-退出       0.00      0.00      0.00        32
     组织行为-开幕       0.79      0.75      0.77        40
     组织行为-游行       0.00      0.00      0.00        14
     组织行为-罢工       0.00      0.00      0.00         9
     组织行为-闭幕       0.00      0.00      0.00        11
    财经/交易-上市       0.00      0.00      0.00         7
 财经/交易-出售/收购       0.00      0.00      0.00        40
    财经/交易-加息       0.00      0.00      0.00         2
    财经/交易-涨价       0.00      0.00      0.00         9
    财经/交易-涨停       0.81      0.59      0.68        51
    财经/交易-融资       0.00      0.00      0.00        16
    财经/交易-跌停       0.00      0.00      0.00        24
    财经/交易-降价       0.00      0.00      0.00        19
    财经/交易-降息       0.00      0.00      0.00         2

   micro avg       0.91      0.46      0.61      2627
   macro avg       0.22      0.15      0.17      2627
weighted avg       0.57      0.46      0.48      2627
 samples avg       0.50      0.47      0.48      2627

-> Valid. time: 9.5848s, loss: 0.0418, accuracy: 43.5201% 

save data
* Training epoch 5:
-> Training time: 114.3681s, loss = 0.0400, accuracy: 44.3236%
* Validation for epoch 5:
正在对验证集进行测试
              precision    recall  f1-score   support

       交往-会见       0.00      0.00      0.00        23
       交往-感谢       0.00      0.00      0.00         8
       交往-探班       0.00      0.00      0.00        13
       交往-点赞       0.00      0.00      0.00        12
       交往-道歉       1.00      0.71      0.83        21
     产品行为-上映       0.98      0.74      0.84        65
     产品行为-下架       1.00      0.74      0.85        43
     产品行为-发布       0.93      0.95      0.94       276
     产品行为-召回       1.00      0.98      0.99        45
     产品行为-获奖       0.95      0.71      0.82        28
     人生-产子/女       0.00      0.00      0.00        20
       人生-出轨       0.00      0.00      0.00         9
       人生-分手       0.00      0.00      0.00        32
       人生-失联       0.00      0.00      0.00        18
       人生-婚礼       0.00      0.00      0.00        11
       人生-庆生       0.00      0.00      0.00        30
       人生-怀孕       0.00      0.00      0.00        16
       人生-死亡       0.87      0.82      0.85       177
       人生-求婚       0.00      0.00      0.00        18
       人生-离婚       0.95      0.97      0.96        63
       人生-结婚       0.74      0.78      0.76        68
       人生-订婚       0.00      0.00      0.00        10
     司法行为-举报       0.00      0.00      0.00        11
     司法行为-入狱       0.96      0.69      0.81        39
     司法行为-开庭       0.00      0.00      0.00        15
     司法行为-拘捕       0.93      0.93      0.93       136
     司法行为-立案       0.00      0.00      0.00        16
     司法行为-约谈       1.00      0.95      0.97        57
     司法行为-罚款       0.97      0.85      0.91        41
     司法行为-起诉       1.00      0.13      0.23        39
    灾害/意外-地震       1.00      0.50      0.67        22
  灾害/意外-坍/垮塌       0.00      0.00      0.00        16
    灾害/意外-坠机       0.00      0.00      0.00        16
    灾害/意外-洪灾       0.00      0.00      0.00        11
    灾害/意外-爆炸       0.00      0.00      0.00        15
    灾害/意外-袭击       0.00      0.00      0.00        17
    灾害/意外-起火       0.00      0.00      0.00        40
    灾害/意外-车祸       0.92      0.70      0.80        47
     竞赛行为-夺冠       0.91      0.49      0.64        81
     竞赛行为-晋级       0.88      0.67      0.76        54
     竞赛行为-禁赛       1.00      0.75      0.86        24
     竞赛行为-胜负       0.92      0.96      0.94       322
     竞赛行为-退役       0.00      0.00      0.00        21
     竞赛行为-退赛       0.00      0.00      0.00        32
     组织关系-停职       0.00      0.00      0.00        15
     组织关系-加盟       1.00      0.54      0.70        69
     组织关系-裁员       0.83      0.43      0.57        23
     组织关系-解散       0.00      0.00      0.00        17
     组织关系-解约       0.00      0.00      0.00        12
     组织关系-解雇       0.00      0.00      0.00        28
   组织关系-辞/离职       0.96      0.96      0.96       109
     组织关系-退出       0.33      0.03      0.06        32
     组织行为-开幕       0.79      0.93      0.85        40
     组织行为-游行       0.00      0.00      0.00        14
     组织行为-罢工       0.00      0.00      0.00         9
     组织行为-闭幕       0.00      0.00      0.00        11
    财经/交易-上市       0.00      0.00      0.00         7
 财经/交易-出售/收购       1.00      0.42      0.60        40
    财经/交易-加息       0.00      0.00      0.00         2
    财经/交易-涨价       0.00      0.00      0.00         9
    财经/交易-涨停       0.94      0.98      0.96        51
    财经/交易-融资       1.00      0.44      0.61        16
    财经/交易-跌停       0.00      0.00      0.00        24
    财经/交易-降价       0.00      0.00      0.00        19
    财经/交易-降息       0.00      0.00      0.00         2

   micro avg       0.92      0.62      0.74      2627
   macro avg       0.40      0.30      0.33      2627
weighted avg       0.71      0.62      0.65      2627
 samples avg       0.67      0.64      0.65      2627

-> Valid. time: 9.5924s, loss: 0.0323, accuracy: 60.7023% 

save data
* Training epoch 6:
-> Training time: 114.3809s, loss = 0.0315, accuracy: 57.1921%
* Validation for epoch 6:
正在对验证集进行测试
              precision    recall  f1-score   support

       交往-会见       1.00      0.61      0.76        23
       交往-感谢       0.00      0.00      0.00         8
       交往-探班       0.00      0.00      0.00        13
       交往-点赞       1.00      0.17      0.29        12
       交往-道歉       0.90      0.86      0.88        21
     产品行为-上映       0.96      0.85      0.90        65
     产品行为-下架       0.98      0.93      0.95        43
     产品行为-发布       0.97      0.92      0.95       276
     产品行为-召回       1.00      0.98      0.99        45
     产品行为-获奖       0.96      0.82      0.88        28
     人生-产子/女       0.00      0.00      0.00        20
       人生-出轨       0.00      0.00      0.00         9
       人生-分手       1.00      0.44      0.61        32
       人生-失联       0.00      0.00      0.00        18
       人生-婚礼       0.00      0.00      0.00        11
       人生-庆生       1.00      0.23      0.38        30
       人生-怀孕       0.00      0.00      0.00        16
       人生-死亡       0.89      0.86      0.88       177
       人生-求婚       0.00      0.00      0.00        18
       人生-离婚       0.95      0.95      0.95        63
       人生-结婚       0.93      0.78      0.85        68
       人生-订婚       0.00      0.00      0.00        10
     司法行为-举报       0.00      0.00      0.00        11
     司法行为-入狱       0.94      0.82      0.88        39
     司法行为-开庭       0.00      0.00      0.00        15
     司法行为-拘捕       0.95      0.93      0.94       136
     司法行为-立案       0.00      0.00      0.00        16
     司法行为-约谈       0.98      0.96      0.97        57
     司法行为-罚款       0.95      0.93      0.94        41
     司法行为-起诉       1.00      0.54      0.70        39
    灾害/意外-地震       0.81      0.95      0.88        22
  灾害/意外-坍/垮塌       0.00      0.00      0.00        16
    灾害/意外-坠机       0.00      0.00      0.00        16
    灾害/意外-洪灾       0.00      0.00      0.00        11
    灾害/意外-爆炸       0.00      0.00      0.00        15
    灾害/意外-袭击       0.00      0.00      0.00        17
    灾害/意外-起火       0.95      0.53      0.68        40
    灾害/意外-车祸       0.90      0.77      0.83        47
     竞赛行为-夺冠       0.79      0.90      0.84        81
     竞赛行为-晋级       0.83      0.72      0.77        54
     竞赛行为-禁赛       0.95      0.88      0.91        24
     竞赛行为-胜负       0.95      0.92      0.94       322
     竞赛行为-退役       1.00      0.14      0.25        21
     竞赛行为-退赛       0.00      0.00      0.00        32
     组织关系-停职       0.00      0.00      0.00        15
     组织关系-加盟       0.98      0.64      0.77        69
     组织关系-裁员       0.88      0.65      0.75        23
     组织关系-解散       0.00      0.00      0.00        17
     组织关系-解约       0.00      0.00      0.00        12
     组织关系-解雇       0.00      0.00      0.00        28
   组织关系-辞/离职       0.95      0.96      0.95       109
     组织关系-退出       0.59      0.50      0.54        32
     组织行为-开幕       0.80      0.90      0.85        40
     组织行为-游行       0.00      0.00      0.00        14
     组织行为-罢工       0.00      0.00      0.00         9
     组织行为-闭幕       0.00      0.00      0.00        11
    财经/交易-上市       0.00      0.00      0.00         7
 财经/交易-出售/收购       0.88      0.72      0.79        40
    财经/交易-加息       0.00      0.00      0.00         2
    财经/交易-涨价       0.00      0.00      0.00         9
    财经/交易-涨停       1.00      1.00      1.00        51
    财经/交易-融资       1.00      0.88      0.93        16
    财经/交易-跌停       0.91      0.88      0.89        24
    财经/交易-降价       0.00      0.00      0.00        19
    财经/交易-降息       0.00      0.00      0.00         2

   micro avg       0.93      0.70      0.80      2627
   macro avg       0.50      0.41      0.43      2627
weighted avg       0.79      0.70      0.73      2627
 samples avg       0.75      0.73      0.73      2627

-> Valid. time: 9.6027s, loss: 0.0261, accuracy: 68.8963% 

save data
* Training epoch 7:
-> Training time: 114.3226s, loss = 0.0253, accuracy: 67.1963%
* Validation for epoch 7:
正在对验证集进行测试
              precision    recall  f1-score   support

       交往-会见       1.00      0.65      0.79        23
       交往-感谢       0.00      0.00      0.00         8
       交往-探班       0.00      0.00      0.00        13
       交往-点赞       1.00      0.75      0.86        12
       交往-道歉       0.90      0.86      0.88        21
     产品行为-上映       0.93      0.88      0.90        65
     产品行为-下架       1.00      0.95      0.98        43
     产品行为-发布       0.98      0.93      0.95       276
     产品行为-召回       1.00      0.96      0.98        45
     产品行为-获奖       0.96      0.86      0.91        28
     人生-产子/女       0.00      0.00      0.00        20
       人生-出轨       0.00      0.00      0.00         9
       人生-分手       1.00      0.75      0.86        32
       人生-失联       0.80      0.22      0.35        18
       人生-婚礼       0.00      0.00      0.00        11
       人生-庆生       0.94      0.53      0.68        30
       人生-怀孕       0.00      0.00      0.00        16
       人生-死亡       0.90      0.85      0.88       177
       人生-求婚       0.00      0.00      0.00        18
       人生-离婚       0.95      0.95      0.95        63
       人生-结婚       0.98      0.74      0.84        68
       人生-订婚       0.00      0.00      0.00        10
     司法行为-举报       1.00      0.18      0.31        11
     司法行为-入狱       0.97      0.74      0.84        39
     司法行为-开庭       0.89      0.53      0.67        15
     司法行为-拘捕       0.96      0.93      0.95       136
     司法行为-立案       0.00      0.00      0.00        16
     司法行为-约谈       1.00      1.00      1.00        57
     司法行为-罚款       0.97      0.85      0.91        41
     司法行为-起诉       0.97      0.79      0.87        39
    灾害/意外-地震       0.84      0.95      0.89        22
  灾害/意外-坍/垮塌       0.00      0.00      0.00        16
    灾害/意外-坠机       1.00      0.06      0.12        16
    灾害/意外-洪灾       0.00      0.00      0.00        11
    灾害/意外-爆炸       0.00      0.00      0.00        15
    灾害/意外-袭击       0.00      0.00      0.00        17
    灾害/意外-起火       0.94      0.75      0.83        40
    灾害/意外-车祸       0.91      0.87      0.89        47
     竞赛行为-夺冠       0.84      0.85      0.85        81
     竞赛行为-晋级       0.87      0.72      0.79        54
     竞赛行为-禁赛       0.95      0.83      0.89        24
     竞赛行为-胜负       0.95      0.93      0.94       322
     竞赛行为-退役       1.00      0.81      0.89        21
     竞赛行为-退赛       1.00      0.25      0.40        32
     组织关系-停职       0.86      0.40      0.55        15
     组织关系-加盟       0.96      0.74      0.84        69
     组织关系-裁员       0.83      0.83      0.83        23
     组织关系-解散       1.00      0.94      0.97        17
     组织关系-解约       0.00      0.00      0.00        12
     组织关系-解雇       0.00      0.00      0.00        28
   组织关系-辞/离职       0.96      0.95      0.96       109
     组织关系-退出       0.61      0.69      0.65        32
     组织行为-开幕       0.81      0.95      0.87        40
     组织行为-游行       0.00      0.00      0.00        14
     组织行为-罢工       0.00      0.00      0.00         9
     组织行为-闭幕       0.00      0.00      0.00        11
    财经/交易-上市       0.00      0.00      0.00         7
 财经/交易-出售/收购       0.85      0.85      0.85        40
    财经/交易-加息       0.00      0.00      0.00         2
    财经/交易-涨价       0.00      0.00      0.00         9
    财经/交易-涨停       1.00      1.00      1.00        51
    财经/交易-融资       0.94      0.94      0.94        16
    财经/交易-跌停       0.92      0.96      0.94        24
    财经/交易-降价       0.00      0.00      0.00        19
    财经/交易-降息       0.00      0.00      0.00         2

   micro avg       0.94      0.75      0.84      2627
   macro avg       0.60      0.50      0.53      2627
weighted avg       0.83      0.75      0.78      2627
 samples avg       0.80      0.78      0.78      2627

-> Valid. time: 9.5876s, loss: 0.0216, accuracy: 73.8712% 

save data
* Training epoch 8:
-> Training time: 114.3019s, loss = 0.0205, accuracy: 74.1376%
* Validation for epoch 8:
正在对验证集进行测试
              precision    recall  f1-score   support

       交往-会见       0.95      0.87      0.91        23
       交往-感谢       0.00      0.00      0.00         8
       交往-探班       1.00      0.08      0.14        13
       交往-点赞       1.00      0.75      0.86        12
       交往-道歉       0.90      0.90      0.90        21
     产品行为-上映       0.97      0.91      0.94        65
     产品行为-下架       1.00      1.00      1.00        43
     产品行为-发布       0.95      0.96      0.96       276
     产品行为-召回       1.00      0.96      0.98        45
     产品行为-获奖       0.96      0.86      0.91        28
     人生-产子/女       0.00      0.00      0.00        20
       人生-出轨       0.00      0.00      0.00         9
       人生-分手       1.00      0.75      0.86        32
       人生-失联       0.88      0.83      0.86        18
       人生-婚礼       1.00      0.36      0.53        11
       人生-庆生       0.85      0.77      0.81        30
       人生-怀孕       0.00      0.00      0.00        16
       人生-死亡       0.95      0.80      0.87       177
       人生-求婚       0.88      0.83      0.86        18
       人生-离婚       0.94      0.95      0.94        63
       人生-结婚       0.96      0.79      0.87        68
       人生-订婚       1.00      0.70      0.82        10
     司法行为-举报       0.86      0.55      0.67        11
     司法行为-入狱       0.94      0.85      0.89        39
     司法行为-开庭       0.91      0.67      0.77        15
     司法行为-拘捕       0.94      0.96      0.95       136
     司法行为-立案       1.00      0.88      0.93        16
     司法行为-约谈       1.00      1.00      1.00        57
     司法行为-罚款       0.93      0.98      0.95        41
     司法行为-起诉       0.97      0.74      0.84        39
    灾害/意外-地震       0.95      0.95      0.95        22
  灾害/意外-坍/垮塌       0.00      0.00      0.00        16
    灾害/意外-坠机       1.00      0.81      0.90        16
    灾害/意外-洪灾       0.00      0.00      0.00        11
    灾害/意外-爆炸       1.00      0.27      0.42        15
    灾害/意外-袭击       1.00      0.53      0.69        17
    灾害/意外-起火       0.97      0.88      0.92        40
    灾害/意外-车祸       0.91      0.85      0.88        47
     竞赛行为-夺冠       0.80      0.91      0.86        81
     竞赛行为-晋级       0.83      0.81      0.82        54
     竞赛行为-禁赛       1.00      0.88      0.93        24
     竞赛行为-胜负       0.97      0.89      0.93       322
     竞赛行为-退役       0.95      0.90      0.93        21
     竞赛行为-退赛       0.78      0.56      0.65        32
     组织关系-停职       0.91      0.67      0.77        15
     组织关系-加盟       0.98      0.77      0.86        69
     组织关系-裁员       0.83      0.83      0.83        23
     组织关系-解散       1.00      0.94      0.97        17
     组织关系-解约       0.00      0.00      0.00        12
     组织关系-解雇       0.00      0.00      0.00        28
   组织关系-辞/离职       0.99      0.96      0.98       109
     组织关系-退出       0.69      0.78      0.74        32
     组织行为-开幕       0.87      0.97      0.92        40
     组织行为-游行       0.00      0.00      0.00        14
     组织行为-罢工       0.86      0.67      0.75         9
     组织行为-闭幕       0.00      0.00      0.00        11
    财经/交易-上市       0.00      0.00      0.00         7
 财经/交易-出售/收购       0.91      0.80      0.85        40
    财经/交易-加息       0.00      0.00      0.00         2
    财经/交易-涨价       1.00      0.11      0.20         9
    财经/交易-涨停       1.00      1.00      1.00        51
    财经/交易-融资       1.00      0.94      0.97        16
    财经/交易-跌停       0.96      0.96      0.96        24
    财经/交易-降价       1.00      0.11      0.19        19
    财经/交易-降息       0.00      0.00      0.00         2

   micro avg       0.94      0.81      0.87      2627
   macro avg       0.75      0.62      0.66      2627
weighted avg       0.89      0.81      0.84      2627
 samples avg       0.86      0.83      0.84      2627

-> Valid. time: 9.5910s, loss: 0.0184, accuracy: 79.5151% 

save data
* Training epoch 9:
-> Training time: 114.2024s, loss = 0.0170, accuracy: 79.2076%
* Validation for epoch 9:
正在对验证集进行测试
              precision    recall  f1-score   support

       交往-会见       0.96      0.96      0.96        23
       交往-感谢       1.00      0.12      0.22         8
       交往-探班       1.00      0.77      0.87        13
       交往-点赞       1.00      0.83      0.91        12
       交往-道歉       0.91      0.95      0.93        21
     产品行为-上映       0.95      0.91      0.93        65
     产品行为-下架       1.00      1.00      1.00        43
     产品行为-发布       0.97      0.94      0.96       276
     产品行为-召回       1.00      0.96      0.98        45
     产品行为-获奖       0.96      0.86      0.91        28
     人生-产子/女       1.00      0.25      0.40        20
       人生-出轨       0.00      0.00      0.00         9
       人生-分手       1.00      0.84      0.92        32
       人生-失联       0.89      0.94      0.92        18
       人生-婚礼       0.73      0.73      0.73        11
       人生-庆生       0.92      0.73      0.81        30
       人生-怀孕       0.00      0.00      0.00        16
       人生-死亡       0.91      0.90      0.91       177
       人生-求婚       0.94      0.83      0.88        18
       人生-离婚       0.97      0.92      0.94        63
       人生-结婚       0.96      0.81      0.88        68
       人生-订婚       1.00      0.90      0.95        10
     司法行为-举报       0.82      0.82      0.82        11
     司法行为-入狱       0.94      0.87      0.91        39
     司法行为-开庭       0.92      0.80      0.86        15
     司法行为-拘捕       0.95      0.95      0.95       136
     司法行为-立案       1.00      0.88      0.93        16
     司法行为-约谈       1.00      1.00      1.00        57
     司法行为-罚款       0.93      1.00      0.96        41
     司法行为-起诉       1.00      0.82      0.90        39
    灾害/意外-地震       0.95      0.95      0.95        22
  灾害/意外-坍/垮塌       1.00      0.75      0.86        16
    灾害/意外-坠机       0.94      0.94      0.94        16
    灾害/意外-洪灾       1.00      0.18      0.31        11
    灾害/意外-爆炸       0.93      0.87      0.90        15
    灾害/意外-袭击       0.86      0.71      0.77        17
    灾害/意外-起火       0.97      0.88      0.92        40
    灾害/意外-车祸       0.88      0.94      0.91        47
     竞赛行为-夺冠       0.88      0.81      0.85        81
     竞赛行为-晋级       0.79      0.78      0.79        54
     竞赛行为-禁赛       1.00      0.88      0.93        24
     竞赛行为-胜负       0.95      0.94      0.95       322
     竞赛行为-退役       0.95      0.86      0.90        21
     竞赛行为-退赛       0.86      0.56      0.68        32
     组织关系-停职       0.92      0.73      0.81        15
     组织关系-加盟       0.98      0.72      0.83        69
     组织关系-裁员       0.83      0.83      0.83        23
     组织关系-解散       1.00      0.94      0.97        17
     组织关系-解约       0.00      0.00      0.00        12
     组织关系-解雇       1.00      0.04      0.07        28
   组织关系-辞/离职       0.99      0.96      0.98       109
     组织关系-退出       0.71      0.69      0.70        32
     组织行为-开幕       0.97      0.97      0.97        40
     组织行为-游行       1.00      0.71      0.83        14
     组织行为-罢工       0.90      1.00      0.95         9
     组织行为-闭幕       1.00      0.55      0.71        11
    财经/交易-上市       0.00      0.00      0.00         7
 财经/交易-出售/收购       0.89      0.85      0.87        40
    财经/交易-加息       0.00      0.00      0.00         2
    财经/交易-涨价       0.75      0.67      0.71         9
    财经/交易-涨停       1.00      1.00      1.00        51
    财经/交易-融资       0.94      0.94      0.94        16
    财经/交易-跌停       0.96      0.96      0.96        24
    财经/交易-降价       1.00      0.47      0.64        19
    财经/交易-降息       0.00      0.00      0.00         2

   micro avg       0.94      0.85      0.90      2627
   macro avg       0.85      0.73      0.77      2627
weighted avg       0.93      0.85      0.88      2627
 samples avg       0.89      0.88      0.88      2627

-> Valid. time: 9.5977s, loss: 0.0160, accuracy: 83.2776% 

save data
* Training epoch 10:
-> Training time: 114.0869s, loss = 0.0143, accuracy: 83.3577%
* Validation for epoch 10:
正在对验证集进行测试
              precision    recall  f1-score   support

       交往-会见       0.92      0.96      0.94        23
       交往-感谢       1.00      0.38      0.55         8
       交往-探班       1.00      0.92      0.96        13
       交往-点赞       1.00      0.83      0.91        12
       交往-道歉       0.91      0.95      0.93        21
     产品行为-上映       0.94      0.91      0.92        65
     产品行为-下架       1.00      0.98      0.99        43
     产品行为-发布       0.97      0.95      0.96       276
     产品行为-召回       1.00      0.98      0.99        45
     产品行为-获奖       0.96      0.86      0.91        28
     人生-产子/女       0.79      0.55      0.65        20
       人生-出轨       0.00      0.00      0.00         9
       人生-分手       1.00      0.84      0.92        32
       人生-失联       0.85      0.94      0.89        18
       人生-婚礼       0.75      0.82      0.78        11
       人生-庆生       0.96      0.80      0.87        30
       人生-怀孕       0.00      0.00      0.00        16
       人生-死亡       0.96      0.76      0.85       177
       人生-求婚       0.89      0.89      0.89        18
       人生-离婚       0.98      0.94      0.96        63
       人生-结婚       0.96      0.78      0.86        68
       人生-订婚       1.00      1.00      1.00        10
     司法行为-举报       0.80      0.73      0.76        11
     司法行为-入狱       0.94      0.77      0.85        39
     司法行为-开庭       0.85      0.73      0.79        15
     司法行为-拘捕       0.93      0.95      0.94       136
     司法行为-立案       0.93      0.88      0.90        16
     司法行为-约谈       1.00      1.00      1.00        57
     司法行为-罚款       0.93      1.00      0.96        41
     司法行为-起诉       1.00      0.87      0.93        39
    灾害/意外-地震       0.95      0.95      0.95        22
  灾害/意外-坍/垮塌       1.00      0.75      0.86        16
    灾害/意外-坠机       1.00      0.94      0.97        16
    灾害/意外-洪灾       1.00      0.64      0.78        11
    灾害/意外-爆炸       0.93      0.87      0.90        15
    灾害/意外-袭击       0.93      0.76      0.84        17
    灾害/意外-起火       1.00      0.82      0.90        40
    灾害/意外-车祸       0.89      0.87      0.88        47
     竞赛行为-夺冠       0.88      0.90      0.89        81
     竞赛行为-晋级       0.80      0.87      0.83        54
     竞赛行为-禁赛       1.00      0.92      0.96        24
     竞赛行为-胜负       0.97      0.90      0.93       322
     竞赛行为-退役       0.95      0.90      0.93        21
     竞赛行为-退赛       0.75      0.66      0.70        32
     组织关系-停职       0.86      0.80      0.83        15
     组织关系-加盟       0.98      0.75      0.85        69
     组织关系-裁员       0.80      0.87      0.83        23
     组织关系-解散       1.00      0.94      0.97        17
     组织关系-解约       0.00      0.00      0.00        12
     组织关系-解雇       1.00      0.36      0.53        28
   组织关系-辞/离职       0.98      0.97      0.98       109
     组织关系-退出       0.74      0.81      0.78        32
     组织行为-开幕       0.75      0.97      0.85        40
     组织行为-游行       1.00      0.71      0.83        14
     组织行为-罢工       0.90      1.00      0.95         9
     组织行为-闭幕       1.00      0.18      0.31        11
    财经/交易-上市       1.00      0.29      0.44         7
 财经/交易-出售/收购       0.90      0.90      0.90        40
    财经/交易-加息       0.00      0.00      0.00         2
    财经/交易-涨价       0.75      0.67      0.71         9
    财经/交易-涨停       1.00      1.00      1.00        51
    财经/交易-融资       1.00      0.94      0.97        16
    财经/交易-跌停       0.96      1.00      0.98        24
    财经/交易-降价       1.00      0.84      0.91        19
    财经/交易-降息       0.00      0.00      0.00         2

   micro avg       0.94      0.86      0.90      2627
   macro avg       0.86      0.76      0.80      2627
weighted avg       0.93      0.86      0.89      2627
 samples avg       0.91      0.89      0.89      2627

-> Valid. time: 9.5853s, loss: 0.0150, accuracy: 84.4064% 

save data
* Training epoch 11:
-> Training time: 114.2120s, loss = 0.0123, accuracy: 86.3997%
* Validation for epoch 11:
正在对验证集进行测试
              precision    recall  f1-score   support

       交往-会见       0.96      0.96      0.96        23
       交往-感谢       1.00      0.50      0.67         8
       交往-探班       1.00      0.92      0.96        13
       交往-点赞       1.00      0.83      0.91        12
       交往-道歉       0.91      1.00      0.95        21
     产品行为-上映       0.95      0.92      0.94        65
     产品行为-下架       1.00      0.98      0.99        43
     产品行为-发布       0.96      0.96      0.96       276
     产品行为-召回       1.00      0.96      0.98        45
     产品行为-获奖       0.96      0.93      0.95        28
     人生-产子/女       0.62      0.80      0.70        20
       人生-出轨       1.00      0.22      0.36         9
       人生-分手       1.00      0.88      0.93        32
       人生-失联       0.83      0.83      0.83        18
       人生-婚礼       0.75      0.82      0.78        11
       人生-庆生       0.89      0.83      0.86        30
       人生-怀孕       1.00      0.06      0.12        16
       人生-死亡       0.93      0.86      0.89       177
       人生-求婚       0.94      0.89      0.91        18
       人生-离婚       0.95      0.94      0.94        63
       人生-结婚       0.98      0.74      0.84        68
       人生-订婚       1.00      1.00      1.00        10
     司法行为-举报       0.82      0.82      0.82        11
     司法行为-入狱       0.94      0.85      0.89        39
     司法行为-开庭       1.00      0.80      0.89        15
     司法行为-拘捕       0.97      0.93      0.95       136
     司法行为-立案       0.93      0.88      0.90        16
     司法行为-约谈       1.00      0.98      0.99        57
     司法行为-罚款       0.97      0.93      0.95        41
     司法行为-起诉       1.00      0.87      0.93        39
    灾害/意外-地震       0.95      0.95      0.95        22
  灾害/意外-坍/垮塌       1.00      0.88      0.93        16
    灾害/意外-坠机       1.00      0.94      0.97        16
    灾害/意外-洪灾       1.00      0.45      0.62        11
    灾害/意外-爆炸       0.93      0.87      0.90        15
    灾害/意外-袭击       0.93      0.76      0.84        17
    灾害/意外-起火       0.94      0.85      0.89        40
    灾害/意外-车祸       0.88      0.81      0.84        47
     竞赛行为-夺冠       0.90      0.86      0.88        81
     竞赛行为-晋级       0.84      0.80      0.82        54
     竞赛行为-禁赛       1.00      0.92      0.96        24
     竞赛行为-胜负       0.92      0.96      0.94       322
     竞赛行为-退役       0.91      0.95      0.93        21
     竞赛行为-退赛       0.75      0.66      0.70        32
     组织关系-停职       0.92      0.73      0.81        15
     组织关系-加盟       1.00      0.71      0.83        69
     组织关系-裁员       0.86      0.83      0.84        23
     组织关系-解散       1.00      0.94      0.97        17
     组织关系-解约       1.00      0.17      0.29        12
     组织关系-解雇       1.00      0.43      0.60        28
   组织关系-辞/离职       0.97      0.98      0.98       109
     组织关系-退出       0.71      0.78      0.75        32
     组织行为-开幕       0.97      0.95      0.96        40
     组织行为-游行       1.00      0.86      0.92        14
     组织行为-罢工       0.90      1.00      0.95         9
     组织行为-闭幕       1.00      0.82      0.90        11
    财经/交易-上市       0.71      0.71      0.71         7
 财经/交易-出售/收购       0.97      0.85      0.91        40
    财经/交易-加息       0.00      0.00      0.00         2
    财经/交易-涨价       0.75      0.67      0.71         9
    财经/交易-涨停       1.00      1.00      1.00        51
    财经/交易-融资       1.00      0.94      0.97        16
    财经/交易-跌停       0.96      1.00      0.98        24
    财经/交易-降价       0.89      0.84      0.86        19
    财经/交易-降息       0.00      0.00      0.00         2

   micro avg       0.94      0.88      0.91      2627
   macro avg       0.91      0.80      0.83      2627
weighted avg       0.94      0.88      0.90      2627
 samples avg       0.92      0.90      0.90      2627

-> Valid. time: 9.5722s, loss: 0.0135, accuracy: 85.4933% 

save data
* Training epoch 12:
-> Training time: 114.2107s, loss = 0.0104, accuracy: 88.7623%
* Validation for epoch 12:
正在对验证集进行测试
              precision    recall  f1-score   support

       交往-会见       0.92      0.96      0.94        23
       交往-感谢       1.00      0.75      0.86         8
       交往-探班       1.00      0.92      0.96        13
       交往-点赞       0.83      0.83      0.83        12
       交往-道歉       0.90      0.90      0.90        21
     产品行为-上映       0.97      0.92      0.94        65
     产品行为-下架       1.00      1.00      1.00        43
     产品行为-发布       0.97      0.96      0.96       276
     产品行为-召回       1.00      0.96      0.98        45
     产品行为-获奖       0.96      0.93      0.95        28
     人生-产子/女       0.67      0.80      0.73        20
       人生-出轨       1.00      0.44      0.62         9
       人生-分手       1.00      0.84      0.92        32
       人生-失联       0.89      0.94      0.92        18
       人生-婚礼       0.77      0.91      0.83        11
       人生-庆生       0.93      0.83      0.88        30
       人生-怀孕       1.00      0.50      0.67        16
       人生-死亡       0.95      0.85      0.90       177
       人生-求婚       0.94      0.89      0.91        18
       人生-离婚       0.97      0.95      0.96        63
       人生-结婚       0.96      0.76      0.85        68
       人生-订婚       1.00      1.00      1.00        10
     司法行为-举报       0.90      0.82      0.86        11
     司法行为-入狱       0.94      0.87      0.91        39
     司法行为-开庭       0.88      0.93      0.90        15
     司法行为-拘捕       0.95      0.95      0.95       136
     司法行为-立案       0.88      0.88      0.88        16
     司法行为-约谈       1.00      1.00      1.00        57
     司法行为-罚款       0.93      0.95      0.94        41
     司法行为-起诉       1.00      0.82      0.90        39
    灾害/意外-地震       1.00      0.95      0.98        22
  灾害/意外-坍/垮塌       1.00      0.88      0.93        16
    灾害/意外-坠机       0.89      1.00      0.94        16
    灾害/意外-洪灾       1.00      0.82      0.90        11
    灾害/意外-爆炸       0.93      0.93      0.93        15
    灾害/意外-袭击       0.93      0.76      0.84        17
    灾害/意外-起火       0.90      0.93      0.91        40
    灾害/意外-车祸       0.97      0.77      0.86        47
     竞赛行为-夺冠       0.89      0.86      0.87        81
     竞赛行为-晋级       0.84      0.85      0.84        54
     竞赛行为-禁赛       1.00      0.96      0.98        24
     竞赛行为-胜负       0.96      0.92      0.94       322
     竞赛行为-退役       0.90      0.90      0.90        21
     竞赛行为-退赛       0.76      0.69      0.72        32
     组织关系-停职       0.92      0.73      0.81        15
     组织关系-加盟       1.00      0.81      0.90        69
     组织关系-裁员       0.86      0.83      0.84        23
     组织关系-解散       1.00      0.94      0.97        17
     组织关系-解约       1.00      0.17      0.29        12
     组织关系-解雇       1.00      0.50      0.67        28
   组织关系-辞/离职       0.97      0.97      0.97       109
     组织关系-退出       0.69      0.78      0.74        32
     组织行为-开幕       0.97      0.95      0.96        40
     组织行为-游行       1.00      0.86      0.92        14
     组织行为-罢工       0.90      1.00      0.95         9
     组织行为-闭幕       1.00      0.91      0.95        11
    财经/交易-上市       1.00      0.71      0.83         7
 财经/交易-出售/收购       0.97      0.90      0.94        40
    财经/交易-加息       0.00      0.00      0.00         2
    财经/交易-涨价       0.75      0.67      0.71         9
    财经/交易-涨停       1.00      1.00      1.00        51
    财经/交易-融资       1.00      1.00      1.00        16
    财经/交易-跌停       0.96      1.00      0.98        24
    财经/交易-降价       0.89      0.84      0.86        19
    财经/交易-降息       1.00      0.50      0.67         2

   micro avg       0.95      0.89      0.92      2627
   macro avg       0.92      0.84      0.87      2627
weighted avg       0.95      0.89      0.91      2627
 samples avg       0.93      0.92      0.92      2627

-> Valid. time: 9.5842s, loss: 0.0126, accuracy: 86.9983% 

save data
* Training epoch 13:
-> Training time: 114.0767s, loss = 0.0091, accuracy: 90.5394%
* Validation for epoch 13:
正在对验证集进行测试
              precision    recall  f1-score   support

       交往-会见       0.92      0.96      0.94        23
       交往-感谢       1.00      0.50      0.67         8
       交往-探班       1.00      1.00      1.00        13
       交往-点赞       1.00      0.83      0.91        12
       交往-道歉       0.90      0.90      0.90        21
     产品行为-上映       0.94      0.94      0.94        65
     产品行为-下架       1.00      1.00      1.00        43
     产品行为-发布       0.97      0.93      0.95       276
     产品行为-召回       1.00      0.96      0.98        45
     产品行为-获奖       0.96      0.86      0.91        28
     人生-产子/女       0.73      0.80      0.76        20
       人生-出轨       0.80      0.44      0.57         9
       人生-分手       1.00      0.88      0.93        32
       人生-失联       0.88      0.83      0.86        18
       人生-婚礼       0.77      0.91      0.83        11
       人生-庆生       0.93      0.83      0.88        30
       人生-怀孕       1.00      0.44      0.61        16
       人生-死亡       0.91      0.88      0.89       177
       人生-求婚       0.94      0.94      0.94        18
       人生-离婚       0.98      0.89      0.93        63
       人生-结婚       0.96      0.78      0.86        68
       人生-订婚       1.00      1.00      1.00        10
     司法行为-举报       0.82      0.82      0.82        11
     司法行为-入狱       0.97      0.82      0.89        39
     司法行为-开庭       0.88      0.93      0.90        15
     司法行为-拘捕       0.96      0.94      0.95       136
     司法行为-立案       0.88      0.88      0.88        16
     司法行为-约谈       1.00      1.00      1.00        57
     司法行为-罚款       0.95      0.98      0.96        41
     司法行为-起诉       1.00      0.95      0.97        39
    灾害/意外-地震       1.00      0.95      0.98        22
  灾害/意外-坍/垮塌       1.00      0.81      0.90        16
    灾害/意外-坠机       1.00      1.00      1.00        16
    灾害/意外-洪灾       1.00      0.73      0.84        11
    灾害/意外-爆炸       0.93      0.93      0.93        15
    灾害/意外-袭击       0.81      0.76      0.79        17
    灾害/意外-起火       0.94      0.85      0.89        40
    灾害/意外-车祸       0.90      0.77      0.83        47
     竞赛行为-夺冠       0.88      0.88      0.88        81
     竞赛行为-晋级       0.85      0.85      0.85        54
     竞赛行为-禁赛       1.00      0.96      0.98        24
     竞赛行为-胜负       0.95      0.94      0.95       322
     竞赛行为-退役       0.91      0.95      0.93        21
     竞赛行为-退赛       0.89      0.53      0.67        32
     组织关系-停职       0.92      0.80      0.86        15
     组织关系-加盟       1.00      0.77      0.87        69
     组织关系-裁员       0.86      0.83      0.84        23
     组织关系-解散       1.00      0.94      0.97        17
     组织关系-解约       1.00      0.25      0.40        12
     组织关系-解雇       0.94      0.54      0.68        28
   组织关系-辞/离职       0.99      0.96      0.98       109
     组织关系-退出       0.64      0.84      0.73        32
     组织行为-开幕       0.97      0.95      0.96        40
     组织行为-游行       1.00      0.86      0.92        14
     组织行为-罢工       1.00      1.00      1.00         9
     组织行为-闭幕       1.00      0.91      0.95        11
    财经/交易-上市       0.71      0.71      0.71         7
 财经/交易-出售/收购       0.97      0.85      0.91        40
    财经/交易-加息       1.00      1.00      1.00         2
    财经/交易-涨价       0.86      0.67      0.75         9
    财经/交易-涨停       1.00      1.00      1.00        51
    财经/交易-融资       0.94      0.94      0.94        16
    财经/交易-跌停       0.96      1.00      0.98        24
    财经/交易-降价       0.89      0.84      0.86        19
    财经/交易-降息       0.00      0.00      0.00         2

   micro avg       0.94      0.89      0.91      2627
   macro avg       0.92      0.84      0.87      2627
weighted avg       0.94      0.89      0.91      2627
 samples avg       0.92      0.91      0.91      2627

-> Valid. time: 9.5937s, loss: 0.0116, accuracy: 86.8311% 

* Training epoch 14:
-> Training time: 114.1006s, loss = 0.0078, accuracy: 92.0866%
* Validation for epoch 14:
正在对验证集进行测试
              precision    recall  f1-score   support

       交往-会见       0.96      1.00      0.98        23
       交往-感谢       1.00      0.62      0.77         8
       交往-探班       1.00      1.00      1.00        13
       交往-点赞       1.00      0.83      0.91        12
       交往-道歉       0.90      0.90      0.90        21
     产品行为-上映       0.94      0.92      0.93        65
     产品行为-下架       1.00      0.98      0.99        43
     产品行为-发布       0.97      0.93      0.95       276
     产品行为-召回       1.00      0.96      0.98        45
     产品行为-获奖       0.96      0.86      0.91        28
     人生-产子/女       0.76      0.80      0.78        20
       人生-出轨       0.80      0.44      0.57         9
       人生-分手       1.00      0.88      0.93        32
       人生-失联       0.94      0.94      0.94        18
       人生-婚礼       0.71      0.91      0.80        11
       人生-庆生       0.93      0.87      0.90        30
       人生-怀孕       1.00      0.56      0.72        16
       人生-死亡       0.91      0.90      0.91       177
       人生-求婚       0.89      0.94      0.92        18
       人生-离婚       0.95      0.92      0.94        63
       人生-结婚       0.93      0.81      0.87        68
       人生-订婚       1.00      1.00      1.00        10
     司法行为-举报       0.82      0.82      0.82        11
     司法行为-入狱       0.92      0.90      0.91        39
     司法行为-开庭       0.87      0.87      0.87        15
     司法行为-拘捕       0.96      0.94      0.95       136
     司法行为-立案       0.88      0.88      0.88        16
     司法行为-约谈       1.00      1.00      1.00        57
     司法行为-罚款       0.97      0.90      0.94        41
     司法行为-起诉       1.00      0.92      0.96        39
    灾害/意外-地震       1.00      0.95      0.98        22
  灾害/意外-坍/垮塌       0.93      0.88      0.90        16
    灾害/意外-坠机       0.94      1.00      0.97        16
    灾害/意外-洪灾       1.00      0.82      0.90        11
    灾害/意外-爆炸       0.93      0.93      0.93        15
    灾害/意外-袭击       0.82      0.82      0.82        17
    灾害/意外-起火       0.88      0.90      0.89        40
    灾害/意外-车祸       0.87      0.83      0.85        47
     竞赛行为-夺冠       0.86      0.90      0.88        81
     竞赛行为-晋级       0.85      0.87      0.86        54
     竞赛行为-禁赛       1.00      0.96      0.98        24
     竞赛行为-胜负       0.88      0.97      0.92       322
     竞赛行为-退役       0.95      0.90      0.93        21
     竞赛行为-退赛       0.91      0.62      0.74        32
     组织关系-停职       1.00      0.87      0.93        15
     组织关系-加盟       0.98      0.75      0.85        69
     组织关系-裁员       0.81      0.91      0.86        23
     组织关系-解散       1.00      0.94      0.97        17
     组织关系-解约       1.00      0.25      0.40        12
     组织关系-解雇       0.95      0.64      0.77        28
   组织关系-辞/离职       0.98      0.96      0.97       109
     组织关系-退出       0.74      0.81      0.78        32
     组织行为-开幕       0.97      0.95      0.96        40
     组织行为-游行       1.00      0.86      0.92        14
     组织行为-罢工       0.90      1.00      0.95         9
     组织行为-闭幕       1.00      0.91      0.95        11
    财经/交易-上市       1.00      0.71      0.83         7
 财经/交易-出售/收购       0.97      0.85      0.91        40
    财经/交易-加息       1.00      1.00      1.00         2
    财经/交易-涨价       0.67      0.67      0.67         9
    财经/交易-涨停       1.00      1.00      1.00        51
    财经/交易-融资       0.94      0.94      0.94        16
    财经/交易-跌停       0.96      0.96      0.96        24
    财经/交易-降价       0.83      0.79      0.81        19
    财经/交易-降息       1.00      1.00      1.00         2

   micro avg       0.93      0.90      0.92      2627
   macro avg       0.93      0.87      0.89      2627
weighted avg       0.93      0.90      0.91      2627
 samples avg       0.93      0.92      0.92      2627

-> Valid. time: 9.5712s, loss: 0.0118, accuracy: 86.8311% 

* Training epoch 15:
-> Training time: 114.0649s, loss = 0.0068, accuracy: 93.2156%
* Validation for epoch 15:
正在对验证集进行测试
              precision    recall  f1-score   support

       交往-会见       0.96      0.96      0.96        23
       交往-感谢       1.00      0.50      0.67         8
       交往-探班       1.00      1.00      1.00        13
       交往-点赞       1.00      0.83      0.91        12
       交往-道歉       0.91      0.95      0.93        21
     产品行为-上映       0.97      0.92      0.94        65
     产品行为-下架       1.00      0.98      0.99        43
     产品行为-发布       0.97      0.96      0.96       276
     产品行为-召回       1.00      0.98      0.99        45
     产品行为-获奖       0.96      0.93      0.95        28
     人生-产子/女       0.73      0.80      0.76        20
       人生-出轨       1.00      0.44      0.62         9
       人生-分手       1.00      0.91      0.95        32
       人生-失联       0.95      1.00      0.97        18
       人生-婚礼       0.69      0.82      0.75        11
       人生-庆生       0.96      0.83      0.89        30
       人生-怀孕       1.00      0.56      0.72        16
       人生-死亡       0.92      0.90      0.91       177
       人生-求婚       0.94      0.94      0.94        18
       人生-离婚       1.00      0.90      0.95        63
       人生-结婚       0.94      0.85      0.89        68
       人生-订婚       1.00      1.00      1.00        10
     司法行为-举报       0.90      0.82      0.86        11
     司法行为-入狱       0.92      0.90      0.91        39
     司法行为-开庭       0.82      0.93      0.87        15
     司法行为-拘捕       0.95      0.93      0.94       136
     司法行为-立案       0.93      0.88      0.90        16
     司法行为-约谈       1.00      1.00      1.00        57
     司法行为-罚款       0.95      1.00      0.98        41
     司法行为-起诉       1.00      0.95      0.97        39
    灾害/意外-地震       1.00      0.95      0.98        22
  灾害/意外-坍/垮塌       0.93      0.88      0.90        16
    灾害/意外-坠机       1.00      1.00      1.00        16
    灾害/意外-洪灾       1.00      0.82      0.90        11
    灾害/意外-爆炸       0.88      0.93      0.90        15
    灾害/意外-袭击       0.82      0.82      0.82        17
    灾害/意外-起火       0.92      0.90      0.91        40
    灾害/意外-车祸       0.82      0.96      0.88        47
     竞赛行为-夺冠       0.89      0.91      0.90        81
     竞赛行为-晋级       0.87      0.87      0.87        54
     竞赛行为-禁赛       1.00      0.96      0.98        24
     竞赛行为-胜负       0.95      0.94      0.95       322
     竞赛行为-退役       1.00      0.90      0.95        21
     竞赛行为-退赛       0.77      0.75      0.76        32
     组织关系-停职       1.00      0.87      0.93        15
     组织关系-加盟       1.00      0.74      0.85        69
     组织关系-裁员       0.84      0.91      0.87        23
     组织关系-解散       1.00      0.94      0.97        17
     组织关系-解约       1.00      0.25      0.40        12
     组织关系-解雇       1.00      0.57      0.73        28
   组织关系-辞/离职       0.98      0.97      0.98       109
     组织关系-退出       0.75      0.84      0.79        32
     组织行为-开幕       0.97      0.95      0.96        40
     组织行为-游行       1.00      0.86      0.92        14
     组织行为-罢工       0.90      1.00      0.95         9
     组织行为-闭幕       1.00      0.82      0.90        11
    财经/交易-上市       1.00      0.71      0.83         7
 财经/交易-出售/收购       0.95      0.88      0.91        40
    财经/交易-加息       1.00      1.00      1.00         2
    财经/交易-涨价       0.75      0.67      0.71         9
    财经/交易-涨停       1.00      1.00      1.00        51
    财经/交易-融资       1.00      0.94      0.97        16
    财经/交易-跌停       0.96      1.00      0.98        24
    财经/交易-降价       0.89      0.84      0.86        19
    财经/交易-降息       1.00      1.00      1.00         2

   micro avg       0.94      0.91      0.93      2627
   macro avg       0.94      0.87      0.90      2627
weighted avg       0.95      0.91      0.92      2627
 samples avg       0.93      0.93      0.93      2627

-> Valid. time: 9.5763s, loss: 0.0109, accuracy: 88.3361% 

save data
* Training epoch 16:
-> Training time: 113.9703s, loss = 0.0063, accuracy: 93.7069%
* Validation for epoch 16:
正在对验证集进行测试
              precision    recall  f1-score   support

       交往-会见       0.96      0.96      0.96        23
       交往-感谢       1.00      0.62      0.77         8
       交往-探班       1.00      1.00      1.00        13
       交往-点赞       1.00      0.83      0.91        12
       交往-道歉       0.86      0.90      0.88        21
     产品行为-上映       0.94      0.92      0.93        65
     产品行为-下架       1.00      0.98      0.99        43
     产品行为-发布       0.97      0.96      0.97       276
     产品行为-召回       1.00      0.98      0.99        45
     产品行为-获奖       0.96      0.86      0.91        28
     人生-产子/女       0.84      0.80      0.82        20
       人生-出轨       1.00      0.44      0.62         9
       人生-分手       1.00      0.91      0.95        32
       人生-失联       0.89      0.94      0.92        18
       人生-婚礼       0.67      0.91      0.77        11
       人生-庆生       0.96      0.83      0.89        30
       人生-怀孕       1.00      0.62      0.77        16
       人生-死亡       0.90      0.89      0.90       177
       人生-求婚       0.94      0.94      0.94        18
       人生-离婚       1.00      0.86      0.92        63
       人生-结婚       0.95      0.79      0.86        68
       人生-订婚       0.91      1.00      0.95        10
     司法行为-举报       0.82      0.82      0.82        11
     司法行为-入狱       0.95      0.90      0.92        39
     司法行为-开庭       0.93      0.93      0.93        15
     司法行为-拘捕       0.94      0.96      0.95       136
     司法行为-立案       0.93      0.88      0.90        16
     司法行为-约谈       1.00      1.00      1.00        57
     司法行为-罚款       0.98      0.98      0.98        41
     司法行为-起诉       1.00      0.90      0.95        39
    灾害/意外-地震       0.95      0.95      0.95        22
  灾害/意外-坍/垮塌       1.00      0.88      0.93        16
    灾害/意外-坠机       1.00      1.00      1.00        16
    灾害/意外-洪灾       1.00      0.82      0.90        11
    灾害/意外-爆炸       0.93      0.87      0.90        15
    灾害/意外-袭击       0.67      0.94      0.78        17
    灾害/意外-起火       0.90      0.93      0.91        40
    灾害/意外-车祸       0.81      0.89      0.85        47
     竞赛行为-夺冠       0.84      0.93      0.88        81
     竞赛行为-晋级       0.83      0.89      0.86        54
     竞赛行为-禁赛       1.00      1.00      1.00        24
     竞赛行为-胜负       0.96      0.94      0.95       322
     竞赛行为-退役       0.87      0.95      0.91        21
     竞赛行为-退赛       0.80      0.75      0.77        32
     组织关系-停职       1.00      0.87      0.93        15
     组织关系-加盟       0.97      0.81      0.88        69
     组织关系-裁员       0.83      0.87      0.85        23
     组织关系-解散       0.94      0.94      0.94        17
     组织关系-解约       1.00      0.25      0.40        12
     组织关系-解雇       0.95      0.71      0.82        28
   组织关系-辞/离职       0.98      0.98      0.98       109
     组织关系-退出       0.76      0.81      0.79        32
     组织行为-开幕       0.97      0.95      0.96        40
     组织行为-游行       1.00      0.86      0.92        14
     组织行为-罢工       0.90      1.00      0.95         9
     组织行为-闭幕       1.00      0.91      0.95        11
    财经/交易-上市       1.00      0.57      0.73         7
 财经/交易-出售/收购       1.00      0.90      0.95        40
    财经/交易-加息       1.00      1.00      1.00         2
    财经/交易-涨价       0.78      0.78      0.78         9
    财经/交易-涨停       1.00      1.00      1.00        51
    财经/交易-融资       1.00      0.94      0.97        16
    财经/交易-跌停       0.96      1.00      0.98        24
    财经/交易-降价       0.89      0.84      0.86        19
    财经/交易-降息       1.00      1.00      1.00         2

   micro avg       0.94      0.91      0.92      2627
   macro avg       0.94      0.88      0.90      2627
weighted avg       0.94      0.91      0.92      2627
 samples avg       0.94      0.93      0.93      2627

-> Valid. time: 9.5818s, loss: 0.0107, accuracy: 88.0017% 

* Training epoch 17:
-> Training time: 113.9651s, loss = 0.0057, accuracy: 94.5327%
* Validation for epoch 17:
正在对验证集进行测试
              precision    recall  f1-score   support

       交往-会见       0.96      1.00      0.98        23
       交往-感谢       1.00      0.62      0.77         8
       交往-探班       1.00      1.00      1.00        13
       交往-点赞       1.00      0.83      0.91        12
       交往-道歉       0.86      0.90      0.88        21
     产品行为-上映       0.94      0.94      0.94        65
     产品行为-下架       1.00      0.98      0.99        43
     产品行为-发布       0.97      0.95      0.96       276
     产品行为-召回       1.00      0.96      0.98        45
     产品行为-获奖       0.96      0.93      0.95        28
     人生-产子/女       0.76      0.80      0.78        20
       人生-出轨       1.00      0.44      0.62         9
       人生-分手       1.00      0.84      0.92        32
       人生-失联       0.90      1.00      0.95        18
       人生-婚礼       0.67      0.91      0.77        11
       人生-庆生       0.96      0.83      0.89        30
       人生-怀孕       1.00      0.56      0.72        16
       人生-死亡       0.89      0.93      0.91       177
       人生-求婚       0.94      0.94      0.94        18
       人生-离婚       0.94      0.92      0.93        63
       人生-结婚       0.98      0.82      0.90        68
       人生-订婚       1.00      1.00      1.00        10
     司法行为-举报       0.90      0.82      0.86        11
     司法行为-入狱       0.97      0.85      0.90        39
     司法行为-开庭       0.93      0.93      0.93        15
     司法行为-拘捕       0.95      0.96      0.95       136
     司法行为-立案       0.88      0.88      0.88        16
     司法行为-约谈       1.00      1.00      1.00        57
     司法行为-罚款       0.95      0.98      0.96        41
     司法行为-起诉       1.00      0.87      0.93        39
    灾害/意外-地震       0.95      0.95      0.95        22
  灾害/意外-坍/垮塌       1.00      0.88      0.93        16
    灾害/意外-坠机       1.00      1.00      1.00        16
    灾害/意外-洪灾       1.00      0.82      0.90        11
    灾害/意外-爆炸       0.93      0.93      0.93        15
    灾害/意外-袭击       0.70      0.82      0.76        17
    灾害/意外-起火       0.94      0.85      0.89        40
    灾害/意外-车祸       0.88      0.91      0.90        47
     竞赛行为-夺冠       0.87      0.90      0.88        81
     竞赛行为-晋级       0.89      0.87      0.88        54
     竞赛行为-禁赛       1.00      0.96      0.98        24
     竞赛行为-胜负       0.96      0.93      0.94       322
     竞赛行为-退役       0.91      0.95      0.93        21
     竞赛行为-退赛       0.85      0.69      0.76        32
     组织关系-停职       1.00      0.87      0.93        15
     组织关系-加盟       1.00      0.80      0.89        69
     组织关系-裁员       0.83      0.87      0.85        23
     组织关系-解散       0.94      0.94      0.94        17
     组织关系-解约       1.00      0.25      0.40        12
     组织关系-解雇       1.00      0.64      0.78        28
   组织关系-辞/离职       0.96      0.98      0.97       109
     组织关系-退出       0.72      0.88      0.79        32
     组织行为-开幕       0.97      0.95      0.96        40
     组织行为-游行       1.00      0.86      0.92        14
     组织行为-罢工       0.90      1.00      0.95         9
     组织行为-闭幕       1.00      0.91      0.95        11
    财经/交易-上市       0.83      0.71      0.77         7
 财经/交易-出售/收购       0.97      0.88      0.92        40
    财经/交易-加息       1.00      1.00      1.00         2
    财经/交易-涨价       0.75      0.67      0.71         9
    财经/交易-涨停       1.00      1.00      1.00        51
    财经/交易-融资       1.00      1.00      1.00        16
    财经/交易-跌停       0.96      1.00      0.98        24
    财经/交易-降价       0.84      0.84      0.84        19
    财经/交易-降息       1.00      1.00      1.00         2

   micro avg       0.94      0.91      0.92      2627
   macro avg       0.94      0.88      0.90      2627
weighted avg       0.94      0.91      0.92      2627
 samples avg       0.93      0.93      0.93      2627

-> Valid. time: 9.5748s, loss: 0.0106, accuracy: 88.2107% 

* Training epoch 18:
-> Training time: 113.8438s, loss = 0.0051, accuracy: 95.2122%
* Validation for epoch 18:
正在对验证集进行测试
              precision    recall  f1-score   support

       交往-会见       0.96      1.00      0.98        23
       交往-感谢       1.00      0.62      0.77         8
       交往-探班       1.00      1.00      1.00        13
       交往-点赞       1.00      0.83      0.91        12
       交往-道歉       0.86      0.90      0.88        21
     产品行为-上映       0.95      0.92      0.94        65
     产品行为-下架       1.00      0.98      0.99        43
     产品行为-发布       0.97      0.95      0.96       276
     产品行为-召回       1.00      0.96      0.98        45
     产品行为-获奖       0.96      0.93      0.95        28
     人生-产子/女       0.80      0.80      0.80        20
       人生-出轨       0.83      0.56      0.67         9
       人生-分手       1.00      0.91      0.95        32
       人生-失联       0.95      1.00      0.97        18
       人生-婚礼       0.62      0.91      0.74        11
       人生-庆生       0.96      0.83      0.89        30
       人生-怀孕       1.00      0.69      0.81        16
       人生-死亡       0.95      0.88      0.91       177
       人生-求婚       0.94      0.94      0.94        18
       人生-离婚       0.97      0.90      0.93        63
       人生-结婚       0.97      0.84      0.90        68
       人生-订婚       1.00      1.00      1.00        10
     司法行为-举报       0.80      0.73      0.76        11
     司法行为-入狱       0.94      0.87      0.91        39
     司法行为-开庭       0.82      0.93      0.87        15
     司法行为-拘捕       0.94      0.97      0.96       136
     司法行为-立案       0.93      0.88      0.90        16
     司法行为-约谈       1.00      1.00      1.00        57
     司法行为-罚款       0.95      1.00      0.98        41
     司法行为-起诉       1.00      0.95      0.97        39
    灾害/意外-地震       1.00      0.95      0.98        22
  灾害/意外-坍/垮塌       1.00      0.88      0.93        16
    灾害/意外-坠机       1.00      1.00      1.00        16
    灾害/意外-洪灾       1.00      0.82      0.90        11
    灾害/意外-爆炸       0.93      0.93      0.93        15
    灾害/意外-袭击       0.83      0.88      0.86        17
    灾害/意外-起火       0.95      0.90      0.92        40
    灾害/意外-车祸       0.86      0.89      0.88        47
     竞赛行为-夺冠       0.89      0.91      0.90        81
     竞赛行为-晋级       0.87      0.89      0.88        54
     竞赛行为-禁赛       1.00      1.00      1.00        24
     竞赛行为-胜负       0.96      0.93      0.95       322
     竞赛行为-退役       0.86      0.90      0.88        21
     竞赛行为-退赛       0.79      0.72      0.75        32
     组织关系-停职       1.00      0.87      0.93        15
     组织关系-加盟       0.98      0.78      0.87        69
     组织关系-裁员       0.84      0.91      0.87        23
     组织关系-解散       0.94      0.94      0.94        17
     组织关系-解约       1.00      0.33      0.50        12
     组织关系-解雇       1.00      0.75      0.86        28
   组织关系-辞/离职       0.98      0.97      0.98       109
     组织关系-退出       0.75      0.84      0.79        32
     组织行为-开幕       0.97      0.95      0.96        40
     组织行为-游行       0.93      0.93      0.93        14
     组织行为-罢工       0.90      1.00      0.95         9
     组织行为-闭幕       1.00      0.91      0.95        11
    财经/交易-上市       0.83      0.71      0.77         7
 财经/交易-出售/收购       0.97      0.88      0.92        40
    财经/交易-加息       1.00      1.00      1.00         2
    财经/交易-涨价       0.78      0.78      0.78         9
    财经/交易-涨停       1.00      1.00      1.00        51
    财经/交易-融资       1.00      0.94      0.97        16
    财经/交易-跌停       0.96      1.00      0.98        24
    财经/交易-降价       0.84      0.84      0.84        19
    财经/交易-降息       1.00      1.00      1.00         2

   micro avg       0.94      0.91      0.93      2627
   macro avg       0.93      0.89      0.90      2627
weighted avg       0.95      0.91      0.93      2627
 samples avg       0.94      0.93      0.93      2627

-> Valid. time: 9.5670s, loss: 0.0104, accuracy: 88.7542% 

save data
* Training epoch 19:
-> Training time: 114.0117s, loss = 0.0048, accuracy: 95.5885%
* Validation for epoch 19:
正在对验证集进行测试
              precision    recall  f1-score   support

       交往-会见       0.96      0.96      0.96        23
       交往-感谢       1.00      0.75      0.86         8
       交往-探班       1.00      1.00      1.00        13
       交往-点赞       1.00      0.83      0.91        12
       交往-道歉       0.87      0.95      0.91        21
     产品行为-上映       0.95      0.92      0.94        65
     产品行为-下架       1.00      0.98      0.99        43
     产品行为-发布       0.97      0.92      0.95       276
     产品行为-召回       1.00      0.98      0.99        45
     产品行为-获奖       0.96      0.93      0.95        28
     人生-产子/女       0.80      0.80      0.80        20
       人生-出轨       1.00      0.44      0.62         9
       人生-分手       1.00      0.88      0.93        32
       人生-失联       0.95      1.00      0.97        18
       人生-婚礼       0.67      0.91      0.77        11
       人生-庆生       0.96      0.87      0.91        30
       人生-怀孕       1.00      0.56      0.72        16
       人生-死亡       0.89      0.90      0.90       177
       人生-求婚       0.89      0.94      0.92        18
       人生-离婚       0.94      0.92      0.93        63
       人生-结婚       0.97      0.82      0.89        68
       人生-订婚       1.00      1.00      1.00        10
     司法行为-举报       0.89      0.73      0.80        11
     司法行为-入狱       0.97      0.87      0.92        39
     司法行为-开庭       0.93      0.93      0.93        15
     司法行为-拘捕       0.96      0.95      0.95       136
     司法行为-立案       0.88      0.88      0.88        16
     司法行为-约谈       1.00      0.98      0.99        57
     司法行为-罚款       0.98      0.98      0.98        41
     司法行为-起诉       1.00      0.92      0.96        39
    灾害/意外-地震       0.95      0.95      0.95        22
  灾害/意外-坍/垮塌       1.00      0.88      0.93        16
    灾害/意外-坠机       1.00      1.00      1.00        16
    灾害/意外-洪灾       1.00      0.91      0.95        11
    灾害/意外-爆炸       0.88      0.93      0.90        15
    灾害/意外-袭击       0.82      0.82      0.82        17
    灾害/意外-起火       0.92      0.90      0.91        40
    灾害/意外-车祸       0.84      0.89      0.87        47
     竞赛行为-夺冠       0.93      0.86      0.90        81
     竞赛行为-晋级       0.75      0.94      0.84        54
     竞赛行为-禁赛       1.00      1.00      1.00        24
     竞赛行为-胜负       0.94      0.96      0.95       322
     竞赛行为-退役       0.88      1.00      0.93        21
     竞赛行为-退赛       0.87      0.62      0.73        32
     组织关系-停职       1.00      0.87      0.93        15
     组织关系-加盟       0.98      0.78      0.87        69
     组织关系-裁员       0.86      0.78      0.82        23
     组织关系-解散       1.00      1.00      1.00        17
     组织关系-解约       1.00      0.25      0.40        12
     组织关系-解雇       0.95      0.75      0.84        28
   组织关系-辞/离职       0.96      0.98      0.97       109
     组织关系-退出       0.68      0.88      0.77        32
     组织行为-开幕       0.95      0.95      0.95        40
     组织行为-游行       0.92      0.86      0.89        14
     组织行为-罢工       0.90      1.00      0.95         9
     组织行为-闭幕       1.00      0.82      0.90        11
    财经/交易-上市       0.71      0.71      0.71         7
 财经/交易-出售/收购       0.97      0.90      0.94        40
    财经/交易-加息       1.00      1.00      1.00         2
    财经/交易-涨价       0.64      0.78      0.70         9
    财经/交易-涨停       1.00      1.00      1.00        51
    财经/交易-融资       0.94      1.00      0.97        16
    财经/交易-跌停       0.96      1.00      0.98        24
    财经/交易-降价       0.84      0.84      0.84        19
    财经/交易-降息       1.00      1.00      1.00         2

   micro avg       0.93      0.91      0.92      2627
   macro avg       0.93      0.88      0.90      2627
weighted avg       0.94      0.91      0.92      2627
 samples avg       0.93      0.93      0.93      2627

-> Valid. time: 9.5824s, loss: 0.0106, accuracy: 88.0017% 

* Training epoch 20:
-> Training time: 114.0748s, loss = 0.0043, accuracy: 96.0799%
* Validation for epoch 20:
正在对验证集进行测试
              precision    recall  f1-score   support

       交往-会见       0.96      1.00      0.98        23
       交往-感谢       1.00      0.75      0.86         8
       交往-探班       1.00      1.00      1.00        13
       交往-点赞       1.00      0.83      0.91        12
       交往-道歉       0.90      0.90      0.90        21
     产品行为-上映       0.94      0.94      0.94        65
     产品行为-下架       1.00      0.98      0.99        43
     产品行为-发布       0.97      0.94      0.95       276
     产品行为-召回       1.00      0.98      0.99        45
     产品行为-获奖       0.96      0.89      0.93        28
     人生-产子/女       0.80      0.80      0.80        20
       人生-出轨       1.00      0.44      0.62         9
       人生-分手       1.00      0.81      0.90        32
       人生-失联       0.90      1.00      0.95        18
       人生-婚礼       0.67      0.91      0.77        11
       人生-庆生       0.93      0.83      0.88        30
       人生-怀孕       1.00      0.69      0.81        16
       人生-死亡       0.93      0.89      0.91       177
       人生-求婚       0.94      0.94      0.94        18
       人生-离婚       0.92      0.89      0.90        63
       人生-结婚       0.93      0.82      0.87        68
       人生-订婚       1.00      1.00      1.00        10
     司法行为-举报       0.75      0.82      0.78        11
     司法行为-入狱       0.95      0.90      0.92        39
     司法行为-开庭       0.82      0.93      0.87        15
     司法行为-拘捕       0.95      0.97      0.96       136
     司法行为-立案       0.93      0.88      0.90        16
     司法行为-约谈       1.00      1.00      1.00        57
     司法行为-罚款       0.95      0.98      0.96        41
     司法行为-起诉       1.00      0.92      0.96        39
    灾害/意外-地震       1.00      0.95      0.98        22
  灾害/意外-坍/垮塌       1.00      0.88      0.93        16
    灾害/意外-坠机       1.00      1.00      1.00        16
    灾害/意外-洪灾       1.00      0.82      0.90        11
    灾害/意外-爆炸       0.93      0.93      0.93        15
    灾害/意外-袭击       0.82      0.82      0.82        17
    灾害/意外-起火       0.95      0.88      0.91        40
    灾害/意外-车祸       0.91      0.83      0.87        47
     竞赛行为-夺冠       0.91      0.90      0.91        81
     竞赛行为-晋级       0.83      0.89      0.86        54
     竞赛行为-禁赛       1.00      1.00      1.00        24
     竞赛行为-胜负       0.96      0.93      0.95       322
     竞赛行为-退役       0.88      1.00      0.93        21
     竞赛行为-退赛       0.83      0.75      0.79        32
     组织关系-停职       1.00      0.87      0.93        15
     组织关系-加盟       0.98      0.80      0.88        69
     组织关系-裁员       0.83      0.87      0.85        23
     组织关系-解散       0.94      0.94      0.94        17
     组织关系-解约       1.00      0.33      0.50        12
     组织关系-解雇       1.00      0.68      0.81        28
   组织关系-辞/离职       0.96      0.98      0.97       109
     组织关系-退出       0.74      0.81      0.78        32
     组织行为-开幕       0.97      0.95      0.96        40
     组织行为-游行       1.00      0.86      0.92        14
     组织行为-罢工       0.90      1.00      0.95         9
     组织行为-闭幕       1.00      0.91      0.95        11
    财经/交易-上市       0.83      0.71      0.77         7
 财经/交易-出售/收购       0.97      0.88      0.92        40
    财经/交易-加息       1.00      1.00      1.00         2
    财经/交易-涨价       0.58      0.78      0.67         9
    财经/交易-涨停       1.00      1.00      1.00        51
    财经/交易-融资       0.94      1.00      0.97        16
    财经/交易-跌停       0.96      1.00      0.98        24
    财经/交易-降价       0.94      0.84      0.89        19
    财经/交易-降息       1.00      1.00      1.00         2

   micro avg       0.94      0.91      0.92      2627
   macro avg       0.93      0.88      0.90      2627
weighted avg       0.94      0.91      0.92      2627
 samples avg       0.94      0.93      0.93      2627

-> Valid. time: 9.5662s, loss: 0.0105, accuracy: 88.5452% 

