num_labels 是65
====================  Preparing for training  ====================
	* Loading training data...
数据集个数为9566
输入例子
梅西缺阵苏牙伤退，巴萨西甲遭遇开门黑，巴尔韦德下课呼声四起
input_ids
tensor([   1, 1226,  213, 1009, 1368,  733, 1297,  767,  917,    4,  822, 1351,
         213, 1004, 1396,  825,   88,  232,  669,    4,  822,  482, 2177,  437,
          86,  636, 1208,  615,  274,  200,    2,    0,    0,    0,    0,    0,
           0,    0,    0,    0,    0,    0,    0,    0,    0,    0,    0,    0,
           0,    0,    0,    0,    0,    0,    0,    0,    0,    0,    0,    0,
           0,    0,    0,    0,    0,    0,    0,    0,    0,    0,    0,    0,
           0,    0,    0,    0,    0,    0,    0,    0,    0,    0,    0,    0,
           0,    0,    0,    0,    0,    0,    0,    0,    0,    0,    0,    0,
           0,    0,    0,    0,    0,    0,    0,    0,    0,    0,    0,    0,
           0,    0,    0,    0,    0,    0,    0,    0,    0,    0,    0,    0,
           0,    0,    0,    0,    0,    0,    0,    0,    0,    0,    0,    0,
           0,    0,    0,    0,    0,    0,    0,    0,    0,    0,    0,    0,
           0,    0,    0,    0,    0,    0])
token_type_ids
tensor([0, 0, 0, 0, 0, 0, 0, 0, 0, 0, 0, 0, 0, 0, 0, 0, 0, 0, 0, 0, 0, 0, 0, 0,
        0, 0, 0, 0, 0, 0, 0, 0, 0, 0, 0, 0, 0, 0, 0, 0, 0, 0, 0, 0, 0, 0, 0, 0,
        0, 0, 0, 0, 0, 0, 0, 0, 0, 0, 0, 0, 0, 0, 0, 0, 0, 0, 0, 0, 0, 0, 0, 0,
        0, 0, 0, 0, 0, 0, 0, 0, 0, 0, 0, 0, 0, 0, 0, 0, 0, 0, 0, 0, 0, 0, 0, 0,
        0, 0, 0, 0, 0, 0, 0, 0, 0, 0, 0, 0, 0, 0, 0, 0, 0, 0, 0, 0, 0, 0, 0, 0,
        0, 0, 0, 0, 0, 0, 0, 0, 0, 0, 0, 0, 0, 0, 0, 0, 0, 0, 0, 0, 0, 0, 0, 0,
        0, 0, 0, 0, 0, 0])
attention_mask
tensor([1, 1, 1, 1, 1, 1, 1, 1, 1, 1, 1, 1, 1, 1, 1, 1, 1, 1, 1, 1, 1, 1, 1, 1,
        1, 1, 1, 1, 1, 1, 1, 0, 0, 0, 0, 0, 0, 0, 0, 0, 0, 0, 0, 0, 0, 0, 0, 0,
        0, 0, 0, 0, 0, 0, 0, 0, 0, 0, 0, 0, 0, 0, 0, 0, 0, 0, 0, 0, 0, 0, 0, 0,
        0, 0, 0, 0, 0, 0, 0, 0, 0, 0, 0, 0, 0, 0, 0, 0, 0, 0, 0, 0, 0, 0, 0, 0,
        0, 0, 0, 0, 0, 0, 0, 0, 0, 0, 0, 0, 0, 0, 0, 0, 0, 0, 0, 0, 0, 0, 0, 0,
        0, 0, 0, 0, 0, 0, 0, 0, 0, 0, 0, 0, 0, 0, 0, 0, 0, 0, 0, 0, 0, 0, 0, 0,
        0, 0, 0, 0, 0, 0])
labels
tensor([0., 0., 0., 0., 0., 0., 0., 0., 0., 0., 0., 0., 0., 0., 0., 0., 0., 0.,
        0., 0., 0., 0., 0., 0., 0., 0., 0., 0., 0., 0., 0., 0., 0., 0., 0., 0.,
        0., 0., 0., 0., 0., 0., 0., 1., 0., 0., 0., 0., 0., 0., 0., 0., 0., 0.,
        0., 0., 0., 0., 0., 0., 0., 0., 0., 0., 0.])
实际序列转换后的长度为150, 设置最长为150
	* Loading validation data...
数据集个数为2392
输入例子
日前，赣州师范高等专科学校披露了关于该校教师陈某利用工作便利，与两名女学生发生不正当关系的违规违纪问题的查处情况。经该校研究，依法给予陈某开除党籍和开除公职的处理，并在全校通报和开展警示教育。
input_ids
tensor([    1,   139,   152,     4,  2705,   404,   224,   473,    69,    43,
          206,   147,    18,   225,  1802,  1113,    15,   129,    37,   310,
          225,    80,   224,   830,   908,   217,    29,    35,    25,   518,
          217,     4,    54,   240,   132,   291,    18,    21,    34,    21,
           16,   243,   153,   129,   135,     5,  1147,   209,  1147,   623,
          358,   281,     5,   459,   239,   182,   617, 12043,    60,   310,
          225,   166,   229,     4,   569,    72,   416,   840,   830,   908,
           88,   599,   467,  1314,    14,    88,   599,    53,   389,     5,
          239,    38,     4,   145,    11,    62,   225,   124,   337,    14,
           88,   117,  1023,   496,    80,   227, 12043,     2,     0,     0,
            0,     0,     0,     0,     0,     0,     0,     0,     0,     0,
            0,     0,     0,     0,     0,     0,     0,     0,     0,     0,
            0,     0,     0,     0,     0,     0,     0,     0,     0,     0,
            0,     0,     0,     0,     0,     0,     0,     0,     0,     0,
            0,     0,     0,     0,     0,     0,     0,     0,     0,     0])
token_type_ids
tensor([0, 0, 0, 0, 0, 0, 0, 0, 0, 0, 0, 0, 0, 0, 0, 0, 0, 0, 0, 0, 0, 0, 0, 0,
        0, 0, 0, 0, 0, 0, 0, 0, 0, 0, 0, 0, 0, 0, 0, 0, 0, 0, 0, 0, 0, 0, 0, 0,
        0, 0, 0, 0, 0, 0, 0, 0, 0, 0, 0, 0, 0, 0, 0, 0, 0, 0, 0, 0, 0, 0, 0, 0,
        0, 0, 0, 0, 0, 0, 0, 0, 0, 0, 0, 0, 0, 0, 0, 0, 0, 0, 0, 0, 0, 0, 0, 0,
        0, 0, 0, 0, 0, 0, 0, 0, 0, 0, 0, 0, 0, 0, 0, 0, 0, 0, 0, 0, 0, 0, 0, 0,
        0, 0, 0, 0, 0, 0, 0, 0, 0, 0, 0, 0, 0, 0, 0, 0, 0, 0, 0, 0, 0, 0, 0, 0,
        0, 0, 0, 0, 0, 0])
attention_mask
tensor([1, 1, 1, 1, 1, 1, 1, 1, 1, 1, 1, 1, 1, 1, 1, 1, 1, 1, 1, 1, 1, 1, 1, 1,
        1, 1, 1, 1, 1, 1, 1, 1, 1, 1, 1, 1, 1, 1, 1, 1, 1, 1, 1, 1, 1, 1, 1, 1,
        1, 1, 1, 1, 1, 1, 1, 1, 1, 1, 1, 1, 1, 1, 1, 1, 1, 1, 1, 1, 1, 1, 1, 1,
        1, 1, 1, 1, 1, 1, 1, 1, 1, 1, 1, 1, 1, 1, 1, 1, 1, 1, 1, 1, 1, 1, 1, 1,
        1, 1, 0, 0, 0, 0, 0, 0, 0, 0, 0, 0, 0, 0, 0, 0, 0, 0, 0, 0, 0, 0, 0, 0,
        0, 0, 0, 0, 0, 0, 0, 0, 0, 0, 0, 0, 0, 0, 0, 0, 0, 0, 0, 0, 0, 0, 0, 0,
        0, 0, 0, 0, 0, 0])
labels
tensor([0., 0., 0., 0., 0., 0., 0., 0., 0., 0., 0., 0., 0., 0., 0., 0., 0., 0.,
        0., 0., 0., 0., 0., 0., 0., 0., 0., 0., 0., 0., 0., 0., 0., 0., 0., 0.,
        0., 0., 0., 0., 0., 0., 0., 0., 0., 0., 0., 0., 0., 1., 0., 0., 0., 0.,
        0., 0., 0., 0., 0., 0., 0., 0., 0., 0., 0.])
实际序列转换后的长度为150, 设置最长为150
	* Building model...
正在对验证集进行测试
              precision    recall  f1-score   support

       交往-会见       0.01      1.00      0.02        23
       交往-感谢       0.00      0.88      0.01         8
       交往-探班       0.01      1.00      0.01        13
       交往-点赞       0.01      0.33      0.01        12
       交往-道歉       0.00      0.00      0.00        21
     产品行为-上映       0.03      0.92      0.05        65
     产品行为-下架       0.02      0.84      0.03        43
     产品行为-发布       0.11      0.06      0.07       276
     产品行为-召回       0.02      1.00      0.04        45
     产品行为-获奖       0.00      0.00      0.00        28
     人生-产子/女       0.02      0.25      0.03        20
       人生-出轨       0.00      0.67      0.01         9
       人生-分手       0.01      0.28      0.02        32
       人生-失联       0.00      0.00      0.00        18
       人生-婚礼       0.00      0.00      0.00        11
       人生-庆生       0.00      0.00      0.00        30
       人生-怀孕       0.01      0.56      0.01        16
       人生-死亡       0.04      0.01      0.02       177
       人生-求婚       0.02      0.61      0.04        18
       人生-离婚       0.03      1.00      0.05        63
       人生-结婚       0.02      0.13      0.03        68
       人生-订婚       0.00      0.00      0.00        10
     司法行为-举报       0.00      0.82      0.01        11
     司法行为-入狱       0.02      0.67      0.04        39
     司法行为-开庭       0.01      1.00      0.01        15
     司法行为-拘捕       0.08      0.22      0.11       136
     司法行为-立案       0.01      1.00      0.01        16
     司法行为-约谈       0.05      0.44      0.09        57
     司法行为-罚款       0.02      0.66      0.04        41
     司法行为-起诉       0.02      1.00      0.03        39
    灾害/意外-地震       0.01      0.09      0.02        22
  灾害/意外-坍/垮塌       0.01      0.88      0.02        16
    灾害/意外-坠机       0.00      0.00      0.00        16
    灾害/意外-洪灾       0.00      1.00      0.01        11
    灾害/意外-爆炸       0.01      1.00      0.01        15
    灾害/意外-袭击       0.00      0.18      0.01        17
    灾害/意外-起火       0.00      0.00      0.00        40
    灾害/意外-车祸       0.01      0.36      0.03        47
     竞赛行为-夺冠       0.03      0.84      0.06        81
     竞赛行为-晋级       0.02      0.78      0.04        54
     竞赛行为-禁赛       0.00      0.00      0.00        24
     竞赛行为-胜负       0.13      1.00      0.24       322
     竞赛行为-退役       0.01      0.05      0.02        21
     竞赛行为-退赛       0.01      0.38      0.02        32
     组织关系-停职       0.01      0.07      0.01        15
     组织关系-加盟       0.03      0.99      0.06        69
     组织关系-裁员       0.01      0.35      0.01        23
     组织关系-解散       0.01      0.94      0.02        17
     组织关系-解约       0.00      0.17      0.01        12
     组织关系-解雇       0.00      0.00      0.00        28
   组织关系-辞/离职       0.02      0.02      0.02       109
     组织关系-退出       0.01      0.94      0.03        32
     组织行为-开幕       0.02      1.00      0.03        40
     组织行为-游行       0.01      1.00      0.01        14
     组织行为-罢工       0.00      1.00      0.01         9
     组织行为-闭幕       0.00      1.00      0.01        11
    财经/交易-上市       0.00      1.00      0.01         7
 财经/交易-出售/收购       0.02      0.97      0.03        40
    财经/交易-加息       0.00      1.00      0.00         2
    财经/交易-涨价       0.00      0.00      0.00         9
    财经/交易-涨停       0.00      0.10      0.01        51
    财经/交易-融资       0.00      0.00      0.00        16
    财经/交易-跌停       0.01      0.88      0.02        24
    财经/交易-降价       0.01      1.00      0.02        19
    财经/交易-降息       0.00      0.00      0.00         2

   micro avg       0.02      0.50      0.03      2627
   macro avg       0.01      0.53      0.02      2627
weighted avg       0.04      0.50      0.06      2627
 samples avg       0.02      0.49      0.03      2627

	* Validation loss before training: 0.9790, accuracy: 0.0000%

 ==================== Training model on device: cuda ====================
* Training epoch 1:
-> Training time: 114.9889s, loss = 0.2263, accuracy: 0.5645%
* Validation for epoch 1:
正在对验证集进行测试
              precision    recall  f1-score   support

       交往-会见       0.00      0.00      0.00        23
       交往-感谢       0.00      0.00      0.00         8
       交往-探班       0.00      0.00      0.00        13
       交往-点赞       0.00      0.00      0.00        12
       交往-道歉       0.00      0.00      0.00        21
     产品行为-上映       0.00      0.00      0.00        65
     产品行为-下架       0.00      0.00      0.00        43
     产品行为-发布       0.00      0.00      0.00       276
     产品行为-召回       0.00      0.00      0.00        45
     产品行为-获奖       0.00      0.00      0.00        28
     人生-产子/女       0.00      0.00      0.00        20
       人生-出轨       0.00      0.00      0.00         9
       人生-分手       0.00      0.00      0.00        32
       人生-失联       0.00      0.00      0.00        18
       人生-婚礼       0.00      0.00      0.00        11
       人生-庆生       0.00      0.00      0.00        30
       人生-怀孕       0.00      0.00      0.00        16
       人生-死亡       0.00      0.00      0.00       177
       人生-求婚       0.00      0.00      0.00        18
       人生-离婚       0.00      0.00      0.00        63
       人生-结婚       0.00      0.00      0.00        68
       人生-订婚       0.00      0.00      0.00        10
     司法行为-举报       0.00      0.00      0.00        11
     司法行为-入狱       0.00      0.00      0.00        39
     司法行为-开庭       0.00      0.00      0.00        15
     司法行为-拘捕       0.00      0.00      0.00       136
     司法行为-立案       0.00      0.00      0.00        16
     司法行为-约谈       0.00      0.00      0.00        57
     司法行为-罚款       0.00      0.00      0.00        41
     司法行为-起诉       0.00      0.00      0.00        39
    灾害/意外-地震       0.00      0.00      0.00        22
  灾害/意外-坍/垮塌       0.00      0.00      0.00        16
    灾害/意外-坠机       0.00      0.00      0.00        16
    灾害/意外-洪灾       0.00      0.00      0.00        11
    灾害/意外-爆炸       0.00      0.00      0.00        15
    灾害/意外-袭击       0.00      0.00      0.00        17
    灾害/意外-起火       0.00      0.00      0.00        40
    灾害/意外-车祸       0.00      0.00      0.00        47
     竞赛行为-夺冠       0.00      0.00      0.00        81
     竞赛行为-晋级       0.00      0.00      0.00        54
     竞赛行为-禁赛       0.00      0.00      0.00        24
     竞赛行为-胜负       0.96      0.47      0.63       322
     竞赛行为-退役       0.00      0.00      0.00        21
     竞赛行为-退赛       0.00      0.00      0.00        32
     组织关系-停职       0.00      0.00      0.00        15
     组织关系-加盟       0.00      0.00      0.00        69
     组织关系-裁员       0.00      0.00      0.00        23
     组织关系-解散       0.00      0.00      0.00        17
     组织关系-解约       0.00      0.00      0.00        12
     组织关系-解雇       0.00      0.00      0.00        28
   组织关系-辞/离职       0.00      0.00      0.00       109
     组织关系-退出       0.00      0.00      0.00        32
     组织行为-开幕       0.00      0.00      0.00        40
     组织行为-游行       0.00      0.00      0.00        14
     组织行为-罢工       0.00      0.00      0.00         9
     组织行为-闭幕       0.00      0.00      0.00        11
    财经/交易-上市       0.00      0.00      0.00         7
 财经/交易-出售/收购       0.00      0.00      0.00        40
    财经/交易-加息       0.00      0.00      0.00         2
    财经/交易-涨价       0.00      0.00      0.00         9
    财经/交易-涨停       0.00      0.00      0.00        51
    财经/交易-融资       0.00      0.00      0.00        16
    财经/交易-跌停       0.00      0.00      0.00        24
    财经/交易-降价       0.00      0.00      0.00        19
    财经/交易-降息       0.00      0.00      0.00         2

   micro avg       0.96      0.06      0.11      2627
   macro avg       0.01      0.01      0.01      2627
weighted avg       0.12      0.06      0.08      2627
 samples avg       0.06      0.06      0.06      2627

-> Valid. time: 9.7934s, loss: 0.0831, accuracy: 4.8495% 

save data
* Training epoch 2:
-> Training time: 114.8207s, loss = 0.0794, accuracy: 11.6768%
* Validation for epoch 2:
正在对验证集进行测试
              precision    recall  f1-score   support

       交往-会见       0.00      0.00      0.00        23
       交往-感谢       0.00      0.00      0.00         8
       交往-探班       0.00      0.00      0.00        13
       交往-点赞       0.00      0.00      0.00        12
       交往-道歉       0.00      0.00      0.00        21
     产品行为-上映       0.00      0.00      0.00        65
     产品行为-下架       0.00      0.00      0.00        43
     产品行为-发布       0.95      0.83      0.89       276
     产品行为-召回       0.00      0.00      0.00        45
     产品行为-获奖       0.00      0.00      0.00        28
     人生-产子/女       0.00      0.00      0.00        20
       人生-出轨       0.00      0.00      0.00         9
       人生-分手       0.00      0.00      0.00        32
       人生-失联       0.00      0.00      0.00        18
       人生-婚礼       0.00      0.00      0.00        11
       人生-庆生       0.00      0.00      0.00        30
       人生-怀孕       0.00      0.00      0.00        16
       人生-死亡       0.00      0.00      0.00       177
       人生-求婚       0.00      0.00      0.00        18
       人生-离婚       0.00      0.00      0.00        63
       人生-结婚       0.00      0.00      0.00        68
       人生-订婚       0.00      0.00      0.00        10
     司法行为-举报       0.00      0.00      0.00        11
     司法行为-入狱       0.00      0.00      0.00        39
     司法行为-开庭       0.00      0.00      0.00        15
     司法行为-拘捕       0.00      0.00      0.00       136
     司法行为-立案       0.00      0.00      0.00        16
     司法行为-约谈       0.00      0.00      0.00        57
     司法行为-罚款       0.00      0.00      0.00        41
     司法行为-起诉       0.00      0.00      0.00        39
    灾害/意外-地震       0.00      0.00      0.00        22
  灾害/意外-坍/垮塌       0.00      0.00      0.00        16
    灾害/意外-坠机       0.00      0.00      0.00        16
    灾害/意外-洪灾       0.00      0.00      0.00        11
    灾害/意外-爆炸       0.00      0.00      0.00        15
    灾害/意外-袭击       0.00      0.00      0.00        17
    灾害/意外-起火       0.00      0.00      0.00        40
    灾害/意外-车祸       0.00      0.00      0.00        47
     竞赛行为-夺冠       0.00      0.00      0.00        81
     竞赛行为-晋级       0.00      0.00      0.00        54
     竞赛行为-禁赛       0.00      0.00      0.00        24
     竞赛行为-胜负       0.87      0.96      0.91       322
     竞赛行为-退役       0.00      0.00      0.00        21
     竞赛行为-退赛       0.00      0.00      0.00        32
     组织关系-停职       0.00      0.00      0.00        15
     组织关系-加盟       0.00      0.00      0.00        69
     组织关系-裁员       0.00      0.00      0.00        23
     组织关系-解散       0.00      0.00      0.00        17
     组织关系-解约       0.00      0.00      0.00        12
     组织关系-解雇       0.00      0.00      0.00        28
   组织关系-辞/离职       0.00      0.00      0.00       109
     组织关系-退出       0.00      0.00      0.00        32
     组织行为-开幕       0.00      0.00      0.00        40
     组织行为-游行       0.00      0.00      0.00        14
     组织行为-罢工       0.00      0.00      0.00         9
     组织行为-闭幕       0.00      0.00      0.00        11
    财经/交易-上市       0.00      0.00      0.00         7
 财经/交易-出售/收购       0.00      0.00      0.00        40
    财经/交易-加息       0.00      0.00      0.00         2
    财经/交易-涨价       0.00      0.00      0.00         9
    财经/交易-涨停       0.00      0.00      0.00        51
    财经/交易-融资       0.00      0.00      0.00        16
    财经/交易-跌停       0.00      0.00      0.00        24
    财经/交易-降价       0.00      0.00      0.00        19
    财经/交易-降息       0.00      0.00      0.00         2

   micro avg       0.90      0.20      0.33      2627
   macro avg       0.03      0.03      0.03      2627
weighted avg       0.21      0.20      0.20      2627
 samples avg       0.22      0.21      0.22      2627

-> Valid. time: 9.5725s, loss: 0.0644, accuracy: 20.0251% 

save data
* Training epoch 3:
-> Training time: 113.7198s, loss = 0.0615, accuracy: 23.5731%
* Validation for epoch 3:
正在对验证集进行测试
              precision    recall  f1-score   support

       交往-会见       0.00      0.00      0.00        23
       交往-感谢       0.00      0.00      0.00         8
       交往-探班       0.00      0.00      0.00        13
       交往-点赞       0.00      0.00      0.00        12
       交往-道歉       0.00      0.00      0.00        21
     产品行为-上映       0.98      0.69      0.81        65
     产品行为-下架       0.00      0.00      0.00        43
     产品行为-发布       0.96      0.90      0.93       276
     产品行为-召回       1.00      0.51      0.68        45
     产品行为-获奖       0.00      0.00      0.00        28
     人生-产子/女       0.00      0.00      0.00        20
       人生-出轨       0.00      0.00      0.00         9
       人生-分手       0.00      0.00      0.00        32
       人生-失联       0.00      0.00      0.00        18
       人生-婚礼       0.00      0.00      0.00        11
       人生-庆生       0.00      0.00      0.00        30
       人生-怀孕       0.00      0.00      0.00        16
       人生-死亡       0.76      0.84      0.80       177
       人生-求婚       0.00      0.00      0.00        18
       人生-离婚       0.97      0.59      0.73        63
       人生-结婚       0.00      0.00      0.00        68
       人生-订婚       0.00      0.00      0.00        10
     司法行为-举报       0.00      0.00      0.00        11
     司法行为-入狱       0.92      0.28      0.43        39
     司法行为-开庭       0.00      0.00      0.00        15
     司法行为-拘捕       0.92      0.88      0.90       136
     司法行为-立案       0.00      0.00      0.00        16
     司法行为-约谈       0.00      0.00      0.00        57
     司法行为-罚款       1.00      0.07      0.14        41
     司法行为-起诉       0.00      0.00      0.00        39
    灾害/意外-地震       0.00      0.00      0.00        22
  灾害/意外-坍/垮塌       0.00      0.00      0.00        16
    灾害/意外-坠机       0.00      0.00      0.00        16
    灾害/意外-洪灾       0.00      0.00      0.00        11
    灾害/意外-爆炸       0.00      0.00      0.00        15
    灾害/意外-袭击       0.00      0.00      0.00        17
    灾害/意外-起火       0.00      0.00      0.00        40
    灾害/意外-车祸       0.00      0.00      0.00        47
     竞赛行为-夺冠       0.89      0.42      0.57        81
     竞赛行为-晋级       0.00      0.00      0.00        54
     竞赛行为-禁赛       0.00      0.00      0.00        24
     竞赛行为-胜负       0.93      0.97      0.95       322
     竞赛行为-退役       0.00      0.00      0.00        21
     竞赛行为-退赛       0.00      0.00      0.00        32
     组织关系-停职       0.00      0.00      0.00        15
     组织关系-加盟       0.92      0.16      0.27        69
     组织关系-裁员       0.00      0.00      0.00        23
     组织关系-解散       0.00      0.00      0.00        17
     组织关系-解约       0.00      0.00      0.00        12
     组织关系-解雇       0.00      0.00      0.00        28
   组织关系-辞/离职       0.90      0.92      0.91       109
     组织关系-退出       0.00      0.00      0.00        32
     组织行为-开幕       0.81      0.55      0.66        40
     组织行为-游行       0.00      0.00      0.00        14
     组织行为-罢工       0.00      0.00      0.00         9
     组织行为-闭幕       0.00      0.00      0.00        11
    财经/交易-上市       0.00      0.00      0.00         7
 财经/交易-出售/收购       0.00      0.00      0.00        40
    财经/交易-加息       0.00      0.00      0.00         2
    财经/交易-涨价       0.00      0.00      0.00         9
    财经/交易-涨停       0.76      0.94      0.84        51
    财经/交易-融资       0.00      0.00      0.00        16
    财经/交易-跌停       0.00      0.00      0.00        24
    财经/交易-降价       0.00      0.00      0.00        19
    财经/交易-降息       0.00      0.00      0.00         2

   micro avg       0.90      0.44      0.59      2627
   macro avg       0.20      0.13      0.15      2627
weighted avg       0.52      0.44      0.46      2627
 samples avg       0.49      0.46      0.47      2627

-> Valid. time: 9.5821s, loss: 0.0464, accuracy: 42.9766% 

save data
* Training epoch 4:
-> Training time: 113.6320s, loss = 0.0450, accuracy: 44.9927%
* Validation for epoch 4:
正在对验证集进行测试
              precision    recall  f1-score   support

       交往-会见       1.00      0.78      0.88        23
       交往-感谢       0.00      0.00      0.00         8
       交往-探班       0.00      0.00      0.00        13
       交往-点赞       0.00      0.00      0.00        12
       交往-道歉       1.00      0.24      0.38        21
     产品行为-上映       1.00      0.94      0.97        65
     产品行为-下架       1.00      0.95      0.98        43
     产品行为-发布       0.98      0.95      0.96       276
     产品行为-召回       1.00      0.96      0.98        45
     产品行为-获奖       0.92      0.43      0.59        28
     人生-产子/女       0.50      0.05      0.09        20
       人生-出轨       0.00      0.00      0.00         9
       人生-分手       0.00      0.00      0.00        32
       人生-失联       0.00      0.00      0.00        18
       人生-婚礼       0.00      0.00      0.00        11
       人生-庆生       1.00      0.57      0.72        30
       人生-怀孕       0.00      0.00      0.00        16
       人生-死亡       0.85      0.94      0.89       177
       人生-求婚       0.00      0.00      0.00        18
       人生-离婚       0.97      0.94      0.95        63
       人生-结婚       0.76      0.71      0.73        68
       人生-订婚       0.00      0.00      0.00        10
     司法行为-举报       0.00      0.00      0.00        11
     司法行为-入狱       0.94      0.74      0.83        39
     司法行为-开庭       1.00      0.13      0.24        15
     司法行为-拘捕       0.98      0.96      0.97       136
     司法行为-立案       0.00      0.00      0.00        16
     司法行为-约谈       0.95      0.98      0.97        57
     司法行为-罚款       0.93      0.32      0.47        41
     司法行为-起诉       1.00      0.10      0.19        39
    灾害/意外-地震       1.00      0.59      0.74        22
  灾害/意外-坍/垮塌       0.00      0.00      0.00        16
    灾害/意外-坠机       0.00      0.00      0.00        16
    灾害/意外-洪灾       0.00      0.00      0.00        11
    灾害/意外-爆炸       0.00      0.00      0.00        15
    灾害/意外-袭击       0.00      0.00      0.00        17
    灾害/意外-起火       1.00      0.05      0.10        40
    灾害/意外-车祸       0.87      0.57      0.69        47
     竞赛行为-夺冠       0.89      0.73      0.80        81
     竞赛行为-晋级       1.00      0.09      0.17        54
     竞赛行为-禁赛       0.95      0.88      0.91        24
     竞赛行为-胜负       0.93      0.98      0.95       322
     竞赛行为-退役       0.00      0.00      0.00        21
     竞赛行为-退赛       0.00      0.00      0.00        32
     组织关系-停职       0.00      0.00      0.00        15
     组织关系-加盟       0.96      0.71      0.82        69
     组织关系-裁员       0.93      0.61      0.74        23
     组织关系-解散       1.00      0.24      0.38        17
     组织关系-解约       0.00      0.00      0.00        12
     组织关系-解雇       0.00      0.00      0.00        28
   组织关系-辞/离职       0.90      0.97      0.93       109
     组织关系-退出       0.00      0.00      0.00        32
     组织行为-开幕       0.80      0.82      0.81        40
     组织行为-游行       0.00      0.00      0.00        14
     组织行为-罢工       0.00      0.00      0.00         9
     组织行为-闭幕       0.00      0.00      0.00        11
    财经/交易-上市       0.00      0.00      0.00         7
 财经/交易-出售/收购       0.94      0.85      0.89        40
    财经/交易-加息       0.00      0.00      0.00         2
    财经/交易-涨价       0.00      0.00      0.00         9
    财经/交易-涨停       0.68      0.98      0.80        51
    财经/交易-融资       0.94      1.00      0.97        16
    财经/交易-跌停       0.00      0.00      0.00        24
    财经/交易-降价       0.00      0.00      0.00        19
    财经/交易-降息       0.00      0.00      0.00         2

   micro avg       0.92      0.65      0.76      2627
   macro avg       0.47      0.33      0.36      2627
weighted avg       0.76      0.65      0.67      2627
 samples avg       0.71      0.68      0.69      2627

-> Valid. time: 9.5863s, loss: 0.0332, accuracy: 64.2559% 

save data
* Training epoch 5:
-> Training time: 113.6678s, loss = 0.0330, accuracy: 62.4608%
* Validation for epoch 5:
正在对验证集进行测试
              precision    recall  f1-score   support

       交往-会见       1.00      1.00      1.00        23
       交往-感谢       0.00      0.00      0.00         8
       交往-探班       0.00      0.00      0.00        13
       交往-点赞       1.00      0.25      0.40        12
       交往-道歉       0.90      0.86      0.88        21
     产品行为-上映       1.00      0.94      0.97        65
     产品行为-下架       1.00      0.98      0.99        43
     产品行为-发布       0.97      0.96      0.97       276
     产品行为-召回       1.00      0.98      0.99        45
     产品行为-获奖       0.96      0.86      0.91        28
     人生-产子/女       0.75      0.60      0.67        20
       人生-出轨       0.00      0.00      0.00         9
       人生-分手       1.00      0.75      0.86        32
       人生-失联       0.00      0.00      0.00        18
       人生-婚礼       0.00      0.00      0.00        11
       人生-庆生       1.00      0.97      0.98        30
       人生-怀孕       0.00      0.00      0.00        16
       人生-死亡       0.93      0.92      0.93       177
       人生-求婚       0.00      0.00      0.00        18
       人生-离婚       0.97      0.95      0.96        63
       人生-结婚       0.94      0.74      0.83        68
       人生-订婚       0.00      0.00      0.00        10
     司法行为-举报       1.00      0.36      0.53        11
     司法行为-入狱       0.95      0.90      0.92        39
     司法行为-开庭       1.00      0.73      0.85        15
     司法行为-拘捕       0.97      0.95      0.96       136
     司法行为-立案       0.00      0.00      0.00        16
     司法行为-约谈       1.00      0.98      0.99        57
     司法行为-罚款       0.93      0.68      0.79        41
     司法行为-起诉       0.97      0.77      0.86        39
    灾害/意外-地震       0.95      0.95      0.95        22
  灾害/意外-坍/垮塌       0.00      0.00      0.00        16
    灾害/意外-坠机       1.00      0.81      0.90        16
    灾害/意外-洪灾       0.00      0.00      0.00        11
    灾害/意外-爆炸       0.00      0.00      0.00        15
    灾害/意外-袭击       0.00      0.00      0.00        17
    灾害/意外-起火       0.97      0.80      0.88        40
    灾害/意外-车祸       0.93      0.89      0.91        47
     竞赛行为-夺冠       0.92      0.86      0.89        81
     竞赛行为-晋级       0.80      0.76      0.78        54
     竞赛行为-禁赛       0.94      0.71      0.81        24
     竞赛行为-胜负       0.95      0.98      0.96       322
     竞赛行为-退役       1.00      0.86      0.92        21
     竞赛行为-退赛       1.00      0.16      0.27        32
     组织关系-停职       1.00      0.67      0.80        15
     组织关系-加盟       0.95      0.78      0.86        69
     组织关系-裁员       0.85      0.74      0.79        23
     组织关系-解散       1.00      0.94      0.97        17
     组织关系-解约       0.00      0.00      0.00        12
     组织关系-解雇       0.00      0.00      0.00        28
   组织关系-辞/离职       0.93      0.97      0.95       109
     组织关系-退出       0.72      0.41      0.52        32
     组织行为-开幕       0.78      0.95      0.85        40
     组织行为-游行       0.00      0.00      0.00        14
     组织行为-罢工       1.00      0.22      0.36         9
     组织行为-闭幕       0.00      0.00      0.00        11
    财经/交易-上市       1.00      0.43      0.60         7
 财经/交易-出售/收购       1.00      0.93      0.96        40
    财经/交易-加息       0.00      0.00      0.00         2
    财经/交易-涨价       0.00      0.00      0.00         9
    财经/交易-涨停       1.00      1.00      1.00        51
    财经/交易-融资       0.94      1.00      0.97        16
    财经/交易-跌停       0.96      1.00      0.98        24
    财经/交易-降价       0.00      0.00      0.00        19
    财经/交易-降息       0.00      0.00      0.00         2

   micro avg       0.95      0.79      0.86      2627
   macro avg       0.64      0.54      0.57      2627
weighted avg       0.85      0.79      0.81      2627
 samples avg       0.84      0.81      0.82      2627

-> Valid. time: 9.5664s, loss: 0.0242, accuracy: 77.3411% 

save data
* Training epoch 6:
-> Training time: 113.4965s, loss = 0.0249, accuracy: 73.4058%
* Validation for epoch 6:
正在对验证集进行测试
              precision    recall  f1-score   support

       交往-会见       1.00      1.00      1.00        23
       交往-感谢       1.00      0.25      0.40         8
       交往-探班       1.00      0.85      0.92        13
       交往-点赞       1.00      0.58      0.74        12
       交往-道歉       0.95      0.90      0.93        21
     产品行为-上映       1.00      0.94      0.97        65
     产品行为-下架       1.00      1.00      1.00        43
     产品行为-发布       0.97      0.97      0.97       276
     产品行为-召回       1.00      0.98      0.99        45
     产品行为-获奖       1.00      0.82      0.90        28
     人生-产子/女       0.64      0.80      0.71        20
       人生-出轨       0.00      0.00      0.00         9
       人生-分手       1.00      0.78      0.88        32
       人生-失联       1.00      0.67      0.80        18
       人生-婚礼       0.00      0.00      0.00        11
       人生-庆生       0.97      0.97      0.97        30
       人生-怀孕       0.00      0.00      0.00        16
       人生-死亡       0.93      0.89      0.91       177
       人生-求婚       1.00      0.83      0.91        18
       人生-离婚       0.97      0.97      0.97        63
       人生-结婚       0.96      0.79      0.87        68
       人生-订婚       0.90      0.90      0.90        10
     司法行为-举报       0.75      0.55      0.63        11
     司法行为-入狱       0.95      0.90      0.92        39
     司法行为-开庭       0.93      0.87      0.90        15
     司法行为-拘捕       0.98      0.90      0.94       136
     司法行为-立案       1.00      0.69      0.81        16
     司法行为-约谈       1.00      0.98      0.99        57
     司法行为-罚款       0.93      0.68      0.79        41
     司法行为-起诉       0.97      0.90      0.93        39
    灾害/意外-地震       0.95      0.95      0.95        22
  灾害/意外-坍/垮塌       0.00      0.00      0.00        16
    灾害/意外-坠机       1.00      1.00      1.00        16
    灾害/意外-洪灾       0.00      0.00      0.00        11
    灾害/意外-爆炸       1.00      0.27      0.42        15
    灾害/意外-袭击       1.00      0.06      0.11        17
    灾害/意外-起火       1.00      0.88      0.93        40
    灾害/意外-车祸       0.91      0.91      0.91        47
     竞赛行为-夺冠       0.91      0.85      0.88        81
     竞赛行为-晋级       0.79      0.83      0.81        54
     竞赛行为-禁赛       0.96      1.00      0.98        24
     竞赛行为-胜负       0.95      0.98      0.96       322
     竞赛行为-退役       1.00      1.00      1.00        21
     竞赛行为-退赛       0.90      0.56      0.69        32
     组织关系-停职       1.00      0.67      0.80        15
     组织关系-加盟       0.98      0.75      0.85        69
     组织关系-裁员       0.83      0.87      0.85        23
     组织关系-解散       1.00      0.94      0.97        17
     组织关系-解约       0.00      0.00      0.00        12
     组织关系-解雇       0.00      0.00      0.00        28
   组织关系-辞/离职       0.95      0.97      0.96       109
     组织关系-退出       0.72      0.81      0.76        32
     组织行为-开幕       0.80      0.93      0.86        40
     组织行为-游行       1.00      0.79      0.88        14
     组织行为-罢工       1.00      1.00      1.00         9
     组织行为-闭幕       0.00      0.00      0.00        11
    财经/交易-上市       1.00      0.71      0.83         7
 财经/交易-出售/收购       1.00      0.95      0.97        40
    财经/交易-加息       0.00      0.00      0.00         2
    财经/交易-涨价       0.75      0.33      0.46         9
    财经/交易-涨停       1.00      1.00      1.00        51
    财经/交易-融资       0.94      1.00      0.97        16
    财经/交易-跌停       0.96      1.00      0.98        24
    财经/交易-降价       0.80      0.21      0.33        19
    财经/交易-降息       1.00      1.00      1.00         2

   micro avg       0.95      0.85      0.90      2627
   macro avg       0.81      0.70      0.74      2627
weighted avg       0.91      0.85      0.87      2627
 samples avg       0.90      0.88      0.88      2627

-> Valid. time: 9.5608s, loss: 0.0189, accuracy: 83.0268% 

save data
* Training epoch 7:
-> Training time: 113.6142s, loss = 0.0196, accuracy: 81.2461%
* Validation for epoch 7:
正在对验证集进行测试
              precision    recall  f1-score   support

       交往-会见       1.00      1.00      1.00        23
       交往-感谢       1.00      0.38      0.55         8
       交往-探班       1.00      0.92      0.96        13
       交往-点赞       1.00      0.67      0.80        12
       交往-道歉       0.95      0.90      0.93        21
     产品行为-上映       1.00      0.98      0.99        65
     产品行为-下架       1.00      1.00      1.00        43
     产品行为-发布       0.99      0.97      0.98       276
     产品行为-召回       1.00      0.98      0.99        45
     产品行为-获奖       1.00      0.82      0.90        28
     人生-产子/女       0.80      0.80      0.80        20
       人生-出轨       0.00      0.00      0.00         9
       人生-分手       1.00      0.78      0.88        32
       人生-失联       1.00      0.89      0.94        18
       人生-婚礼       0.71      0.45      0.56        11
       人生-庆生       0.97      0.97      0.97        30
       人生-怀孕       1.00      0.31      0.48        16
       人生-死亡       0.96      0.84      0.89       177
       人生-求婚       1.00      0.83      0.91        18
       人生-离婚       0.97      0.94      0.95        63
       人生-结婚       0.96      0.79      0.87        68
       人生-订婚       0.83      1.00      0.91        10
     司法行为-举报       0.80      0.73      0.76        11
     司法行为-入狱       0.94      0.85      0.89        39
     司法行为-开庭       1.00      0.87      0.93        15
     司法行为-拘捕       0.98      0.93      0.95       136
     司法行为-立案       1.00      0.88      0.93        16
     司法行为-约谈       1.00      1.00      1.00        57
     司法行为-罚款       0.97      0.80      0.88        41
     司法行为-起诉       0.88      0.92      0.90        39
    灾害/意外-地震       1.00      0.95      0.98        22
  灾害/意外-坍/垮塌       1.00      0.62      0.77        16
    灾害/意外-坠机       1.00      1.00      1.00        16
    灾害/意外-洪灾       1.00      0.55      0.71        11
    灾害/意外-爆炸       1.00      0.80      0.89        15
    灾害/意外-袭击       1.00      0.71      0.83        17
    灾害/意外-起火       1.00      0.93      0.96        40
    灾害/意外-车祸       0.98      0.89      0.93        47
     竞赛行为-夺冠       0.93      0.93      0.93        81
     竞赛行为-晋级       0.85      0.83      0.84        54
     竞赛行为-禁赛       1.00      1.00      1.00        24
     竞赛行为-胜负       0.97      0.96      0.96       322
     竞赛行为-退役       0.95      1.00      0.98        21
     竞赛行为-退赛       0.94      0.47      0.62        32
     组织关系-停职       1.00      0.87      0.93        15
     组织关系-加盟       0.96      0.78      0.86        69
     组织关系-裁员       0.82      0.78      0.80        23
     组织关系-解散       1.00      0.94      0.97        17
     组织关系-解约       0.00      0.00      0.00        12
     组织关系-解雇       0.00      0.00      0.00        28
   组织关系-辞/离职       0.93      0.99      0.96       109
     组织关系-退出       0.76      0.81      0.79        32
     组织行为-开幕       0.81      0.95      0.87        40
     组织行为-游行       1.00      0.86      0.92        14
     组织行为-罢工       1.00      1.00      1.00         9
     组织行为-闭幕       1.00      0.27      0.43        11
    财经/交易-上市       1.00      0.86      0.92         7
 财经/交易-出售/收购       1.00      0.95      0.97        40
    财经/交易-加息       0.00      0.00      0.00         2
    财经/交易-涨价       0.67      0.67      0.67         9
    财经/交易-涨停       1.00      1.00      1.00        51
    财经/交易-融资       1.00      1.00      1.00        16
    财经/交易-跌停       1.00      1.00      1.00        24
    财经/交易-降价       0.87      0.68      0.76        19
    财经/交易-降息       1.00      1.00      1.00         2

   micro avg       0.96      0.88      0.92      2627
   macro avg       0.89      0.79      0.83      2627
weighted avg       0.94      0.88      0.90      2627
 samples avg       0.93      0.90      0.91      2627

-> Valid. time: 9.5799s, loss: 0.0156, accuracy: 86.4967% 

save data
* Training epoch 8:
-> Training time: 113.6971s, loss = 0.0159, accuracy: 85.5844%
* Validation for epoch 8:
正在对验证集进行测试
              precision    recall  f1-score   support

       交往-会见       1.00      0.96      0.98        23
       交往-感谢       0.83      0.62      0.71         8
       交往-探班       1.00      1.00      1.00        13
       交往-点赞       1.00      0.75      0.86        12
       交往-道歉       0.91      0.95      0.93        21
     产品行为-上映       1.00      0.97      0.98        65
     产品行为-下架       1.00      1.00      1.00        43
     产品行为-发布       1.00      0.97      0.99       276
     产品行为-召回       1.00      0.98      0.99        45
     产品行为-获奖       1.00      0.86      0.92        28
     人生-产子/女       0.94      0.75      0.83        20
       人生-出轨       1.00      0.44      0.62         9
       人生-分手       1.00      0.75      0.86        32
       人生-失联       0.94      0.89      0.91        18
       人生-婚礼       0.77      0.91      0.83        11
       人生-庆生       1.00      0.97      0.98        30
       人生-怀孕       0.77      0.62      0.69        16
       人生-死亡       0.94      0.90      0.92       177
       人生-求婚       1.00      0.94      0.97        18
       人生-离婚       0.94      0.95      0.94        63
       人生-结婚       0.96      0.75      0.84        68
       人生-订婚       1.00      1.00      1.00        10
     司法行为-举报       0.78      0.64      0.70        11
     司法行为-入狱       0.95      0.92      0.94        39
     司法行为-开庭       0.74      0.93      0.82        15
     司法行为-拘捕       0.98      0.93      0.95       136
     司法行为-立案       1.00      0.88      0.93        16
     司法行为-约谈       1.00      1.00      1.00        57
     司法行为-罚款       0.93      0.93      0.93        41
     司法行为-起诉       0.94      0.87      0.91        39
    灾害/意外-地震       1.00      0.95      0.98        22
  灾害/意外-坍/垮塌       1.00      0.81      0.90        16
    灾害/意外-坠机       1.00      1.00      1.00        16
    灾害/意外-洪灾       1.00      0.73      0.84        11
    灾害/意外-爆炸       1.00      0.73      0.85        15
    灾害/意外-袭击       0.92      0.71      0.80        17
    灾害/意外-起火       0.97      0.93      0.95        40
    灾害/意外-车祸       0.98      0.89      0.93        47
     竞赛行为-夺冠       0.90      0.93      0.91        81
     竞赛行为-晋级       0.88      0.81      0.85        54
     竞赛行为-禁赛       0.96      1.00      0.98        24
     竞赛行为-胜负       0.98      0.95      0.96       322
     竞赛行为-退役       0.95      1.00      0.98        21
     竞赛行为-退赛       0.95      0.59      0.73        32
     组织关系-停职       1.00      0.73      0.85        15
     组织关系-加盟       0.95      0.80      0.87        69
     组织关系-裁员       0.82      0.78      0.80        23
     组织关系-解散       1.00      0.94      0.97        17
     组织关系-解约       1.00      0.08      0.15        12
     组织关系-解雇       1.00      0.46      0.63        28
   组织关系-辞/离职       0.96      0.99      0.98       109
     组织关系-退出       0.78      0.78      0.78        32
     组织行为-开幕       0.97      0.97      0.97        40
     组织行为-游行       1.00      0.86      0.92        14
     组织行为-罢工       1.00      1.00      1.00         9
     组织行为-闭幕       1.00      0.91      0.95        11
    财经/交易-上市       1.00      0.71      0.83         7
 财经/交易-出售/收购       1.00      0.95      0.97        40
    财经/交易-加息       0.00      0.00      0.00         2
    财经/交易-涨价       0.75      0.67      0.71         9
    财经/交易-涨停       1.00      1.00      1.00        51
    财经/交易-融资       1.00      1.00      1.00        16
    财经/交易-跌停       1.00      1.00      1.00        24
    财经/交易-降价       0.93      0.74      0.82        19
    财经/交易-降息       1.00      1.00      1.00         2

   micro avg       0.96      0.90      0.93      2627
   macro avg       0.94      0.84      0.87      2627
weighted avg       0.96      0.90      0.93      2627
 samples avg       0.95      0.93      0.93      2627

-> Valid. time: 9.5744s, loss: 0.0132, accuracy: 88.5870% 

save data
* Training epoch 9:
-> Training time: 113.6642s, loss = 0.0132, accuracy: 88.3232%
* Validation for epoch 9:
正在对验证集进行测试
              precision    recall  f1-score   support

       交往-会见       1.00      1.00      1.00        23
       交往-感谢       0.83      0.62      0.71         8
       交往-探班       1.00      1.00      1.00        13
       交往-点赞       1.00      0.75      0.86        12
       交往-道歉       0.95      0.95      0.95        21
     产品行为-上映       0.98      0.98      0.98        65
     产品行为-下架       1.00      1.00      1.00        43
     产品行为-发布       0.99      0.98      0.99       276
     产品行为-召回       1.00      0.98      0.99        45
     产品行为-获奖       1.00      0.86      0.92        28
     人生-产子/女       0.86      0.90      0.88        20
       人生-出轨       0.80      0.44      0.57         9
       人生-分手       1.00      0.91      0.95        32
       人生-失联       0.94      0.83      0.88        18
       人生-婚礼       0.71      0.91      0.80        11
       人生-庆生       1.00      0.97      0.98        30
       人生-怀孕       1.00      0.50      0.67        16
       人生-死亡       0.94      0.93      0.93       177
       人生-求婚       1.00      0.94      0.97        18
       人生-离婚       0.98      0.92      0.95        63
       人生-结婚       1.00      0.79      0.89        68
       人生-订婚       1.00      1.00      1.00        10
     司法行为-举报       0.86      0.55      0.67        11
     司法行为-入狱       0.95      0.90      0.92        39
     司法行为-开庭       1.00      0.87      0.93        15
     司法行为-拘捕       0.98      0.94      0.96       136
     司法行为-立案       1.00      0.88      0.93        16
     司法行为-约谈       1.00      0.98      0.99        57
     司法行为-罚款       1.00      0.78      0.88        41
     司法行为-起诉       1.00      0.90      0.95        39
    灾害/意外-地震       1.00      0.95      0.98        22
  灾害/意外-坍/垮塌       1.00      0.88      0.93        16
    灾害/意外-坠机       1.00      1.00      1.00        16
    灾害/意外-洪灾       1.00      0.82      0.90        11
    灾害/意外-爆炸       1.00      0.93      0.97        15
    灾害/意外-袭击       0.88      0.82      0.85        17
    灾害/意外-起火       1.00      0.88      0.93        40
    灾害/意外-车祸       0.96      0.91      0.93        47
     竞赛行为-夺冠       0.90      0.93      0.91        81
     竞赛行为-晋级       0.85      0.87      0.86        54
     竞赛行为-禁赛       0.96      0.96      0.96        24
     竞赛行为-胜负       0.97      0.96      0.96       322
     竞赛行为-退役       0.95      1.00      0.98        21
     竞赛行为-退赛       0.95      0.62      0.75        32
     组织关系-停职       1.00      0.87      0.93        15
     组织关系-加盟       0.96      0.74      0.84        69
     组织关系-裁员       0.83      0.87      0.85        23
     组织关系-解散       1.00      0.94      0.97        17
     组织关系-解约       1.00      0.08      0.15        12
     组织关系-解雇       1.00      0.57      0.73        28
   组织关系-辞/离职       0.96      0.98      0.97       109
     组织关系-退出       0.79      0.84      0.82        32
     组织行为-开幕       0.95      0.95      0.95        40
     组织行为-游行       1.00      0.93      0.96        14
     组织行为-罢工       1.00      1.00      1.00         9
     组织行为-闭幕       1.00      0.82      0.90        11
    财经/交易-上市       1.00      0.71      0.83         7
 财经/交易-出售/收购       1.00      0.95      0.97        40
    财经/交易-加息       1.00      1.00      1.00         2
    财经/交易-涨价       0.73      0.89      0.80         9
    财经/交易-涨停       1.00      1.00      1.00        51
    财经/交易-融资       1.00      1.00      1.00        16
    财经/交易-跌停       1.00      1.00      1.00        24
    财经/交易-降价       1.00      0.68      0.81        19
    财经/交易-降息       1.00      1.00      1.00         2

   micro avg       0.97      0.91      0.94      2627
   macro avg       0.96      0.87      0.90      2627
weighted avg       0.97      0.91      0.93      2627
 samples avg       0.95      0.94      0.94      2627

-> Valid. time: 9.5690s, loss: 0.0115, accuracy: 89.7993% 

save data
* Training epoch 10:
-> Training time: 113.6868s, loss = 0.0113, accuracy: 90.1944%
* Validation for epoch 10:
正在对验证集进行测试
              precision    recall  f1-score   support

       交往-会见       1.00      1.00      1.00        23
       交往-感谢       1.00      0.75      0.86         8
       交往-探班       1.00      1.00      1.00        13
       交往-点赞       0.90      0.75      0.82        12
       交往-道歉       0.95      0.90      0.93        21
     产品行为-上映       1.00      0.97      0.98        65
     产品行为-下架       1.00      1.00      1.00        43
     产品行为-发布       0.99      0.96      0.98       276
     产品行为-召回       1.00      0.98      0.99        45
     产品行为-获奖       0.96      0.82      0.88        28
     人生-产子/女       0.86      0.90      0.88        20
       人生-出轨       0.80      0.44      0.57         9
       人生-分手       1.00      0.75      0.86        32
       人生-失联       0.94      0.83      0.88        18
       人生-婚礼       0.71      0.91      0.80        11
       人生-庆生       1.00      1.00      1.00        30
       人生-怀孕       0.91      0.62      0.74        16
       人生-死亡       0.91      0.93      0.92       177
       人生-求婚       1.00      0.94      0.97        18
       人生-离婚       0.98      0.90      0.94        63
       人生-结婚       0.98      0.84      0.90        68
       人生-订婚       1.00      1.00      1.00        10
     司法行为-举报       0.83      0.91      0.87        11
     司法行为-入狱       0.95      0.90      0.92        39
     司法行为-开庭       1.00      0.87      0.93        15
     司法行为-拘捕       0.98      0.95      0.96       136
     司法行为-立案       1.00      0.88      0.93        16
     司法行为-约谈       1.00      0.98      0.99        57
     司法行为-罚款       1.00      0.93      0.96        41
     司法行为-起诉       0.95      0.95      0.95        39
    灾害/意外-地震       1.00      0.95      0.98        22
  灾害/意外-坍/垮塌       1.00      0.94      0.97        16
    灾害/意外-坠机       1.00      1.00      1.00        16
    灾害/意外-洪灾       1.00      0.82      0.90        11
    灾害/意外-爆炸       1.00      0.80      0.89        15
    灾害/意外-袭击       0.87      0.76      0.81        17
    灾害/意外-起火       1.00      0.88      0.93        40
    灾害/意外-车祸       0.96      0.94      0.95        47
     竞赛行为-夺冠       0.89      0.93      0.91        81
     竞赛行为-晋级       0.89      0.78      0.83        54
     竞赛行为-禁赛       1.00      0.96      0.98        24
     竞赛行为-胜负       0.96      0.95      0.96       322
     竞赛行为-退役       0.95      1.00      0.98        21
     竞赛行为-退赛       0.86      0.75      0.80        32
     组织关系-停职       1.00      0.80      0.89        15
     组织关系-加盟       0.97      0.84      0.90        69
     组织关系-裁员       0.83      0.87      0.85        23
     组织关系-解散       1.00      0.94      0.97        17
     组织关系-解约       1.00      0.25      0.40        12
     组织关系-解雇       0.91      0.71      0.80        28
   组织关系-辞/离职       0.97      0.96      0.97       109
     组织关系-退出       0.89      0.78      0.83        32
     组织行为-开幕       0.97      0.95      0.96        40
     组织行为-游行       1.00      0.93      0.96        14
     组织行为-罢工       1.00      1.00      1.00         9
     组织行为-闭幕       1.00      1.00      1.00        11
    财经/交易-上市       0.86      0.86      0.86         7
 财经/交易-出售/收购       1.00      0.95      0.97        40
    财经/交易-加息       1.00      1.00      1.00         2
    财经/交易-涨价       0.73      0.89      0.80         9
    财经/交易-涨停       1.00      1.00      1.00        51
    财经/交易-融资       1.00      1.00      1.00        16
    财经/交易-跌停       1.00      1.00      1.00        24
    财经/交易-降价       0.93      0.74      0.82        19
    财经/交易-降息       1.00      1.00      1.00         2

   micro avg       0.96      0.92      0.94      2627
   macro avg       0.95      0.88      0.91      2627
weighted avg       0.96      0.92      0.94      2627
 samples avg       0.95      0.94      0.94      2627

-> Valid. time: 9.5820s, loss: 0.0104, accuracy: 89.7575% 

* Training epoch 11:
-> Training time: 113.6529s, loss = 0.0097, accuracy: 91.7416%
* Validation for epoch 11:
正在对验证集进行测试
              precision    recall  f1-score   support

       交往-会见       1.00      1.00      1.00        23
       交往-感谢       1.00      0.75      0.86         8
       交往-探班       1.00      1.00      1.00        13
       交往-点赞       1.00      0.75      0.86        12
       交往-道歉       0.95      0.86      0.90        21
     产品行为-上映       0.98      0.95      0.97        65
     产品行为-下架       1.00      1.00      1.00        43
     产品行为-发布       0.99      0.97      0.98       276
     产品行为-召回       1.00      0.98      0.99        45
     产品行为-获奖       0.96      0.82      0.88        28
     人生-产子/女       0.85      0.85      0.85        20
       人生-出轨       0.80      0.44      0.57         9
       人生-分手       1.00      0.88      0.93        32
       人生-失联       0.94      0.89      0.91        18
       人生-婚礼       0.71      0.91      0.80        11
       人生-庆生       1.00      0.97      0.98        30
       人生-怀孕       0.90      0.56      0.69        16
       人生-死亡       0.95      0.89      0.92       177
       人生-求婚       1.00      0.94      0.97        18
       人生-离婚       0.98      0.92      0.95        63
       人生-结婚       0.98      0.79      0.88        68
       人生-订婚       1.00      1.00      1.00        10
     司法行为-举报       0.89      0.73      0.80        11
     司法行为-入狱       0.94      0.87      0.91        39
     司法行为-开庭       1.00      0.87      0.93        15
     司法行为-拘捕       0.96      0.96      0.96       136
     司法行为-立案       1.00      0.88      0.93        16
     司法行为-约谈       1.00      1.00      1.00        57
     司法行为-罚款       1.00      0.93      0.96        41
     司法行为-起诉       1.00      0.87      0.93        39
    灾害/意外-地震       1.00      0.95      0.98        22
  灾害/意外-坍/垮塌       1.00      0.88      0.93        16
    灾害/意外-坠机       1.00      1.00      1.00        16
    灾害/意外-洪灾       1.00      0.82      0.90        11
    灾害/意外-爆炸       1.00      0.93      0.97        15
    灾害/意外-袭击       0.88      0.82      0.85        17
    灾害/意外-起火       1.00      0.90      0.95        40
    灾害/意外-车祸       0.92      0.96      0.94        47
     竞赛行为-夺冠       0.87      0.93      0.90        81
     竞赛行为-晋级       0.87      0.85      0.86        54
     竞赛行为-禁赛       0.92      0.96      0.94        24
     竞赛行为-胜负       0.96      0.98      0.97       322
     竞赛行为-退役       1.00      1.00      1.00        21
     竞赛行为-退赛       0.95      0.59      0.73        32
     组织关系-停职       1.00      0.73      0.85        15
     组织关系-加盟       0.97      0.81      0.88        69
     组织关系-裁员       0.83      0.87      0.85        23
     组织关系-解散       1.00      0.94      0.97        17
     组织关系-解约       1.00      0.33      0.50        12
     组织关系-解雇       0.83      0.86      0.84        28
   组织关系-辞/离职       0.97      0.94      0.96       109
     组织关系-退出       0.87      0.81      0.84        32
     组织行为-开幕       0.97      0.95      0.96        40
     组织行为-游行       1.00      1.00      1.00        14
     组织行为-罢工       1.00      1.00      1.00         9
     组织行为-闭幕       1.00      1.00      1.00        11
    财经/交易-上市       0.86      0.86      0.86         7
 财经/交易-出售/收购       1.00      0.95      0.97        40
    财经/交易-加息       1.00      1.00      1.00         2
    财经/交易-涨价       0.73      0.89      0.80         9
    财经/交易-涨停       1.00      1.00      1.00        51
    财经/交易-融资       1.00      1.00      1.00        16
    财经/交易-跌停       1.00      1.00      1.00        24
    财经/交易-降价       0.93      0.74      0.82        19
    财经/交易-降息       1.00      1.00      1.00         2

   micro avg       0.96      0.92      0.94      2627
   macro avg       0.96      0.88      0.91      2627
weighted avg       0.96      0.92      0.94      2627
 samples avg       0.95      0.94      0.94      2627

-> Valid. time: 9.5650s, loss: 0.0098, accuracy: 89.9247% 

save data
* Training epoch 12:
-> Training time: 113.6253s, loss = 0.0085, accuracy: 92.6929%
* Validation for epoch 12:
正在对验证集进行测试
              precision    recall  f1-score   support

       交往-会见       1.00      1.00      1.00        23
       交往-感谢       1.00      0.75      0.86         8
       交往-探班       1.00      1.00      1.00        13
       交往-点赞       1.00      0.75      0.86        12
       交往-道歉       0.95      0.90      0.93        21
     产品行为-上映       1.00      0.97      0.98        65
     产品行为-下架       1.00      1.00      1.00        43
     产品行为-发布       0.99      0.97      0.98       276
     产品行为-召回       1.00      0.98      0.99        45
     产品行为-获奖       0.96      0.89      0.93        28
     人生-产子/女       0.89      0.80      0.84        20
       人生-出轨       0.83      0.56      0.67         9
       人生-分手       1.00      0.88      0.93        32
       人生-失联       0.94      0.89      0.91        18
       人生-婚礼       0.71      0.91      0.80        11
       人生-庆生       1.00      1.00      1.00        30
       人生-怀孕       0.92      0.69      0.79        16
       人生-死亡       0.94      0.92      0.93       177
       人生-求婚       1.00      1.00      1.00        18
       人生-离婚       0.98      0.92      0.95        63
       人生-结婚       0.98      0.79      0.88        68
       人生-订婚       1.00      1.00      1.00        10
     司法行为-举报       0.89      0.73      0.80        11
     司法行为-入狱       0.95      0.90      0.92        39
     司法行为-开庭       1.00      0.87      0.93        15
     司法行为-拘捕       0.98      0.96      0.97       136
     司法行为-立案       1.00      0.88      0.93        16
     司法行为-约谈       1.00      1.00      1.00        57
     司法行为-罚款       1.00      0.93      0.96        41
     司法行为-起诉       0.95      0.97      0.96        39
    灾害/意外-地震       1.00      0.95      0.98        22
  灾害/意外-坍/垮塌       1.00      0.88      0.93        16
    灾害/意外-坠机       1.00      1.00      1.00        16
    灾害/意外-洪灾       1.00      0.82      0.90        11
    灾害/意外-爆炸       1.00      0.93      0.97        15
    灾害/意外-袭击       0.88      0.82      0.85        17
    灾害/意外-起火       0.97      0.88      0.92        40
    灾害/意外-车祸       0.94      0.96      0.95        47
     竞赛行为-夺冠       0.88      0.94      0.91        81
     竞赛行为-晋级       0.87      0.85      0.86        54
     竞赛行为-禁赛       1.00      0.96      0.98        24
     竞赛行为-胜负       0.96      0.98      0.97       322
     竞赛行为-退役       0.95      1.00      0.98        21
     竞赛行为-退赛       0.88      0.66      0.75        32
     组织关系-停职       1.00      0.87      0.93        15
     组织关系-加盟       0.96      0.78      0.86        69
     组织关系-裁员       0.82      0.78      0.80        23
     组织关系-解散       1.00      0.94      0.97        17
     组织关系-解约       1.00      0.42      0.59        12
     组织关系-解雇       0.79      0.82      0.81        28
   组织关系-辞/离职       0.96      0.98      0.97       109
     组织关系-退出       0.84      0.84      0.84        32
     组织行为-开幕       0.97      0.95      0.96        40
     组织行为-游行       1.00      1.00      1.00        14
     组织行为-罢工       1.00      1.00      1.00         9
     组织行为-闭幕       1.00      1.00      1.00        11
    财经/交易-上市       0.86      0.86      0.86         7
 财经/交易-出售/收购       1.00      0.95      0.97        40
    财经/交易-加息       1.00      1.00      1.00         2
    财经/交易-涨价       0.73      0.89      0.80         9
    财经/交易-涨停       1.00      1.00      1.00        51
    财经/交易-融资       1.00      1.00      1.00        16
    财经/交易-跌停       1.00      1.00      1.00        24
    财经/交易-降价       0.93      0.74      0.82        19
    财经/交易-降息       1.00      1.00      1.00         2

   micro avg       0.96      0.93      0.94      2627
   macro avg       0.95      0.90      0.92      2627
weighted avg       0.96      0.93      0.94      2627
 samples avg       0.96      0.95      0.95      2627

-> Valid. time: 9.5747s, loss: 0.0092, accuracy: 90.5936% 

save data
* Training epoch 13:
-> Training time: 113.6319s, loss = 0.0076, accuracy: 93.5814%
* Validation for epoch 13:
正在对验证集进行测试
              precision    recall  f1-score   support

       交往-会见       1.00      1.00      1.00        23
       交往-感谢       1.00      0.75      0.86         8
       交往-探班       1.00      1.00      1.00        13
       交往-点赞       1.00      0.75      0.86        12
       交往-道歉       0.95      0.90      0.93        21
     产品行为-上映       0.98      0.97      0.98        65
     产品行为-下架       1.00      1.00      1.00        43
     产品行为-发布       0.99      0.96      0.97       276
     产品行为-召回       1.00      0.98      0.99        45
     产品行为-获奖       0.96      0.89      0.93        28
     人生-产子/女       0.78      0.90      0.84        20
       人生-出轨       0.83      0.56      0.67         9
       人生-分手       1.00      0.88      0.93        32
       人生-失联       0.94      0.89      0.91        18
       人生-婚礼       0.71      0.91      0.80        11
       人生-庆生       1.00      1.00      1.00        30
       人生-怀孕       0.90      0.56      0.69        16
       人生-死亡       0.93      0.89      0.91       177
       人生-求婚       1.00      1.00      1.00        18
       人生-离婚       0.98      0.94      0.96        63
       人生-结婚       0.98      0.85      0.91        68
       人生-订婚       1.00      1.00      1.00        10
     司法行为-举报       0.90      0.82      0.86        11
     司法行为-入狱       0.97      0.87      0.92        39
     司法行为-开庭       0.93      0.87      0.90        15
     司法行为-拘捕       0.98      0.96      0.97       136
     司法行为-立案       1.00      0.88      0.93        16
     司法行为-约谈       1.00      1.00      1.00        57
     司法行为-罚款       1.00      0.93      0.96        41
     司法行为-起诉       0.92      0.92      0.92        39
    灾害/意外-地震       1.00      0.95      0.98        22
  灾害/意外-坍/垮塌       1.00      0.88      0.93        16
    灾害/意外-坠机       1.00      1.00      1.00        16
    灾害/意外-洪灾       1.00      0.82      0.90        11
    灾害/意外-爆炸       1.00      0.87      0.93        15
    灾害/意外-袭击       0.82      0.82      0.82        17
    灾害/意外-起火       0.97      0.97      0.97        40
    灾害/意外-车祸       0.92      0.98      0.95        47
     竞赛行为-夺冠       0.88      0.94      0.91        81
     竞赛行为-晋级       0.89      0.89      0.89        54
     竞赛行为-禁赛       1.00      0.96      0.98        24
     竞赛行为-胜负       0.97      0.96      0.97       322
     竞赛行为-退役       0.95      1.00      0.98        21
     竞赛行为-退赛       0.88      0.66      0.75        32
     组织关系-停职       1.00      0.87      0.93        15
     组织关系-加盟       0.98      0.83      0.90        69
     组织关系-裁员       0.85      0.74      0.79        23
     组织关系-解散       1.00      1.00      1.00        17
     组织关系-解约       1.00      0.33      0.50        12
     组织关系-解雇       0.86      0.86      0.86        28
   组织关系-辞/离职       0.96      0.98      0.97       109
     组织关系-退出       0.83      0.91      0.87        32
     组织行为-开幕       0.97      0.95      0.96        40
     组织行为-游行       1.00      0.93      0.96        14
     组织行为-罢工       1.00      1.00      1.00         9
     组织行为-闭幕       1.00      1.00      1.00        11
    财经/交易-上市       0.86      0.86      0.86         7
 财经/交易-出售/收购       1.00      0.95      0.97        40
    财经/交易-加息       1.00      1.00      1.00         2
    财经/交易-涨价       0.78      0.78      0.78         9
    财经/交易-涨停       1.00      1.00      1.00        51
    财经/交易-融资       1.00      1.00      1.00        16
    财经/交易-跌停       1.00      1.00      1.00        24
    财经/交易-降价       0.80      0.84      0.82        19
    财经/交易-降息       1.00      1.00      1.00         2

   micro avg       0.96      0.93      0.94      2627
   macro avg       0.95      0.90      0.92      2627
weighted avg       0.96      0.93      0.94      2627
 samples avg       0.96      0.95      0.95      2627

-> Valid. time: 9.5811s, loss: 0.0087, accuracy: 90.5936% 

save data
* Training epoch 14:
-> Training time: 113.6347s, loss = 0.0068, accuracy: 93.9996%
* Validation for epoch 14:
正在对验证集进行测试
              precision    recall  f1-score   support

       交往-会见       1.00      1.00      1.00        23
       交往-感谢       1.00      0.75      0.86         8
       交往-探班       1.00      1.00      1.00        13
       交往-点赞       1.00      0.75      0.86        12
       交往-道歉       0.95      0.90      0.93        21
     产品行为-上映       1.00      0.97      0.98        65
     产品行为-下架       1.00      1.00      1.00        43
     产品行为-发布       0.99      0.98      0.99       276
     产品行为-召回       1.00      0.98      0.99        45
     产品行为-获奖       1.00      0.89      0.94        28
     人生-产子/女       0.86      0.90      0.88        20
       人生-出轨       0.75      0.67      0.71         9
       人生-分手       1.00      0.84      0.92        32
       人生-失联       0.94      0.89      0.91        18
       人生-婚礼       0.71      0.91      0.80        11
       人生-庆生       1.00      0.97      0.98        30
       人生-怀孕       0.90      0.56      0.69        16
       人生-死亡       0.89      0.97      0.93       177
       人生-求婚       1.00      0.94      0.97        18
       人生-离婚       0.98      0.92      0.95        63
       人生-结婚       0.98      0.87      0.92        68
       人生-订婚       1.00      1.00      1.00        10
     司法行为-举报       0.89      0.73      0.80        11
     司法行为-入狱       0.95      0.92      0.94        39
     司法行为-开庭       0.93      0.87      0.90        15
     司法行为-拘捕       0.98      0.95      0.96       136
     司法行为-立案       1.00      0.88      0.93        16
     司法行为-约谈       1.00      1.00      1.00        57
     司法行为-罚款       1.00      0.88      0.94        41
     司法行为-起诉       0.97      0.92      0.95        39
    灾害/意外-地震       1.00      0.95      0.98        22
  灾害/意外-坍/垮塌       1.00      0.88      0.93        16
    灾害/意外-坠机       1.00      1.00      1.00        16
    灾害/意外-洪灾       1.00      0.82      0.90        11
    灾害/意外-爆炸       1.00      0.93      0.97        15
    灾害/意外-袭击       0.82      0.82      0.82        17
    灾害/意外-起火       0.97      0.93      0.95        40
    灾害/意外-车祸       0.98      0.89      0.93        47
     竞赛行为-夺冠       0.90      0.93      0.91        81
     竞赛行为-晋级       0.85      0.93      0.88        54
     竞赛行为-禁赛       1.00      0.96      0.98        24
     竞赛行为-胜负       0.97      0.97      0.97       322
     竞赛行为-退役       1.00      1.00      1.00        21
     竞赛行为-退赛       0.81      0.69      0.75        32
     组织关系-停职       1.00      0.80      0.89        15
     组织关系-加盟       0.97      0.83      0.89        69
     组织关系-裁员       0.82      0.78      0.80        23
     组织关系-解散       1.00      0.94      0.97        17
     组织关系-解约       1.00      0.33      0.50        12
     组织关系-解雇       0.82      0.82      0.82        28
   组织关系-辞/离职       0.97      0.97      0.97       109
     组织关系-退出       0.83      0.91      0.87        32
     组织行为-开幕       0.97      0.95      0.96        40
     组织行为-游行       1.00      0.93      0.96        14
     组织行为-罢工       1.00      1.00      1.00         9
     组织行为-闭幕       1.00      1.00      1.00        11
    财经/交易-上市       0.86      0.86      0.86         7
 财经/交易-出售/收购       1.00      0.95      0.97        40
    财经/交易-加息       1.00      1.00      1.00         2
    财经/交易-涨价       0.78      0.78      0.78         9
    财经/交易-涨停       1.00      1.00      1.00        51
    财经/交易-融资       1.00      1.00      1.00        16
    财经/交易-跌停       1.00      1.00      1.00        24
    财经/交易-降价       0.84      0.84      0.84        19
    财经/交易-降息       1.00      1.00      1.00         2

   micro avg       0.96      0.93      0.94      2627
   macro avg       0.95      0.90      0.92      2627
weighted avg       0.96      0.93      0.94      2627
 samples avg       0.96      0.95      0.95      2627

-> Valid. time: 9.5720s, loss: 0.0084, accuracy: 90.6355% 

save data
* Training epoch 15:
-> Training time: 113.6241s, loss = 0.0062, accuracy: 94.6268%
* Validation for epoch 15:
正在对验证集进行测试
              precision    recall  f1-score   support

       交往-会见       1.00      1.00      1.00        23
       交往-感谢       1.00      0.75      0.86         8
       交往-探班       1.00      1.00      1.00        13
       交往-点赞       1.00      0.75      0.86        12
       交往-道歉       0.91      0.95      0.93        21
     产品行为-上映       0.98      0.97      0.98        65
     产品行为-下架       1.00      1.00      1.00        43
     产品行为-发布       0.99      0.98      0.99       276
     产品行为-召回       1.00      0.98      0.99        45
     产品行为-获奖       1.00      0.89      0.94        28
     人生-产子/女       0.78      0.90      0.84        20
       人生-出轨       0.75      0.67      0.71         9
       人生-分手       1.00      0.91      0.95        32
       人生-失联       0.94      0.89      0.91        18
       人生-婚礼       0.71      0.91      0.80        11
       人生-庆生       0.94      1.00      0.97        30
       人生-怀孕       0.92      0.69      0.79        16
       人生-死亡       0.94      0.89      0.92       177
       人生-求婚       1.00      0.94      0.97        18
       人生-离婚       0.98      0.92      0.95        63
       人生-结婚       0.98      0.85      0.91        68
       人生-订婚       1.00      1.00      1.00        10
     司法行为-举报       0.90      0.82      0.86        11
     司法行为-入狱       0.97      0.90      0.93        39
     司法行为-开庭       0.88      0.93      0.90        15
     司法行为-拘捕       0.98      0.95      0.96       136
     司法行为-立案       1.00      0.94      0.97        16
     司法行为-约谈       1.00      1.00      1.00        57
     司法行为-罚款       1.00      0.95      0.97        41
     司法行为-起诉       0.95      0.97      0.96        39
    灾害/意外-地震       1.00      0.95      0.98        22
  灾害/意外-坍/垮塌       1.00      0.94      0.97        16
    灾害/意外-坠机       1.00      1.00      1.00        16
    灾害/意外-洪灾       1.00      0.82      0.90        11
    灾害/意外-爆炸       0.93      0.93      0.93        15
    灾害/意外-袭击       0.79      0.88      0.83        17
    灾害/意外-起火       0.95      0.97      0.96        40
    灾害/意外-车祸       0.90      0.96      0.93        47
     竞赛行为-夺冠       0.88      0.94      0.91        81
     竞赛行为-晋级       0.83      0.93      0.88        54
     竞赛行为-禁赛       0.96      0.96      0.96        24
     竞赛行为-胜负       0.97      0.95      0.96       322
     竞赛行为-退役       0.95      1.00      0.98        21
     竞赛行为-退赛       0.85      0.69      0.76        32
     组织关系-停职       1.00      0.87      0.93        15
     组织关系-加盟       0.96      0.78      0.86        69
     组织关系-裁员       0.84      0.91      0.87        23
     组织关系-解散       1.00      1.00      1.00        17
     组织关系-解约       1.00      0.50      0.67        12
     组织关系-解雇       0.88      0.79      0.83        28
   组织关系-辞/离职       0.98      0.97      0.98       109
     组织关系-退出       0.90      0.88      0.89        32
     组织行为-开幕       0.97      0.95      0.96        40
     组织行为-游行       1.00      1.00      1.00        14
     组织行为-罢工       0.90      1.00      0.95         9
     组织行为-闭幕       1.00      1.00      1.00        11
    财经/交易-上市       0.86      0.86      0.86         7
 财经/交易-出售/收购       1.00      0.95      0.97        40
    财经/交易-加息       1.00      1.00      1.00         2
    财经/交易-涨价       0.73      0.89      0.80         9
    财经/交易-涨停       1.00      1.00      1.00        51
    财经/交易-融资       1.00      1.00      1.00        16
    财经/交易-跌停       1.00      1.00      1.00        24
    财经/交易-降价       0.89      0.84      0.86        19
    财经/交易-降息       1.00      1.00      1.00         2

   micro avg       0.96      0.93      0.94      2627
   macro avg       0.95      0.91      0.93      2627
weighted avg       0.96      0.93      0.94      2627
 samples avg       0.96      0.95      0.95      2627

-> Valid. time: 9.5840s, loss: 0.0083, accuracy: 90.8863% 

save data
* Training epoch 16:
-> Training time: 113.6148s, loss = 0.0056, accuracy: 94.9613%
* Validation for epoch 16:
正在对验证集进行测试
              precision    recall  f1-score   support

       交往-会见       1.00      1.00      1.00        23
       交往-感谢       1.00      0.75      0.86         8
       交往-探班       1.00      1.00      1.00        13
       交往-点赞       1.00      0.75      0.86        12
       交往-道歉       0.87      0.95      0.91        21
     产品行为-上映       0.98      0.97      0.98        65
     产品行为-下架       1.00      1.00      1.00        43
     产品行为-发布       0.99      0.97      0.98       276
     产品行为-召回       1.00      0.96      0.98        45
     产品行为-获奖       1.00      0.89      0.94        28
     人生-产子/女       0.79      0.95      0.86        20
       人生-出轨       0.71      0.56      0.63         9
       人生-分手       1.00      0.91      0.95        32
       人生-失联       0.94      0.89      0.91        18
       人生-婚礼       0.71      0.91      0.80        11
       人生-庆生       0.97      1.00      0.98        30
       人生-怀孕       0.92      0.75      0.83        16
       人生-死亡       0.93      0.94      0.94       177
       人生-求婚       1.00      1.00      1.00        18
       人生-离婚       0.98      0.97      0.98        63
       人生-结婚       0.97      0.87      0.91        68
       人生-订婚       1.00      1.00      1.00        10
     司法行为-举报       0.90      0.82      0.86        11
     司法行为-入狱       0.97      0.92      0.95        39
     司法行为-开庭       0.93      0.87      0.90        15
     司法行为-拘捕       0.98      0.95      0.96       136
     司法行为-立案       1.00      0.94      0.97        16
     司法行为-约谈       1.00      1.00      1.00        57
     司法行为-罚款       1.00      0.93      0.96        41
     司法行为-起诉       0.93      0.95      0.94        39
    灾害/意外-地震       1.00      0.95      0.98        22
  灾害/意外-坍/垮塌       1.00      0.88      0.93        16
    灾害/意外-坠机       1.00      1.00      1.00        16
    灾害/意外-洪灾       1.00      0.82      0.90        11
    灾害/意外-爆炸       0.93      0.93      0.93        15
    灾害/意外-袭击       0.79      0.88      0.83        17
    灾害/意外-起火       0.95      0.97      0.96        40
    灾害/意外-车祸       0.94      0.94      0.94        47
     竞赛行为-夺冠       0.88      0.94      0.91        81
     竞赛行为-晋级       0.88      0.94      0.91        54
     竞赛行为-禁赛       0.96      0.96      0.96        24
     竞赛行为-胜负       0.96      0.98      0.97       322
     竞赛行为-退役       1.00      1.00      1.00        21
     竞赛行为-退赛       0.84      0.66      0.74        32
     组织关系-停职       1.00      0.87      0.93        15
     组织关系-加盟       0.97      0.83      0.89        69
     组织关系-裁员       0.84      0.91      0.87        23
     组织关系-解散       1.00      0.94      0.97        17
     组织关系-解约       1.00      0.58      0.74        12
     组织关系-解雇       0.88      0.79      0.83        28
   组织关系-辞/离职       0.97      0.98      0.98       109
     组织关系-退出       0.88      0.88      0.88        32
     组织行为-开幕       0.97      0.95      0.96        40
     组织行为-游行       1.00      0.93      0.96        14
     组织行为-罢工       1.00      1.00      1.00         9
     组织行为-闭幕       1.00      1.00      1.00        11
    财经/交易-上市       0.86      0.86      0.86         7
 财经/交易-出售/收购       0.93      0.95      0.94        40
    财经/交易-加息       1.00      1.00      1.00         2
    财经/交易-涨价       0.80      0.89      0.84         9
    财经/交易-涨停       1.00      0.98      0.99        51
    财经/交易-融资       1.00      1.00      1.00        16
    财经/交易-跌停       1.00      1.00      1.00        24
    财经/交易-降价       0.80      0.84      0.82        19
    财经/交易-降息       1.00      1.00      1.00         2

   micro avg       0.96      0.94      0.95      2627
   macro avg       0.95      0.91      0.93      2627
weighted avg       0.96      0.94      0.95      2627
 samples avg       0.96      0.96      0.95      2627

-> Valid. time: 9.5767s, loss: 0.0079, accuracy: 91.2207% 

save data
* Training epoch 17:
-> Training time: 113.6170s, loss = 0.0051, accuracy: 95.4004%
* Validation for epoch 17:
正在对验证集进行测试
              precision    recall  f1-score   support

       交往-会见       1.00      1.00      1.00        23
       交往-感谢       1.00      0.75      0.86         8
       交往-探班       1.00      1.00      1.00        13
       交往-点赞       1.00      0.75      0.86        12
       交往-道歉       0.91      1.00      0.95        21
     产品行为-上映       1.00      0.97      0.98        65
     产品行为-下架       1.00      1.00      1.00        43
     产品行为-发布       0.99      0.98      0.99       276
     产品行为-召回       1.00      0.98      0.99        45
     产品行为-获奖       0.96      0.93      0.95        28
     人生-产子/女       0.82      0.90      0.86        20
       人生-出轨       0.86      0.67      0.75         9
       人生-分手       0.97      0.91      0.94        32
       人生-失联       0.94      0.89      0.91        18
       人生-婚礼       0.71      0.91      0.80        11
       人生-庆生       0.94      1.00      0.97        30
       人生-怀孕       1.00      0.69      0.81        16
       人生-死亡       0.93      0.93      0.93       177
       人生-求婚       1.00      1.00      1.00        18
       人生-离婚       1.00      0.89      0.94        63
       人生-结婚       0.97      0.85      0.91        68
       人生-订婚       1.00      1.00      1.00        10
     司法行为-举报       0.90      0.82      0.86        11
     司法行为-入狱       0.95      0.90      0.92        39
     司法行为-开庭       0.87      0.87      0.87        15
     司法行为-拘捕       0.98      0.95      0.96       136
     司法行为-立案       1.00      0.94      0.97        16
     司法行为-约谈       1.00      1.00      1.00        57
     司法行为-罚款       1.00      0.93      0.96        41
     司法行为-起诉       0.95      0.97      0.96        39
    灾害/意外-地震       1.00      0.95      0.98        22
  灾害/意外-坍/垮塌       1.00      0.88      0.93        16
    灾害/意外-坠机       1.00      1.00      1.00        16
    灾害/意外-洪灾       1.00      0.91      0.95        11
    灾害/意外-爆炸       0.93      0.93      0.93        15
    灾害/意外-袭击       0.75      0.88      0.81        17
    灾害/意外-起火       0.95      0.97      0.96        40
    灾害/意外-车祸       0.94      0.96      0.95        47
     竞赛行为-夺冠       0.91      0.93      0.92        81
     竞赛行为-晋级       0.89      0.87      0.88        54
     竞赛行为-禁赛       0.88      0.96      0.92        24
     竞赛行为-胜负       0.97      0.96      0.97       322
     竞赛行为-退役       0.95      1.00      0.98        21
     竞赛行为-退赛       0.81      0.69      0.75        32
     组织关系-停职       1.00      0.87      0.93        15
     组织关系-加盟       0.94      0.88      0.91        69
     组织关系-裁员       0.82      0.78      0.80        23
     组织关系-解散       1.00      1.00      1.00        17
     组织关系-解约       1.00      0.50      0.67        12
     组织关系-解雇       0.82      0.82      0.82        28
   组织关系-辞/离职       0.97      0.98      0.98       109
     组织关系-退出       0.78      0.91      0.84        32
     组织行为-开幕       0.97      0.95      0.96        40
     组织行为-游行       1.00      0.93      0.96        14
     组织行为-罢工       0.90      1.00      0.95         9
     组织行为-闭幕       1.00      1.00      1.00        11
    财经/交易-上市       0.86      0.86      0.86         7
 财经/交易-出售/收购       0.97      0.95      0.96        40
    财经/交易-加息       1.00      1.00      1.00         2
    财经/交易-涨价       0.78      0.78      0.78         9
    财经/交易-涨停       1.00      1.00      1.00        51
    财经/交易-融资       1.00      1.00      1.00        16
    财经/交易-跌停       1.00      1.00      1.00        24
    财经/交易-降价       0.84      0.84      0.84        19
    财经/交易-降息       1.00      1.00      1.00         2

   micro avg       0.95      0.94      0.94      2627
   macro avg       0.94      0.91      0.92      2627
weighted avg       0.96      0.94      0.94      2627
 samples avg       0.96      0.96      0.95      2627

-> Valid. time: 9.5662s, loss: 0.0077, accuracy: 90.6773% 

* Training epoch 18:
-> Training time: 113.6640s, loss = 0.0046, accuracy: 95.9126%
* Validation for epoch 18:
正在对验证集进行测试
              precision    recall  f1-score   support

       交往-会见       1.00      1.00      1.00        23
       交往-感谢       1.00      0.75      0.86         8
       交往-探班       1.00      1.00      1.00        13
       交往-点赞       1.00      0.75      0.86        12
       交往-道歉       0.95      0.90      0.93        21
     产品行为-上映       1.00      0.95      0.98        65
     产品行为-下架       1.00      1.00      1.00        43
     产品行为-发布       0.99      0.96      0.97       276
     产品行为-召回       1.00      0.98      0.99        45
     产品行为-获奖       0.96      0.86      0.91        28
     人生-产子/女       0.86      0.90      0.88        20
       人生-出轨       0.71      0.56      0.63         9
       人生-分手       1.00      0.91      0.95        32
       人生-失联       0.94      0.89      0.91        18
       人生-婚礼       0.71      0.91      0.80        11
       人生-庆生       0.97      0.97      0.97        30
       人生-怀孕       1.00      0.69      0.81        16
       人生-死亡       0.90      0.95      0.93       177
       人生-求婚       1.00      0.94      0.97        18
       人生-离婚       0.98      0.94      0.96        63
       人生-结婚       1.00      0.82      0.90        68
       人生-订婚       1.00      1.00      1.00        10
     司法行为-举报       0.90      0.82      0.86        11
     司法行为-入狱       0.97      0.90      0.93        39
     司法行为-开庭       0.93      0.87      0.90        15
     司法行为-拘捕       0.97      0.96      0.96       136
     司法行为-立案       1.00      1.00      1.00        16
     司法行为-约谈       1.00      1.00      1.00        57
     司法行为-罚款       1.00      0.93      0.96        41
     司法行为-起诉       0.95      0.90      0.92        39
    灾害/意外-地震       1.00      0.95      0.98        22
  灾害/意外-坍/垮塌       1.00      0.94      0.97        16
    灾害/意外-坠机       1.00      1.00      1.00        16
    灾害/意外-洪灾       1.00      0.82      0.90        11
    灾害/意外-爆炸       1.00      0.87      0.93        15
    灾害/意外-袭击       0.84      0.94      0.89        17
    灾害/意外-起火       0.97      0.93      0.95        40
    灾害/意外-车祸       0.94      0.98      0.96        47
     竞赛行为-夺冠       0.89      0.95      0.92        81
     竞赛行为-晋级       0.80      0.94      0.86        54
     竞赛行为-禁赛       1.00      0.96      0.98        24
     竞赛行为-胜负       0.97      0.96      0.96       322
     竞赛行为-退役       1.00      1.00      1.00        21
     竞赛行为-退赛       0.79      0.72      0.75        32
     组织关系-停职       1.00      0.87      0.93        15
     组织关系-加盟       0.97      0.83      0.89        69
     组织关系-裁员       0.80      0.87      0.83        23
     组织关系-解散       1.00      1.00      1.00        17
     组织关系-解约       1.00      0.50      0.67        12
     组织关系-解雇       0.88      0.75      0.81        28
   组织关系-辞/离职       0.98      0.98      0.98       109
     组织关系-退出       0.85      0.88      0.86        32
     组织行为-开幕       0.97      0.95      0.96        40
     组织行为-游行       1.00      0.93      0.96        14
     组织行为-罢工       1.00      1.00      1.00         9
     组织行为-闭幕       1.00      1.00      1.00        11
    财经/交易-上市       0.86      0.86      0.86         7
 财经/交易-出售/收购       0.95      0.95      0.95        40
    财经/交易-加息       1.00      1.00      1.00         2
    财经/交易-涨价       0.78      0.78      0.78         9
    财经/交易-涨停       1.00      0.98      0.99        51
    财经/交易-融资       1.00      1.00      1.00        16
    财经/交易-跌停       1.00      1.00      1.00        24
    财经/交易-降价       0.84      0.84      0.84        19
    财经/交易-降息       1.00      1.00      1.00         2

   micro avg       0.96      0.93      0.94      2627
   macro avg       0.95      0.91      0.92      2627
weighted avg       0.96      0.93      0.94      2627
 samples avg       0.96      0.95      0.95      2627

-> Valid. time: 9.5617s, loss: 0.0077, accuracy: 90.3846% 

* Training epoch 19:
-> Training time: 113.7069s, loss = 0.0042, accuracy: 96.2889%
* Validation for epoch 19:
正在对验证集进行测试
              precision    recall  f1-score   support

       交往-会见       1.00      1.00      1.00        23
       交往-感谢       1.00      0.75      0.86         8
       交往-探班       1.00      1.00      1.00        13
       交往-点赞       1.00      0.75      0.86        12
       交往-道歉       0.95      0.95      0.95        21
     产品行为-上映       1.00      0.97      0.98        65
     产品行为-下架       1.00      1.00      1.00        43
     产品行为-发布       0.99      0.97      0.98       276
     产品行为-召回       1.00      0.98      0.99        45
     产品行为-获奖       0.96      0.86      0.91        28
     人生-产子/女       0.86      0.90      0.88        20
       人生-出轨       0.75      0.67      0.71         9
       人生-分手       1.00      0.91      0.95        32
       人生-失联       0.94      0.89      0.91        18
       人生-婚礼       0.73      1.00      0.85        11
       人生-庆生       0.94      1.00      0.97        30
       人生-怀孕       1.00      0.69      0.81        16
       人生-死亡       0.93      0.92      0.93       177
       人生-求婚       1.00      1.00      1.00        18
       人生-离婚       0.98      0.92      0.95        63
       人生-结婚       0.97      0.84      0.90        68
       人生-订婚       1.00      1.00      1.00        10
     司法行为-举报       0.90      0.82      0.86        11
     司法行为-入狱       0.97      0.92      0.95        39
     司法行为-开庭       0.81      0.87      0.84        15
     司法行为-拘捕       0.98      0.96      0.97       136
     司法行为-立案       1.00      1.00      1.00        16
     司法行为-约谈       1.00      1.00      1.00        57
     司法行为-罚款       1.00      0.93      0.96        41
     司法行为-起诉       0.92      0.90      0.91        39
    灾害/意外-地震       1.00      0.95      0.98        22
  灾害/意外-坍/垮塌       1.00      0.88      0.93        16
    灾害/意外-坠机       1.00      1.00      1.00        16
    灾害/意外-洪灾       1.00      0.82      0.90        11
    灾害/意外-爆炸       1.00      0.87      0.93        15
    灾害/意外-袭击       0.88      0.88      0.88        17
    灾害/意外-起火       0.95      0.95      0.95        40
    灾害/意外-车祸       0.94      0.98      0.96        47
     竞赛行为-夺冠       0.88      0.94      0.91        81
     竞赛行为-晋级       0.88      0.93      0.90        54
     竞赛行为-禁赛       0.96      0.96      0.96        24
     竞赛行为-胜负       0.97      0.95      0.96       322
     竞赛行为-退役       1.00      1.00      1.00        21
     竞赛行为-退赛       0.77      0.62      0.69        32
     组织关系-停职       1.00      0.87      0.93        15
     组织关系-加盟       0.95      0.84      0.89        69
     组织关系-裁员       0.83      0.87      0.85        23
     组织关系-解散       1.00      1.00      1.00        17
     组织关系-解约       1.00      0.50      0.67        12
     组织关系-解雇       0.84      0.75      0.79        28
   组织关系-辞/离职       0.96      0.98      0.97       109
     组织关系-退出       0.76      0.88      0.81        32
     组织行为-开幕       0.97      0.95      0.96        40
     组织行为-游行       1.00      1.00      1.00        14
     组织行为-罢工       1.00      1.00      1.00         9
     组织行为-闭幕       1.00      1.00      1.00        11
    财经/交易-上市       0.86      0.86      0.86         7
 财经/交易-出售/收购       0.93      0.97      0.95        40
    财经/交易-加息       1.00      1.00      1.00         2
    财经/交易-涨价       0.80      0.89      0.84         9
    财经/交易-涨停       1.00      0.98      0.99        51
    财经/交易-融资       1.00      1.00      1.00        16
    财经/交易-跌停       1.00      1.00      1.00        24
    财经/交易-降价       0.84      0.84      0.84        19
    财经/交易-降息       1.00      1.00      1.00         2

   micro avg       0.96      0.93      0.94      2627
   macro avg       0.95      0.91      0.93      2627
weighted avg       0.96      0.93      0.94      2627
 samples avg       0.96      0.95      0.95      2627

-> Valid. time: 9.5742s, loss: 0.0076, accuracy: 90.7191% 

* Training epoch 20:
-> Training time: 113.6835s, loss = 0.0039, accuracy: 96.8743%
* Validation for epoch 20:
正在对验证集进行测试
              precision    recall  f1-score   support

       交往-会见       1.00      1.00      1.00        23
       交往-感谢       1.00      0.75      0.86         8
       交往-探班       1.00      1.00      1.00        13
       交往-点赞       1.00      0.75      0.86        12
       交往-道歉       0.95      0.95      0.95        21
     产品行为-上映       1.00      0.97      0.98        65
     产品行为-下架       1.00      1.00      1.00        43
     产品行为-发布       0.99      0.97      0.98       276
     产品行为-召回       1.00      0.98      0.99        45
     产品行为-获奖       0.96      0.89      0.93        28
     人生-产子/女       0.86      0.90      0.88        20
       人生-出轨       0.75      0.67      0.71         9
       人生-分手       1.00      0.91      0.95        32
       人生-失联       0.94      0.89      0.91        18
       人生-婚礼       0.73      1.00      0.85        11
       人生-庆生       0.94      1.00      0.97        30
       人生-怀孕       1.00      0.69      0.81        16
       人生-死亡       0.94      0.93      0.93       177
       人生-求婚       1.00      1.00      1.00        18
       人生-离婚       0.98      0.94      0.96        63
       人生-结婚       0.97      0.85      0.91        68
       人生-订婚       1.00      1.00      1.00        10
     司法行为-举报       0.82      0.82      0.82        11
     司法行为-入狱       0.97      0.87      0.92        39
     司法行为-开庭       0.87      0.87      0.87        15
     司法行为-拘捕       0.98      0.96      0.97       136
     司法行为-立案       1.00      1.00      1.00        16
     司法行为-约谈       1.00      1.00      1.00        57
     司法行为-罚款       1.00      0.93      0.96        41
     司法行为-起诉       0.92      0.92      0.92        39
    灾害/意外-地震       1.00      0.95      0.98        22
  灾害/意外-坍/垮塌       1.00      0.94      0.97        16
    灾害/意外-坠机       1.00      1.00      1.00        16
    灾害/意外-洪灾       1.00      0.91      0.95        11
    灾害/意外-爆炸       0.93      0.93      0.93        15
    灾害/意外-袭击       0.79      0.88      0.83        17
    灾害/意外-起火       0.97      0.93      0.95        40
    灾害/意外-车祸       0.93      0.91      0.92        47
     竞赛行为-夺冠       0.92      0.94      0.93        81
     竞赛行为-晋级       0.86      0.93      0.89        54
     竞赛行为-禁赛       1.00      0.96      0.98        24
     竞赛行为-胜负       0.97      0.96      0.96       322
     竞赛行为-退役       1.00      1.00      1.00        21
     竞赛行为-退赛       0.83      0.62      0.71        32
     组织关系-停职       1.00      0.87      0.93        15
     组织关系-加盟       0.97      0.81      0.88        69
     组织关系-裁员       0.86      0.83      0.84        23
     组织关系-解散       1.00      1.00      1.00        17
     组织关系-解约       1.00      0.50      0.67        12
     组织关系-解雇       0.79      0.82      0.81        28
   组织关系-辞/离职       0.96      0.98      0.97       109
     组织关系-退出       0.80      0.88      0.84        32
     组织行为-开幕       0.97      0.95      0.96        40
     组织行为-游行       1.00      0.93      0.96        14
     组织行为-罢工       1.00      1.00      1.00         9
     组织行为-闭幕       1.00      1.00      1.00        11
    财经/交易-上市       0.86      0.86      0.86         7
 财经/交易-出售/收购       0.95      0.97      0.96        40
    财经/交易-加息       1.00      1.00      1.00         2
    财经/交易-涨价       0.80      0.89      0.84         9
    财经/交易-涨停       1.00      1.00      1.00        51
    财经/交易-融资       1.00      1.00      1.00        16
    财经/交易-跌停       1.00      1.00      1.00        24
    财经/交易-降价       0.89      0.84      0.86        19
    财经/交易-降息       1.00      1.00      1.00         2

   micro avg       0.96      0.93      0.95      2627
   macro avg       0.95      0.91      0.93      2627
weighted avg       0.96      0.93      0.94      2627
 samples avg       0.96      0.95      0.95      2627

-> Valid. time: 9.5563s, loss: 0.0074, accuracy: 90.8027% 

