num_labels 是65
====================  Preparing for training  ====================
	* Loading training data...
数据集个数为9566
输入例子
梅西缺阵苏牙伤退，巴萨西甲遭遇开门黑，巴尔韦德下课呼声四起
input_ids
tensor([  101,  2477,  4565,  3911,  5265,  4192,  3114,   352,  4941,  5661,
        16780, 30220, 32544, 17476,  5630,  5661, 16769, 34065,  6898, 13175,
        13571,   102,     0,     0,     0,     0,     0,     0,     0,     0,
            0,     0,     0,     0,     0,     0,     0,     0,     0,     0,
            0,     0,     0,     0,     0,     0,     0,     0,     0,     0,
            0,     0,     0,     0,     0,     0,     0,     0,     0,     0,
            0,     0,     0,     0,     0,     0,     0,     0,     0,     0,
            0,     0,     0,     0,     0,     0,     0,     0,     0,     0,
            0,     0,     0,     0,     0,     0,     0,     0,     0,     0,
            0,     0,     0,     0,     0,     0,     0,     0,     0,     0,
            0,     0,     0,     0,     0,     0,     0,     0,     0,     0,
            0,     0,     0,     0,     0,     0,     0,     0,     0,     0,
            0,     0,     0,     0,     0,     0,     0,     0,     0,     0,
            0,     0,     0,     0,     0,     0,     0,     0,     0,     0,
            0,     0,     0,     0,     0,     0,     0,     0,     0,     0])
token_type_ids
tensor([0, 0, 0, 0, 0, 0, 0, 0, 0, 0, 0, 0, 0, 0, 0, 0, 0, 0, 0, 0, 0, 0, 0, 0,
        0, 0, 0, 0, 0, 0, 0, 0, 0, 0, 0, 0, 0, 0, 0, 0, 0, 0, 0, 0, 0, 0, 0, 0,
        0, 0, 0, 0, 0, 0, 0, 0, 0, 0, 0, 0, 0, 0, 0, 0, 0, 0, 0, 0, 0, 0, 0, 0,
        0, 0, 0, 0, 0, 0, 0, 0, 0, 0, 0, 0, 0, 0, 0, 0, 0, 0, 0, 0, 0, 0, 0, 0,
        0, 0, 0, 0, 0, 0, 0, 0, 0, 0, 0, 0, 0, 0, 0, 0, 0, 0, 0, 0, 0, 0, 0, 0,
        0, 0, 0, 0, 0, 0, 0, 0, 0, 0, 0, 0, 0, 0, 0, 0, 0, 0, 0, 0, 0, 0, 0, 0,
        0, 0, 0, 0, 0, 0])
attention_mask
tensor([1, 1, 1, 1, 1, 1, 1, 1, 1, 1, 1, 1, 1, 1, 1, 1, 1, 1, 1, 1, 1, 1, 0, 0,
        0, 0, 0, 0, 0, 0, 0, 0, 0, 0, 0, 0, 0, 0, 0, 0, 0, 0, 0, 0, 0, 0, 0, 0,
        0, 0, 0, 0, 0, 0, 0, 0, 0, 0, 0, 0, 0, 0, 0, 0, 0, 0, 0, 0, 0, 0, 0, 0,
        0, 0, 0, 0, 0, 0, 0, 0, 0, 0, 0, 0, 0, 0, 0, 0, 0, 0, 0, 0, 0, 0, 0, 0,
        0, 0, 0, 0, 0, 0, 0, 0, 0, 0, 0, 0, 0, 0, 0, 0, 0, 0, 0, 0, 0, 0, 0, 0,
        0, 0, 0, 0, 0, 0, 0, 0, 0, 0, 0, 0, 0, 0, 0, 0, 0, 0, 0, 0, 0, 0, 0, 0,
        0, 0, 0, 0, 0, 0])
labels
tensor([0., 0., 0., 0., 0., 0., 0., 0., 0., 0., 0., 0., 0., 0., 0., 0., 0., 0.,
        0., 0., 0., 0., 0., 0., 0., 0., 0., 0., 0., 0., 0., 0., 0., 0., 0., 0.,
        0., 0., 0., 0., 0., 0., 0., 1., 0., 0., 0., 0., 0., 0., 0., 0., 0., 0.,
        0., 0., 0., 0., 0., 0., 0., 0., 0., 0., 0.])
实际序列转换后的长度为150, 设置最长为150
	* Loading validation data...
数据集个数为2392
输入例子
日前，赣州师范高等专科学校披露了关于该校教师陈某利用工作便利，与两名女学生发生不正当关系的违规违纪问题的查处情况。经该校研究，依法给予陈某开除党籍和开除公职的处理，并在全校通报和开展警示教育。
input_ids
tensor([  101, 20755,  5661, 31275, 16857, 34730, 43817, 19154,   266,  9931,
        30735, 20225,  5275,  2410, 10928, 16670,  9084,  5661,   201,  7275,
         1261, 15532, 12312,   200,  2603,  1699,   524,  3793,  3399, 32120,
        32117, 33335,  3399, 21921, 18312,   179,  3845, 30735, 26444,  5661,
         9040, 27922,  5275,  2410,  1670,  5285,   513,  3754,   873,  1670,
         5285,   519,  3989,  3399, 14290,  5661,  1626,  1101,  9709, 32398,
          873, 17411, 30412, 20243,   179,   102,     0,     0,     0,     0,
            0,     0,     0,     0,     0,     0,     0,     0,     0,     0,
            0,     0,     0,     0,     0,     0,     0,     0,     0,     0,
            0,     0,     0,     0,     0,     0,     0,     0,     0,     0,
            0,     0,     0,     0,     0,     0,     0,     0,     0,     0,
            0,     0,     0,     0,     0,     0,     0,     0,     0,     0,
            0,     0,     0,     0,     0,     0,     0,     0,     0,     0,
            0,     0,     0,     0,     0,     0,     0,     0,     0,     0,
            0,     0,     0,     0,     0,     0,     0,     0,     0,     0])
token_type_ids
tensor([0, 0, 0, 0, 0, 0, 0, 0, 0, 0, 0, 0, 0, 0, 0, 0, 0, 0, 0, 0, 0, 0, 0, 0,
        0, 0, 0, 0, 0, 0, 0, 0, 0, 0, 0, 0, 0, 0, 0, 0, 0, 0, 0, 0, 0, 0, 0, 0,
        0, 0, 0, 0, 0, 0, 0, 0, 0, 0, 0, 0, 0, 0, 0, 0, 0, 0, 0, 0, 0, 0, 0, 0,
        0, 0, 0, 0, 0, 0, 0, 0, 0, 0, 0, 0, 0, 0, 0, 0, 0, 0, 0, 0, 0, 0, 0, 0,
        0, 0, 0, 0, 0, 0, 0, 0, 0, 0, 0, 0, 0, 0, 0, 0, 0, 0, 0, 0, 0, 0, 0, 0,
        0, 0, 0, 0, 0, 0, 0, 0, 0, 0, 0, 0, 0, 0, 0, 0, 0, 0, 0, 0, 0, 0, 0, 0,
        0, 0, 0, 0, 0, 0])
attention_mask
tensor([1, 1, 1, 1, 1, 1, 1, 1, 1, 1, 1, 1, 1, 1, 1, 1, 1, 1, 1, 1, 1, 1, 1, 1,
        1, 1, 1, 1, 1, 1, 1, 1, 1, 1, 1, 1, 1, 1, 1, 1, 1, 1, 1, 1, 1, 1, 1, 1,
        1, 1, 1, 1, 1, 1, 1, 1, 1, 1, 1, 1, 1, 1, 1, 1, 1, 1, 0, 0, 0, 0, 0, 0,
        0, 0, 0, 0, 0, 0, 0, 0, 0, 0, 0, 0, 0, 0, 0, 0, 0, 0, 0, 0, 0, 0, 0, 0,
        0, 0, 0, 0, 0, 0, 0, 0, 0, 0, 0, 0, 0, 0, 0, 0, 0, 0, 0, 0, 0, 0, 0, 0,
        0, 0, 0, 0, 0, 0, 0, 0, 0, 0, 0, 0, 0, 0, 0, 0, 0, 0, 0, 0, 0, 0, 0, 0,
        0, 0, 0, 0, 0, 0])
labels
tensor([0., 0., 0., 0., 0., 0., 0., 0., 0., 0., 0., 0., 0., 0., 0., 0., 0., 0.,
        0., 0., 0., 0., 0., 0., 0., 0., 0., 0., 0., 0., 0., 0., 0., 0., 0., 0.,
        0., 0., 0., 0., 0., 0., 0., 0., 0., 0., 0., 0., 0., 1., 0., 0., 0., 0.,
        0., 0., 0., 0., 0., 0., 0., 0., 0., 0., 0.])
实际序列转换后的长度为150, 设置最长为150
	* Building model...
正在对验证集进行测试
              precision    recall  f1-score   support

       交往-会见       0.00      0.04      0.01        23
       交往-感谢       0.00      0.00      0.00         8
       交往-探班       0.01      1.00      0.01        13
       交往-点赞       0.00      0.00      0.00        12
       交往-道歉       0.01      0.95      0.02        21
     产品行为-上映       0.05      0.68      0.09        65
     产品行为-下架       0.02      0.30      0.04        43
     产品行为-发布       0.12      1.00      0.21       276
     产品行为-召回       0.00      0.00      0.00        45
     产品行为-获奖       0.01      0.36      0.02        28
     人生-产子/女       0.00      0.10      0.01        20
       人生-出轨       0.00      0.00      0.00         9
       人生-分手       0.02      0.84      0.03        32
       人生-失联       0.01      1.00      0.02        18
       人生-婚礼       0.01      0.45      0.01        11
       人生-庆生       0.00      0.00      0.00        30
       人生-怀孕       0.01      0.94      0.01        16
       人生-死亡       0.14      0.84      0.25       177
       人生-求婚       0.01      0.89      0.02        18
       人生-离婚       0.03      1.00      0.05        63
       人生-结婚       0.03      0.96      0.06        68
       人生-订婚       0.00      1.00      0.01        10
     司法行为-举报       0.00      0.64      0.01        11
     司法行为-入狱       0.03      0.90      0.05        39
     司法行为-开庭       0.01      0.80      0.02        15
     司法行为-拘捕       0.07      0.98      0.13       136
     司法行为-立案       0.01      0.38      0.01        16
     司法行为-约谈       0.03      0.19      0.06        57
     司法行为-罚款       0.04      0.10      0.06        41
     司法行为-起诉       0.02      0.56      0.03        39
    灾害/意外-地震       0.01      1.00      0.02        22
  灾害/意外-坍/垮塌       0.00      0.00      0.00        16
    灾害/意外-坠机       0.01      1.00      0.01        16
    灾害/意外-洪灾       0.00      1.00      0.01        11
    灾害/意外-爆炸       0.00      0.00      0.00        15
    灾害/意外-袭击       0.00      0.24      0.01        17
    灾害/意外-起火       0.02      0.72      0.03        40
    灾害/意外-车祸       0.02      0.72      0.04        47
     竞赛行为-夺冠       0.07      0.47      0.13        81
     竞赛行为-晋级       0.02      1.00      0.04        54
     竞赛行为-禁赛       0.02      0.50      0.03        24
     竞赛行为-胜负       0.15      0.84      0.25       322
     竞赛行为-退役       0.01      1.00      0.02        21
     竞赛行为-退赛       0.01      0.81      0.02        32
     组织关系-停职       0.01      0.33      0.01        15
     组织关系-加盟       0.00      0.00      0.00        69
     组织关系-裁员       0.01      0.57      0.02        23
     组织关系-解散       0.00      0.24      0.01        17
     组织关系-解约       0.01      0.75      0.01        12
     组织关系-解雇       0.00      0.11      0.01        28
   组织关系-辞/离职       0.05      0.38      0.09       109
     组织关系-退出       0.07      0.28      0.11        32
     组织行为-开幕       0.02      0.60      0.04        40
     组织行为-游行       0.01      0.86      0.02        14
     组织行为-罢工       0.00      0.00      0.00         9
     组织行为-闭幕       0.00      1.00      0.01        11
    财经/交易-上市       0.05      0.14      0.07         7
 财经/交易-出售/收购       0.02      0.70      0.03        40
    财经/交易-加息       0.00      1.00      0.00         2
    财经/交易-涨价       0.00      0.78      0.01         9
    财经/交易-涨停       0.00      0.00      0.00        51
    财经/交易-融资       0.01      0.94      0.01        16
    财经/交易-跌停       0.00      0.00      0.00        24
    财经/交易-降价       0.00      0.32      0.01        19
    财经/交易-降息       0.00      0.00      0.00         2

   micro avg       0.02      0.65      0.04      2627
   macro avg       0.02      0.54      0.04      2627
weighted avg       0.06      0.65      0.10      2627
 samples avg       0.02      0.65      0.04      2627

	* Validation loss before training: 0.7219, accuracy: 0.0000%

 ==================== Training model on device: cuda ====================
* Training epoch 1:
-> Training time: 132.7083s, loss = 0.1038, accuracy: 15.5446%
* Validation for epoch 1:
正在对验证集进行测试
              precision    recall  f1-score   support

       交往-会见       0.00      0.00      0.00        23
       交往-感谢       0.00      0.00      0.00         8
       交往-探班       0.00      0.00      0.00        13
       交往-点赞       0.00      0.00      0.00        12
       交往-道歉       1.00      0.57      0.73        21
     产品行为-上映       0.97      0.51      0.67        65
     产品行为-下架       1.00      0.60      0.75        43
     产品行为-发布       0.97      0.94      0.96       276
     产品行为-召回       1.00      0.98      0.99        45
     产品行为-获奖       0.00      0.00      0.00        28
     人生-产子/女       0.00      0.00      0.00        20
       人生-出轨       0.00      0.00      0.00         9
       人生-分手       0.00      0.00      0.00        32
       人生-失联       0.00      0.00      0.00        18
       人生-婚礼       0.00      0.00      0.00        11
       人生-庆生       0.00      0.00      0.00        30
       人生-怀孕       0.00      0.00      0.00        16
       人生-死亡       0.91      0.85      0.88       177
       人生-求婚       0.00      0.00      0.00        18
       人生-离婚       0.97      0.94      0.95        63
       人生-结婚       1.00      0.65      0.79        68
       人生-订婚       0.00      0.00      0.00        10
     司法行为-举报       0.00      0.00      0.00        11
     司法行为-入狱       0.00      0.00      0.00        39
     司法行为-开庭       0.00      0.00      0.00        15
     司法行为-拘捕       0.96      0.93      0.95       136
     司法行为-立案       0.00      0.00      0.00        16
     司法行为-约谈       1.00      0.93      0.96        57
     司法行为-罚款       1.00      0.20      0.33        41
     司法行为-起诉       0.00      0.00      0.00        39
    灾害/意外-地震       0.00      0.00      0.00        22
  灾害/意外-坍/垮塌       0.00      0.00      0.00        16
    灾害/意外-坠机       0.00      0.00      0.00        16
    灾害/意外-洪灾       0.00      0.00      0.00        11
    灾害/意外-爆炸       0.00      0.00      0.00        15
    灾害/意外-袭击       0.00      0.00      0.00        17
    灾害/意外-起火       0.00      0.00      0.00        40
    灾害/意外-车祸       0.89      0.36      0.52        47
     竞赛行为-夺冠       0.91      0.65      0.76        81
     竞赛行为-晋级       0.67      0.33      0.44        54
     竞赛行为-禁赛       0.00      0.00      0.00        24
     竞赛行为-胜负       0.94      0.95      0.94       322
     竞赛行为-退役       0.00      0.00      0.00        21
     竞赛行为-退赛       0.00      0.00      0.00        32
     组织关系-停职       0.00      0.00      0.00        15
     组织关系-加盟       1.00      0.64      0.78        69
     组织关系-裁员       0.00      0.00      0.00        23
     组织关系-解散       0.00      0.00      0.00        17
     组织关系-解约       0.00      0.00      0.00        12
     组织关系-解雇       0.00      0.00      0.00        28
   组织关系-辞/离职       0.91      0.97      0.94       109
     组织关系-退出       0.00      0.00      0.00        32
     组织行为-开幕       0.77      0.85      0.81        40
     组织行为-游行       0.00      0.00      0.00        14
     组织行为-罢工       0.00      0.00      0.00         9
     组织行为-闭幕       0.00      0.00      0.00        11
    财经/交易-上市       0.00      0.00      0.00         7
 财经/交易-出售/收购       1.00      0.72      0.84        40
    财经/交易-加息       0.00      0.00      0.00         2
    财经/交易-涨价       0.00      0.00      0.00         9
    财经/交易-涨停       0.74      1.00      0.85        51
    财经/交易-融资       0.00      0.00      0.00        16
    财经/交易-跌停       0.00      0.00      0.00        24
    财经/交易-降价       0.00      0.00      0.00        19
    财经/交易-降息       0.00      0.00      0.00         2

   micro avg       0.93      0.56      0.70      2627
   macro avg       0.29      0.22      0.24      2627
weighted avg       0.64      0.56      0.59      2627
 samples avg       0.61      0.58      0.59      2627

-> Valid. time: 11.2222s, loss: 0.0337, accuracy: 54.9331% 

save data
* Training epoch 2:
-> Training time: 139.1324s, loss = 0.0263, accuracy: 67.0082%
* Validation for epoch 2:
正在对验证集进行测试
              precision    recall  f1-score   support

       交往-会见       1.00      1.00      1.00        23
       交往-感谢       0.00      0.00      0.00         8
       交往-探班       1.00      0.92      0.96        13
       交往-点赞       1.00      0.75      0.86        12
       交往-道歉       0.90      0.86      0.88        21
     产品行为-上映       1.00      0.95      0.98        65
     产品行为-下架       1.00      0.95      0.98        43
     产品行为-发布       0.99      0.95      0.97       276
     产品行为-召回       1.00      1.00      1.00        45
     产品行为-获奖       1.00      0.93      0.96        28
     人生-产子/女       0.57      0.65      0.60        20
       人生-出轨       0.00      0.00      0.00         9
       人生-分手       1.00      0.75      0.86        32
       人生-失联       0.95      1.00      0.97        18
       人生-婚礼       0.77      0.91      0.83        11
       人生-庆生       0.97      0.97      0.97        30
       人生-怀孕       0.00      0.00      0.00        16
       人生-死亡       0.92      0.89      0.90       177
       人生-求婚       1.00      0.89      0.94        18
       人生-离婚       1.00      0.90      0.95        63
       人生-结婚       0.96      0.76      0.85        68
       人生-订婚       1.00      1.00      1.00        10
     司法行为-举报       1.00      0.45      0.62        11
     司法行为-入狱       0.92      0.92      0.92        39
     司法行为-开庭       1.00      0.73      0.85        15
     司法行为-拘捕       0.99      0.94      0.97       136
     司法行为-立案       1.00      0.81      0.90        16
     司法行为-约谈       1.00      0.98      0.99        57
     司法行为-罚款       0.97      0.93      0.95        41
     司法行为-起诉       1.00      0.82      0.90        39
    灾害/意外-地震       1.00      0.95      0.98        22
  灾害/意外-坍/垮塌       1.00      0.12      0.22        16
    灾害/意外-坠机       1.00      1.00      1.00        16
    灾害/意外-洪灾       0.00      0.00      0.00        11
    灾害/意外-爆炸       0.00      0.00      0.00        15
    灾害/意外-袭击       0.93      0.76      0.84        17
    灾害/意外-起火       0.97      0.88      0.92        40
    灾害/意外-车祸       0.95      0.83      0.89        47
     竞赛行为-夺冠       0.87      0.95      0.91        81
     竞赛行为-晋级       0.80      0.91      0.85        54
     竞赛行为-禁赛       0.96      1.00      0.98        24
     竞赛行为-胜负       0.97      0.95      0.96       322
     竞赛行为-退役       0.95      1.00      0.98        21
     竞赛行为-退赛       0.69      0.69      0.69        32
     组织关系-停职       1.00      0.73      0.85        15
     组织关系-加盟       0.98      0.87      0.92        69
     组织关系-裁员       0.83      0.83      0.83        23
     组织关系-解散       1.00      0.94      0.97        17
     组织关系-解约       1.00      0.25      0.40        12
     组织关系-解雇       1.00      0.29      0.44        28
   组织关系-辞/离职       0.94      0.98      0.96       109
     组织关系-退出       0.76      0.69      0.72        32
     组织行为-开幕       0.97      0.95      0.96        40
     组织行为-游行       1.00      0.93      0.96        14
     组织行为-罢工       1.00      1.00      1.00         9
     组织行为-闭幕       1.00      0.18      0.31        11
    财经/交易-上市       1.00      0.29      0.44         7
 财经/交易-出售/收购       1.00      0.93      0.96        40
    财经/交易-加息       0.00      0.00      0.00         2
    财经/交易-涨价       0.50      0.67      0.57         9
    财经/交易-涨停       1.00      1.00      1.00        51
    财经/交易-融资       1.00      1.00      1.00        16
    财经/交易-跌停       1.00      1.00      1.00        24
    财经/交易-降价       0.94      0.84      0.89        19
    财经/交易-降息       1.00      0.50      0.67         2

   micro avg       0.95      0.87      0.91      2627
   macro avg       0.86      0.75      0.78      2627
weighted avg       0.93      0.87      0.89      2627
 samples avg       0.91      0.90      0.90      2627

-> Valid. time: 11.4204s, loss: 0.0127, accuracy: 85.1171% 

save data
* Training epoch 3:
-> Training time: 140.4347s, loss = 0.0129, accuracy: 84.9676%
* Validation for epoch 3:
正在对验证集进行测试
              precision    recall  f1-score   support

       交往-会见       1.00      0.96      0.98        23
       交往-感谢       1.00      0.75      0.86         8
       交往-探班       1.00      1.00      1.00        13
       交往-点赞       1.00      0.83      0.91        12
       交往-道歉       0.90      0.86      0.88        21
     产品行为-上映       0.98      0.95      0.97        65
     产品行为-下架       1.00      0.95      0.98        43
     产品行为-发布       0.98      0.96      0.97       276
     产品行为-召回       0.96      1.00      0.98        45
     产品行为-获奖       1.00      0.93      0.96        28
     人生-产子/女       0.83      0.75      0.79        20
       人生-出轨       0.00      0.00      0.00         9
       人生-分手       0.85      0.91      0.88        32
       人生-失联       0.95      1.00      0.97        18
       人生-婚礼       0.73      1.00      0.85        11
       人生-庆生       0.97      1.00      0.98        30
       人生-怀孕       1.00      0.69      0.81        16
       人生-死亡       0.93      0.89      0.91       177
       人生-求婚       1.00      1.00      1.00        18
       人生-离婚       1.00      0.86      0.92        63
       人生-结婚       1.00      0.75      0.86        68
       人生-订婚       1.00      1.00      1.00        10
     司法行为-举报       0.73      0.73      0.73        11
     司法行为-入狱       0.95      0.92      0.94        39
     司法行为-开庭       1.00      0.93      0.97        15
     司法行为-拘捕       0.94      0.96      0.95       136
     司法行为-立案       1.00      1.00      1.00        16
     司法行为-约谈       1.00      0.98      0.99        57
     司法行为-罚款       1.00      0.83      0.91        41
     司法行为-起诉       0.97      0.82      0.89        39
    灾害/意外-地震       1.00      0.95      0.98        22
  灾害/意外-坍/垮塌       0.93      0.88      0.90        16
    灾害/意外-坠机       1.00      1.00      1.00        16
    灾害/意外-洪灾       1.00      0.82      0.90        11
    灾害/意外-爆炸       0.92      0.73      0.81        15
    灾害/意外-袭击       0.94      0.88      0.91        17
    灾害/意外-起火       0.97      0.93      0.95        40
    灾害/意外-车祸       0.96      0.94      0.95        47
     竞赛行为-夺冠       0.91      0.83      0.86        81
     竞赛行为-晋级       0.92      0.91      0.92        54
     竞赛行为-禁赛       1.00      0.96      0.98        24
     竞赛行为-胜负       0.93      0.98      0.95       322
     竞赛行为-退役       0.95      1.00      0.98        21
     竞赛行为-退赛       0.95      0.56      0.71        32
     组织关系-停职       1.00      0.73      0.85        15
     组织关系-加盟       0.97      0.87      0.92        69
     组织关系-裁员       0.83      0.87      0.85        23
     组织关系-解散       1.00      0.94      0.97        17
     组织关系-解约       1.00      0.25      0.40        12
     组织关系-解雇       0.95      0.68      0.79        28
   组织关系-辞/离职       0.98      0.95      0.97       109
     组织关系-退出       0.88      0.72      0.79        32
     组织行为-开幕       0.97      0.95      0.96        40
     组织行为-游行       1.00      1.00      1.00        14
     组织行为-罢工       1.00      1.00      1.00         9
     组织行为-闭幕       1.00      0.82      0.90        11
    财经/交易-上市       1.00      0.71      0.83         7
 财经/交易-出售/收购       1.00      0.93      0.96        40
    财经/交易-加息       1.00      1.00      1.00         2
    财经/交易-涨价       0.67      0.89      0.76         9
    财经/交易-涨停       1.00      1.00      1.00        51
    财经/交易-融资       1.00      1.00      1.00        16
    财经/交易-跌停       1.00      1.00      1.00        24
    财经/交易-降价       0.84      0.84      0.84        19
    财经/交易-降息       1.00      1.00      1.00         2

   micro avg       0.95      0.91      0.93      2627
   macro avg       0.94      0.87      0.90      2627
weighted avg       0.95      0.91      0.93      2627
 samples avg       0.95      0.93      0.93      2627

-> Valid. time: 11.3894s, loss: 0.0090, accuracy: 88.3361% 

save data
* Training epoch 4:
-> Training time: 139.0758s, loss = 0.0084, accuracy: 89.9436%
* Validation for epoch 4:
正在对验证集进行测试
              precision    recall  f1-score   support

       交往-会见       1.00      1.00      1.00        23
       交往-感谢       1.00      0.62      0.77         8
       交往-探班       1.00      1.00      1.00        13
       交往-点赞       1.00      0.83      0.91        12
       交往-道歉       0.94      0.81      0.87        21
     产品行为-上映       1.00      0.95      0.98        65
     产品行为-下架       1.00      1.00      1.00        43
     产品行为-发布       0.98      0.96      0.97       276
     产品行为-召回       0.96      1.00      0.98        45
     产品行为-获奖       1.00      0.89      0.94        28
     人生-产子/女       0.88      0.75      0.81        20
       人生-出轨       1.00      0.44      0.62         9
       人生-分手       1.00      0.91      0.95        32
       人生-失联       0.90      1.00      0.95        18
       人生-婚礼       0.71      0.91      0.80        11
       人生-庆生       0.94      0.97      0.95        30
       人生-怀孕       0.62      0.81      0.70        16
       人生-死亡       0.94      0.92      0.93       177
       人生-求婚       1.00      1.00      1.00        18
       人生-离婚       0.94      0.95      0.94        63
       人生-结婚       1.00      0.84      0.91        68
       人生-订婚       1.00      1.00      1.00        10
     司法行为-举报       0.75      0.82      0.78        11
     司法行为-入狱       0.97      0.92      0.95        39
     司法行为-开庭       1.00      0.87      0.93        15
     司法行为-拘捕       0.96      0.94      0.95       136
     司法行为-立案       0.89      1.00      0.94        16
     司法行为-约谈       1.00      0.98      0.99        57
     司法行为-罚款       0.95      0.98      0.96        41
     司法行为-起诉       1.00      0.79      0.89        39
    灾害/意外-地震       1.00      1.00      1.00        22
  灾害/意外-坍/垮塌       0.83      0.94      0.88        16
    灾害/意外-坠机       1.00      1.00      1.00        16
    灾害/意外-洪灾       1.00      0.82      0.90        11
    灾害/意外-爆炸       0.93      0.93      0.93        15
    灾害/意外-袭击       0.67      0.94      0.78        17
    灾害/意外-起火       0.97      0.97      0.97        40
    灾害/意外-车祸       0.93      0.91      0.92        47
     竞赛行为-夺冠       0.93      0.93      0.93        81
     竞赛行为-晋级       0.91      0.96      0.94        54
     竞赛行为-禁赛       1.00      0.79      0.88        24
     竞赛行为-胜负       0.97      0.96      0.97       322
     竞赛行为-退役       0.91      1.00      0.95        21
     竞赛行为-退赛       0.79      0.59      0.68        32
     组织关系-停职       1.00      0.87      0.93        15
     组织关系-加盟       0.98      0.90      0.94        69
     组织关系-裁员       0.83      0.83      0.83        23
     组织关系-解散       1.00      0.88      0.94        17
     组织关系-解约       1.00      0.50      0.67        12
     组织关系-解雇       0.95      0.75      0.84        28
   组织关系-辞/离职       0.98      0.98      0.98       109
     组织关系-退出       0.64      0.88      0.74        32
     组织行为-开幕       0.95      0.95      0.95        40
     组织行为-游行       1.00      0.86      0.92        14
     组织行为-罢工       1.00      1.00      1.00         9
     组织行为-闭幕       0.92      1.00      0.96        11
    财经/交易-上市       1.00      0.57      0.73         7
 财经/交易-出售/收购       1.00      0.95      0.97        40
    财经/交易-加息       1.00      1.00      1.00         2
    财经/交易-涨价       0.73      0.89      0.80         9
    财经/交易-涨停       1.00      1.00      1.00        51
    财经/交易-融资       1.00      1.00      1.00        16
    财经/交易-跌停       1.00      1.00      1.00        24
    财经/交易-降价       0.81      0.89      0.85        19
    财经/交易-降息       1.00      1.00      1.00         2

   micro avg       0.95      0.93      0.94      2627
   macro avg       0.94      0.90      0.91      2627
weighted avg       0.95      0.93      0.94      2627
 samples avg       0.96      0.95      0.95      2627

-> Valid. time: 11.3907s, loss: 0.0083, accuracy: 89.8829% 

save data
* Training epoch 5:
-> Training time: 138.7439s, loss = 0.0063, accuracy: 92.0134%
* Validation for epoch 5:
正在对验证集进行测试
              precision    recall  f1-score   support

       交往-会见       1.00      1.00      1.00        23
       交往-感谢       0.86      0.75      0.80         8
       交往-探班       1.00      1.00      1.00        13
       交往-点赞       1.00      0.83      0.91        12
       交往-道歉       0.90      0.90      0.90        21
     产品行为-上映       0.98      0.97      0.98        65
     产品行为-下架       1.00      0.98      0.99        43
     产品行为-发布       0.99      0.96      0.97       276
     产品行为-召回       0.96      1.00      0.98        45
     产品行为-获奖       1.00      0.75      0.86        28
     人生-产子/女       0.85      0.85      0.85        20
       人生-出轨       0.67      0.44      0.53         9
       人生-分手       1.00      0.88      0.93        32
       人生-失联       0.94      0.94      0.94        18
       人生-婚礼       0.77      0.91      0.83        11
       人生-庆生       0.91      1.00      0.95        30
       人生-怀孕       0.92      0.75      0.83        16
       人生-死亡       0.94      0.97      0.96       177
       人生-求婚       1.00      1.00      1.00        18
       人生-离婚       0.94      0.98      0.96        63
       人生-结婚       1.00      0.91      0.95        68
       人生-订婚       1.00      1.00      1.00        10
     司法行为-举报       0.82      0.82      0.82        11
     司法行为-入狱       0.97      0.90      0.93        39
     司法行为-开庭       0.94      1.00      0.97        15
     司法行为-拘捕       0.96      0.98      0.97       136
     司法行为-立案       0.94      0.94      0.94        16
     司法行为-约谈       1.00      0.98      0.99        57
     司法行为-罚款       1.00      0.95      0.97        41
     司法行为-起诉       0.97      0.72      0.82        39
    灾害/意外-地震       1.00      0.95      0.98        22
  灾害/意外-坍/垮塌       1.00      0.88      0.93        16
    灾害/意外-坠机       1.00      1.00      1.00        16
    灾害/意外-洪灾       1.00      0.82      0.90        11
    灾害/意外-爆炸       1.00      0.87      0.93        15
    灾害/意外-袭击       0.83      0.88      0.86        17
    灾害/意外-起火       0.97      0.90      0.94        40
    灾害/意外-车祸       0.94      0.94      0.94        47
     竞赛行为-夺冠       0.90      0.96      0.93        81
     竞赛行为-晋级       0.94      0.91      0.92        54
     竞赛行为-禁赛       1.00      1.00      1.00        24
     竞赛行为-胜负       0.98      0.94      0.96       322
     竞赛行为-退役       1.00      0.95      0.98        21
     竞赛行为-退赛       0.66      0.84      0.74        32
     组织关系-停职       1.00      0.87      0.93        15
     组织关系-加盟       0.98      0.86      0.91        69
     组织关系-裁员       0.86      0.78      0.82        23
     组织关系-解散       1.00      0.94      0.97        17
     组织关系-解约       1.00      0.50      0.67        12
     组织关系-解雇       0.88      0.79      0.83        28
   组织关系-辞/离职       0.97      0.98      0.98       109
     组织关系-退出       0.91      0.62      0.74        32
     组织行为-开幕       0.95      0.95      0.95        40
     组织行为-游行       1.00      0.86      0.92        14
     组织行为-罢工       1.00      1.00      1.00         9
     组织行为-闭幕       1.00      0.91      0.95        11
    财经/交易-上市       1.00      0.71      0.83         7
 财经/交易-出售/收购       1.00      0.95      0.97        40
    财经/交易-加息       1.00      1.00      1.00         2
    财经/交易-涨价       0.78      0.78      0.78         9
    财经/交易-涨停       1.00      1.00      1.00        51
    财经/交易-融资       1.00      1.00      1.00        16
    财经/交易-跌停       1.00      1.00      1.00        24
    财经/交易-降价       0.80      0.84      0.82        19
    财经/交易-降息       1.00      1.00      1.00         2

   micro avg       0.96      0.93      0.94      2627
   macro avg       0.95      0.90      0.92      2627
weighted avg       0.96      0.93      0.94      2627
 samples avg       0.96      0.95      0.95      2627

-> Valid. time: 11.4006s, loss: 0.0068, accuracy: 90.7609% 

save data
* Training epoch 6:
-> Training time: 138.9094s, loss = 0.0048, accuracy: 93.6023%
* Validation for epoch 6:
正在对验证集进行测试
              precision    recall  f1-score   support

       交往-会见       1.00      1.00      1.00        23
       交往-感谢       1.00      0.75      0.86         8
       交往-探班       1.00      1.00      1.00        13
       交往-点赞       1.00      0.83      0.91        12
       交往-道歉       0.95      0.90      0.93        21
     产品行为-上映       0.98      0.98      0.98        65
     产品行为-下架       1.00      1.00      1.00        43
     产品行为-发布       0.99      0.97      0.98       276
     产品行为-召回       1.00      1.00      1.00        45
     产品行为-获奖       1.00      0.82      0.90        28
     人生-产子/女       0.94      0.85      0.89        20
       人生-出轨       0.67      0.67      0.67         9
       人生-分手       1.00      0.91      0.95        32
       人生-失联       0.86      1.00      0.92        18
       人生-婚礼       0.69      1.00      0.81        11
       人生-庆生       0.91      1.00      0.95        30
       人生-怀孕       1.00      0.81      0.90        16
       人生-死亡       0.96      0.88      0.91       177
       人生-求婚       1.00      0.94      0.97        18
       人生-离婚       0.95      0.90      0.93        63
       人生-结婚       1.00      0.85      0.92        68
       人生-订婚       1.00      1.00      1.00        10
     司法行为-举报       0.75      0.82      0.78        11
     司法行为-入狱       0.97      0.90      0.93        39
     司法行为-开庭       0.79      1.00      0.88        15
     司法行为-拘捕       0.98      0.96      0.97       136
     司法行为-立案       0.94      1.00      0.97        16
     司法行为-约谈       1.00      0.98      0.99        57
     司法行为-罚款       0.98      0.98      0.98        41
     司法行为-起诉       0.97      0.92      0.95        39
    灾害/意外-地震       1.00      0.95      0.98        22
  灾害/意外-坍/垮塌       1.00      0.88      0.93        16
    灾害/意外-坠机       1.00      1.00      1.00        16
    灾害/意外-洪灾       1.00      0.82      0.90        11
    灾害/意外-爆炸       0.93      0.93      0.93        15
    灾害/意外-袭击       0.88      0.88      0.88        17
    灾害/意外-起火       0.97      0.93      0.95        40
    灾害/意外-车祸       0.92      0.96      0.94        47
     竞赛行为-夺冠       0.89      0.91      0.90        81
     竞赛行为-晋级       0.90      0.98      0.94        54
     竞赛行为-禁赛       1.00      0.96      0.98        24
     竞赛行为-胜负       0.96      0.97      0.96       322
     竞赛行为-退役       0.95      1.00      0.98        21
     竞赛行为-退赛       0.84      0.81      0.83        32
     组织关系-停职       1.00      0.87      0.93        15
     组织关系-加盟       0.97      0.88      0.92        69
     组织关系-裁员       0.85      0.74      0.79        23
     组织关系-解散       1.00      0.94      0.97        17
     组织关系-解约       1.00      0.50      0.67        12
     组织关系-解雇       0.81      0.79      0.80        28
   组织关系-辞/离职       0.96      0.98      0.97       109
     组织关系-退出       0.89      0.78      0.83        32
     组织行为-开幕       0.97      0.95      0.96        40
     组织行为-游行       1.00      0.93      0.96        14
     组织行为-罢工       1.00      1.00      1.00         9
     组织行为-闭幕       0.92      1.00      0.96        11
    财经/交易-上市       0.75      0.86      0.80         7
 财经/交易-出售/收购       1.00      0.90      0.95        40
    财经/交易-加息       1.00      1.00      1.00         2
    财经/交易-涨价       0.80      0.89      0.84         9
    财经/交易-涨停       1.00      1.00      1.00        51
    财经/交易-融资       1.00      1.00      1.00        16
    财经/交易-跌停       1.00      1.00      1.00        24
    财经/交易-降价       0.89      0.89      0.89        19
    财经/交易-降息       1.00      1.00      1.00         2

   micro avg       0.96      0.93      0.95      2627
   macro avg       0.94      0.92      0.93      2627
weighted avg       0.96      0.93      0.94      2627
 samples avg       0.96      0.95      0.95      2627

-> Valid. time: 11.3905s, loss: 0.0064, accuracy: 90.8445% 

save data
* Training epoch 7:
-> Training time: 138.8796s, loss = 0.0037, accuracy: 94.8359%
* Validation for epoch 7:
正在对验证集进行测试
              precision    recall  f1-score   support

       交往-会见       1.00      1.00      1.00        23
       交往-感谢       1.00      0.75      0.86         8
       交往-探班       1.00      1.00      1.00        13
       交往-点赞       0.91      0.83      0.87        12
       交往-道歉       0.91      0.95      0.93        21
     产品行为-上映       0.98      0.97      0.98        65
     产品行为-下架       1.00      0.95      0.98        43
     产品行为-发布       0.99      0.97      0.98       276
     产品行为-召回       1.00      1.00      1.00        45
     产品行为-获奖       1.00      0.82      0.90        28
     人生-产子/女       0.95      0.90      0.92        20
       人生-出轨       1.00      0.44      0.62         9
       人生-分手       1.00      0.88      0.93        32
       人生-失联       0.90      1.00      0.95        18
       人生-婚礼       0.71      0.91      0.80        11
       人生-庆生       0.94      1.00      0.97        30
       人生-怀孕       1.00      0.75      0.86        16
       人生-死亡       0.90      0.97      0.93       177
       人生-求婚       1.00      1.00      1.00        18
       人生-离婚       0.93      1.00      0.96        63
       人生-结婚       1.00      0.79      0.89        68
       人生-订婚       1.00      1.00      1.00        10
     司法行为-举报       0.77      0.91      0.83        11
     司法行为-入狱       0.97      0.90      0.93        39
     司法行为-开庭       0.93      0.93      0.93        15
     司法行为-拘捕       0.97      0.98      0.97       136
     司法行为-立案       0.94      1.00      0.97        16
     司法行为-约谈       1.00      0.98      0.99        57
     司法行为-罚款       0.98      0.98      0.98        41
     司法行为-起诉       0.97      0.90      0.93        39
    灾害/意外-地震       1.00      0.95      0.98        22
  灾害/意外-坍/垮塌       0.83      0.94      0.88        16
    灾害/意外-坠机       1.00      1.00      1.00        16
    灾害/意外-洪灾       1.00      0.91      0.95        11
    灾害/意外-爆炸       1.00      0.73      0.85        15
    灾害/意外-袭击       0.83      0.88      0.86        17
    灾害/意外-起火       0.97      0.95      0.96        40
    灾害/意外-车祸       0.90      0.96      0.93        47
     竞赛行为-夺冠       0.89      0.91      0.90        81
     竞赛行为-晋级       0.94      0.89      0.91        54
     竞赛行为-禁赛       1.00      0.96      0.98        24
     竞赛行为-胜负       0.96      0.98      0.97       322
     竞赛行为-退役       0.95      0.95      0.95        21
     竞赛行为-退赛       0.84      0.84      0.84        32
     组织关系-停职       1.00      0.87      0.93        15
     组织关系-加盟       0.95      0.91      0.93        69
     组织关系-裁员       0.81      0.96      0.88        23
     组织关系-解散       1.00      0.94      0.97        17
     组织关系-解约       1.00      0.67      0.80        12
     组织关系-解雇       0.91      0.75      0.82        28
   组织关系-辞/离职       0.97      0.98      0.98       109
     组织关系-退出       0.87      0.81      0.84        32
     组织行为-开幕       0.97      0.95      0.96        40
     组织行为-游行       1.00      1.00      1.00        14
     组织行为-罢工       1.00      1.00      1.00         9
     组织行为-闭幕       0.92      1.00      0.96        11
    财经/交易-上市       1.00      0.86      0.92         7
 财经/交易-出售/收购       1.00      0.95      0.97        40
    财经/交易-加息       1.00      1.00      1.00         2
    财经/交易-涨价       0.78      0.78      0.78         9
    财经/交易-涨停       1.00      1.00      1.00        51
    财经/交易-融资       1.00      1.00      1.00        16
    财经/交易-跌停       1.00      1.00      1.00        24
    财经/交易-降价       0.84      0.84      0.84        19
    财经/交易-降息       1.00      1.00      1.00         2

   micro avg       0.95      0.94      0.95      2627
   macro avg       0.95      0.92      0.93      2627
weighted avg       0.96      0.94      0.95      2627
 samples avg       0.96      0.96      0.96      2627

-> Valid. time: 11.4060s, loss: 0.0064, accuracy: 90.8445% 

save data
* Training epoch 8:
-> Training time: 138.9239s, loss = 0.0029, accuracy: 95.7663%
* Validation for epoch 8:
正在对验证集进行测试
              precision    recall  f1-score   support

       交往-会见       1.00      1.00      1.00        23
       交往-感谢       1.00      0.75      0.86         8
       交往-探班       1.00      1.00      1.00        13
       交往-点赞       1.00      0.92      0.96        12
       交往-道歉       0.95      0.95      0.95        21
     产品行为-上映       0.98      0.98      0.98        65
     产品行为-下架       1.00      0.95      0.98        43
     产品行为-发布       0.99      0.96      0.98       276
     产品行为-召回       1.00      1.00      1.00        45
     产品行为-获奖       1.00      0.86      0.92        28
     人生-产子/女       0.83      0.95      0.88        20
       人生-出轨       1.00      0.56      0.71         9
       人生-分手       1.00      0.88      0.93        32
       人生-失联       0.94      0.94      0.94        18
       人生-婚礼       0.73      1.00      0.85        11
       人生-庆生       0.88      1.00      0.94        30
       人生-怀孕       0.93      0.81      0.87        16
       人生-死亡       0.88      0.97      0.92       177
       人生-求婚       1.00      1.00      1.00        18
       人生-离婚       0.95      0.94      0.94        63
       人生-结婚       0.95      0.91      0.93        68
       人生-订婚       1.00      1.00      1.00        10
     司法行为-举报       0.80      0.73      0.76        11
     司法行为-入狱       0.97      0.92      0.95        39
     司法行为-开庭       0.94      1.00      0.97        15
     司法行为-拘捕       0.98      0.97      0.97       136
     司法行为-立案       1.00      1.00      1.00        16
     司法行为-约谈       1.00      0.98      0.99        57
     司法行为-罚款       0.97      0.95      0.96        41
     司法行为-起诉       0.97      0.85      0.90        39
    灾害/意外-地震       1.00      0.95      0.98        22
  灾害/意外-坍/垮塌       0.88      0.88      0.88        16
    灾害/意外-坠机       1.00      1.00      1.00        16
    灾害/意外-洪灾       1.00      0.82      0.90        11
    灾害/意外-爆炸       0.93      0.93      0.93        15
    灾害/意外-袭击       0.79      0.88      0.83        17
    灾害/意外-起火       0.97      0.97      0.97        40
    灾害/意外-车祸       0.83      0.96      0.89        47
     竞赛行为-夺冠       0.88      0.95      0.91        81
     竞赛行为-晋级       0.96      0.85      0.90        54
     竞赛行为-禁赛       1.00      1.00      1.00        24
     竞赛行为-胜负       0.96      0.98      0.97       322
     竞赛行为-退役       0.95      1.00      0.98        21
     竞赛行为-退赛       0.83      0.75      0.79        32
     组织关系-停职       1.00      0.87      0.93        15
     组织关系-加盟       0.97      0.84      0.90        69
     组织关系-裁员       0.81      0.91      0.86        23
     组织关系-解散       1.00      1.00      1.00        17
     组织关系-解约       1.00      0.42      0.59        12
     组织关系-解雇       0.79      0.79      0.79        28
   组织关系-辞/离职       0.97      0.98      0.98       109
     组织关系-退出       0.89      0.78      0.83        32
     组织行为-开幕       0.97      0.97      0.97        40
     组织行为-游行       1.00      0.86      0.92        14
     组织行为-罢工       1.00      1.00      1.00         9
     组织行为-闭幕       1.00      1.00      1.00        11
    财经/交易-上市       0.75      0.86      0.80         7
 财经/交易-出售/收购       1.00      0.95      0.97        40
    财经/交易-加息       1.00      1.00      1.00         2
    财经/交易-涨价       0.80      0.89      0.84         9
    财经/交易-涨停       1.00      1.00      1.00        51
    财经/交易-融资       1.00      1.00      1.00        16
    财经/交易-跌停       1.00      1.00      1.00        24
    财经/交易-降价       0.80      0.84      0.82        19
    财经/交易-降息       1.00      1.00      1.00         2

   micro avg       0.95      0.94      0.94      2627
   macro avg       0.94      0.92      0.93      2627
weighted avg       0.95      0.94      0.94      2627
 samples avg       0.96      0.96      0.95      2627

-> Valid. time: 11.3749s, loss: 0.0065, accuracy: 90.3010% 

* Training epoch 9:
-> Training time: 138.8121s, loss = 0.0023, accuracy: 96.7384%
* Validation for epoch 9:
正在对验证集进行测试
              precision    recall  f1-score   support

       交往-会见       1.00      1.00      1.00        23
       交往-感谢       1.00      0.88      0.93         8
       交往-探班       1.00      1.00      1.00        13
       交往-点赞       0.92      0.92      0.92        12
       交往-道歉       0.91      0.95      0.93        21
     产品行为-上映       0.98      0.98      0.98        65
     产品行为-下架       1.00      0.95      0.98        43
     产品行为-发布       0.98      0.97      0.98       276
     产品行为-召回       1.00      1.00      1.00        45
     产品行为-获奖       1.00      0.75      0.86        28
     人生-产子/女       0.94      0.85      0.89        20
       人生-出轨       1.00      0.56      0.71         9
       人生-分手       1.00      0.94      0.97        32
       人生-失联       0.95      1.00      0.97        18
       人生-婚礼       0.71      0.91      0.80        11
       人生-庆生       0.91      1.00      0.95        30
       人生-怀孕       0.93      0.88      0.90        16
       人生-死亡       0.93      0.95      0.94       177
       人生-求婚       1.00      0.94      0.97        18
       人生-离婚       0.93      1.00      0.96        63
       人生-结婚       1.00      0.88      0.94        68
       人生-订婚       1.00      1.00      1.00        10
     司法行为-举报       0.73      0.73      0.73        11
     司法行为-入狱       0.97      0.92      0.95        39
     司法行为-开庭       1.00      1.00      1.00        15
     司法行为-拘捕       0.99      0.99      0.99       136
     司法行为-立案       0.94      1.00      0.97        16
     司法行为-约谈       1.00      0.98      0.99        57
     司法行为-罚款       0.98      0.98      0.98        41
     司法行为-起诉       0.97      0.92      0.95        39
    灾害/意外-地震       1.00      0.95      0.98        22
  灾害/意外-坍/垮塌       1.00      0.88      0.93        16
    灾害/意外-坠机       1.00      1.00      1.00        16
    灾害/意外-洪灾       1.00      0.91      0.95        11
    灾害/意外-爆炸       1.00      0.87      0.93        15
    灾害/意外-袭击       0.83      0.88      0.86        17
    灾害/意外-起火       0.97      0.97      0.97        40
    灾害/意外-车祸       0.92      0.94      0.93        47
     竞赛行为-夺冠       0.93      0.91      0.92        81
     竞赛行为-晋级       0.91      0.98      0.95        54
     竞赛行为-禁赛       1.00      0.96      0.98        24
     竞赛行为-胜负       0.97      0.97      0.97       322
     竞赛行为-退役       0.95      1.00      0.98        21
     竞赛行为-退赛       0.79      0.94      0.86        32
     组织关系-停职       1.00      0.87      0.93        15
     组织关系-加盟       0.95      0.87      0.91        69
     组织关系-裁员       0.82      0.78      0.80        23
     组织关系-解散       1.00      0.94      0.97        17
     组织关系-解约       1.00      0.50      0.67        12
     组织关系-解雇       0.84      0.75      0.79        28
   组织关系-辞/离职       0.97      0.98      0.98       109
     组织关系-退出       0.76      0.88      0.81        32
     组织行为-开幕       0.97      0.97      0.97        40
     组织行为-游行       1.00      1.00      1.00        14
     组织行为-罢工       1.00      1.00      1.00         9
     组织行为-闭幕       1.00      1.00      1.00        11
    财经/交易-上市       1.00      0.86      0.92         7
 财经/交易-出售/收购       1.00      0.95      0.97        40
    财经/交易-加息       1.00      1.00      1.00         2
    财经/交易-涨价       0.80      0.89      0.84         9
    财经/交易-涨停       1.00      1.00      1.00        51
    财经/交易-融资       1.00      1.00      1.00        16
    财经/交易-跌停       1.00      1.00      1.00        24
    财经/交易-降价       0.81      0.89      0.85        19
    财经/交易-降息       1.00      1.00      1.00         2

   micro avg       0.96      0.95      0.95      2627
   macro avg       0.95      0.92      0.93      2627
weighted avg       0.96      0.95      0.95      2627
 samples avg       0.96      0.96      0.96      2627

-> Valid. time: 11.3934s, loss: 0.0068, accuracy: 91.6388% 

save data
* Training epoch 10:
-> Training time: 138.7916s, loss = 0.0020, accuracy: 97.2089%
* Validation for epoch 10:
正在对验证集进行测试
              precision    recall  f1-score   support

       交往-会见       1.00      1.00      1.00        23
       交往-感谢       1.00      0.75      0.86         8
       交往-探班       1.00      1.00      1.00        13
       交往-点赞       0.85      0.92      0.88        12
       交往-道歉       0.90      0.90      0.90        21
     产品行为-上映       0.98      0.98      0.98        65
     产品行为-下架       1.00      0.98      0.99        43
     产品行为-发布       0.98      0.98      0.98       276
     产品行为-召回       1.00      1.00      1.00        45
     产品行为-获奖       1.00      0.96      0.98        28
     人生-产子/女       0.95      0.95      0.95        20
       人生-出轨       1.00      0.56      0.71         9
       人生-分手       1.00      0.84      0.92        32
       人生-失联       0.90      1.00      0.95        18
       人生-婚礼       0.79      1.00      0.88        11
       人生-庆生       0.91      1.00      0.95        30
       人生-怀孕       1.00      0.81      0.90        16
       人生-死亡       0.92      0.95      0.94       177
       人生-求婚       1.00      1.00      1.00        18
       人生-离婚       0.93      0.98      0.95        63
       人生-结婚       0.97      0.96      0.96        68
       人生-订婚       1.00      1.00      1.00        10
     司法行为-举报       0.73      0.73      0.73        11
     司法行为-入狱       0.97      0.92      0.95        39
     司法行为-开庭       0.83      1.00      0.91        15
     司法行为-拘捕       0.98      0.96      0.97       136
     司法行为-立案       1.00      1.00      1.00        16
     司法行为-约谈       1.00      0.98      0.99        57
     司法行为-罚款       0.98      0.98      0.98        41
     司法行为-起诉       0.97      0.95      0.96        39
    灾害/意外-地震       1.00      0.95      0.98        22
  灾害/意外-坍/垮塌       0.88      0.88      0.88        16
    灾害/意外-坠机       1.00      1.00      1.00        16
    灾害/意外-洪灾       1.00      0.91      0.95        11
    灾害/意外-爆炸       1.00      0.80      0.89        15
    灾害/意外-袭击       0.83      0.88      0.86        17
    灾害/意外-起火       0.95      1.00      0.98        40
    灾害/意外-车祸       0.87      0.98      0.92        47
     竞赛行为-夺冠       0.89      0.93      0.91        81
     竞赛行为-晋级       0.90      0.96      0.93        54
     竞赛行为-禁赛       1.00      1.00      1.00        24
     竞赛行为-胜负       0.98      0.93      0.96       322
     竞赛行为-退役       0.95      1.00      0.98        21
     竞赛行为-退赛       0.81      0.78      0.79        32
     组织关系-停职       1.00      0.87      0.93        15
     组织关系-加盟       0.97      0.88      0.92        69
     组织关系-裁员       0.89      0.74      0.81        23
     组织关系-解散       1.00      0.94      0.97        17
     组织关系-解约       1.00      0.50      0.67        12
     组织关系-解雇       0.81      0.89      0.85        28
   组织关系-辞/离职       0.96      0.98      0.97       109
     组织关系-退出       0.85      0.88      0.86        32
     组织行为-开幕       0.97      0.97      0.97        40
     组织行为-游行       1.00      0.93      0.96        14
     组织行为-罢工       1.00      1.00      1.00         9
     组织行为-闭幕       0.92      1.00      0.96        11
    财经/交易-上市       0.86      0.86      0.86         7
 财经/交易-出售/收购       1.00      0.93      0.96        40
    财经/交易-加息       1.00      1.00      1.00         2
    财经/交易-涨价       0.73      0.89      0.80         9
    财经/交易-涨停       1.00      1.00      1.00        51
    财经/交易-融资       1.00      1.00      1.00        16
    财经/交易-跌停       1.00      1.00      1.00        24
    财经/交易-降价       0.85      0.89      0.87        19
    财经/交易-降息       1.00      1.00      1.00         2

   micro avg       0.95      0.95      0.95      2627
   macro avg       0.94      0.93      0.93      2627
weighted avg       0.95      0.95      0.95      2627
 samples avg       0.97      0.96      0.96      2627

-> Valid. time: 11.3752s, loss: 0.0066, accuracy: 91.1789% 

* Training epoch 11:
-> Training time: 138.8076s, loss = 0.0015, accuracy: 98.0138%
* Validation for epoch 11:
正在对验证集进行测试
              precision    recall  f1-score   support

       交往-会见       1.00      1.00      1.00        23
       交往-感谢       0.88      0.88      0.88         8
       交往-探班       1.00      1.00      1.00        13
       交往-点赞       0.85      0.92      0.88        12
       交往-道歉       0.90      0.90      0.90        21
     产品行为-上映       0.98      0.97      0.98        65
     产品行为-下架       1.00      0.98      0.99        43
     产品行为-发布       0.98      0.97      0.98       276
     产品行为-召回       1.00      1.00      1.00        45
     产品行为-获奖       1.00      0.96      0.98        28
     人生-产子/女       0.94      0.85      0.89        20
       人生-出轨       1.00      0.56      0.71         9
       人生-分手       1.00      0.88      0.93        32
       人生-失联       1.00      0.94      0.97        18
       人生-婚礼       0.73      1.00      0.85        11
       人生-庆生       0.88      1.00      0.94        30
       人生-怀孕       0.87      0.81      0.84        16
       人生-死亡       0.93      0.95      0.94       177
       人生-求婚       1.00      1.00      1.00        18
       人生-离婚       0.94      0.97      0.95        63
       人生-结婚       1.00      0.88      0.94        68
       人生-订婚       1.00      1.00      1.00        10
     司法行为-举报       0.77      0.91      0.83        11
     司法行为-入狱       0.97      0.90      0.93        39
     司法行为-开庭       0.93      0.93      0.93        15
     司法行为-拘捕       0.98      0.96      0.97       136
     司法行为-立案       1.00      1.00      1.00        16
     司法行为-约谈       1.00      0.98      0.99        57
     司法行为-罚款       0.98      0.98      0.98        41
     司法行为-起诉       0.97      0.97      0.97        39
    灾害/意外-地震       1.00      0.95      0.98        22
  灾害/意外-坍/垮塌       1.00      0.88      0.93        16
    灾害/意外-坠机       1.00      1.00      1.00        16
    灾害/意外-洪灾       0.91      0.91      0.91        11
    灾害/意外-爆炸       1.00      0.80      0.89        15
    灾害/意外-袭击       0.75      0.88      0.81        17
    灾害/意外-起火       0.98      1.00      0.99        40
    灾害/意外-车祸       0.94      0.96      0.95        47
     竞赛行为-夺冠       0.90      0.94      0.92        81
     竞赛行为-晋级       0.91      0.96      0.94        54
     竞赛行为-禁赛       0.96      1.00      0.98        24
     竞赛行为-胜负       0.96      0.97      0.97       322
     竞赛行为-退役       0.95      1.00      0.98        21
     竞赛行为-退赛       0.82      0.88      0.85        32
     组织关系-停职       1.00      0.87      0.93        15
     组织关系-加盟       0.94      0.88      0.91        69
     组织关系-裁员       0.83      0.87      0.85        23
     组织关系-解散       1.00      1.00      1.00        17
     组织关系-解约       1.00      0.67      0.80        12
     组织关系-解雇       0.81      0.75      0.78        28
   组织关系-辞/离职       0.96      0.98      0.97       109
     组织关系-退出       0.87      0.84      0.86        32
     组织行为-开幕       0.97      0.95      0.96        40
     组织行为-游行       1.00      0.93      0.96        14
     组织行为-罢工       1.00      1.00      1.00         9
     组织行为-闭幕       1.00      1.00      1.00        11
    财经/交易-上市       0.86      0.86      0.86         7
 财经/交易-出售/收购       1.00      0.95      0.97        40
    财经/交易-加息       1.00      1.00      1.00         2
    财经/交易-涨价       0.78      0.78      0.78         9
    财经/交易-涨停       1.00      1.00      1.00        51
    财经/交易-融资       1.00      1.00      1.00        16
    财经/交易-跌停       1.00      1.00      1.00        24
    财经/交易-降价       0.81      0.89      0.85        19
    财经/交易-降息       1.00      1.00      1.00         2

   micro avg       0.95      0.95      0.95      2627
   macro avg       0.94      0.93      0.93      2627
weighted avg       0.96      0.95      0.95      2627
 samples avg       0.97      0.96      0.96      2627

-> Valid. time: 11.3948s, loss: 0.0067, accuracy: 91.8896% 

save data
* Training epoch 12:
-> Training time: 138.7437s, loss = 0.0014, accuracy: 97.9929%
* Validation for epoch 12:
正在对验证集进行测试
              precision    recall  f1-score   support

       交往-会见       1.00      1.00      1.00        23
       交往-感谢       1.00      0.75      0.86         8
       交往-探班       1.00      1.00      1.00        13
       交往-点赞       0.92      0.92      0.92        12
       交往-道歉       0.91      0.95      0.93        21
     产品行为-上映       0.98      0.97      0.98        65
     产品行为-下架       1.00      0.98      0.99        43
     产品行为-发布       0.98      0.97      0.97       276
     产品行为-召回       0.98      1.00      0.99        45
     产品行为-获奖       1.00      0.89      0.94        28
     人生-产子/女       0.95      0.90      0.92        20
       人生-出轨       0.83      0.56      0.67         9
       人生-分手       1.00      0.91      0.95        32
       人生-失联       0.90      1.00      0.95        18
       人生-婚礼       0.77      0.91      0.83        11
       人生-庆生       0.91      1.00      0.95        30
       人生-怀孕       1.00      0.88      0.93        16
       人生-死亡       0.94      0.95      0.94       177
       人生-求婚       1.00      1.00      1.00        18
       人生-离婚       0.94      0.92      0.93        63
       人生-结婚       0.98      0.94      0.96        68
       人生-订婚       1.00      1.00      1.00        10
     司法行为-举报       0.73      0.73      0.73        11
     司法行为-入狱       0.97      0.95      0.96        39
     司法行为-开庭       1.00      0.93      0.97        15
     司法行为-拘捕       0.98      0.97      0.97       136
     司法行为-立案       0.94      1.00      0.97        16
     司法行为-约谈       1.00      0.98      0.99        57
     司法行为-罚款       0.98      0.98      0.98        41
     司法行为-起诉       0.97      0.92      0.95        39
    灾害/意外-地震       1.00      0.95      0.98        22
  灾害/意外-坍/垮塌       1.00      0.88      0.93        16
    灾害/意外-坠机       1.00      1.00      1.00        16
    灾害/意外-洪灾       1.00      0.91      0.95        11
    灾害/意外-爆炸       1.00      0.93      0.97        15
    灾害/意外-袭击       0.79      0.88      0.83        17
    灾害/意外-起火       0.97      0.95      0.96        40
    灾害/意外-车祸       0.94      0.94      0.94        47
     竞赛行为-夺冠       0.92      0.95      0.93        81
     竞赛行为-晋级       0.87      0.98      0.92        54
     竞赛行为-禁赛       1.00      1.00      1.00        24
     竞赛行为-胜负       0.97      0.96      0.96       322
     竞赛行为-退役       0.95      1.00      0.98        21
     竞赛行为-退赛       0.86      0.78      0.82        32
     组织关系-停职       1.00      0.87      0.93        15
     组织关系-加盟       0.94      0.90      0.92        69
     组织关系-裁员       0.82      0.78      0.80        23
     组织关系-解散       1.00      0.88      0.94        17
     组织关系-解约       1.00      0.50      0.67        12
     组织关系-解雇       0.81      0.79      0.80        28
   组织关系-辞/离职       0.97      0.98      0.98       109
     组织关系-退出       0.82      0.88      0.85        32
     组织行为-开幕       0.97      0.97      0.97        40
     组织行为-游行       1.00      0.93      0.96        14
     组织行为-罢工       1.00      1.00      1.00         9
     组织行为-闭幕       0.92      1.00      0.96        11
    财经/交易-上市       0.86      0.86      0.86         7
 财经/交易-出售/收购       1.00      0.95      0.97        40
    财经/交易-加息       1.00      1.00      1.00         2
    财经/交易-涨价       0.78      0.78      0.78         9
    财经/交易-涨停       1.00      1.00      1.00        51
    财经/交易-融资       1.00      1.00      1.00        16
    财经/交易-跌停       1.00      1.00      1.00        24
    财经/交易-降价       0.81      0.89      0.85        19
    财经/交易-降息       1.00      1.00      1.00         2

   micro avg       0.96      0.95      0.95      2627
   macro avg       0.95      0.92      0.93      2627
weighted avg       0.96      0.95      0.95      2627
 samples avg       0.96      0.96      0.96      2627

-> Valid. time: 11.3906s, loss: 0.0068, accuracy: 91.5970% 

* Training epoch 13:
-> Training time: 138.8864s, loss = 0.0012, accuracy: 98.4006%
* Validation for epoch 13:
正在对验证集进行测试
              precision    recall  f1-score   support

       交往-会见       1.00      1.00      1.00        23
       交往-感谢       1.00      0.88      0.93         8
       交往-探班       1.00      1.00      1.00        13
       交往-点赞       1.00      0.92      0.96        12
       交往-道歉       0.91      0.95      0.93        21
     产品行为-上映       0.98      0.98      0.98        65
     产品行为-下架       1.00      1.00      1.00        43
     产品行为-发布       0.98      0.97      0.98       276
     产品行为-召回       0.98      1.00      0.99        45
     产品行为-获奖       1.00      0.79      0.88        28
     人生-产子/女       1.00      0.95      0.97        20
       人生-出轨       0.83      0.56      0.67         9
       人生-分手       1.00      0.91      0.95        32
       人生-失联       0.94      0.89      0.91        18
       人生-婚礼       0.71      0.91      0.80        11
       人生-庆生       0.94      1.00      0.97        30
       人生-怀孕       0.93      0.88      0.90        16
       人生-死亡       0.92      0.95      0.94       177
       人生-求婚       1.00      0.94      0.97        18
       人生-离婚       0.94      0.98      0.96        63
       人生-结婚       0.96      0.94      0.95        68
       人生-订婚       1.00      1.00      1.00        10
     司法行为-举报       0.77      0.91      0.83        11
     司法行为-入狱       0.97      0.92      0.95        39
     司法行为-开庭       1.00      1.00      1.00        15
     司法行为-拘捕       0.98      0.97      0.97       136
     司法行为-立案       0.89      1.00      0.94        16
     司法行为-约谈       1.00      0.98      0.99        57
     司法行为-罚款       0.98      0.98      0.98        41
     司法行为-起诉       0.97      0.95      0.96        39
    灾害/意外-地震       1.00      0.95      0.98        22
  灾害/意外-坍/垮塌       1.00      0.88      0.93        16
    灾害/意外-坠机       1.00      1.00      1.00        16
    灾害/意外-洪灾       0.91      0.91      0.91        11
    灾害/意外-爆炸       1.00      0.87      0.93        15
    灾害/意外-袭击       0.83      0.88      0.86        17
    灾害/意外-起火       0.97      0.97      0.97        40
    灾害/意外-车祸       0.90      0.98      0.94        47
     竞赛行为-夺冠       0.92      0.94      0.93        81
     竞赛行为-晋级       0.88      0.96      0.92        54
     竞赛行为-禁赛       1.00      1.00      1.00        24
     竞赛行为-胜负       0.97      0.97      0.97       322
     竞赛行为-退役       0.95      1.00      0.98        21
     竞赛行为-退赛       0.83      0.75      0.79        32
     组织关系-停职       1.00      0.87      0.93        15
     组织关系-加盟       0.97      0.88      0.92        69
     组织关系-裁员       0.83      0.87      0.85        23
     组织关系-解散       1.00      1.00      1.00        17
     组织关系-解约       1.00      0.50      0.67        12
     组织关系-解雇       0.81      0.79      0.80        28
   组织关系-辞/离职       0.97      0.98      0.98       109
     组织关系-退出       0.81      0.91      0.85        32
     组织行为-开幕       0.97      0.97      0.97        40
     组织行为-游行       1.00      1.00      1.00        14
     组织行为-罢工       1.00      1.00      1.00         9
     组织行为-闭幕       1.00      1.00      1.00        11
    财经/交易-上市       0.86      0.86      0.86         7
 财经/交易-出售/收购       1.00      0.95      0.97        40
    财经/交易-加息       1.00      1.00      1.00         2
    财经/交易-涨价       0.78      0.78      0.78         9
    财经/交易-涨停       1.00      1.00      1.00        51
    财经/交易-融资       1.00      1.00      1.00        16
    财经/交易-跌停       1.00      1.00      1.00        24
    财经/交易-降价       0.81      0.89      0.85        19
    财经/交易-降息       1.00      1.00      1.00         2

   micro avg       0.95      0.95      0.95      2627
   macro avg       0.95      0.93      0.94      2627
weighted avg       0.96      0.95      0.95      2627
 samples avg       0.96      0.96      0.96      2627

-> Valid. time: 11.3949s, loss: 0.0064, accuracy: 91.8478% 

* Training epoch 14:
-> Training time: 138.9008s, loss = 0.0009, accuracy: 98.8919%
* Validation for epoch 14:
正在对验证集进行测试
              precision    recall  f1-score   support

       交往-会见       1.00      1.00      1.00        23
       交往-感谢       1.00      0.62      0.77         8
       交往-探班       1.00      1.00      1.00        13
       交往-点赞       0.92      0.92      0.92        12
       交往-道歉       0.91      0.95      0.93        21
     产品行为-上映       0.98      0.97      0.98        65
     产品行为-下架       1.00      0.95      0.98        43
     产品行为-发布       0.98      0.98      0.98       276
     产品行为-召回       1.00      1.00      1.00        45
     产品行为-获奖       1.00      0.89      0.94        28
     人生-产子/女       0.87      1.00      0.93        20
       人生-出轨       1.00      0.44      0.62         9
       人生-分手       1.00      0.88      0.93        32
       人生-失联       0.90      1.00      0.95        18
       人生-婚礼       0.73      1.00      0.85        11
       人生-庆生       0.91      1.00      0.95        30
       人生-怀孕       0.93      0.88      0.90        16
       人生-死亡       0.91      0.97      0.94       177
       人生-求婚       1.00      1.00      1.00        18
       人生-离婚       0.94      0.97      0.95        63
       人生-结婚       0.97      0.94      0.96        68
       人生-订婚       1.00      1.00      1.00        10
     司法行为-举报       0.69      0.82      0.75        11
     司法行为-入狱       0.97      0.92      0.95        39
     司法行为-开庭       1.00      1.00      1.00        15
     司法行为-拘捕       0.98      0.96      0.97       136
     司法行为-立案       0.94      1.00      0.97        16
     司法行为-约谈       1.00      0.98      0.99        57
     司法行为-罚款       0.98      0.98      0.98        41
     司法行为-起诉       0.97      0.90      0.93        39
    灾害/意外-地震       1.00      0.95      0.98        22
  灾害/意外-坍/垮塌       0.93      0.88      0.90        16
    灾害/意外-坠机       1.00      1.00      1.00        16
    灾害/意外-洪灾       1.00      0.91      0.95        11
    灾害/意外-爆炸       1.00      0.93      0.97        15
    灾害/意外-袭击       0.83      0.88      0.86        17
    灾害/意外-起火       0.97      0.97      0.97        40
    灾害/意外-车祸       0.94      0.94      0.94        47
     竞赛行为-夺冠       0.93      0.93      0.93        81
     竞赛行为-晋级       0.93      1.00      0.96        54
     竞赛行为-禁赛       1.00      1.00      1.00        24
     竞赛行为-胜负       0.97      0.96      0.97       322
     竞赛行为-退役       0.95      1.00      0.98        21
     竞赛行为-退赛       0.82      0.88      0.85        32
     组织关系-停职       1.00      0.87      0.93        15
     组织关系-加盟       0.95      0.90      0.93        69
     组织关系-裁员       0.82      0.78      0.80        23
     组织关系-解散       1.00      1.00      1.00        17
     组织关系-解约       1.00      0.50      0.67        12
     组织关系-解雇       0.81      0.79      0.80        28
   组织关系-辞/离职       0.97      0.98      0.98       109
     组织关系-退出       0.79      0.84      0.82        32
     组织行为-开幕       0.97      0.97      0.97        40
     组织行为-游行       1.00      1.00      1.00        14
     组织行为-罢工       1.00      1.00      1.00         9
     组织行为-闭幕       1.00      1.00      1.00        11
    财经/交易-上市       0.86      0.86      0.86         7
 财经/交易-出售/收购       1.00      0.95      0.97        40
    财经/交易-加息       1.00      1.00      1.00         2
    财经/交易-涨价       0.78      0.78      0.78         9
    财经/交易-涨停       1.00      1.00      1.00        51
    财经/交易-融资       1.00      1.00      1.00        16
    财经/交易-跌停       1.00      1.00      1.00        24
    财经/交易-降价       0.81      0.89      0.85        19
    财经/交易-降息       1.00      1.00      1.00         2

   micro avg       0.95      0.95      0.95      2627
   macro avg       0.95      0.93      0.93      2627
weighted avg       0.96      0.95      0.95      2627
 samples avg       0.97      0.97      0.96      2627

-> Valid. time: 11.3960s, loss: 0.0070, accuracy: 91.8060% 

* Training epoch 15:
-> Training time: 138.8066s, loss = 0.0007, accuracy: 99.2996%
* Validation for epoch 15:
正在对验证集进行测试
              precision    recall  f1-score   support

       交往-会见       1.00      1.00      1.00        23
       交往-感谢       1.00      0.88      0.93         8
       交往-探班       1.00      1.00      1.00        13
       交往-点赞       1.00      0.92      0.96        12
       交往-道歉       0.91      0.95      0.93        21
     产品行为-上映       0.98      0.97      0.98        65
     产品行为-下架       1.00      0.98      0.99        43
     产品行为-发布       0.98      0.97      0.97       276
     产品行为-召回       0.98      1.00      0.99        45
     产品行为-获奖       1.00      0.86      0.92        28
     人生-产子/女       1.00      0.95      0.97        20
       人生-出轨       1.00      0.56      0.71         9
       人生-分手       1.00      0.91      0.95        32
       人生-失联       0.94      0.94      0.94        18
       人生-婚礼       0.73      1.00      0.85        11
       人生-庆生       0.91      1.00      0.95        30
       人生-怀孕       0.93      0.88      0.90        16
       人生-死亡       0.93      0.94      0.94       177
       人生-求婚       1.00      1.00      1.00        18
       人生-离婚       0.95      0.95      0.95        63
       人生-结婚       1.00      0.91      0.95        68
       人生-订婚       1.00      1.00      1.00        10
     司法行为-举报       0.71      0.91      0.80        11
     司法行为-入狱       0.97      0.92      0.95        39
     司法行为-开庭       1.00      0.87      0.93        15
     司法行为-拘捕       0.98      0.96      0.97       136
     司法行为-立案       0.94      1.00      0.97        16
     司法行为-约谈       1.00      0.98      0.99        57
     司法行为-罚款       0.98      0.98      0.98        41
     司法行为-起诉       0.97      0.90      0.93        39
    灾害/意外-地震       1.00      0.95      0.98        22
  灾害/意外-坍/垮塌       0.82      0.88      0.85        16
    灾害/意外-坠机       1.00      1.00      1.00        16
    灾害/意外-洪灾       1.00      0.91      0.95        11
    灾害/意外-爆炸       1.00      0.93      0.97        15
    灾害/意外-袭击       0.83      0.88      0.86        17
    灾害/意外-起火       0.97      0.97      0.97        40
    灾害/意外-车祸       0.93      0.91      0.92        47
     竞赛行为-夺冠       0.90      0.91      0.91        81
     竞赛行为-晋级       0.89      1.00      0.94        54
     竞赛行为-禁赛       1.00      1.00      1.00        24
     竞赛行为-胜负       0.97      0.97      0.97       322
     竞赛行为-退役       0.95      1.00      0.98        21
     竞赛行为-退赛       0.86      0.75      0.80        32
     组织关系-停职       1.00      0.87      0.93        15
     组织关系-加盟       0.95      0.90      0.93        69
     组织关系-裁员       0.80      0.87      0.83        23
     组织关系-解散       1.00      1.00      1.00        17
     组织关系-解约       1.00      0.50      0.67        12
     组织关系-解雇       0.81      0.79      0.80        28
   组织关系-辞/离职       0.97      0.98      0.98       109
     组织关系-退出       0.82      0.84      0.83        32
     组织行为-开幕       0.97      0.97      0.97        40
     组织行为-游行       1.00      1.00      1.00        14
     组织行为-罢工       1.00      1.00      1.00         9
     组织行为-闭幕       1.00      1.00      1.00        11
    财经/交易-上市       0.86      0.86      0.86         7
 财经/交易-出售/收购       1.00      0.95      0.97        40
    财经/交易-加息       1.00      1.00      1.00         2
    财经/交易-涨价       0.78      0.78      0.78         9
    财经/交易-涨停       1.00      1.00      1.00        51
    财经/交易-融资       1.00      1.00      1.00        16
    财经/交易-跌停       1.00      1.00      1.00        24
    财经/交易-降价       0.81      0.89      0.85        19
    财经/交易-降息       1.00      1.00      1.00         2

   micro avg       0.96      0.95      0.95      2627
   macro avg       0.95      0.93      0.94      2627
weighted avg       0.96      0.95      0.95      2627
 samples avg       0.97      0.96      0.96      2627

-> Valid. time: 11.3964s, loss: 0.0073, accuracy: 91.7642% 

* Training epoch 16:
-> Training time: 138.8873s, loss = 0.0007, accuracy: 99.2369%
* Validation for epoch 16:
正在对验证集进行测试
              precision    recall  f1-score   support

       交往-会见       1.00      1.00      1.00        23
       交往-感谢       1.00      0.88      0.93         8
       交往-探班       1.00      1.00      1.00        13
       交往-点赞       1.00      0.92      0.96        12
       交往-道歉       0.91      0.95      0.93        21
     产品行为-上映       0.98      0.97      0.98        65
     产品行为-下架       1.00      0.98      0.99        43
     产品行为-发布       0.98      0.98      0.98       276
     产品行为-召回       1.00      1.00      1.00        45
     产品行为-获奖       1.00      0.89      0.94        28
     人生-产子/女       0.95      0.90      0.92        20
       人生-出轨       1.00      0.56      0.71         9
       人生-分手       1.00      0.94      0.97        32
       人生-失联       0.94      0.94      0.94        18
       人生-婚礼       0.73      1.00      0.85        11
       人生-庆生       0.91      1.00      0.95        30
       人生-怀孕       0.93      0.88      0.90        16
       人生-死亡       0.95      0.93      0.94       177
       人生-求婚       1.00      1.00      1.00        18
       人生-离婚       0.95      0.95      0.95        63
       人生-结婚       1.00      0.91      0.95        68
       人生-订婚       1.00      1.00      1.00        10
     司法行为-举报       0.69      0.82      0.75        11
     司法行为-入狱       0.97      0.92      0.95        39
     司法行为-开庭       1.00      0.93      0.97        15
     司法行为-拘捕       0.98      0.96      0.97       136
     司法行为-立案       0.89      1.00      0.94        16
     司法行为-约谈       1.00      0.98      0.99        57
     司法行为-罚款       0.98      0.98      0.98        41
     司法行为-起诉       0.97      0.92      0.95        39
    灾害/意外-地震       1.00      0.95      0.98        22
  灾害/意外-坍/垮塌       0.82      0.88      0.85        16
    灾害/意外-坠机       1.00      1.00      1.00        16
    灾害/意外-洪灾       1.00      0.91      0.95        11
    灾害/意外-爆炸       0.93      0.93      0.93        15
    灾害/意外-袭击       0.83      0.88      0.86        17
    灾害/意外-起火       0.98      1.00      0.99        40
    灾害/意外-车祸       0.96      0.94      0.95        47
     竞赛行为-夺冠       0.88      0.94      0.91        81
     竞赛行为-晋级       0.91      0.98      0.95        54
     竞赛行为-禁赛       1.00      1.00      1.00        24
     竞赛行为-胜负       0.97      0.97      0.97       322
     竞赛行为-退役       0.95      1.00      0.98        21
     竞赛行为-退赛       0.82      0.88      0.85        32
     组织关系-停职       1.00      0.87      0.93        15
     组织关系-加盟       0.95      0.90      0.93        69
     组织关系-裁员       0.83      0.87      0.85        23
     组织关系-解散       1.00      1.00      1.00        17
     组织关系-解约       1.00      0.50      0.67        12
     组织关系-解雇       0.85      0.79      0.81        28
   组织关系-辞/离职       0.97      0.98      0.98       109
     组织关系-退出       0.78      0.88      0.82        32
     组织行为-开幕       0.97      0.97      0.97        40
     组织行为-游行       1.00      1.00      1.00        14
     组织行为-罢工       1.00      1.00      1.00         9
     组织行为-闭幕       1.00      1.00      1.00        11
    财经/交易-上市       0.86      0.86      0.86         7
 财经/交易-出售/收购       1.00      0.95      0.97        40
    财经/交易-加息       1.00      1.00      1.00         2
    财经/交易-涨价       0.78      0.78      0.78         9
    财经/交易-涨停       1.00      1.00      1.00        51
    财经/交易-融资       1.00      1.00      1.00        16
    财经/交易-跌停       1.00      1.00      1.00        24
    财经/交易-降价       0.81      0.89      0.85        19
    财经/交易-降息       1.00      1.00      1.00         2

   micro avg       0.96      0.95      0.95      2627
   macro avg       0.95      0.93      0.94      2627
weighted avg       0.96      0.95      0.95      2627
 samples avg       0.97      0.97      0.96      2627

-> Valid. time: 11.3885s, loss: 0.0070, accuracy: 92.0987% 

save data
* Training epoch 17:
-> Training time: 138.8893s, loss = 0.0006, accuracy: 99.3519%
* Validation for epoch 17:
正在对验证集进行测试
              precision    recall  f1-score   support

       交往-会见       1.00      1.00      1.00        23
       交往-感谢       1.00      0.88      0.93         8
       交往-探班       1.00      1.00      1.00        13
       交往-点赞       0.92      0.92      0.92        12
       交往-道歉       0.91      0.95      0.93        21
     产品行为-上映       0.98      0.97      0.98        65
     产品行为-下架       1.00      0.95      0.98        43
     产品行为-发布       0.99      0.98      0.98       276
     产品行为-召回       0.98      1.00      0.99        45
     产品行为-获奖       1.00      0.89      0.94        28
     人生-产子/女       0.83      0.95      0.88        20
       人生-出轨       1.00      0.56      0.71         9
       人生-分手       1.00      0.84      0.92        32
       人生-失联       0.94      0.94      0.94        18
       人生-婚礼       0.73      1.00      0.85        11
       人生-庆生       0.91      1.00      0.95        30
       人生-怀孕       0.93      0.88      0.90        16
       人生-死亡       0.91      0.97      0.94       177
       人生-求婚       1.00      1.00      1.00        18
       人生-离婚       0.94      0.98      0.96        63
       人生-结婚       0.96      0.96      0.96        68
       人生-订婚       1.00      1.00      1.00        10
     司法行为-举报       0.73      0.73      0.73        11
     司法行为-入狱       0.97      0.92      0.95        39
     司法行为-开庭       0.93      0.93      0.93        15
     司法行为-拘捕       0.98      0.96      0.97       136
     司法行为-立案       0.94      1.00      0.97        16
     司法行为-约谈       1.00      0.98      0.99        57
     司法行为-罚款       0.98      0.98      0.98        41
     司法行为-起诉       0.97      0.90      0.93        39
    灾害/意外-地震       1.00      0.95      0.98        22
  灾害/意外-坍/垮塌       0.93      0.88      0.90        16
    灾害/意外-坠机       1.00      1.00      1.00        16
    灾害/意外-洪灾       1.00      0.91      0.95        11
    灾害/意外-爆炸       1.00      0.93      0.97        15
    灾害/意外-袭击       0.83      0.88      0.86        17
    灾害/意外-起火       0.98      1.00      0.99        40
    灾害/意外-车祸       0.92      0.96      0.94        47
     竞赛行为-夺冠       0.85      0.96      0.90        81
     竞赛行为-晋级       0.93      0.98      0.95        54
     竞赛行为-禁赛       1.00      1.00      1.00        24
     竞赛行为-胜负       0.97      0.97      0.97       322
     竞赛行为-退役       0.95      1.00      0.98        21
     竞赛行为-退赛       0.81      0.81      0.81        32
     组织关系-停职       1.00      0.87      0.93        15
     组织关系-加盟       0.95      0.90      0.93        69
     组织关系-裁员       0.83      0.83      0.83        23
     组织关系-解散       1.00      1.00      1.00        17
     组织关系-解约       1.00      0.50      0.67        12
     组织关系-解雇       0.77      0.82      0.79        28
   组织关系-辞/离职       0.97      0.98      0.98       109
     组织关系-退出       0.85      0.88      0.86        32
     组织行为-开幕       0.97      0.97      0.97        40
     组织行为-游行       1.00      1.00      1.00        14
     组织行为-罢工       1.00      1.00      1.00         9
     组织行为-闭幕       1.00      1.00      1.00        11
    财经/交易-上市       0.86      0.86      0.86         7
 财经/交易-出售/收购       1.00      0.95      0.97        40
    财经/交易-加息       1.00      1.00      1.00         2
    财经/交易-涨价       0.80      0.89      0.84         9
    财经/交易-涨停       1.00      1.00      1.00        51
    财经/交易-融资       1.00      1.00      1.00        16
    财经/交易-跌停       1.00      1.00      1.00        24
    财经/交易-降价       0.81      0.89      0.85        19
    财经/交易-降息       1.00      1.00      1.00         2

   micro avg       0.95      0.95      0.95      2627
   macro avg       0.94      0.93      0.94      2627
weighted avg       0.95      0.95      0.95      2627
 samples avg       0.96      0.97      0.96      2627

-> Valid. time: 11.4038s, loss: 0.0070, accuracy: 91.7224% 

* Training epoch 18:
-> Training time: 138.9170s, loss = 0.0006, accuracy: 99.4250%
* Validation for epoch 18:
正在对验证集进行测试
              precision    recall  f1-score   support

       交往-会见       1.00      1.00      1.00        23
       交往-感谢       0.88      0.88      0.88         8
       交往-探班       1.00      1.00      1.00        13
       交往-点赞       0.92      0.92      0.92        12
       交往-道歉       0.91      0.95      0.93        21
     产品行为-上映       0.98      0.97      0.98        65
     产品行为-下架       1.00      0.95      0.98        43
     产品行为-发布       0.99      0.98      0.98       276
     产品行为-召回       1.00      1.00      1.00        45
     产品行为-获奖       1.00      0.93      0.96        28
     人生-产子/女       0.77      1.00      0.87        20
       人生-出轨       1.00      0.44      0.62         9
       人生-分手       1.00      0.94      0.97        32
       人生-失联       0.90      1.00      0.95        18
       人生-婚礼       0.69      1.00      0.81        11
       人生-庆生       0.91      1.00      0.95        30
       人生-怀孕       0.93      0.88      0.90        16
       人生-死亡       0.93      0.95      0.94       177
       人生-求婚       1.00      1.00      1.00        18
       人生-离婚       0.93      0.98      0.95        63
       人生-结婚       0.97      0.94      0.96        68
       人生-订婚       1.00      1.00      1.00        10
     司法行为-举报       0.75      0.82      0.78        11
     司法行为-入狱       0.97      0.92      0.95        39
     司法行为-开庭       0.93      0.93      0.93        15
     司法行为-拘捕       0.98      0.98      0.98       136
     司法行为-立案       0.94      1.00      0.97        16
     司法行为-约谈       1.00      0.98      0.99        57
     司法行为-罚款       0.98      0.98      0.98        41
     司法行为-起诉       0.97      0.92      0.95        39
    灾害/意外-地震       1.00      0.95      0.98        22
  灾害/意外-坍/垮塌       1.00      0.88      0.93        16
    灾害/意外-坠机       1.00      1.00      1.00        16
    灾害/意外-洪灾       1.00      0.91      0.95        11
    灾害/意外-爆炸       1.00      0.93      0.97        15
    灾害/意外-袭击       0.83      0.88      0.86        17
    灾害/意外-起火       0.98      1.00      0.99        40
    灾害/意外-车祸       0.94      0.98      0.96        47
     竞赛行为-夺冠       0.91      0.91      0.91        81
     竞赛行为-晋级       0.93      0.96      0.95        54
     竞赛行为-禁赛       1.00      1.00      1.00        24
     竞赛行为-胜负       0.97      0.97      0.97       322
     竞赛行为-退役       0.95      1.00      0.98        21
     竞赛行为-退赛       0.89      0.75      0.81        32
     组织关系-停职       1.00      0.87      0.93        15
     组织关系-加盟       0.95      0.90      0.93        69
     组织关系-裁员       0.84      0.91      0.87        23
     组织关系-解散       1.00      1.00      1.00        17
     组织关系-解约       1.00      0.50      0.67        12
     组织关系-解雇       0.81      0.79      0.80        28
   组织关系-辞/离职       0.97      0.98      0.98       109
     组织关系-退出       0.87      0.84      0.86        32
     组织行为-开幕       0.97      0.97      0.97        40
     组织行为-游行       1.00      1.00      1.00        14
     组织行为-罢工       1.00      1.00      1.00         9
     组织行为-闭幕       0.92      1.00      0.96        11
    财经/交易-上市       0.86      0.86      0.86         7
 财经/交易-出售/收购       1.00      0.95      0.97        40
    财经/交易-加息       1.00      1.00      1.00         2
    财经/交易-涨价       0.80      0.89      0.84         9
    财经/交易-涨停       1.00      1.00      1.00        51
    财经/交易-融资       1.00      1.00      1.00        16
    财经/交易-跌停       1.00      1.00      1.00        24
    财经/交易-降价       0.81      0.89      0.85        19
    财经/交易-降息       1.00      1.00      1.00         2

   micro avg       0.96      0.95      0.95      2627
   macro avg       0.95      0.93      0.94      2627
weighted avg       0.96      0.95      0.95      2627
 samples avg       0.97      0.97      0.96      2627

-> Valid. time: 11.3905s, loss: 0.0072, accuracy: 92.1405% 

save data
* Training epoch 19:
-> Training time: 138.8712s, loss = 0.0005, accuracy: 99.5819%
* Validation for epoch 19:
正在对验证集进行测试
              precision    recall  f1-score   support

       交往-会见       1.00      1.00      1.00        23
       交往-感谢       1.00      0.75      0.86         8
       交往-探班       1.00      1.00      1.00        13
       交往-点赞       0.92      0.92      0.92        12
       交往-道歉       0.91      0.95      0.93        21
     产品行为-上映       0.98      0.95      0.97        65
     产品行为-下架       1.00      1.00      1.00        43
     产品行为-发布       0.98      0.98      0.98       276
     产品行为-召回       1.00      1.00      1.00        45
     产品行为-获奖       1.00      0.89      0.94        28
     人生-产子/女       0.90      0.95      0.93        20
       人生-出轨       0.83      0.56      0.67         9
       人生-分手       1.00      0.94      0.97        32
       人生-失联       0.94      0.89      0.91        18
       人生-婚礼       0.73      1.00      0.85        11
       人生-庆生       0.91      1.00      0.95        30
       人生-怀孕       1.00      0.88      0.93        16
       人生-死亡       0.93      0.94      0.94       177
       人生-求婚       1.00      1.00      1.00        18
       人生-离婚       0.92      0.97      0.95        63
       人生-结婚       1.00      0.93      0.96        68
       人生-订婚       1.00      1.00      1.00        10
     司法行为-举报       0.77      0.91      0.83        11
     司法行为-入狱       0.97      0.92      0.95        39
     司法行为-开庭       1.00      0.93      0.97        15
     司法行为-拘捕       0.98      0.97      0.97       136
     司法行为-立案       0.89      1.00      0.94        16
     司法行为-约谈       1.00      0.98      0.99        57
     司法行为-罚款       0.98      0.98      0.98        41
     司法行为-起诉       0.97      0.92      0.95        39
    灾害/意外-地震       1.00      0.95      0.98        22
  灾害/意外-坍/垮塌       0.94      0.94      0.94        16
    灾害/意外-坠机       1.00      1.00      1.00        16
    灾害/意外-洪灾       1.00      0.91      0.95        11
    灾害/意外-爆炸       0.93      0.93      0.93        15
    灾害/意外-袭击       0.83      0.88      0.86        17
    灾害/意外-起火       0.98      1.00      0.99        40
    灾害/意外-车祸       0.94      0.98      0.96        47
     竞赛行为-夺冠       0.94      0.93      0.93        81
     竞赛行为-晋级       0.93      0.98      0.95        54
     竞赛行为-禁赛       1.00      1.00      1.00        24
     竞赛行为-胜负       0.97      0.96      0.97       322
     竞赛行为-退役       0.95      1.00      0.98        21
     竞赛行为-退赛       0.81      0.78      0.79        32
     组织关系-停职       1.00      0.87      0.93        15
     组织关系-加盟       0.95      0.88      0.92        69
     组织关系-裁员       0.84      0.91      0.87        23
     组织关系-解散       1.00      1.00      1.00        17
     组织关系-解约       1.00      0.50      0.67        12
     组织关系-解雇       0.85      0.79      0.81        28
   组织关系-辞/离职       0.97      0.98      0.98       109
     组织关系-退出       0.82      0.84      0.83        32
     组织行为-开幕       0.93      0.97      0.95        40
     组织行为-游行       1.00      1.00      1.00        14
     组织行为-罢工       1.00      1.00      1.00         9
     组织行为-闭幕       1.00      1.00      1.00        11
    财经/交易-上市       0.86      0.86      0.86         7
 财经/交易-出售/收购       1.00      0.95      0.97        40
    财经/交易-加息       1.00      1.00      1.00         2
    财经/交易-涨价       0.78      0.78      0.78         9
    财经/交易-涨停       1.00      1.00      1.00        51
    财经/交易-融资       1.00      1.00      1.00        16
    财经/交易-跌停       1.00      1.00      1.00        24
    财经/交易-降价       0.81      0.89      0.85        19
    财经/交易-降息       1.00      1.00      1.00         2

   micro avg       0.96      0.95      0.95      2627
   macro avg       0.95      0.93      0.94      2627
weighted avg       0.96      0.95      0.95      2627
 samples avg       0.97      0.97      0.96      2627

-> Valid. time: 11.4025s, loss: 0.0073, accuracy: 91.8060% 

* Training epoch 20:
-> Training time: 138.9926s, loss = 0.0005, accuracy: 99.6132%
* Validation for epoch 20:
正在对验证集进行测试
              precision    recall  f1-score   support

       交往-会见       1.00      1.00      1.00        23
       交往-感谢       1.00      0.88      0.93         8
       交往-探班       1.00      1.00      1.00        13
       交往-点赞       0.92      0.92      0.92        12
       交往-道歉       0.91      0.95      0.93        21
     产品行为-上映       0.98      0.97      0.98        65
     产品行为-下架       1.00      0.98      0.99        43
     产品行为-发布       0.98      0.97      0.98       276
     产品行为-召回       1.00      1.00      1.00        45
     产品行为-获奖       1.00      0.93      0.96        28
     人生-产子/女       0.90      0.95      0.93        20
       人生-出轨       0.83      0.56      0.67         9
       人生-分手       1.00      0.94      0.97        32
       人生-失联       0.90      1.00      0.95        18
       人生-婚礼       0.73      1.00      0.85        11
       人生-庆生       0.91      1.00      0.95        30
       人生-怀孕       1.00      0.88      0.93        16
       人生-死亡       0.93      0.94      0.94       177
       人生-求婚       1.00      1.00      1.00        18
       人生-离婚       0.93      0.98      0.95        63
       人生-结婚       1.00      0.94      0.97        68
       人生-订婚       1.00      1.00      1.00        10
     司法行为-举报       0.71      0.91      0.80        11
     司法行为-入狱       0.97      0.92      0.95        39
     司法行为-开庭       0.93      0.93      0.93        15
     司法行为-拘捕       0.98      0.97      0.97       136
     司法行为-立案       0.89      1.00      0.94        16
     司法行为-约谈       1.00      0.98      0.99        57
     司法行为-罚款       0.98      0.98      0.98        41
     司法行为-起诉       0.97      0.95      0.96        39
    灾害/意外-地震       1.00      0.95      0.98        22
  灾害/意外-坍/垮塌       0.88      0.94      0.91        16
    灾害/意外-坠机       1.00      1.00      1.00        16
    灾害/意外-洪灾       1.00      0.91      0.95        11
    灾害/意外-爆炸       1.00      0.93      0.97        15
    灾害/意外-袭击       0.79      0.88      0.83        17
    灾害/意外-起火       0.95      1.00      0.98        40
    灾害/意外-车祸       0.92      0.96      0.94        47
     竞赛行为-夺冠       0.92      0.95      0.93        81
     竞赛行为-晋级       0.91      0.96      0.94        54
     竞赛行为-禁赛       1.00      1.00      1.00        24
     竞赛行为-胜负       0.97      0.98      0.97       322
     竞赛行为-退役       0.95      1.00      0.98        21
     竞赛行为-退赛       0.85      0.69      0.76        32
     组织关系-停职       1.00      0.87      0.93        15
     组织关系-加盟       0.95      0.88      0.92        69
     组织关系-裁员       0.84      0.91      0.87        23
     组织关系-解散       1.00      1.00      1.00        17
     组织关系-解约       1.00      0.50      0.67        12
     组织关系-解雇       0.85      0.79      0.81        28
   组织关系-辞/离职       0.97      0.98      0.98       109
     组织关系-退出       0.80      0.88      0.84        32
     组织行为-开幕       0.97      0.97      0.97        40
     组织行为-游行       1.00      1.00      1.00        14
     组织行为-罢工       1.00      1.00      1.00         9
     组织行为-闭幕       1.00      1.00      1.00        11
    财经/交易-上市       0.86      0.86      0.86         7
 财经/交易-出售/收购       1.00      0.97      0.99        40
    财经/交易-加息       1.00      1.00      1.00         2
    财经/交易-涨价       0.80      0.89      0.84         9
    财经/交易-涨停       1.00      1.00      1.00        51
    财经/交易-融资       1.00      1.00      1.00        16
    财经/交易-跌停       1.00      1.00      1.00        24
    财经/交易-降价       0.81      0.89      0.85        19
    财经/交易-降息       1.00      1.00      1.00         2

   micro avg       0.95      0.95      0.95      2627
   macro avg       0.94      0.94      0.94      2627
weighted avg       0.96      0.95      0.95      2627
 samples avg       0.97      0.97      0.96      2627

-> Valid. time: 11.3910s, loss: 0.0073, accuracy: 92.1405% 

save data
