num_labels 是65
====================  Preparing for training  ====================
	* Loading training data...
数据集个数为9566
输入例子
梅西缺阵苏牙伤退，巴萨西甲遭遇开门黑，巴尔韦德下课呼声四起
input_ids
tensor([ 101, 3449, 6205, 5375, 7347, 5722, 4280,  839, 6842, 8024, 2349, 5855,
        6205, 4508, 6901, 6878, 2458, 7305, 7946, 8024, 2349, 2209, 7504, 2548,
         678, 6440, 1461, 1898, 1724, 6629,  102,    0,    0,    0,    0,    0,
           0,    0,    0,    0,    0,    0,    0,    0,    0,    0,    0,    0,
           0,    0,    0,    0,    0,    0,    0,    0,    0,    0,    0,    0,
           0,    0,    0,    0,    0,    0,    0,    0,    0,    0,    0,    0,
           0,    0,    0,    0,    0,    0,    0,    0,    0,    0,    0,    0,
           0,    0,    0,    0,    0,    0,    0,    0,    0,    0,    0,    0,
           0,    0,    0,    0,    0,    0,    0,    0,    0,    0,    0,    0,
           0,    0,    0,    0,    0,    0,    0,    0,    0,    0,    0,    0,
           0,    0,    0,    0,    0,    0,    0,    0,    0,    0,    0,    0,
           0,    0,    0,    0,    0,    0,    0,    0,    0,    0,    0,    0,
           0,    0,    0,    0,    0,    0])
token_type_ids
tensor([0, 0, 0, 0, 0, 0, 0, 0, 0, 0, 0, 0, 0, 0, 0, 0, 0, 0, 0, 0, 0, 0, 0, 0,
        0, 0, 0, 0, 0, 0, 0, 0, 0, 0, 0, 0, 0, 0, 0, 0, 0, 0, 0, 0, 0, 0, 0, 0,
        0, 0, 0, 0, 0, 0, 0, 0, 0, 0, 0, 0, 0, 0, 0, 0, 0, 0, 0, 0, 0, 0, 0, 0,
        0, 0, 0, 0, 0, 0, 0, 0, 0, 0, 0, 0, 0, 0, 0, 0, 0, 0, 0, 0, 0, 0, 0, 0,
        0, 0, 0, 0, 0, 0, 0, 0, 0, 0, 0, 0, 0, 0, 0, 0, 0, 0, 0, 0, 0, 0, 0, 0,
        0, 0, 0, 0, 0, 0, 0, 0, 0, 0, 0, 0, 0, 0, 0, 0, 0, 0, 0, 0, 0, 0, 0, 0,
        0, 0, 0, 0, 0, 0])
attention_mask
tensor([1, 1, 1, 1, 1, 1, 1, 1, 1, 1, 1, 1, 1, 1, 1, 1, 1, 1, 1, 1, 1, 1, 1, 1,
        1, 1, 1, 1, 1, 1, 1, 0, 0, 0, 0, 0, 0, 0, 0, 0, 0, 0, 0, 0, 0, 0, 0, 0,
        0, 0, 0, 0, 0, 0, 0, 0, 0, 0, 0, 0, 0, 0, 0, 0, 0, 0, 0, 0, 0, 0, 0, 0,
        0, 0, 0, 0, 0, 0, 0, 0, 0, 0, 0, 0, 0, 0, 0, 0, 0, 0, 0, 0, 0, 0, 0, 0,
        0, 0, 0, 0, 0, 0, 0, 0, 0, 0, 0, 0, 0, 0, 0, 0, 0, 0, 0, 0, 0, 0, 0, 0,
        0, 0, 0, 0, 0, 0, 0, 0, 0, 0, 0, 0, 0, 0, 0, 0, 0, 0, 0, 0, 0, 0, 0, 0,
        0, 0, 0, 0, 0, 0])
labels
tensor([0., 0., 0., 0., 0., 0., 0., 0., 0., 0., 0., 0., 0., 0., 0., 0., 0., 0.,
        0., 0., 0., 0., 0., 0., 0., 0., 0., 0., 0., 0., 0., 0., 0., 0., 0., 0.,
        0., 0., 0., 0., 0., 0., 0., 1., 0., 0., 0., 0., 0., 0., 0., 0., 0., 0.,
        0., 0., 0., 0., 0., 0., 0., 0., 0., 0., 0.])
实际序列转换后的长度为150, 设置最长为150
	* Loading validation data...
数据集个数为2392
输入例子
日前，赣州师范高等专科学校披露了关于该校教师陈某利用工作便利，与两名女学生发生不正当关系的违规违纪问题的查处情况。经该校研究，依法给予陈某开除党籍和开除公职的处理，并在全校通报和开展警示教育。
input_ids
tensor([ 101, 3189, 1184, 8024, 6618, 2336, 2360, 5745, 7770, 5023,  683, 4906,
        2110, 3413, 2847, 7463,  749, 1068,  754, 6421, 3413, 3136, 2360, 7357,
        3378, 1164, 4500, 2339,  868,  912, 1164, 8024,  680,  697, 1399, 1957,
        2110, 4495, 1355, 4495,  679, 3633, 2496, 1068, 5143, 4638, 6824, 6226,
        6824, 5279, 7309, 7579, 4638, 3389, 1905, 2658, 1105,  511, 5307, 6421,
        3413, 4777, 4955, 8024,  898, 3791, 5314,  750, 7357, 3378, 2458, 7370,
        1054, 5093, 1469, 2458, 7370, 1062, 5466, 4638, 1905, 4415, 8024, 2400,
        1762, 1059, 3413, 6858, 2845, 1469, 2458, 2245, 6356, 4850, 3136, 5509,
         511,  102,    0,    0,    0,    0,    0,    0,    0,    0,    0,    0,
           0,    0,    0,    0,    0,    0,    0,    0,    0,    0,    0,    0,
           0,    0,    0,    0,    0,    0,    0,    0,    0,    0,    0,    0,
           0,    0,    0,    0,    0,    0,    0,    0,    0,    0,    0,    0,
           0,    0,    0,    0,    0,    0])
token_type_ids
tensor([0, 0, 0, 0, 0, 0, 0, 0, 0, 0, 0, 0, 0, 0, 0, 0, 0, 0, 0, 0, 0, 0, 0, 0,
        0, 0, 0, 0, 0, 0, 0, 0, 0, 0, 0, 0, 0, 0, 0, 0, 0, 0, 0, 0, 0, 0, 0, 0,
        0, 0, 0, 0, 0, 0, 0, 0, 0, 0, 0, 0, 0, 0, 0, 0, 0, 0, 0, 0, 0, 0, 0, 0,
        0, 0, 0, 0, 0, 0, 0, 0, 0, 0, 0, 0, 0, 0, 0, 0, 0, 0, 0, 0, 0, 0, 0, 0,
        0, 0, 0, 0, 0, 0, 0, 0, 0, 0, 0, 0, 0, 0, 0, 0, 0, 0, 0, 0, 0, 0, 0, 0,
        0, 0, 0, 0, 0, 0, 0, 0, 0, 0, 0, 0, 0, 0, 0, 0, 0, 0, 0, 0, 0, 0, 0, 0,
        0, 0, 0, 0, 0, 0])
attention_mask
tensor([1, 1, 1, 1, 1, 1, 1, 1, 1, 1, 1, 1, 1, 1, 1, 1, 1, 1, 1, 1, 1, 1, 1, 1,
        1, 1, 1, 1, 1, 1, 1, 1, 1, 1, 1, 1, 1, 1, 1, 1, 1, 1, 1, 1, 1, 1, 1, 1,
        1, 1, 1, 1, 1, 1, 1, 1, 1, 1, 1, 1, 1, 1, 1, 1, 1, 1, 1, 1, 1, 1, 1, 1,
        1, 1, 1, 1, 1, 1, 1, 1, 1, 1, 1, 1, 1, 1, 1, 1, 1, 1, 1, 1, 1, 1, 1, 1,
        1, 1, 0, 0, 0, 0, 0, 0, 0, 0, 0, 0, 0, 0, 0, 0, 0, 0, 0, 0, 0, 0, 0, 0,
        0, 0, 0, 0, 0, 0, 0, 0, 0, 0, 0, 0, 0, 0, 0, 0, 0, 0, 0, 0, 0, 0, 0, 0,
        0, 0, 0, 0, 0, 0])
labels
tensor([0., 0., 0., 0., 0., 0., 0., 0., 0., 0., 0., 0., 0., 0., 0., 0., 0., 0.,
        0., 0., 0., 0., 0., 0., 0., 0., 0., 0., 0., 0., 0., 0., 0., 0., 0., 0.,
        0., 0., 0., 0., 0., 0., 0., 0., 0., 0., 0., 0., 0., 1., 0., 0., 0., 0.,
        0., 0., 0., 0., 0., 0., 0., 0., 0., 0., 0.])
实际序列转换后的长度为150, 设置最长为150
	* Building model...
正在对验证集进行测试
              precision    recall  f1-score   support

       交往-会见       0.00      0.00      0.00        23
       交往-感谢       0.00      1.00      0.01         8
       交往-探班       0.00      0.00      0.00        13
       交往-点赞       0.00      0.00      0.00        12
       交往-道歉       0.00      0.00      0.00        21
     产品行为-上映       0.00      0.00      0.00        65
     产品行为-下架       0.02      0.63      0.03        43
     产品行为-发布       0.00      0.00      0.00       276
     产品行为-召回       0.00      0.00      0.00        45
     产品行为-获奖       0.01      1.00      0.02        28
     人生-产子/女       0.01      0.95      0.02        20
       人生-出轨       0.00      0.00      0.00         9
       人生-分手       0.01      1.00      0.03        32
       人生-失联       0.01      1.00      0.01        18
       人生-婚礼       0.00      0.00      0.00        11
       人生-庆生       0.02      0.40      0.03        30
       人生-怀孕       0.01      0.62      0.01        16
       人生-死亡       0.07      1.00      0.14       177
       人生-求婚       0.01      0.61      0.02        18
       人生-离婚       0.00      0.00      0.00        63
       人生-结婚       0.03      1.00      0.06        68
       人生-订婚       0.00      1.00      0.01        10
     司法行为-举报       0.00      0.09      0.00        11
     司法行为-入狱       0.00      0.00      0.00        39
     司法行为-开庭       0.01      1.00      0.01        15
     司法行为-拘捕       0.07      0.57      0.12       136
     司法行为-立案       0.01      1.00      0.01        16
     司法行为-约谈       0.00      0.00      0.00        57
     司法行为-罚款       0.00      0.00      0.00        41
     司法行为-起诉       0.00      0.00      0.00        39
    灾害/意外-地震       0.00      0.00      0.00        22
  灾害/意外-坍/垮塌       0.01      1.00      0.01        16
    灾害/意外-坠机       0.01      1.00      0.01        16
    灾害/意外-洪灾       0.00      0.27      0.01        11
    灾害/意外-爆炸       0.01      1.00      0.01        15
    灾害/意外-袭击       0.00      0.24      0.01        17
    灾害/意外-起火       0.02      0.78      0.03        40
    灾害/意外-车祸       0.01      0.13      0.01        47
     竞赛行为-夺冠       0.00      0.00      0.00        81
     竞赛行为-晋级       0.00      0.00      0.00        54
     竞赛行为-禁赛       0.01      1.00      0.02        24
     竞赛行为-胜负       0.13      0.98      0.24       322
     竞赛行为-退役       0.01      1.00      0.02        21
     竞赛行为-退赛       0.01      1.00      0.03        32
     组织关系-停职       0.01      1.00      0.01        15
     组织关系-加盟       0.03      0.68      0.05        69
     组织关系-裁员       0.01      1.00      0.02        23
     组织关系-解散       0.00      0.00      0.00        17
     组织关系-解约       0.01      1.00      0.01        12
     组织关系-解雇       0.01      0.04      0.02        28
   组织关系-辞/离职       0.05      1.00      0.09       109
     组织关系-退出       0.00      0.00      0.00        32
     组织行为-开幕       0.00      0.00      0.00        40
     组织行为-游行       0.01      0.79      0.01        14
     组织行为-罢工       0.00      0.22      0.00         9
     组织行为-闭幕       0.00      1.00      0.01        11
    财经/交易-上市       0.00      1.00      0.01         7
 财经/交易-出售/收购       0.01      0.33      0.03        40
    财经/交易-加息       0.00      1.00      0.00         2
    财经/交易-涨价       0.00      1.00      0.01         9
    财经/交易-涨停       0.00      0.00      0.00        51
    财经/交易-融资       0.01      1.00      0.01        16
    财经/交易-跌停       0.01      1.00      0.02        24
    财经/交易-降价       0.00      0.00      0.00        19
    财经/交易-降息       0.00      0.00      0.00         2

   micro avg       0.02      0.50      0.03      2627
   macro avg       0.01      0.51      0.02      2627
weighted avg       0.03      0.50      0.06      2627
 samples avg       0.02      0.50      0.03      2627

	* Validation loss before training: 0.7726, accuracy: 0.0000%

 ==================== Training model on device: cuda ====================
* Training epoch 1:
-> Training time: 116.1196s, loss = 0.1107, accuracy: 0.0105%
* Validation for epoch 1:
正在对验证集进行测试
              precision    recall  f1-score   support

       交往-会见       0.00      0.00      0.00        23
       交往-感谢       0.00      0.00      0.00         8
       交往-探班       0.00      0.00      0.00        13
       交往-点赞       0.00      0.00      0.00        12
       交往-道歉       0.00      0.00      0.00        21
     产品行为-上映       0.00      0.00      0.00        65
     产品行为-下架       0.00      0.00      0.00        43
     产品行为-发布       0.00      0.00      0.00       276
     产品行为-召回       0.00      0.00      0.00        45
     产品行为-获奖       0.00      0.00      0.00        28
     人生-产子/女       0.00      0.00      0.00        20
       人生-出轨       0.00      0.00      0.00         9
       人生-分手       0.00      0.00      0.00        32
       人生-失联       0.00      0.00      0.00        18
       人生-婚礼       0.00      0.00      0.00        11
       人生-庆生       0.00      0.00      0.00        30
       人生-怀孕       0.00      0.00      0.00        16
       人生-死亡       0.00      0.00      0.00       177
       人生-求婚       0.00      0.00      0.00        18
       人生-离婚       0.00      0.00      0.00        63
       人生-结婚       0.00      0.00      0.00        68
       人生-订婚       0.00      0.00      0.00        10
     司法行为-举报       0.00      0.00      0.00        11
     司法行为-入狱       0.00      0.00      0.00        39
     司法行为-开庭       0.00      0.00      0.00        15
     司法行为-拘捕       0.00      0.00      0.00       136
     司法行为-立案       0.00      0.00      0.00        16
     司法行为-约谈       0.00      0.00      0.00        57
     司法行为-罚款       0.00      0.00      0.00        41
     司法行为-起诉       0.00      0.00      0.00        39
    灾害/意外-地震       0.00      0.00      0.00        22
  灾害/意外-坍/垮塌       0.00      0.00      0.00        16
    灾害/意外-坠机       0.00      0.00      0.00        16
    灾害/意外-洪灾       0.00      0.00      0.00        11
    灾害/意外-爆炸       0.00      0.00      0.00        15
    灾害/意外-袭击       0.00      0.00      0.00        17
    灾害/意外-起火       0.00      0.00      0.00        40
    灾害/意外-车祸       0.00      0.00      0.00        47
     竞赛行为-夺冠       0.00      0.00      0.00        81
     竞赛行为-晋级       0.00      0.00      0.00        54
     竞赛行为-禁赛       0.00      0.00      0.00        24
     竞赛行为-胜负       0.00      0.00      0.00       322
     竞赛行为-退役       0.00      0.00      0.00        21
     竞赛行为-退赛       0.00      0.00      0.00        32
     组织关系-停职       0.00      0.00      0.00        15
     组织关系-加盟       0.00      0.00      0.00        69
     组织关系-裁员       0.00      0.00      0.00        23
     组织关系-解散       0.00      0.00      0.00        17
     组织关系-解约       0.00      0.00      0.00        12
     组织关系-解雇       0.00      0.00      0.00        28
   组织关系-辞/离职       0.00      0.00      0.00       109
     组织关系-退出       0.00      0.00      0.00        32
     组织行为-开幕       0.00      0.00      0.00        40
     组织行为-游行       0.00      0.00      0.00        14
     组织行为-罢工       0.00      0.00      0.00         9
     组织行为-闭幕       0.00      0.00      0.00        11
    财经/交易-上市       0.00      0.00      0.00         7
 财经/交易-出售/收购       0.00      0.00      0.00        40
    财经/交易-加息       0.00      0.00      0.00         2
    财经/交易-涨价       0.00      0.00      0.00         9
    财经/交易-涨停       0.00      0.00      0.00        51
    财经/交易-融资       0.00      0.00      0.00        16
    财经/交易-跌停       0.00      0.00      0.00        24
    财经/交易-降价       0.00      0.00      0.00        19
    财经/交易-降息       0.00      0.00      0.00         2

   micro avg       0.00      0.00      0.00      2627
   macro avg       0.00      0.00      0.00      2627
weighted avg       0.00      0.00      0.00      2627
 samples avg       0.00      0.00      0.00      2627

-> Valid. time: 9.5880s, loss: 0.0798, accuracy: 0.0000% 

save data
* Training epoch 2:
-> Training time: 115.1085s, loss = 0.0805, accuracy: 0.2404%
* Validation for epoch 2:
正在对验证集进行测试
              precision    recall  f1-score   support

       交往-会见       0.00      0.00      0.00        23
       交往-感谢       0.00      0.00      0.00         8
       交往-探班       0.00      0.00      0.00        13
       交往-点赞       0.00      0.00      0.00        12
       交往-道歉       0.00      0.00      0.00        21
     产品行为-上映       0.00      0.00      0.00        65
     产品行为-下架       0.00      0.00      0.00        43
     产品行为-发布       0.00      0.00      0.00       276
     产品行为-召回       0.00      0.00      0.00        45
     产品行为-获奖       0.00      0.00      0.00        28
     人生-产子/女       0.00      0.00      0.00        20
       人生-出轨       0.00      0.00      0.00         9
       人生-分手       0.00      0.00      0.00        32
       人生-失联       0.00      0.00      0.00        18
       人生-婚礼       0.00      0.00      0.00        11
       人生-庆生       0.00      0.00      0.00        30
       人生-怀孕       0.00      0.00      0.00        16
       人生-死亡       0.00      0.00      0.00       177
       人生-求婚       0.00      0.00      0.00        18
       人生-离婚       0.00      0.00      0.00        63
       人生-结婚       0.00      0.00      0.00        68
       人生-订婚       0.00      0.00      0.00        10
     司法行为-举报       0.00      0.00      0.00        11
     司法行为-入狱       0.00      0.00      0.00        39
     司法行为-开庭       0.00      0.00      0.00        15
     司法行为-拘捕       0.00      0.00      0.00       136
     司法行为-立案       0.00      0.00      0.00        16
     司法行为-约谈       0.00      0.00      0.00        57
     司法行为-罚款       0.00      0.00      0.00        41
     司法行为-起诉       0.00      0.00      0.00        39
    灾害/意外-地震       0.00      0.00      0.00        22
  灾害/意外-坍/垮塌       0.00      0.00      0.00        16
    灾害/意外-坠机       0.00      0.00      0.00        16
    灾害/意外-洪灾       0.00      0.00      0.00        11
    灾害/意外-爆炸       0.00      0.00      0.00        15
    灾害/意外-袭击       0.00      0.00      0.00        17
    灾害/意外-起火       0.00      0.00      0.00        40
    灾害/意外-车祸       0.00      0.00      0.00        47
     竞赛行为-夺冠       0.00      0.00      0.00        81
     竞赛行为-晋级       0.00      0.00      0.00        54
     竞赛行为-禁赛       0.00      0.00      0.00        24
     竞赛行为-胜负       0.96      0.36      0.52       322
     竞赛行为-退役       0.00      0.00      0.00        21
     竞赛行为-退赛       0.00      0.00      0.00        32
     组织关系-停职       0.00      0.00      0.00        15
     组织关系-加盟       0.00      0.00      0.00        69
     组织关系-裁员       0.00      0.00      0.00        23
     组织关系-解散       0.00      0.00      0.00        17
     组织关系-解约       0.00      0.00      0.00        12
     组织关系-解雇       0.00      0.00      0.00        28
   组织关系-辞/离职       0.00      0.00      0.00       109
     组织关系-退出       0.00      0.00      0.00        32
     组织行为-开幕       0.00      0.00      0.00        40
     组织行为-游行       0.00      0.00      0.00        14
     组织行为-罢工       0.00      0.00      0.00         9
     组织行为-闭幕       0.00      0.00      0.00        11
    财经/交易-上市       0.00      0.00      0.00         7
 财经/交易-出售/收购       0.00      0.00      0.00        40
    财经/交易-加息       0.00      0.00      0.00         2
    财经/交易-涨价       0.00      0.00      0.00         9
    财经/交易-涨停       0.00      0.00      0.00        51
    财经/交易-融资       0.00      0.00      0.00        16
    财经/交易-跌停       0.00      0.00      0.00        24
    财经/交易-降价       0.00      0.00      0.00        19
    财经/交易-降息       0.00      0.00      0.00         2

   micro avg       0.96      0.04      0.08      2627
   macro avg       0.01      0.01      0.01      2627
weighted avg       0.12      0.04      0.06      2627
 samples avg       0.05      0.04      0.04      2627

-> Valid. time: 9.4927s, loss: 0.0735, accuracy: 3.8043% 

save data
* Training epoch 3:
-> Training time: 114.2666s, loss = 0.0717, accuracy: 9.1052%
* Validation for epoch 3:
正在对验证集进行测试
              precision    recall  f1-score   support

       交往-会见       0.00      0.00      0.00        23
       交往-感谢       0.00      0.00      0.00         8
       交往-探班       0.00      0.00      0.00        13
       交往-点赞       0.00      0.00      0.00        12
       交往-道歉       0.00      0.00      0.00        21
     产品行为-上映       0.00      0.00      0.00        65
     产品行为-下架       0.00      0.00      0.00        43
     产品行为-发布       0.95      0.34      0.50       276
     产品行为-召回       0.00      0.00      0.00        45
     产品行为-获奖       0.00      0.00      0.00        28
     人生-产子/女       0.00      0.00      0.00        20
       人生-出轨       0.00      0.00      0.00         9
       人生-分手       0.00      0.00      0.00        32
       人生-失联       0.00      0.00      0.00        18
       人生-婚礼       0.00      0.00      0.00        11
       人生-庆生       0.00      0.00      0.00        30
       人生-怀孕       0.00      0.00      0.00        16
       人生-死亡       0.00      0.00      0.00       177
       人生-求婚       0.00      0.00      0.00        18
       人生-离婚       0.00      0.00      0.00        63
       人生-结婚       0.00      0.00      0.00        68
       人生-订婚       0.00      0.00      0.00        10
     司法行为-举报       0.00      0.00      0.00        11
     司法行为-入狱       0.00      0.00      0.00        39
     司法行为-开庭       0.00      0.00      0.00        15
     司法行为-拘捕       0.81      0.10      0.17       136
     司法行为-立案       0.00      0.00      0.00        16
     司法行为-约谈       0.00      0.00      0.00        57
     司法行为-罚款       0.00      0.00      0.00        41
     司法行为-起诉       0.00      0.00      0.00        39
    灾害/意外-地震       0.00      0.00      0.00        22
  灾害/意外-坍/垮塌       0.00      0.00      0.00        16
    灾害/意外-坠机       0.00      0.00      0.00        16
    灾害/意外-洪灾       0.00      0.00      0.00        11
    灾害/意外-爆炸       0.00      0.00      0.00        15
    灾害/意外-袭击       0.00      0.00      0.00        17
    灾害/意外-起火       0.00      0.00      0.00        40
    灾害/意外-车祸       0.00      0.00      0.00        47
     竞赛行为-夺冠       0.00      0.00      0.00        81
     竞赛行为-晋级       0.00      0.00      0.00        54
     竞赛行为-禁赛       0.00      0.00      0.00        24
     竞赛行为-胜负       0.86      0.85      0.86       322
     竞赛行为-退役       0.00      0.00      0.00        21
     竞赛行为-退赛       0.00      0.00      0.00        32
     组织关系-停职       0.00      0.00      0.00        15
     组织关系-加盟       0.00      0.00      0.00        69
     组织关系-裁员       0.00      0.00      0.00        23
     组织关系-解散       0.00      0.00      0.00        17
     组织关系-解约       0.00      0.00      0.00        12
     组织关系-解雇       0.00      0.00      0.00        28
   组织关系-辞/离职       0.97      0.35      0.51       109
     组织关系-退出       0.00      0.00      0.00        32
     组织行为-开幕       0.00      0.00      0.00        40
     组织行为-游行       0.00      0.00      0.00        14
     组织行为-罢工       0.00      0.00      0.00         9
     组织行为-闭幕       0.00      0.00      0.00        11
    财经/交易-上市       0.00      0.00      0.00         7
 财经/交易-出售/收购       0.00      0.00      0.00        40
    财经/交易-加息       0.00      0.00      0.00         2
    财经/交易-涨价       0.00      0.00      0.00         9
    财经/交易-涨停       0.00      0.00      0.00        51
    财经/交易-融资       0.00      0.00      0.00        16
    财经/交易-跌停       0.00      0.00      0.00        24
    财经/交易-降价       0.00      0.00      0.00        19
    财经/交易-降息       0.00      0.00      0.00         2

   micro avg       0.89      0.16      0.27      2627
   macro avg       0.06      0.03      0.03      2627
weighted avg       0.29      0.16      0.19      2627
 samples avg       0.18      0.16      0.17      2627

-> Valid. time: 9.4784s, loss: 0.0624, accuracy: 15.2592% 

save data
* Training epoch 4:
-> Training time: 114.2312s, loss = 0.0602, accuracy: 21.2524%
* Validation for epoch 4:
正在对验证集进行测试
              precision    recall  f1-score   support

       交往-会见       0.00      0.00      0.00        23
       交往-感谢       0.00      0.00      0.00         8
       交往-探班       0.00      0.00      0.00        13
       交往-点赞       0.00      0.00      0.00        12
       交往-道歉       0.00      0.00      0.00        21
     产品行为-上映       0.00      0.00      0.00        65
     产品行为-下架       0.00      0.00      0.00        43
     产品行为-发布       0.89      0.83      0.86       276
     产品行为-召回       1.00      0.49      0.66        45
     产品行为-获奖       0.00      0.00      0.00        28
     人生-产子/女       0.00      0.00      0.00        20
       人生-出轨       0.00      0.00      0.00         9
       人生-分手       0.00      0.00      0.00        32
       人生-失联       0.00      0.00      0.00        18
       人生-婚礼       0.00      0.00      0.00        11
       人生-庆生       0.00      0.00      0.00        30
       人生-怀孕       0.00      0.00      0.00        16
       人生-死亡       0.64      0.54      0.59       177
       人生-求婚       0.00      0.00      0.00        18
       人生-离婚       1.00      0.22      0.36        63
       人生-结婚       0.50      0.03      0.06        68
       人生-订婚       0.00      0.00      0.00        10
     司法行为-举报       0.00      0.00      0.00        11
     司法行为-入狱       0.00      0.00      0.00        39
     司法行为-开庭       0.00      0.00      0.00        15
     司法行为-拘捕       0.71      0.74      0.72       136
     司法行为-立案       0.00      0.00      0.00        16
     司法行为-约谈       0.00      0.00      0.00        57
     司法行为-罚款       0.00      0.00      0.00        41
     司法行为-起诉       0.00      0.00      0.00        39
    灾害/意外-地震       0.00      0.00      0.00        22
  灾害/意外-坍/垮塌       0.00      0.00      0.00        16
    灾害/意外-坠机       0.00      0.00      0.00        16
    灾害/意外-洪灾       0.00      0.00      0.00        11
    灾害/意外-爆炸       0.00      0.00      0.00        15
    灾害/意外-袭击       0.00      0.00      0.00        17
    灾害/意外-起火       0.00      0.00      0.00        40
    灾害/意外-车祸       0.62      0.32      0.42        47
     竞赛行为-夺冠       0.00      0.00      0.00        81
     竞赛行为-晋级       0.00      0.00      0.00        54
     竞赛行为-禁赛       0.00      0.00      0.00        24
     竞赛行为-胜负       0.87      0.90      0.88       322
     竞赛行为-退役       0.00      0.00      0.00        21
     竞赛行为-退赛       0.00      0.00      0.00        32
     组织关系-停职       0.00      0.00      0.00        15
     组织关系-加盟       0.00      0.00      0.00        69
     组织关系-裁员       0.00      0.00      0.00        23
     组织关系-解散       0.00      0.00      0.00        17
     组织关系-解约       0.00      0.00      0.00        12
     组织关系-解雇       0.00      0.00      0.00        28
   组织关系-辞/离职       0.91      0.87      0.89       109
     组织关系-退出       0.00      0.00      0.00        32
     组织行为-开幕       1.00      0.10      0.18        40
     组织行为-游行       0.00      0.00      0.00        14
     组织行为-罢工       0.00      0.00      0.00         9
     组织行为-闭幕       0.00      0.00      0.00        11
    财经/交易-上市       0.00      0.00      0.00         7
 财经/交易-出售/收购       0.00      0.00      0.00        40
    财经/交易-加息       0.00      0.00      0.00         2
    财经/交易-涨价       0.00      0.00      0.00         9
    财经/交易-涨停       0.87      0.65      0.74        51
    财经/交易-融资       0.00      0.00      0.00        16
    财经/交易-跌停       0.00      0.00      0.00        24
    财经/交易-降价       0.00      0.00      0.00        19
    财经/交易-降息       0.00      0.00      0.00         2

   micro avg       0.83      0.34      0.48      2627
   macro avg       0.14      0.09      0.10      2627
weighted avg       0.42      0.34      0.36      2627
 samples avg       0.37      0.35      0.36      2627

-> Valid. time: 9.4894s, loss: 0.0511, accuracy: 32.4833% 

save data
* Training epoch 5:
-> Training time: 114.2095s, loss = 0.0504, accuracy: 31.3193%
* Validation for epoch 5:
正在对验证集进行测试
              precision    recall  f1-score   support

       交往-会见       0.00      0.00      0.00        23
       交往-感谢       0.00      0.00      0.00         8
       交往-探班       0.00      0.00      0.00        13
       交往-点赞       0.00      0.00      0.00        12
       交往-道歉       0.00      0.00      0.00        21
     产品行为-上映       1.00      0.03      0.06        65
     产品行为-下架       0.00      0.00      0.00        43
     产品行为-发布       0.96      0.81      0.88       276
     产品行为-召回       1.00      0.58      0.73        45
     产品行为-获奖       0.00      0.00      0.00        28
     人生-产子/女       0.00      0.00      0.00        20
       人生-出轨       0.00      0.00      0.00         9
       人生-分手       0.00      0.00      0.00        32
       人生-失联       0.00      0.00      0.00        18
       人生-婚礼       0.00      0.00      0.00        11
       人生-庆生       0.00      0.00      0.00        30
       人生-怀孕       0.00      0.00      0.00        16
       人生-死亡       0.84      0.50      0.62       177
       人生-求婚       0.00      0.00      0.00        18
       人生-离婚       1.00      0.21      0.34        63
       人生-结婚       0.00      0.00      0.00        68
       人生-订婚       0.00      0.00      0.00        10
     司法行为-举报       0.00      0.00      0.00        11
     司法行为-入狱       0.00      0.00      0.00        39
     司法行为-开庭       0.00      0.00      0.00        15
     司法行为-拘捕       0.87      0.67      0.76       136
     司法行为-立案       0.00      0.00      0.00        16
     司法行为-约谈       0.95      0.67      0.78        57
     司法行为-罚款       0.00      0.00      0.00        41
     司法行为-起诉       0.00      0.00      0.00        39
    灾害/意外-地震       1.00      0.09      0.17        22
  灾害/意外-坍/垮塌       0.00      0.00      0.00        16
    灾害/意外-坠机       0.00      0.00      0.00        16
    灾害/意外-洪灾       0.00      0.00      0.00        11
    灾害/意外-爆炸       0.00      0.00      0.00        15
    灾害/意外-袭击       0.00      0.00      0.00        17
    灾害/意外-起火       0.00      0.00      0.00        40
    灾害/意外-车祸       1.00      0.09      0.16        47
     竞赛行为-夺冠       0.94      0.38      0.54        81
     竞赛行为-晋级       0.00      0.00      0.00        54
     竞赛行为-禁赛       0.00      0.00      0.00        24
     竞赛行为-胜负       0.91      0.89      0.90       322
     竞赛行为-退役       0.00      0.00      0.00        21
     竞赛行为-退赛       0.00      0.00      0.00        32
     组织关系-停职       0.00      0.00      0.00        15
     组织关系-加盟       0.93      0.20      0.33        69
     组织关系-裁员       0.00      0.00      0.00        23
     组织关系-解散       0.00      0.00      0.00        17
     组织关系-解约       0.00      0.00      0.00        12
     组织关系-解雇       0.00      0.00      0.00        28
   组织关系-辞/离职       0.91      0.94      0.92       109
     组织关系-退出       0.00      0.00      0.00        32
     组织行为-开幕       0.87      0.33      0.47        40
     组织行为-游行       0.00      0.00      0.00        14
     组织行为-罢工       0.00      0.00      0.00         9
     组织行为-闭幕       0.00      0.00      0.00        11
    财经/交易-上市       0.00      0.00      0.00         7
 财经/交易-出售/收购       0.00      0.00      0.00        40
    财经/交易-加息       0.00      0.00      0.00         2
    财经/交易-涨价       0.00      0.00      0.00         9
    财经/交易-涨停       0.83      0.86      0.85        51
    财经/交易-融资       1.00      0.06      0.12        16
    财经/交易-跌停       0.00      0.00      0.00        24
    财经/交易-降价       0.00      0.00      0.00        19
    财经/交易-降息       0.00      0.00      0.00         2

   micro avg       0.91      0.37      0.53      2627
   macro avg       0.23      0.11      0.13      2627
weighted avg       0.55      0.37      0.42      2627
 samples avg       0.41      0.39      0.39      2627

-> Valid. time: 9.4894s, loss: 0.0445, accuracy: 36.3712% 

save data
* Training epoch 6:
-> Training time: 114.2211s, loss = 0.0421, accuracy: 40.4349%
* Validation for epoch 6:
正在对验证集进行测试
              precision    recall  f1-score   support

       交往-会见       0.00      0.00      0.00        23
       交往-感谢       0.00      0.00      0.00         8
       交往-探班       0.00      0.00      0.00        13
       交往-点赞       0.00      0.00      0.00        12
       交往-道歉       0.00      0.00      0.00        21
     产品行为-上映       0.95      0.82      0.88        65
     产品行为-下架       1.00      0.16      0.28        43
     产品行为-发布       0.93      0.91      0.92       276
     产品行为-召回       0.98      0.89      0.93        45
     产品行为-获奖       0.00      0.00      0.00        28
     人生-产子/女       0.00      0.00      0.00        20
       人生-出轨       0.00      0.00      0.00         9
       人生-分手       0.00      0.00      0.00        32
       人生-失联       0.00      0.00      0.00        18
       人生-婚礼       0.00      0.00      0.00        11
       人生-庆生       1.00      0.03      0.06        30
       人生-怀孕       0.00      0.00      0.00        16
       人生-死亡       0.75      0.78      0.76       177
       人生-求婚       0.00      0.00      0.00        18
       人生-离婚       0.83      0.84      0.83        63
       人生-结婚       0.94      0.24      0.38        68
       人生-订婚       0.00      0.00      0.00        10
     司法行为-举报       0.00      0.00      0.00        11
     司法行为-入狱       0.90      0.23      0.37        39
     司法行为-开庭       0.00      0.00      0.00        15
     司法行为-拘捕       0.87      0.87      0.87       136
     司法行为-立案       0.00      0.00      0.00        16
     司法行为-约谈       1.00      0.84      0.91        57
     司法行为-罚款       0.86      0.73      0.79        41
     司法行为-起诉       0.00      0.00      0.00        39
    灾害/意外-地震       1.00      0.73      0.84        22
  灾害/意外-坍/垮塌       0.00      0.00      0.00        16
    灾害/意外-坠机       1.00      0.25      0.40        16
    灾害/意外-洪灾       0.00      0.00      0.00        11
    灾害/意外-爆炸       0.00      0.00      0.00        15
    灾害/意外-袭击       0.00      0.00      0.00        17
    灾害/意外-起火       1.00      0.15      0.26        40
    灾害/意外-车祸       0.78      0.38      0.51        47
     竞赛行为-夺冠       0.94      0.40      0.56        81
     竞赛行为-晋级       0.00      0.00      0.00        54
     竞赛行为-禁赛       0.00      0.00      0.00        24
     竞赛行为-胜负       0.90      0.93      0.91       322
     竞赛行为-退役       0.00      0.00      0.00        21
     竞赛行为-退赛       0.00      0.00      0.00        32
     组织关系-停职       0.00      0.00      0.00        15
     组织关系-加盟       0.82      0.67      0.74        69
     组织关系-裁员       0.00      0.00      0.00        23
     组织关系-解散       0.00      0.00      0.00        17
     组织关系-解约       0.00      0.00      0.00        12
     组织关系-解雇       0.00      0.00      0.00        28
   组织关系-辞/离职       0.93      0.93      0.93       109
     组织关系-退出       0.50      0.03      0.06        32
     组织行为-开幕       0.87      0.68      0.76        40
     组织行为-游行       0.00      0.00      0.00        14
     组织行为-罢工       0.00      0.00      0.00         9
     组织行为-闭幕       0.00      0.00      0.00        11
    财经/交易-上市       0.00      0.00      0.00         7
 财经/交易-出售/收购       1.00      0.28      0.43        40
    财经/交易-加息       0.00      0.00      0.00         2
    财经/交易-涨价       0.00      0.00      0.00         9
    财经/交易-涨停       0.84      0.90      0.87        51
    财经/交易-融资       0.83      0.31      0.45        16
    财经/交易-跌停       0.00      0.00      0.00        24
    财经/交易-降价       0.00      0.00      0.00        19
    财经/交易-降息       0.00      0.00      0.00         2

   micro avg       0.88      0.52      0.66      2627
   macro avg       0.34      0.21      0.24      2627
weighted avg       0.65      0.52      0.55      2627
 samples avg       0.56      0.54      0.54      2627

-> Valid. time: 9.4905s, loss: 0.0352, accuracy: 49.7074% 

save data
* Training epoch 7:
-> Training time: 114.2445s, loss = 0.0348, accuracy: 48.8815%
* Validation for epoch 7:
正在对验证集进行测试
              precision    recall  f1-score   support

       交往-会见       1.00      0.22      0.36        23
       交往-感谢       0.00      0.00      0.00         8
       交往-探班       0.00      0.00      0.00        13
       交往-点赞       0.00      0.00      0.00        12
       交往-道歉       1.00      0.71      0.83        21
     产品行为-上映       0.96      0.74      0.83        65
     产品行为-下架       1.00      0.88      0.94        43
     产品行为-发布       0.95      0.92      0.94       276
     产品行为-召回       0.98      0.96      0.97        45
     产品行为-获奖       1.00      0.29      0.44        28
     人生-产子/女       0.00      0.00      0.00        20
       人生-出轨       0.00      0.00      0.00         9
       人生-分手       0.00      0.00      0.00        32
       人生-失联       0.00      0.00      0.00        18
       人生-婚礼       0.00      0.00      0.00        11
       人生-庆生       0.88      0.70      0.78        30
       人生-怀孕       0.00      0.00      0.00        16
       人生-死亡       0.91      0.64      0.75       177
       人生-求婚       0.00      0.00      0.00        18
       人生-离婚       0.95      0.89      0.92        63
       人生-结婚       0.89      0.50      0.64        68
       人生-订婚       0.00      0.00      0.00        10
     司法行为-举报       0.00      0.00      0.00        11
     司法行为-入狱       1.00      0.21      0.34        39
     司法行为-开庭       1.00      0.07      0.12        15
     司法行为-拘捕       0.93      0.90      0.92       136
     司法行为-立案       0.00      0.00      0.00        16
     司法行为-约谈       0.96      0.95      0.96        57
     司法行为-罚款       0.85      0.83      0.84        41
     司法行为-起诉       0.92      0.28      0.43        39
    灾害/意外-地震       0.91      0.91      0.91        22
  灾害/意外-坍/垮塌       0.00      0.00      0.00        16
    灾害/意外-坠机       1.00      0.50      0.67        16
    灾害/意外-洪灾       0.00      0.00      0.00        11
    灾害/意外-爆炸       0.00      0.00      0.00        15
    灾害/意外-袭击       0.00      0.00      0.00        17
    灾害/意外-起火       1.00      0.62      0.77        40
    灾害/意外-车祸       0.89      0.36      0.52        47
     竞赛行为-夺冠       1.00      0.40      0.57        81
     竞赛行为-晋级       1.00      0.09      0.17        54
     竞赛行为-禁赛       1.00      0.71      0.83        24
     竞赛行为-胜负       0.91      0.94      0.92       322
     竞赛行为-退役       0.00      0.00      0.00        21
     竞赛行为-退赛       0.71      0.16      0.26        32
     组织关系-停职       1.00      0.13      0.24        15
     组织关系-加盟       0.96      0.67      0.79        69
     组织关系-裁员       0.88      0.30      0.45        23
     组织关系-解散       1.00      0.06      0.11        17
     组织关系-解约       0.00      0.00      0.00        12
     组织关系-解雇       0.00      0.00      0.00        28
   组织关系-辞/离职       0.94      0.96      0.95       109
     组织关系-退出       0.44      0.38      0.41        32
     组织行为-开幕       0.82      0.68      0.74        40
     组织行为-游行       0.00      0.00      0.00        14
     组织行为-罢工       0.00      0.00      0.00         9
     组织行为-闭幕       0.00      0.00      0.00        11
    财经/交易-上市       0.00      0.00      0.00         7
 财经/交易-出售/收购       0.92      0.60      0.73        40
    财经/交易-加息       0.00      0.00      0.00         2
    财经/交易-涨价       0.00      0.00      0.00         9
    财经/交易-涨停       0.73      0.96      0.83        51
    财经/交易-融资       0.83      0.62      0.71        16
    财经/交易-跌停       0.00      0.00      0.00        24
    财经/交易-降价       0.00      0.00      0.00        19
    财经/交易-降息       0.00      0.00      0.00         2

   micro avg       0.92      0.60      0.73      2627
   macro avg       0.51      0.32      0.36      2627
weighted avg       0.78      0.60      0.65      2627
 samples avg       0.65      0.62      0.63      2627

-> Valid. time: 9.4965s, loss: 0.0296, accuracy: 58.8211% 

save data
* Training epoch 8:
-> Training time: 114.1792s, loss = 0.0278, accuracy: 59.6488%
* Validation for epoch 8:
正在对验证集进行测试
              precision    recall  f1-score   support

       交往-会见       1.00      0.61      0.76        23
       交往-感谢       0.00      0.00      0.00         8
       交往-探班       0.00      0.00      0.00        13
       交往-点赞       1.00      0.33      0.50        12
       交往-道歉       0.90      0.90      0.90        21
     产品行为-上映       0.92      0.75      0.83        65
     产品行为-下架       0.95      0.88      0.92        43
     产品行为-发布       0.94      0.94      0.94       276
     产品行为-召回       0.92      0.98      0.95        45
     产品行为-获奖       0.92      0.86      0.89        28
     人生-产子/女       1.00      0.05      0.10        20
       人生-出轨       0.00      0.00      0.00         9
       人生-分手       1.00      0.25      0.40        32
       人生-失联       0.00      0.00      0.00        18
       人生-婚礼       0.00      0.00      0.00        11
       人生-庆生       0.83      0.67      0.74        30
       人生-怀孕       0.00      0.00      0.00        16
       人生-死亡       0.81      0.78      0.80       177
       人生-求婚       0.00      0.00      0.00        18
       人生-离婚       0.95      0.97      0.96        63
       人生-结婚       0.66      0.75      0.70        68
       人生-订婚       0.00      0.00      0.00        10
     司法行为-举报       0.67      0.18      0.29        11
     司法行为-入狱       1.00      0.59      0.74        39
     司法行为-开庭       1.00      0.60      0.75        15
     司法行为-拘捕       0.93      0.93      0.93       136
     司法行为-立案       1.00      0.31      0.48        16
     司法行为-约谈       0.93      0.96      0.95        57
     司法行为-罚款       0.89      0.80      0.85        41
     司法行为-起诉       0.87      0.85      0.86        39
    灾害/意外-地震       0.91      0.91      0.91        22
  灾害/意外-坍/垮塌       0.00      0.00      0.00        16
    灾害/意外-坠机       0.92      0.69      0.79        16
    灾害/意外-洪灾       0.00      0.00      0.00        11
    灾害/意外-爆炸       0.00      0.00      0.00        15
    灾害/意外-袭击       0.00      0.00      0.00        17
    灾害/意外-起火       0.91      0.75      0.82        40
    灾害/意外-车祸       0.75      0.57      0.65        47
     竞赛行为-夺冠       0.86      0.67      0.75        81
     竞赛行为-晋级       0.84      0.59      0.70        54
     竞赛行为-禁赛       0.85      0.96      0.90        24
     竞赛行为-胜负       0.94      0.91      0.92       322
     竞赛行为-退役       1.00      0.24      0.38        21
     竞赛行为-退赛       0.00      0.00      0.00        32
     组织关系-停职       0.89      0.53      0.67        15
     组织关系-加盟       0.94      0.68      0.79        69
     组织关系-裁员       0.84      0.70      0.76        23
     组织关系-解散       1.00      0.82      0.90        17
     组织关系-解约       0.00      0.00      0.00        12
     组织关系-解雇       0.00      0.00      0.00        28
   组织关系-辞/离职       0.95      0.96      0.95       109
     组织关系-退出       0.56      0.44      0.49        32
     组织行为-开幕       0.77      0.75      0.76        40
     组织行为-游行       0.00      0.00      0.00        14
     组织行为-罢工       1.00      0.56      0.71         9
     组织行为-闭幕       0.00      0.00      0.00        11
    财经/交易-上市       0.00      0.00      0.00         7
 财经/交易-出售/收购       0.84      0.68      0.75        40
    财经/交易-加息       0.00      0.00      0.00         2
    财经/交易-涨价       0.00      0.00      0.00         9
    财经/交易-涨停       0.86      0.96      0.91        51
    财经/交易-融资       1.00      0.81      0.90        16
    财经/交易-跌停       1.00      0.79      0.88        24
    财经/交易-降价       0.00      0.00      0.00        19
    财经/交易-降息       0.00      0.00      0.00         2

   micro avg       0.89      0.71      0.79      2627
   macro avg       0.60      0.46      0.50      2627
weighted avg       0.80      0.71      0.74      2627
 samples avg       0.75      0.73      0.73      2627

-> Valid. time: 9.4850s, loss: 0.0230, accuracy: 68.3528% 

save data
* Training epoch 9:
-> Training time: 114.2310s, loss = 0.0224, accuracy: 67.3740%
* Validation for epoch 9:
正在对验证集进行测试
              precision    recall  f1-score   support

       交往-会见       0.89      0.74      0.81        23
       交往-感谢       0.00      0.00      0.00         8
       交往-探班       1.00      0.77      0.87        13
       交往-点赞       0.90      0.75      0.82        12
       交往-道歉       0.90      0.90      0.90        21
     产品行为-上映       0.89      0.91      0.90        65
     产品行为-下架       0.87      0.95      0.91        43
     产品行为-发布       0.99      0.82      0.90       276
     产品行为-召回       0.91      0.93      0.92        45
     产品行为-获奖       0.92      0.86      0.89        28
     人生-产子/女       1.00      0.20      0.33        20
       人生-出轨       0.00      0.00      0.00         9
       人生-分手       1.00      0.47      0.64        32
       人生-失联       0.88      0.39      0.54        18
       人生-婚礼       0.00      0.00      0.00        11
       人生-庆生       0.90      0.63      0.75        30
       人生-怀孕       1.00      0.25      0.40        16
       人生-死亡       0.85      0.81      0.83       177
       人生-求婚       1.00      0.06      0.11        18
       人生-离婚       0.92      0.97      0.95        63
       人生-结婚       0.98      0.62      0.76        68
       人生-订婚       1.00      0.60      0.75        10
     司法行为-举报       0.57      0.36      0.44        11
     司法行为-入狱       0.94      0.74      0.83        39
     司法行为-开庭       1.00      0.67      0.80        15
     司法行为-拘捕       0.95      0.93      0.94       136
     司法行为-立案       1.00      0.44      0.61        16
     司法行为-约谈       0.96      0.95      0.96        57
     司法行为-罚款       0.87      0.80      0.84        41
     司法行为-起诉       0.86      0.77      0.81        39
    灾害/意外-地震       1.00      0.91      0.95        22
  灾害/意外-坍/垮塌       1.00      0.44      0.61        16
    灾害/意外-坠机       1.00      0.75      0.86        16
    灾害/意外-洪灾       0.00      0.00      0.00        11
    灾害/意外-爆炸       1.00      0.13      0.24        15
    灾害/意外-袭击       1.00      0.29      0.45        17
    灾害/意外-起火       0.91      0.75      0.82        40
    灾害/意外-车祸       0.90      0.60      0.72        47
     竞赛行为-夺冠       0.91      0.65      0.76        81
     竞赛行为-晋级       0.86      0.69      0.76        54
     竞赛行为-禁赛       0.72      0.96      0.82        24
     竞赛行为-胜负       0.88      0.96      0.92       322
     竞赛行为-退役       1.00      0.19      0.32        21
     竞赛行为-退赛       0.92      0.34      0.50        32
     组织关系-停职       0.90      0.60      0.72        15
     组织关系-加盟       0.84      0.74      0.78        69
     组织关系-裁员       0.82      0.61      0.70        23
     组织关系-解散       0.89      0.94      0.91        17
     组织关系-解约       0.00      0.00      0.00        12
     组织关系-解雇       0.00      0.00      0.00        28
   组织关系-辞/离职       0.97      0.96      0.97       109
     组织关系-退出       0.60      0.56      0.58        32
     组织行为-开幕       0.76      0.72      0.74        40
     组织行为-游行       1.00      0.21      0.35        14
     组织行为-罢工       1.00      0.56      0.71         9
     组织行为-闭幕       0.00      0.00      0.00        11
    财经/交易-上市       0.00      0.00      0.00         7
 财经/交易-出售/收购       0.80      0.70      0.75        40
    财经/交易-加息       0.00      0.00      0.00         2
    财经/交易-涨价       0.50      0.11      0.18         9
    财经/交易-涨停       0.89      0.98      0.93        51
    财经/交易-融资       0.93      0.81      0.87        16
    财经/交易-跌停       0.92      0.96      0.94        24
    财经/交易-降价       1.00      0.05      0.10        19
    财经/交易-降息       0.00      0.00      0.00         2

   micro avg       0.90      0.74      0.81      2627
   macro avg       0.77      0.55      0.60      2627
weighted avg       0.87      0.74      0.78      2627
 samples avg       0.78      0.76      0.76      2627

-> Valid. time: 9.4849s, loss: 0.0205, accuracy: 71.5719% 

save data
* Training epoch 10:
-> Training time: 114.3180s, loss = 0.0187, accuracy: 72.7681%
* Validation for epoch 10:
正在对验证集进行测试
              precision    recall  f1-score   support

       交往-会见       1.00      0.78      0.88        23
       交往-感谢       1.00      0.50      0.67         8
       交往-探班       0.80      0.92      0.86        13
       交往-点赞       0.85      0.92      0.88        12
       交往-道歉       0.90      0.90      0.90        21
     产品行为-上映       0.91      0.94      0.92        65
     产品行为-下架       0.93      0.93      0.93        43
     产品行为-发布       0.98      0.85      0.91       276
     产品行为-召回       0.90      0.98      0.94        45
     产品行为-获奖       0.87      0.93      0.90        28
     人生-产子/女       1.00      0.25      0.40        20
       人生-出轨       0.00      0.00      0.00         9
       人生-分手       0.95      0.62      0.75        32
       人生-失联       0.69      0.61      0.65        18
       人生-婚礼       0.00      0.00      0.00        11
       人生-庆生       0.75      0.80      0.77        30
       人生-怀孕       0.67      0.50      0.57        16
       人生-死亡       0.89      0.79      0.83       177
       人生-求婚       1.00      0.72      0.84        18
       人生-离婚       0.92      0.97      0.95        63
       人生-结婚       0.84      0.79      0.82        68
       人生-订婚       1.00      0.90      0.95        10
     司法行为-举报       0.67      0.55      0.60        11
     司法行为-入狱       0.86      0.79      0.83        39
     司法行为-开庭       0.92      0.73      0.81        15
     司法行为-拘捕       0.95      0.93      0.94       136
     司法行为-立案       0.83      0.62      0.71        16
     司法行为-约谈       0.96      0.96      0.96        57
     司法行为-罚款       0.83      0.93      0.87        41
     司法行为-起诉       0.87      0.87      0.87        39
    灾害/意外-地震       0.95      0.95      0.95        22
  灾害/意外-坍/垮塌       0.93      0.81      0.87        16
    灾害/意外-坠机       1.00      0.81      0.90        16
    灾害/意外-洪灾       0.00      0.00      0.00        11
    灾害/意外-爆炸       0.91      0.67      0.77        15
    灾害/意外-袭击       0.83      0.59      0.69        17
    灾害/意外-起火       0.91      0.80      0.85        40
    灾害/意外-车祸       0.96      0.55      0.70        47
     竞赛行为-夺冠       0.86      0.73      0.79        81
     竞赛行为-晋级       0.86      0.70      0.78        54
     竞赛行为-禁赛       0.79      0.96      0.87        24
     竞赛行为-胜负       0.93      0.94      0.94       322
     竞赛行为-退役       0.86      0.86      0.86        21
     竞赛行为-退赛       0.81      0.41      0.54        32
     组织关系-停职       0.91      0.67      0.77        15
     组织关系-加盟       0.88      0.72      0.79        69
     组织关系-裁员       0.86      0.83      0.84        23
     组织关系-解散       0.89      0.94      0.91        17
     组织关系-解约       1.00      0.08      0.15        12
     组织关系-解雇       0.00      0.00      0.00        28
   组织关系-辞/离职       0.95      0.97      0.96       109
     组织关系-退出       0.65      0.69      0.67        32
     组织行为-开幕       0.77      0.82      0.80        40
     组织行为-游行       1.00      0.50      0.67        14
     组织行为-罢工       1.00      0.78      0.88         9
     组织行为-闭幕       0.00      0.00      0.00        11
    财经/交易-上市       0.00      0.00      0.00         7
 财经/交易-出售/收购       0.70      0.82      0.76        40
    财经/交易-加息       0.00      0.00      0.00         2
    财经/交易-涨价       0.75      0.33      0.46         9
    财经/交易-涨停       0.89      0.98      0.93        51
    财经/交易-融资       0.93      0.88      0.90        16
    财经/交易-跌停       0.83      1.00      0.91        24
    财经/交易-降价       0.91      0.53      0.67        19
    财经/交易-降息       0.50      0.50      0.50         2

   micro avg       0.90      0.80      0.85      2627
   macro avg       0.78      0.67      0.71      2627
weighted avg       0.87      0.80      0.83      2627
 samples avg       0.83      0.82      0.82      2627

-> Valid. time: 9.4998s, loss: 0.0182, accuracy: 76.2542% 

save data
* Training epoch 11:
-> Training time: 114.3106s, loss = 0.0158, accuracy: 77.5977%
* Validation for epoch 11:
正在对验证集进行测试
              precision    recall  f1-score   support

       交往-会见       1.00      0.78      0.88        23
       交往-感谢       0.57      0.50      0.53         8
       交往-探班       0.80      0.92      0.86        13
       交往-点赞       1.00      0.83      0.91        12
       交往-道歉       0.90      0.90      0.90        21
     产品行为-上映       0.94      0.89      0.91        65
     产品行为-下架       0.93      0.98      0.95        43
     产品行为-发布       0.98      0.89      0.93       276
     产品行为-召回       0.93      0.96      0.95        45
     产品行为-获奖       0.87      0.93      0.90        28
     人生-产子/女       1.00      0.25      0.40        20
       人生-出轨       0.00      0.00      0.00         9
       人生-分手       1.00      0.66      0.79        32
       人生-失联       0.68      0.83      0.75        18
       人生-婚礼       1.00      0.55      0.71        11
       人生-庆生       0.83      0.80      0.81        30
       人生-怀孕       0.88      0.44      0.58        16
       人生-死亡       0.92      0.77      0.84       177
       人生-求婚       1.00      0.78      0.88        18
       人生-离婚       0.92      0.97      0.95        63
       人生-结婚       0.93      0.79      0.86        68
       人生-订婚       1.00      1.00      1.00        10
     司法行为-举报       0.67      0.55      0.60        11
     司法行为-入狱       0.91      0.79      0.85        39
     司法行为-开庭       0.93      0.93      0.93        15
     司法行为-拘捕       0.95      0.93      0.94       136
     司法行为-立案       0.85      0.69      0.76        16
     司法行为-约谈       0.96      0.95      0.96        57
     司法行为-罚款       0.86      0.90      0.88        41
     司法行为-起诉       0.87      0.85      0.86        39
    灾害/意外-地震       0.95      0.91      0.93        22
  灾害/意外-坍/垮塌       0.93      0.81      0.87        16
    灾害/意外-坠机       1.00      0.94      0.97        16
    灾害/意外-洪灾       1.00      0.09      0.17        11
    灾害/意外-爆炸       0.92      0.73      0.81        15
    灾害/意外-袭击       0.83      0.59      0.69        17
    灾害/意外-起火       0.92      0.88      0.90        40
    灾害/意外-车祸       0.91      0.68      0.78        47
     竞赛行为-夺冠       0.86      0.68      0.76        81
     竞赛行为-晋级       0.82      0.74      0.78        54
     竞赛行为-禁赛       0.68      0.88      0.76        24
     竞赛行为-胜负       0.93      0.94      0.93       322
     竞赛行为-退役       0.94      0.76      0.84        21
     竞赛行为-退赛       0.87      0.41      0.55        32
     组织关系-停职       0.90      0.60      0.72        15
     组织关系-加盟       0.89      0.71      0.79        69
     组织关系-裁员       0.81      0.91      0.86        23
     组织关系-解散       0.94      0.94      0.94        17
     组织关系-解约       1.00      0.08      0.15        12
     组织关系-解雇       0.00      0.00      0.00        28
   组织关系-辞/离职       0.96      0.95      0.96       109
     组织关系-退出       0.61      0.69      0.65        32
     组织行为-开幕       0.76      0.93      0.83        40
     组织行为-游行       0.85      0.79      0.81        14
     组织行为-罢工       1.00      1.00      1.00         9
     组织行为-闭幕       1.00      0.09      0.17        11
    财经/交易-上市       0.00      0.00      0.00         7
 财经/交易-出售/收购       0.83      0.72      0.77        40
    财经/交易-加息       0.00      0.00      0.00         2
    财经/交易-涨价       0.80      0.44      0.57         9
    财经/交易-涨停       0.96      0.98      0.97        51
    财经/交易-融资       0.93      0.81      0.87        16
    财经/交易-跌停       0.96      1.00      0.98        24
    财经/交易-降价       0.93      0.68      0.79        19
    财经/交易-降息       0.67      1.00      0.80         2

   micro avg       0.91      0.82      0.86      2627
   macro avg       0.84      0.71      0.75      2627
weighted avg       0.90      0.82      0.84      2627
 samples avg       0.85      0.84      0.84      2627

-> Valid. time: 9.4918s, loss: 0.0162, accuracy: 78.1773% 

save data
* Training epoch 12:
-> Training time: 114.2751s, loss = 0.0136, accuracy: 80.6607%
* Validation for epoch 12:
正在对验证集进行测试
              precision    recall  f1-score   support

       交往-会见       0.95      0.83      0.88        23
       交往-感谢       0.67      0.50      0.57         8
       交往-探班       0.80      0.92      0.86        13
       交往-点赞       0.92      0.92      0.92        12
       交往-道歉       0.90      0.90      0.90        21
     产品行为-上映       0.92      0.86      0.89        65
     产品行为-下架       0.93      0.95      0.94        43
     产品行为-发布       0.97      0.90      0.93       276
     产品行为-召回       0.93      0.96      0.95        45
     产品行为-获奖       0.90      0.93      0.91        28
     人生-产子/女       1.00      0.25      0.40        20
       人生-出轨       0.00      0.00      0.00         9
       人生-分手       0.96      0.69      0.80        32
       人生-失联       0.81      0.94      0.87        18
       人生-婚礼       0.77      0.91      0.83        11
       人生-庆生       0.82      0.77      0.79        30
       人生-怀孕       0.80      0.50      0.62        16
       人生-死亡       0.86      0.82      0.84       177
       人生-求婚       1.00      0.78      0.88        18
       人生-离婚       0.94      0.97      0.95        63
       人生-结婚       0.90      0.78      0.83        68
       人生-订婚       1.00      1.00      1.00        10
     司法行为-举报       0.62      0.45      0.53        11
     司法行为-入狱       0.94      0.79      0.86        39
     司法行为-开庭       0.88      0.93      0.90        15
     司法行为-拘捕       0.93      0.94      0.94       136
     司法行为-立案       1.00      0.62      0.77        16
     司法行为-约谈       0.98      0.96      0.97        57
     司法行为-罚款       0.88      0.85      0.86        41
     司法行为-起诉       0.89      0.87      0.88        39
    灾害/意外-地震       1.00      0.86      0.93        22
  灾害/意外-坍/垮塌       0.93      0.81      0.87        16
    灾害/意外-坠机       1.00      0.81      0.90        16
    灾害/意外-洪灾       1.00      0.64      0.78        11
    灾害/意外-爆炸       0.93      0.87      0.90        15
    灾害/意外-袭击       0.83      0.59      0.69        17
    灾害/意外-起火       0.94      0.80      0.86        40
    灾害/意外-车祸       0.86      0.81      0.84        47
     竞赛行为-夺冠       0.92      0.59      0.72        81
     竞赛行为-晋级       0.79      0.81      0.80        54
     竞赛行为-禁赛       0.83      0.83      0.83        24
     竞赛行为-胜负       0.94      0.94      0.94       322
     竞赛行为-退役       0.91      1.00      0.95        21
     竞赛行为-退赛       0.83      0.47      0.60        32
     组织关系-停职       0.92      0.73      0.81        15
     组织关系-加盟       0.85      0.75      0.80        69
     组织关系-裁员       0.84      0.70      0.76        23
     组织关系-解散       1.00      0.88      0.94        17
     组织关系-解约       1.00      0.08      0.15        12
     组织关系-解雇       1.00      0.04      0.07        28
   组织关系-辞/离职       0.95      0.97      0.96       109
     组织关系-退出       0.62      0.72      0.67        32
     组织行为-开幕       0.81      0.85      0.83        40
     组织行为-游行       0.91      0.71      0.80        14
     组织行为-罢工       1.00      1.00      1.00         9
     组织行为-闭幕       1.00      0.27      0.43        11
    财经/交易-上市       1.00      0.14      0.25         7
 财经/交易-出售/收购       0.86      0.78      0.82        40
    财经/交易-加息       0.00      0.00      0.00         2
    财经/交易-涨价       0.80      0.44      0.57         9
    财经/交易-涨停       0.98      0.98      0.98        51
    财经/交易-融资       1.00      0.94      0.97        16
    财经/交易-跌停       0.92      1.00      0.96        24
    财经/交易-降价       0.90      0.47      0.62        19
    财经/交易-降息       0.67      1.00      0.80         2

   micro avg       0.91      0.83      0.87      2627
   macro avg       0.87      0.74      0.77      2627
weighted avg       0.91      0.83      0.85      2627
 samples avg       0.86      0.85      0.85      2627

-> Valid. time: 9.5002s, loss: 0.0150, accuracy: 79.0134% 

save data
* Training epoch 13:
-> Training time: 114.3582s, loss = 0.0121, accuracy: 82.9291%
* Validation for epoch 13:
正在对验证集进行测试
              precision    recall  f1-score   support

       交往-会见       1.00      0.78      0.88        23
       交往-感谢       0.57      0.50      0.53         8
       交往-探班       0.80      0.92      0.86        13
       交往-点赞       0.85      0.92      0.88        12
       交往-道歉       0.91      0.95      0.93        21
     产品行为-上映       0.92      0.89      0.91        65
     产品行为-下架       0.93      0.93      0.93        43
     产品行为-发布       0.97      0.93      0.95       276
     产品行为-召回       0.90      0.98      0.94        45
     产品行为-获奖       0.87      0.96      0.92        28
     人生-产子/女       1.00      0.35      0.52        20
       人生-出轨       0.00      0.00      0.00         9
       人生-分手       0.96      0.72      0.82        32
       人生-失联       0.74      0.94      0.83        18
       人生-婚礼       0.71      0.91      0.80        11
       人生-庆生       0.92      0.77      0.84        30
       人生-怀孕       0.89      0.50      0.64        16
       人生-死亡       0.90      0.80      0.84       177
       人生-求婚       1.00      0.78      0.88        18
       人生-离婚       0.92      0.97      0.95        63
       人生-结婚       0.98      0.65      0.78        68
       人生-订婚       1.00      1.00      1.00        10
     司法行为-举报       0.75      0.55      0.63        11
     司法行为-入狱       0.89      0.79      0.84        39
     司法行为-开庭       0.94      1.00      0.97        15
     司法行为-拘捕       0.94      0.94      0.94       136
     司法行为-立案       0.91      0.62      0.74        16
     司法行为-约谈       0.98      0.95      0.96        57
     司法行为-罚款       0.84      0.93      0.88        41
     司法行为-起诉       0.90      0.92      0.91        39
    灾害/意外-地震       1.00      0.86      0.93        22
  灾害/意外-坍/垮塌       0.93      0.81      0.87        16
    灾害/意外-坠机       1.00      0.88      0.93        16
    灾害/意外-洪灾       0.88      0.64      0.74        11
    灾害/意外-爆炸       0.86      0.80      0.83        15
    灾害/意外-袭击       0.79      0.65      0.71        17
    灾害/意外-起火       0.89      0.85      0.87        40
    灾害/意外-车祸       0.85      0.87      0.86        47
     竞赛行为-夺冠       0.86      0.70      0.78        81
     竞赛行为-晋级       0.80      0.76      0.78        54
     竞赛行为-禁赛       0.79      0.92      0.85        24
     竞赛行为-胜负       0.96      0.94      0.95       322
     竞赛行为-退役       0.95      1.00      0.98        21
     竞赛行为-退赛       0.85      0.53      0.65        32
     组织关系-停职       1.00      0.73      0.85        15
     组织关系-加盟       0.92      0.68      0.78        69
     组织关系-裁员       0.86      0.78      0.82        23
     组织关系-解散       1.00      0.94      0.97        17
     组织关系-解约       1.00      0.08      0.15        12
     组织关系-解雇       1.00      0.18      0.30        28
   组织关系-辞/离职       0.96      0.96      0.96       109
     组织关系-退出       0.65      0.75      0.70        32
     组织行为-开幕       0.79      0.93      0.85        40
     组织行为-游行       0.85      0.79      0.81        14
     组织行为-罢工       1.00      1.00      1.00         9
     组织行为-闭幕       1.00      0.18      0.31        11
    财经/交易-上市       1.00      0.14      0.25         7
 财经/交易-出售/收购       0.80      0.80      0.80        40
    财经/交易-加息       1.00      1.00      1.00         2
    财经/交易-涨价       0.83      0.56      0.67         9
    财经/交易-涨停       0.98      0.98      0.98        51
    财经/交易-融资       0.93      0.81      0.87        16
    财经/交易-跌停       0.96      1.00      0.98        24
    财经/交易-降价       0.87      0.68      0.76        19
    财经/交易-降息       0.67      1.00      0.80         2

   micro avg       0.91      0.84      0.88      2627
   macro avg       0.88      0.77      0.80      2627
weighted avg       0.91      0.84      0.86      2627
 samples avg       0.87      0.86      0.86      2627

-> Valid. time: 9.5047s, loss: 0.0144, accuracy: 80.7692% 

save data
* Training epoch 14:
-> Training time: 114.2642s, loss = 0.0106, accuracy: 85.2603%
* Validation for epoch 14:
正在对验证集进行测试
              precision    recall  f1-score   support

       交往-会见       1.00      0.83      0.90        23
       交往-感谢       0.80      0.50      0.62         8
       交往-探班       0.81      1.00      0.90        13
       交往-点赞       1.00      0.83      0.91        12
       交往-道歉       0.90      0.90      0.90        21
     产品行为-上映       0.92      0.91      0.91        65
     产品行为-下架       0.93      0.98      0.95        43
     产品行为-发布       0.98      0.88      0.93       276
     产品行为-召回       0.94      0.98      0.96        45
     产品行为-获奖       0.87      0.93      0.90        28
     人生-产子/女       1.00      0.40      0.57        20
       人生-出轨       0.00      0.00      0.00         9
       人生-分手       0.96      0.69      0.80        32
       人生-失联       0.76      0.72      0.74        18
       人生-婚礼       0.71      0.91      0.80        11
       人生-庆生       0.79      0.77      0.78        30
       人生-怀孕       0.82      0.56      0.67        16
       人生-死亡       0.87      0.85      0.86       177
       人生-求婚       1.00      0.83      0.91        18
       人生-离婚       0.95      0.97      0.96        63
       人生-结婚       0.93      0.78      0.85        68
       人生-订婚       1.00      1.00      1.00        10
     司法行为-举报       0.67      0.55      0.60        11
     司法行为-入狱       0.84      0.79      0.82        39
     司法行为-开庭       1.00      0.87      0.93        15
     司法行为-拘捕       0.93      0.98      0.95       136
     司法行为-立案       0.81      0.81      0.81        16
     司法行为-约谈       0.98      0.93      0.95        57
     司法行为-罚款       0.84      0.90      0.87        41
     司法行为-起诉       0.88      0.95      0.91        39
    灾害/意外-地震       1.00      0.91      0.95        22
  灾害/意外-坍/垮塌       0.92      0.75      0.83        16
    灾害/意外-坠机       1.00      0.94      0.97        16
    灾害/意外-洪灾       0.73      0.73      0.73        11
    灾害/意外-爆炸       0.92      0.80      0.86        15
    灾害/意外-袭击       0.87      0.76      0.81        17
    灾害/意外-起火       0.94      0.82      0.88        40
    灾害/意外-车祸       0.92      0.77      0.84        47
     竞赛行为-夺冠       0.86      0.78      0.82        81
     竞赛行为-晋级       0.84      0.78      0.81        54
     竞赛行为-禁赛       0.74      0.96      0.84        24
     竞赛行为-胜负       0.96      0.94      0.95       322
     竞赛行为-退役       0.95      1.00      0.98        21
     竞赛行为-退赛       0.83      0.47      0.60        32
     组织关系-停职       1.00      0.73      0.85        15
     组织关系-加盟       0.96      0.71      0.82        69
     组织关系-裁员       0.83      0.87      0.85        23
     组织关系-解散       1.00      0.94      0.97        17
     组织关系-解约       1.00      0.25      0.40        12
     组织关系-解雇       1.00      0.21      0.35        28
   组织关系-辞/离职       0.97      0.92      0.94       109
     组织关系-退出       0.70      0.72      0.71        32
     组织行为-开幕       0.81      0.88      0.84        40
     组织行为-游行       0.85      0.79      0.81        14
     组织行为-罢工       1.00      1.00      1.00         9
     组织行为-闭幕       0.67      0.36      0.47        11
    财经/交易-上市       1.00      0.29      0.44         7
 财经/交易-出售/收购       0.73      0.88      0.80        40
    财经/交易-加息       1.00      1.00      1.00         2
    财经/交易-涨价       0.80      0.44      0.57         9
    财经/交易-涨停       0.98      0.98      0.98        51
    财经/交易-融资       0.93      0.88      0.90        16
    财经/交易-跌停       0.96      1.00      0.98        24
    财经/交易-降价       0.88      0.74      0.80        19
    财经/交易-降息       0.50      0.50      0.50         2

   micro avg       0.91      0.85      0.88      2627
   macro avg       0.88      0.78      0.81      2627
weighted avg       0.91      0.85      0.87      2627
 samples avg       0.87      0.87      0.86      2627

-> Valid. time: 9.5007s, loss: 0.0136, accuracy: 80.8110% 

save data
* Training epoch 15:
-> Training time: 114.2492s, loss = 0.0091, accuracy: 87.5810%
* Validation for epoch 15:
正在对验证集进行测试
              precision    recall  f1-score   support

       交往-会见       1.00      0.83      0.90        23
       交往-感谢       0.57      0.50      0.53         8
       交往-探班       0.80      0.92      0.86        13
       交往-点赞       0.91      0.83      0.87        12
       交往-道歉       0.90      0.90      0.90        21
     产品行为-上映       0.92      0.89      0.91        65
     产品行为-下架       0.93      0.98      0.95        43
     产品行为-发布       0.97      0.93      0.95       276
     产品行为-召回       0.95      0.93      0.94        45
     产品行为-获奖       0.87      0.96      0.92        28
     人生-产子/女       0.89      0.40      0.55        20
       人生-出轨       0.00      0.00      0.00         9
       人生-分手       1.00      0.69      0.81        32
       人生-失联       0.84      0.89      0.86        18
       人生-婚礼       0.67      0.91      0.77        11
       人生-庆生       0.76      0.83      0.79        30
       人生-怀孕       0.91      0.62      0.74        16
       人生-死亡       0.90      0.80      0.85       177
       人生-求婚       1.00      0.78      0.88        18
       人生-离婚       0.94      0.97      0.95        63
       人生-结婚       0.96      0.71      0.81        68
       人生-订婚       1.00      1.00      1.00        10
     司法行为-举报       0.71      0.45      0.56        11
     司法行为-入狱       0.91      0.77      0.83        39
     司法行为-开庭       1.00      0.93      0.97        15
     司法行为-拘捕       0.95      0.95      0.95       136
     司法行为-立案       0.85      0.69      0.76        16
     司法行为-约谈       0.95      0.98      0.97        57
     司法行为-罚款       0.86      0.76      0.81        41
     司法行为-起诉       0.92      0.85      0.88        39
    灾害/意外-地震       1.00      0.91      0.95        22
  灾害/意外-坍/垮塌       0.93      0.88      0.90        16
    灾害/意外-坠机       0.93      0.88      0.90        16
    灾害/意外-洪灾       0.77      0.91      0.83        11
    灾害/意外-爆炸       0.87      0.87      0.87        15
    灾害/意外-袭击       0.80      0.71      0.75        17
    灾害/意外-起火       0.94      0.85      0.89        40
    灾害/意外-车祸       0.90      0.79      0.84        47
     竞赛行为-夺冠       0.86      0.68      0.76        81
     竞赛行为-晋级       0.69      0.80      0.74        54
     竞赛行为-禁赛       0.79      0.96      0.87        24
     竞赛行为-胜负       0.97      0.90      0.94       322
     竞赛行为-退役       0.95      1.00      0.98        21
     竞赛行为-退赛       0.77      0.72      0.74        32
     组织关系-停职       0.93      0.87      0.90        15
     组织关系-加盟       0.93      0.72      0.81        69
     组织关系-裁员       0.78      0.78      0.78        23
     组织关系-解散       0.94      1.00      0.97        17
     组织关系-解约       0.75      0.25      0.38        12
     组织关系-解雇       1.00      0.25      0.40        28
   组织关系-辞/离职       0.95      0.97      0.96       109
     组织关系-退出       0.68      0.78      0.72        32
     组织行为-开幕       0.82      0.90      0.86        40
     组织行为-游行       0.85      0.79      0.81        14
     组织行为-罢工       1.00      1.00      1.00         9
     组织行为-闭幕       0.78      0.64      0.70        11
    财经/交易-上市       1.00      0.43      0.60         7
 财经/交易-出售/收购       0.80      0.88      0.83        40
    财经/交易-加息       0.00      0.00      0.00         2
    财经/交易-涨价       0.80      0.44      0.57         9
    财经/交易-涨停       0.98      0.98      0.98        51
    财经/交易-融资       0.93      0.88      0.90        16
    财经/交易-跌停       0.96      1.00      0.98        24
    财经/交易-降价       0.89      0.84      0.86        19
    财经/交易-降息       0.67      1.00      0.80         2

   micro avg       0.91      0.85      0.88      2627
   macro avg       0.85      0.78      0.80      2627
weighted avg       0.91      0.85      0.87      2627
 samples avg       0.88      0.87      0.87      2627

-> Valid. time: 9.4977s, loss: 0.0135, accuracy: 80.8528% 

save data
* Training epoch 16:
-> Training time: 114.3223s, loss = 0.0082, accuracy: 88.7936%
* Validation for epoch 16:
正在对验证集进行测试
              precision    recall  f1-score   support

       交往-会见       1.00      0.83      0.90        23
       交往-感谢       0.56      0.62      0.59         8
       交往-探班       0.80      0.92      0.86        13
       交往-点赞       0.71      0.83      0.77        12
       交往-道歉       0.91      0.95      0.93        21
     产品行为-上映       0.92      0.92      0.92        65
     产品行为-下架       0.97      0.88      0.93        43
     产品行为-发布       0.97      0.93      0.95       276
     产品行为-召回       0.86      0.96      0.91        45
     产品行为-获奖       0.90      0.93      0.91        28
     人生-产子/女       1.00      0.25      0.40        20
       人生-出轨       0.00      0.00      0.00         9
       人生-分手       1.00      0.66      0.79        32
       人生-失联       0.79      0.83      0.81        18
       人生-婚礼       0.67      0.91      0.77        11
       人生-庆生       0.96      0.77      0.85        30
       人生-怀孕       0.85      0.69      0.76        16
       人生-死亡       0.89      0.80      0.85       177
       人生-求婚       1.00      0.83      0.91        18
       人生-离婚       0.95      0.97      0.96        63
       人生-结婚       0.96      0.71      0.81        68
       人生-订婚       1.00      1.00      1.00        10
     司法行为-举报       0.70      0.64      0.67        11
     司法行为-入狱       0.82      0.79      0.81        39
     司法行为-开庭       0.94      1.00      0.97        15
     司法行为-拘捕       0.92      0.96      0.94       136
     司法行为-立案       0.93      0.81      0.87        16
     司法行为-约谈       0.95      0.98      0.97        57
     司法行为-罚款       0.82      0.98      0.89        41
     司法行为-起诉       0.88      0.97      0.93        39
    灾害/意外-地震       1.00      0.91      0.95        22
  灾害/意外-坍/垮塌       0.93      0.88      0.90        16
    灾害/意外-坠机       0.94      0.94      0.94        16
    灾害/意外-洪灾       0.77      0.91      0.83        11
    灾害/意外-爆炸       0.87      0.87      0.87        15
    灾害/意外-袭击       0.79      0.65      0.71        17
    灾害/意外-起火       0.94      0.85      0.89        40
    灾害/意外-车祸       0.93      0.83      0.88        47
     竞赛行为-夺冠       0.88      0.69      0.77        81
     竞赛行为-晋级       0.82      0.76      0.79        54
     竞赛行为-禁赛       0.77      0.96      0.85        24
     竞赛行为-胜负       0.96      0.91      0.93       322
     竞赛行为-退役       0.91      1.00      0.95        21
     竞赛行为-退赛       0.83      0.47      0.60        32
     组织关系-停职       1.00      0.80      0.89        15
     组织关系-加盟       0.96      0.70      0.81        69
     组织关系-裁员       0.80      0.87      0.83        23
     组织关系-解散       1.00      0.88      0.94        17
     组织关系-解约       1.00      0.25      0.40        12
     组织关系-解雇       0.90      0.32      0.47        28
   组织关系-辞/离职       0.95      0.97      0.96       109
     组织关系-退出       0.61      0.69      0.65        32
     组织行为-开幕       0.84      0.90      0.87        40
     组织行为-游行       0.79      0.79      0.79        14
     组织行为-罢工       0.90      1.00      0.95         9
     组织行为-闭幕       0.86      0.55      0.67        11
    财经/交易-上市       1.00      0.29      0.44         7
 财经/交易-出售/收购       0.81      0.85      0.83        40
    财经/交易-加息       1.00      1.00      1.00         2
    财经/交易-涨价       0.83      0.56      0.67         9
    财经/交易-涨停       0.98      0.98      0.98        51
    财经/交易-融资       0.93      0.88      0.90        16
    财经/交易-跌停       0.96      1.00      0.98        24
    财经/交易-降价       0.88      0.79      0.83        19
    财经/交易-降息       0.67      1.00      0.80         2

   micro avg       0.91      0.85      0.88      2627
   macro avg       0.87      0.80      0.82      2627
weighted avg       0.91      0.85      0.87      2627
 samples avg       0.88      0.87      0.87      2627

-> Valid. time: 9.5176s, loss: 0.0135, accuracy: 81.1455% 

save data
* Training epoch 17:
-> Training time: 114.3676s, loss = 0.0075, accuracy: 89.9958%
* Validation for epoch 17:
正在对验证集进行测试
              precision    recall  f1-score   support

       交往-会见       1.00      0.78      0.88        23
       交往-感谢       0.67      0.50      0.57         8
       交往-探班       0.87      1.00      0.93        13
       交往-点赞       0.91      0.83      0.87        12
       交往-道歉       0.90      0.90      0.90        21
     产品行为-上映       0.91      0.91      0.91        65
     产品行为-下架       0.93      0.98      0.95        43
     产品行为-发布       0.94      0.95      0.94       276
     产品行为-召回       0.90      0.98      0.94        45
     产品行为-获奖       0.93      0.89      0.91        28
     人生-产子/女       0.80      0.40      0.53        20
       人生-出轨       0.00      0.00      0.00         9
       人生-分手       0.96      0.75      0.84        32
       人生-失联       0.71      0.94      0.81        18
       人生-婚礼       0.71      0.91      0.80        11
       人生-庆生       0.85      0.77      0.81        30
       人生-怀孕       0.92      0.69      0.79        16
       人生-死亡       0.91      0.77      0.83       177
       人生-求婚       1.00      0.89      0.94        18
       人生-离婚       0.94      0.97      0.95        63
       人生-结婚       1.00      0.63      0.77        68
       人生-订婚       1.00      1.00      1.00        10
     司法行为-举报       0.70      0.64      0.67        11
     司法行为-入狱       0.84      0.79      0.82        39
     司法行为-开庭       0.75      1.00      0.86        15
     司法行为-拘捕       0.91      0.98      0.94       136
     司法行为-立案       0.92      0.69      0.79        16
     司法行为-约谈       0.98      0.95      0.96        57
     司法行为-罚款       0.85      1.00      0.92        41
     司法行为-起诉       0.88      0.90      0.89        39
    灾害/意外-地震       0.91      0.91      0.91        22
  灾害/意外-坍/垮塌       0.94      0.94      0.94        16
    灾害/意外-坠机       0.94      0.94      0.94        16
    灾害/意外-洪灾       0.77      0.91      0.83        11
    灾害/意外-爆炸       0.88      0.93      0.90        15
    灾害/意外-袭击       0.67      0.71      0.69        17
    灾害/意外-起火       0.89      0.85      0.87        40
    灾害/意外-车祸       0.88      0.81      0.84        47
     竞赛行为-夺冠       0.86      0.75      0.80        81
     竞赛行为-晋级       0.79      0.78      0.79        54
     竞赛行为-禁赛       0.82      0.96      0.88        24
     竞赛行为-胜负       0.94      0.94      0.94       322
     竞赛行为-退役       0.95      1.00      0.98        21
     竞赛行为-退赛       0.83      0.47      0.60        32
     组织关系-停职       1.00      0.80      0.89        15
     组织关系-加盟       0.96      0.65      0.78        69
     组织关系-裁员       0.83      0.87      0.85        23
     组织关系-解散       0.94      1.00      0.97        17
     组织关系-解约       1.00      0.25      0.40        12
     组织关系-解雇       0.92      0.43      0.59        28
   组织关系-辞/离职       0.97      0.93      0.95       109
     组织关系-退出       0.66      0.78      0.71        32
     组织行为-开幕       0.88      0.90      0.89        40
     组织行为-游行       0.91      0.71      0.80        14
     组织行为-罢工       1.00      1.00      1.00         9
     组织行为-闭幕       0.80      0.36      0.50        11
    财经/交易-上市       1.00      0.43      0.60         7
 财经/交易-出售/收购       0.82      0.82      0.82        40
    财经/交易-加息       1.00      1.00      1.00         2
    财经/交易-涨价       0.67      0.67      0.67         9
    财经/交易-涨停       0.98      0.98      0.98        51
    财经/交易-融资       0.93      0.88      0.90        16
    财经/交易-跌停       0.96      1.00      0.98        24
    财经/交易-降价       0.94      0.84      0.89        19
    财经/交易-降息       0.67      1.00      0.80         2

   micro avg       0.91      0.86      0.88      2627
   macro avg       0.87      0.81      0.82      2627
weighted avg       0.91      0.86      0.87      2627
 samples avg       0.88      0.88      0.87      2627

-> Valid. time: 9.4873s, loss: 0.0131, accuracy: 81.1873% 

save data
* Training epoch 18:
-> Training time: 114.5357s, loss = 0.0065, accuracy: 91.4802%
* Validation for epoch 18:
正在对验证集进行测试
              precision    recall  f1-score   support

       交往-会见       0.88      0.91      0.89        23
       交往-感谢       0.80      0.50      0.62         8
       交往-探班       0.87      1.00      0.93        13
       交往-点赞       0.91      0.83      0.87        12
       交往-道歉       0.91      0.95      0.93        21
     产品行为-上映       0.92      0.94      0.93        65
     产品行为-下架       0.93      0.98      0.95        43
     产品行为-发布       0.98      0.86      0.91       276
     产品行为-召回       0.95      0.91      0.93        45
     产品行为-获奖       0.93      0.96      0.95        28
     人生-产子/女       0.79      0.55      0.65        20
       人生-出轨       1.00      0.22      0.36         9
       人生-分手       1.00      0.69      0.81        32
       人生-失联       0.89      0.89      0.89        18
       人生-婚礼       0.77      0.91      0.83        11
       人生-庆生       0.96      0.80      0.87        30
       人生-怀孕       0.85      0.69      0.76        16
       人生-死亡       0.89      0.80      0.84       177
       人生-求婚       1.00      0.83      0.91        18
       人生-离婚       0.95      0.98      0.97        63
       人生-结婚       0.96      0.69      0.80        68
       人生-订婚       1.00      1.00      1.00        10
     司法行为-举报       0.78      0.64      0.70        11
     司法行为-入狱       0.93      0.72      0.81        39
     司法行为-开庭       1.00      0.80      0.89        15
     司法行为-拘捕       0.91      0.99      0.95       136
     司法行为-立案       0.72      0.81      0.76        16
     司法行为-约谈       0.98      0.96      0.97        57
     司法行为-罚款       0.90      0.90      0.90        41
     司法行为-起诉       0.94      0.79      0.86        39
    灾害/意外-地震       1.00      0.91      0.95        22
  灾害/意外-坍/垮塌       0.93      0.88      0.90        16
    灾害/意外-坠机       0.93      0.88      0.90        16
    灾害/意外-洪灾       0.75      0.82      0.78        11
    灾害/意外-爆炸       0.87      0.87      0.87        15
    灾害/意外-袭击       0.79      0.65      0.71        17
    灾害/意外-起火       0.92      0.88      0.90        40
    灾害/意外-车祸       0.90      0.81      0.85        47
     竞赛行为-夺冠       0.84      0.79      0.82        81
     竞赛行为-晋级       0.93      0.72      0.81        54
     竞赛行为-禁赛       0.76      0.92      0.83        24
     竞赛行为-胜负       0.95      0.94      0.95       322
     竞赛行为-退役       0.91      1.00      0.95        21
     竞赛行为-退赛       0.76      0.50      0.60        32
     组织关系-停职       1.00      0.87      0.93        15
     组织关系-加盟       0.87      0.75      0.81        69
     组织关系-裁员       0.80      0.87      0.83        23
     组织关系-解散       1.00      0.88      0.94        17
     组织关系-解约       1.00      0.25      0.40        12
     组织关系-解雇       0.71      0.61      0.65        28
   组织关系-辞/离职       0.96      0.96      0.96       109
     组织关系-退出       0.62      0.91      0.73        32
     组织行为-开幕       0.90      0.88      0.89        40
     组织行为-游行       0.79      0.79      0.79        14
     组织行为-罢工       1.00      1.00      1.00         9
     组织行为-闭幕       0.64      0.64      0.64        11
    财经/交易-上市       1.00      0.57      0.73         7
 财经/交易-出售/收购       0.85      0.85      0.85        40
    财经/交易-加息       1.00      1.00      1.00         2
    财经/交易-涨价       0.86      0.67      0.75         9
    财经/交易-涨停       0.98      1.00      0.99        51
    财经/交易-融资       0.93      0.88      0.90        16
    财经/交易-跌停       0.96      1.00      0.98        24
    财经/交易-降价       0.77      0.89      0.83        19
    财经/交易-降息       0.67      1.00      0.80         2

   micro avg       0.91      0.86      0.88      2627
   macro avg       0.89      0.82      0.84      2627
weighted avg       0.91      0.86      0.88      2627
 samples avg       0.88      0.88      0.87      2627

-> Valid. time: 9.5135s, loss: 0.0130, accuracy: 81.8980% 

save data
* Training epoch 19:
-> Training time: 114.4946s, loss = 0.0058, accuracy: 92.3374%
* Validation for epoch 19:
正在对验证集进行测试
              precision    recall  f1-score   support

       交往-会见       0.91      0.91      0.91        23
       交往-感谢       0.67      0.50      0.57         8
       交往-探班       0.81      1.00      0.90        13
       交往-点赞       0.91      0.83      0.87        12
       交往-道歉       0.90      0.90      0.90        21
     产品行为-上映       0.95      0.88      0.91        65
     产品行为-下架       0.93      0.98      0.95        43
     产品行为-发布       0.98      0.86      0.91       276
     产品行为-召回       0.91      0.93      0.92        45
     产品行为-获奖       0.93      0.93      0.93        28
     人生-产子/女       0.88      0.35      0.50        20
       人生-出轨       1.00      0.33      0.50         9
       人生-分手       0.95      0.66      0.78        32
       人生-失联       0.61      0.94      0.74        18
       人生-婚礼       0.71      0.91      0.80        11
       人生-庆生       0.92      0.77      0.84        30
       人生-怀孕       1.00      0.56      0.72        16
       人生-死亡       0.82      0.88      0.84       177
       人生-求婚       1.00      0.89      0.94        18
       人生-离婚       0.95      0.95      0.95        63
       人生-结婚       0.98      0.75      0.85        68
       人生-订婚       1.00      1.00      1.00        10
     司法行为-举报       0.71      0.91      0.80        11
     司法行为-入狱       0.88      0.74      0.81        39
     司法行为-开庭       1.00      0.87      0.93        15
     司法行为-拘捕       0.92      0.99      0.95       136
     司法行为-立案       0.93      0.81      0.87        16
     司法行为-约谈       0.98      1.00      0.99        57
     司法行为-罚款       0.88      0.90      0.89        41
     司法行为-起诉       0.97      0.72      0.82        39
    灾害/意外-地震       1.00      0.91      0.95        22
  灾害/意外-坍/垮塌       0.93      0.88      0.90        16
    灾害/意外-坠机       0.94      0.94      0.94        16
    灾害/意外-洪灾       0.80      0.73      0.76        11
    灾害/意外-爆炸       0.88      0.93      0.90        15
    灾害/意外-袭击       0.67      0.71      0.69        17
    灾害/意外-起火       0.90      0.88      0.89        40
    灾害/意外-车祸       0.94      0.70      0.80        47
     竞赛行为-夺冠       0.85      0.77      0.81        81
     竞赛行为-晋级       0.83      0.74      0.78        54
     竞赛行为-禁赛       0.81      0.92      0.86        24
     竞赛行为-胜负       0.96      0.94      0.95       322
     竞赛行为-退役       0.91      1.00      0.95        21
     竞赛行为-退赛       0.69      0.56      0.62        32
     组织关系-停职       0.92      0.80      0.86        15
     组织关系-加盟       0.85      0.80      0.82        69
     组织关系-裁员       0.89      0.74      0.81        23
     组织关系-解散       0.89      1.00      0.94        17
     组织关系-解约       1.00      0.25      0.40        12
     组织关系-解雇       0.93      0.46      0.62        28
   组织关系-辞/离职       0.96      0.97      0.97       109
     组织关系-退出       0.55      0.72      0.62        32
     组织行为-开幕       0.92      0.90      0.91        40
     组织行为-游行       0.85      0.79      0.81        14
     组织行为-罢工       1.00      1.00      1.00         9
     组织行为-闭幕       0.73      0.73      0.73        11
    财经/交易-上市       0.80      0.57      0.67         7
 财经/交易-出售/收购       0.89      0.82      0.86        40
    财经/交易-加息       1.00      0.50      0.67         2
    财经/交易-涨价       0.80      0.44      0.57         9
    财经/交易-涨停       0.98      1.00      0.99        51
    财经/交易-融资       0.93      0.88      0.90        16
    财经/交易-跌停       0.96      1.00      0.98        24
    财经/交易-降价       0.89      0.84      0.86        19
    财经/交易-降息       0.67      1.00      0.80         2

   micro avg       0.90      0.86      0.88      2627
   macro avg       0.88      0.81      0.83      2627
weighted avg       0.91      0.86      0.88      2627
 samples avg       0.88      0.88      0.87      2627

-> Valid. time: 9.5084s, loss: 0.0133, accuracy: 80.7692% 

* Training epoch 20:
-> Training time: 114.5241s, loss = 0.0050, accuracy: 94.1355%
* Validation for epoch 20:
正在对验证集进行测试
              precision    recall  f1-score   support

       交往-会见       1.00      0.87      0.93        23
       交往-感谢       0.57      0.50      0.53         8
       交往-探班       0.87      1.00      0.93        13
       交往-点赞       0.91      0.83      0.87        12
       交往-道歉       0.90      0.90      0.90        21
     产品行为-上映       0.94      0.89      0.91        65
     产品行为-下架       0.93      0.98      0.95        43
     产品行为-发布       0.96      0.93      0.95       276
     产品行为-召回       0.90      0.98      0.94        45
     产品行为-获奖       0.90      0.93      0.91        28
     人生-产子/女       0.80      0.40      0.53        20
       人生-出轨       1.00      0.33      0.50         9
       人生-分手       0.96      0.72      0.82        32
       人生-失联       0.63      0.94      0.76        18
       人生-婚礼       0.71      0.91      0.80        11
       人生-庆生       0.89      0.80      0.84        30
       人生-怀孕       0.92      0.69      0.79        16
       人生-死亡       0.92      0.77      0.84       177
       人生-求婚       1.00      0.89      0.94        18
       人生-离婚       0.95      0.97      0.96        63
       人生-结婚       0.95      0.76      0.85        68
       人生-订婚       1.00      1.00      1.00        10
     司法行为-举报       0.67      0.73      0.70        11
     司法行为-入狱       0.82      0.79      0.81        39
     司法行为-开庭       1.00      0.93      0.97        15
     司法行为-拘捕       0.92      0.99      0.95       136
     司法行为-立案       0.87      0.81      0.84        16
     司法行为-约谈       0.98      0.96      0.97        57
     司法行为-罚款       0.82      1.00      0.90        41
     司法行为-起诉       0.94      0.77      0.85        39
    灾害/意外-地震       0.95      0.91      0.93        22
  灾害/意外-坍/垮塌       0.93      0.81      0.87        16
    灾害/意外-坠机       0.94      0.94      0.94        16
    灾害/意外-洪灾       0.79      1.00      0.88        11
    灾害/意外-爆炸       0.88      0.93      0.90        15
    灾害/意外-袭击       0.67      0.71      0.69        17
    灾害/意外-起火       0.92      0.85      0.88        40
    灾害/意外-车祸       0.90      0.79      0.84        47
     竞赛行为-夺冠       0.77      0.89      0.83        81
     竞赛行为-晋级       0.81      0.72      0.76        54
     竞赛行为-禁赛       0.79      0.96      0.87        24
     竞赛行为-胜负       0.94      0.94      0.94       322
     竞赛行为-退役       0.91      1.00      0.95        21
     竞赛行为-退赛       0.80      0.62      0.70        32
     组织关系-停职       0.92      0.80      0.86        15
     组织关系-加盟       0.96      0.68      0.80        69
     组织关系-裁员       0.80      0.87      0.83        23
     组织关系-解散       0.94      1.00      0.97        17
     组织关系-解约       1.00      0.25      0.40        12
     组织关系-解雇       0.94      0.54      0.68        28
   组织关系-辞/离职       0.96      0.96      0.96       109
     组织关系-退出       0.69      0.75      0.72        32
     组织行为-开幕       0.94      0.82      0.88        40
     组织行为-游行       0.85      0.79      0.81        14
     组织行为-罢工       1.00      1.00      1.00         9
     组织行为-闭幕       0.70      0.64      0.67        11
    财经/交易-上市       1.00      0.29      0.44         7
 财经/交易-出售/收购       0.85      0.85      0.85        40
    财经/交易-加息       1.00      0.50      0.67         2
    财经/交易-涨价       0.80      0.44      0.57         9
    财经/交易-涨停       0.98      0.98      0.98        51
    财经/交易-融资       0.94      0.94      0.94        16
    财经/交易-跌停       1.00      1.00      1.00        24
    财经/交易-降价       0.89      0.89      0.89        19
    财经/交易-降息       0.67      1.00      0.80         2

   micro avg       0.91      0.87      0.89      2627
   macro avg       0.88      0.82      0.83      2627
weighted avg       0.91      0.87      0.88      2627
 samples avg       0.89      0.89      0.88      2627

-> Valid. time: 9.5135s, loss: 0.0124, accuracy: 82.1906% 

save data
